--------------+----------------------------------------------
 Host IP      | 10.244.49.148
 PyTorch      | 2.4.0a0+git4451b0e
 Torch-SDAA   | 20250711.14.48.dev0+gitef35a85
--------------+----------------------------------------------
 SDAA Driver  | 2.1.0 (N/A)
 SDAA Runtime | 2.1.0 (/opt/tecoai/lib64/libsdaart.so)
 SDPTI        | 1.4.0b0 (/opt/tecoai/lib64/libsdpti.so)
 TecoDNN      | 2.2.0b0 (/opt/tecoai/lib64/libtecodnn.so)
 TecoBLAS     | 2.2.0b0 (/opt/tecoai/lib64/libtecoblas.so)
 CustomDNN    | 2.2.0b0 (/opt/tecoai/lib64/libtecocustom.so)
 TecoRAND     | 2.0.1 (/opt/tecoai/lib64/libtecorand.so)
 TCCL         | 1.23.0 (/opt/tecoai/lib64/libtccl.so)
--------------+----------------------------------------------
2025-07-26 05:11:37,347 - INFO - __main__ - Training/evaluation parameters TrainingArguments(
_n_gpu=0,
adafactor=False,
adam_beta1=0.9,
adam_beta2=0.999,
adam_epsilon=1e-08,
auto_find_batch_size=False,
bf16=False,
bf16_full_eval=False,
data_seed=None,
dataloader_drop_last=False,
dataloader_num_workers=0,
dataloader_pin_memory=True,
ddp_bucket_cap_mb=None,
ddp_find_unused_parameters=None,
debug=[],
deepspeed=None,
disable_tqdm=False,
do_eval=True,
do_predict=False,
do_train=True,
eval_accumulation_steps=None,
eval_delay=0,
eval_steps=None,
evaluation_strategy=IntervalStrategy.NO,
fp16=False,
fp16_backend=auto,
fp16_full_eval=False,
fp16_opt_level=O1,
fsdp=[],
fsdp_min_num_params=0,
full_determinism=False,
gradient_accumulation_steps=1,
gradient_checkpointing=False,
greater_is_better=None,
group_by_length=False,
half_precision_backend=auto,
hub_model_id=None,
hub_private_repo=False,
hub_strategy=HubStrategy.EVERY_SAVE,
hub_token=<HUB_TOKEN>,
ignore_data_skip=False,
include_inputs_for_metrics=False,
label_names=None,
label_smoothing_factor=0.0,
learning_rate=5e-05,
length_column_name=length,
load_best_model_at_end=False,
local_rank=-1,
log_level=-1,
log_level_replica=-1,
log_on_each_node=True,
logging_dir=roberta_out/runs/Jul26_05-11-37_nb-potmhwirax-0,
logging_first_step=False,
logging_nan_inf_filter=True,
logging_steps=1,
logging_strategy=IntervalStrategy.STEPS,
lr_scheduler_type=SchedulerType.LINEAR,
max_grad_norm=1.0,
max_steps=-1,
metric_for_best_model=None,
mp_parameters=,
no_cuda=False,
num_train_epochs=3.0,
optim=OptimizerNames.ADAMW_HF,
output_dir=roberta_out,
overwrite_output_dir=True,
past_index=-1,
per_device_eval_batch_size=16,
per_device_train_batch_size=2,
prediction_loss_only=False,
push_to_hub=False,
push_to_hub_model_id=None,
push_to_hub_organization=None,
push_to_hub_token=<PUSH_TO_HUB_TOKEN>,
remove_unused_columns=True,
report_to=[],
resume_from_checkpoint=None,
run_name=roberta_out,
save_on_each_node=False,
save_steps=500,
save_strategy=IntervalStrategy.STEPS,
save_total_limit=None,
seed=42,
sharded_ddp=[],
skip_memory_metrics=True,
tf32=None,
tpu_metrics_debug=False,
tpu_num_cores=None,
use_legacy_prediction_loop=False,
warmup_ratio=0.0,
warmup_steps=0,
weight_decay=0.0,
xpu_backend=None,
)
/data/bigc-data/zjh/traintran/lib/python3.10/site-packages/transformers/modeling_utils.py:392: FutureWarning: You are using `torch.load` with `weights_only=False` (the current default value), which uses the default pickle module implicitly. It is possible to construct malicious pickle data which will execute arbitrary code during unpickling (See https://github.com/pytorch/pytorch/blob/main/SECURITY.md#untrusted-models for more details). In a future release, the default value for `weights_only` will be flipped to `True`. This limits the functions that could be executed during unpickling. Arbitrary objects will no longer be allowed to be loaded via this mode unless they are explicitly allowlisted by the user via `torch.serialization.add_safe_globals`. We recommend you start setting `weights_only=True` for any use case where you don't have full control of the loaded file. Please open an issue on GitHub for any issues related to this experimental feature.
  return torch.load(checkpoint_file, map_location="cpu")
Some weights of the model checkpoint at /data/teco-data/models/chinese-roberta-wwm-ext were not used when initializing BertForMaskedLM: ['cls.seq_relationship.weight', 'cls.seq_relationship.bias']
- This IS expected if you are initializing BertForMaskedLM from the checkpoint of a model trained on another task or with another architecture (e.g. initializing a BertForSequenceClassification model from a BertForPreTraining model).
- This IS NOT expected if you are initializing BertForMaskedLM from the checkpoint of a model that you expect to be exactly identical (initializing a BertForSequenceClassification model from a BertForSequenceClassification model).
当前使用的模型路径： /data/teco-data/models/chinese-roberta-wwm-ext

Tokenizing line by line:   0%|          | 0/10000 [00:00<?, ? examples/s]
Tokenizing line by line:  10%|█         | 1000/10000 [00:06<00:59, 150.74 examples/s]
Tokenizing line by line:  20%|██        | 2000/10000 [00:12<00:50, 159.29 examples/s]
Tokenizing line by line:  30%|███       | 3000/10000 [00:17<00:38, 179.96 examples/s]
Tokenizing line by line:  40%|████      | 4000/10000 [00:18<00:23, 251.61 examples/s]
Tokenizing line by line:  50%|█████     | 5000/10000 [00:23<00:20, 246.07 examples/s]
Tokenizing line by line:  60%|██████    | 6000/10000 [00:24<00:13, 307.00 examples/s]
Tokenizing line by line:  70%|███████   | 7000/10000 [00:31<00:12, 236.28 examples/s]
Tokenizing line by line:  80%|████████  | 8000/10000 [00:38<00:10, 186.20 examples/s]
Tokenizing line by line:  90%|█████████ | 9000/10000 [00:40<00:04, 241.21 examples/s]
Tokenizing line by line: 100%|██████████| 10000/10000 [00:43<00:00, 255.06 examples/s]
Tokenizing line by line: 100%|██████████| 10000/10000 [00:43<00:00, 228.59 examples/s]
/data/bigc-data/zjh/traintran/lib/python3.10/site-packages/transformers/optimization.py:306: FutureWarning: This implementation of AdamW is deprecated and will be removed in a future version. Use the PyTorch implementation torch.optim.AdamW instead, or set `no_deprecation_warning=True` to disable this warning
  warnings.warn(
***** Running training *****
  Num examples = 10000
  Num Epochs = 3
  Instantaneous batch size per device = 2
  Total train batch size (w. parallel, distributed & accumulation) = 2
  Gradient Accumulation steps = 1
  Total optimization steps = 15000

  0%|          | 0/15000 [00:00<?, ?it/s]
  0%|          | 1/15000 [00:19<81:20:28, 19.52s/it]
                                                    

  0%|          | 1/15000 [00:19<81:20:28, 19.52s/it]
  0%|          | 2/15000 [01:10<157:15:08, 37.75s/it]
                                                     

  0%|          | 2/15000 [01:10<157:15:08, 37.75s/it]
  0%|          | 3/15000 [01:56<173:53:41, 41.74s/it]
                                                     

  0%|          | 3/15000 [01:56<173:53:41, 41.74s/it]
  0%|          | 4/15000 [02:42<181:12:57, 43.50s/it]
                                                     

  0%|          | 4/15000 [02:42<181:12:57, 43.50s/it]
  0%|          | 5/15000 [03:11<158:58:28, 38.17s/it]
                                                     

  0%|          | 5/15000 [03:11<158:58:28, 38.17s/it]
  0%|          | 6/15000 [03:39<144:59:44, 34.81s/it]
                                                     

  0%|          | 6/15000 [03:39<144:59:44, 34.81s/it]
  0%|          | 7/15000 [04:25<159:15:20, 38.24s/it]
                                                     

  0%|          | 7/15000 [04:25<159:15:20, 38.24s/it]
  0%|          | 8/15000 [04:55<149:06:53, 35.81s/it]
                                                     

  0%|          | 8/15000 [04:55<149:06:53, 35.81s/it]
  0%|          | 9/15000 [05:39<159:47:01, 38.37s/it]
                                                     

  0%|          | 9/15000 [05:39<159:47:01, 38.37s/it]
  0%|          | 10/15000 [06:10<149:38:41, 35.94s/it]
                                                      

  0%|          | 10/15000 [06:10<149:38:41, 35.94s/it]
  0%|          | 11/15000 [06:36<137:13:18, 32.96s/it]
                                                      

  0%|          | 11/15000 [06:36<137:13:18, 32.96s/it]
  0%|          | 12/15000 [07:13<143:05:43, 34.37s/it]
                                                      

  0%|          | 12/15000 [07:13<143:05:43, 34.37s/it]
  0%|          | 13/15000 [07:46<141:21:12, 33.95s/it]
                                                      

  0%|          | 13/15000 [07:46<141:21:12, 33.95s/it]
  0%|          | 14/15000 [08:13<131:37:26, 31.62s/it]
                                                      

  0%|          | 14/15000 [08:13<131:37:26, 31.62s/it]
  0%|          | 15/15000 [08:40<126:18:11, 30.34s/it]
                                                      

  0%|          | 15/15000 [08:40<126:18:11, 30.34s/it]
  0%|          | 16/15000 [09:12<128:29:06, 30.87s/it]
                                                      

  0%|          | 16/15000 [09:12<128:29:06, 30.87s/it]
  0%|          | 17/15000 [09:46<132:10:05, 31.76s/it]
                                                      

  0%|          | 17/15000 [09:46<132:10:05, 31.76s/it]
  0%|          | 18/15000 [10:12<124:41:49, 29.96s/it]
                                                      

  0%|          | 18/15000 [10:12<124:41:49, 29.96s/it]
  0%|          | 19/15000 [10:38<120:13:22, 28.89s/it]
                                                      

  0%|          | 19/15000 [10:38<120:13:22, 28.89s/it]
  0%|          | 20/15000 [11:04<116:06:38, 27.90s/it]
                                                      

  0%|          | 20/15000 [11:04<116:06:38, 27.90s/it]
  0%|          | 21/15000 [11:44<131:20:00, 31.56s/it]
                                                      

  0%|          | 21/15000 [11:44<131:20:00, 31.56s/it]
  0%|          | 22/15000 [12:14<129:22:06, 31.09s/it]
                                                      

  0%|          | 22/15000 [12:14<129:22:06, 31.09s/it]
  0%|          | 23/15000 [12:42<126:14:29, 30.34s/it]
                                                      

  0%|          | 23/15000 [12:42<126:14:29, 30.34s/it]
  0%|          | 24/15000 [13:08<120:12:54, 28.90s/it]
                                                      

  0%|          | 24/15000 [13:08<120:12:54, 28.90s/it]
  0%|          | 25/15000 [13:54<141:24:06, 33.99s/it]
                                                      

  0%|          | 25/15000 [13:54<141:24:06, 33.99s/it]
  0%|          | 26/15000 [14:22<134:03:12, 32.23s/it]
                                                      

  0%|          | 26/15000 [14:22<134:03:12, 32.23s/it]
  0%|          | 27/15000 [14:48<126:24:11, 30.39s/it]
                                                      

  0%|          | 27/15000 [14:48<126:24:11, 30.39s/it]
  0%|          | 28/15000 [15:12<118:17:24, 28.44s/it]
                                                      

  0%|          | 28/15000 [15:12<118:17:24, 28.44s/it]
  0%|          | 29/15000 [15:41<119:13:10, 28.67s/it]
                                                      

  0%|          | 29/15000 [15:41<119:13:10, 28.67s/it]
  0%|          | 30/15000 [16:22<134:58:07, 32.46s/it]
                                                      

  0%|          | 30/15000 [16:22<134:58:07, 32.46s/it]
  0%|          | 31/15000 [16:48<126:47:16, 30.49s/it]
                                                      

  0%|          | 31/15000 [16:48<126:47:16, 30.49s/it]
  0%|          | 32/15000 [17:17<124:54:12, 30.04s/it]
                                                      

  0%|          | 32/15000 [17:17<124:54:12, 30.04s/it]
  0%|          | 33/15000 [17:43<119:44:19, 28.80s/it]
                                                      

  0%|          | 33/15000 [17:43<119:44:19, 28.80s/it]
  0%|          | 34/15000 [18:05<110:44:40, 26.64s/it]
                                                      

  0%|          | 34/15000 [18:05<110:44:40, 26.64s/it]
  0%|          | 35/15000 [18:39<119:54:56, 28.85s/it]
                                                      

  0%|          | 35/15000 [18:39<119:54:56, 28.85s/it]
  0%|          | 36/15000 [19:07<119:22:41, 28.72s/it]
                                                      

  0%|          | 36/15000 [19:07<119:22:41, 28.72s/it]
  0%|          | 37/15000 [19:31<113:34:45, 27.33s/it]
                                                      

  0%|          | 37/15000 [19:31<113:34:45, 27.33s/it]
  0%|          | 38/15000 [19:45<96:49:29, 23.30s/it] 
                                                     

  0%|          | 38/15000 [19:45<96:49:29, 23.30s/it]
  0%|          | 39/15000 [20:14<104:03:35, 25.04s/it]
                                                      

  0%|          | 39/15000 [20:14<104:03:35, 25.04s/it]
  0%|          | 40/15000 [20:33<95:47:01, 23.05s/it] 
                                                     

  0%|          | 40/15000 [20:33<95:47:01, 23.05s/it]
  0%|          | 41/15000 [20:49<86:51:04, 20.90s/it]
                                                     

  0%|          | 41/15000 [20:49<86:51:04, 20.90s/it]
  0%|          | 42/15000 [20:56<70:00:33, 16.85s/it]
                                                     

  0%|          | 42/15000 [20:56<70:00:33, 16.85s/it]
  0%|          | 43/15000 [21:03<57:44:01, 13.90s/it]
                                                     

  0%|          | 43/15000 [21:03<57:44:01, 13.90s/it]
  0%|          | 44/15000 [21:10<48:38:31, 11.71s/it]
                                                     
TCAPPDLL 2025-07-26 05:12:53.241031 - Epoch: 0.0002 Iteration: 1  rank : 0  train.loss : 0  train.ips : 0 imgs/s
{'loss': 1.9317, 'learning_rate': 4.999666666666667e-05, 'epoch': 0.0}
TCAPPDLL 2025-07-26 05:13:43.742612 - Epoch: 0.0004 Iteration: 2  rank : 0  train.loss : 1.9317  train.ips : 0 imgs/s
{'loss': 3.369, 'learning_rate': 4.9993333333333335e-05, 'epoch': 0.0}
TCAPPDLL 2025-07-26 05:14:30.242977 - Epoch: 0.0006 Iteration: 3  rank : 0  train.loss : 3.369  train.ips : 0 imgs/s
{'loss': 1.7139, 'learning_rate': 4.999e-05, 'epoch': 0.0}
TCAPPDLL 2025-07-26 05:15:16.445199 - Epoch: 0.0008 Iteration: 4  rank : 0  train.loss : 1.7139  train.ips : 0 imgs/s
{'loss': 1.7671, 'learning_rate': 4.9986666666666674e-05, 'epoch': 0.0}
TCAPPDLL 2025-07-26 05:15:45.149056 - Epoch: 0.001 Iteration: 5  rank : 0  train.loss : 1.7671  train.ips : 0 imgs/s
{'loss': 2.4184, 'learning_rate': 4.998333333333334e-05, 'epoch': 0.0}
TCAPPDLL 2025-07-26 05:16:13.451839 - Epoch: 0.0012 Iteration: 6  rank : 0  train.loss : 2.4184  train.ips : 0 imgs/s
{'loss': 2.3982, 'learning_rate': 4.9980000000000006e-05, 'epoch': 0.0}
TCAPPDLL 2025-07-26 05:16:58.745401 - Epoch: 0.0014 Iteration: 7  rank : 0  train.loss : 2.3982  train.ips : 0 imgs/s
{'loss': 3.25, 'learning_rate': 4.997666666666667e-05, 'epoch': 0.0}
TCAPPDLL 2025-07-26 05:17:29.343276 - Epoch: 0.0016 Iteration: 8  rank : 0  train.loss : 3.25  train.ips : 0 imgs/s
{'loss': 1.0251, 'learning_rate': 4.997333333333333e-05, 'epoch': 0.0}
TCAPPDLL 2025-07-26 05:18:13.353452 - Epoch: 0.0018 Iteration: 9  rank : 0  train.loss : 1.0251  train.ips : 0 imgs/s
{'loss': 2.2675, 'learning_rate': 4.997e-05, 'epoch': 0.0}
TCAPPDLL 2025-07-26 05:18:43.844949 - Epoch: 0.002 Iteration: 10  rank : 0  train.loss : 2.2675  train.ips : 0 imgs/s
{'loss': 1.9725, 'learning_rate': 4.996666666666667e-05, 'epoch': 0.0}
TCAPPDLL 2025-07-26 05:19:10.042878 - Epoch: 0.0022 Iteration: 11  rank : 0  train.loss : 1.9725  train.ips : 0 imgs/s
{'loss': 2.0236, 'learning_rate': 4.996333333333334e-05, 'epoch': 0.0}
TCAPPDLL 2025-07-26 05:19:47.645321 - Epoch: 0.0024 Iteration: 12  rank : 0  train.loss : 2.0236  train.ips : 0 imgs/s
{'loss': 1.6223, 'learning_rate': 4.996e-05, 'epoch': 0.0}
TCAPPDLL 2025-07-26 05:20:20.642122 - Epoch: 0.0026 Iteration: 13  rank : 0  train.loss : 1.6223  train.ips : 0 imgs/s
{'loss': 2.2754, 'learning_rate': 4.995666666666667e-05, 'epoch': 0.0}
TCAPPDLL 2025-07-26 05:20:46.865747 - Epoch: 0.0028 Iteration: 14  rank : 0  train.loss : 2.2754  train.ips : 0 imgs/s
{'loss': 1.1193, 'learning_rate': 4.9953333333333335e-05, 'epoch': 0.0}
TCAPPDLL 2025-07-26 05:21:14.251293 - Epoch: 0.003 Iteration: 15  rank : 0  train.loss : 1.1193  train.ips : 0 imgs/s
{'loss': 1.753, 'learning_rate': 4.995e-05, 'epoch': 0.0}
TCAPPDLL 2025-07-26 05:21:46.342846 - Epoch: 0.0032 Iteration: 16  rank : 0  train.loss : 1.753  train.ips : 0 imgs/s
{'loss': 1.3963, 'learning_rate': 4.994666666666667e-05, 'epoch': 0.0}
TCAPPDLL 2025-07-26 05:22:20.161816 - Epoch: 0.0034 Iteration: 17  rank : 0  train.loss : 1.3963  train.ips : 0 imgs/s
{'loss': 0.4151, 'learning_rate': 4.9943333333333333e-05, 'epoch': 0.0}
TCAPPDLL 2025-07-26 05:22:45.950883 - Epoch: 0.0036 Iteration: 18  rank : 0  train.loss : 0.4151  train.ips : 0 imgs/s
{'loss': 3.7721, 'learning_rate': 4.9940000000000006e-05, 'epoch': 0.0}
TCAPPDLL 2025-07-26 05:23:12.341094 - Epoch: 0.0038 Iteration: 19  rank : 0  train.loss : 3.7721  train.ips : 0 imgs/s
{'loss': 0.6265, 'learning_rate': 4.993666666666667e-05, 'epoch': 0.0}
TCAPPDLL 2025-07-26 05:23:37.946166 - Epoch: 0.004 Iteration: 20  rank : 0  train.loss : 0.6265  train.ips : 0 imgs/s
{'loss': 0.1348, 'learning_rate': 4.993333333333334e-05, 'epoch': 0.0}
TCAPPDLL 2025-07-26 05:24:18.044755 - Epoch: 0.0042 Iteration: 21  rank : 0  train.loss : 0.1348  train.ips : 0 imgs/s
{'loss': 3.1663, 'learning_rate': 4.9930000000000005e-05, 'epoch': 0.0}
TCAPPDLL 2025-07-26 05:24:48.042034 - Epoch: 0.0044 Iteration: 22  rank : 0  train.loss : 3.1663  train.ips : 0 imgs/s
{'loss': 2.0307, 'learning_rate': 4.992666666666667e-05, 'epoch': 0.0}
TCAPPDLL 2025-07-26 05:25:16.638458 - Epoch: 0.0046 Iteration: 23  rank : 0  train.loss : 2.0307  train.ips : 0 imgs/s
{'loss': 1.0014, 'learning_rate': 4.992333333333333e-05, 'epoch': 0.0}
TCAPPDLL 2025-07-26 05:25:42.161663 - Epoch: 0.0048 Iteration: 24  rank : 0  train.loss : 1.0014  train.ips : 0 imgs/s
{'loss': 4.4057, 'learning_rate': 4.992e-05, 'epoch': 0.0}
TCAPPDLL 2025-07-26 05:26:28.041605 - Epoch: 0.005 Iteration: 25  rank : 0  train.loss : 4.4057  train.ips : 0 imgs/s
{'loss': 2.9421, 'learning_rate': 4.991666666666667e-05, 'epoch': 0.01}
TCAPPDLL 2025-07-26 05:26:56.153662 - Epoch: 0.0052 Iteration: 26  rank : 0  train.loss : 2.9421  train.ips : 0 imgs/s
{'loss': 1.5034, 'learning_rate': 4.9913333333333335e-05, 'epoch': 0.01}
TCAPPDLL 2025-07-26 05:27:22.258977 - Epoch: 0.0054 Iteration: 27  rank : 0  train.loss : 1.5034  train.ips : 0 imgs/s
{'loss': 1.5461, 'learning_rate': 4.991e-05, 'epoch': 0.01}
TCAPPDLL 2025-07-26 05:27:46.154833 - Epoch: 0.0056 Iteration: 28  rank : 0  train.loss : 1.5461  train.ips : 0 imgs/s
{'loss': 3.4688, 'learning_rate': 4.990666666666667e-05, 'epoch': 0.01}
TCAPPDLL 2025-07-26 05:28:15.348929 - Epoch: 0.0058 Iteration: 29  rank : 0  train.loss : 3.4688  train.ips : 0 imgs/s
{'loss': 1.5067, 'learning_rate': 4.9903333333333334e-05, 'epoch': 0.01}
TCAPPDLL 2025-07-26 05:28:56.647797 - Epoch: 0.006 Iteration: 30  rank : 0  train.loss : 1.5067  train.ips : 0 imgs/s
{'loss': 0.7524, 'learning_rate': 4.99e-05, 'epoch': 0.01}
TCAPPDLL 2025-07-26 05:29:22.553960 - Epoch: 0.0062 Iteration: 31  rank : 0  train.loss : 0.7524  train.ips : 0 imgs/s
{'loss': 3.3698, 'learning_rate': 4.9896666666666666e-05, 'epoch': 0.01}
TCAPPDLL 2025-07-26 05:29:51.542260 - Epoch: 0.0064 Iteration: 32  rank : 0  train.loss : 3.3698  train.ips : 0 imgs/s
{'loss': 1.097, 'learning_rate': 4.989333333333334e-05, 'epoch': 0.01}
TCAPPDLL 2025-07-26 05:30:17.449123 - Epoch: 0.0066 Iteration: 33  rank : 0  train.loss : 1.097  train.ips : 0 imgs/s
{'loss': 2.8159, 'learning_rate': 4.9890000000000005e-05, 'epoch': 0.01}
TCAPPDLL 2025-07-26 05:30:39.044669 - Epoch: 0.0068 Iteration: 34  rank : 0  train.loss : 2.8159  train.ips : 0 imgs/s
{'loss': 1.7625, 'learning_rate': 4.988666666666667e-05, 'epoch': 0.01}
TCAPPDLL 2025-07-26 05:31:13.043584 - Epoch: 0.007 Iteration: 35  rank : 0  train.loss : 1.7625  train.ips : 0 imgs/s
{'loss': 0.6841, 'learning_rate': 4.988333333333334e-05, 'epoch': 0.01}
TCAPPDLL 2025-07-26 05:31:41.465427 - Epoch: 0.0072 Iteration: 36  rank : 0  train.loss : 0.6841  train.ips : 0 imgs/s
{'loss': 1.3244, 'learning_rate': 4.9880000000000004e-05, 'epoch': 0.01}
TCAPPDLL 2025-07-26 05:32:05.541479 - Epoch: 0.0074 Iteration: 37  rank : 0  train.loss : 1.3244  train.ips : 0 imgs/s
{'loss': 0.5622, 'learning_rate': 4.987666666666667e-05, 'epoch': 0.01}
TCAPPDLL 2025-07-26 05:32:19.436596 - Epoch: 0.0076 Iteration: 38  rank : 0  train.loss : 0.5622  train.ips : 0 imgs/s
{'loss': 0.8453, 'learning_rate': 4.9873333333333336e-05, 'epoch': 0.01}
TCAPPDLL 2025-07-26 05:32:48.541818 - Epoch: 0.0078 Iteration: 39  rank : 0  train.loss : 0.8453  train.ips : 0 imgs/s
{'loss': 0.5156, 'learning_rate': 4.987e-05, 'epoch': 0.01}
TCAPPDLL 2025-07-26 05:33:06.948359 - Epoch: 0.008 Iteration: 40  rank : 0  train.loss : 0.5156  train.ips : 0 imgs/s
{'loss': 0.197, 'learning_rate': 4.986666666666667e-05, 'epoch': 0.01}
TCAPPDLL 2025-07-26 05:33:22.837493 - Epoch: 0.0082 Iteration: 41  rank : 0  train.loss : 0.197  train.ips : 0 imgs/s
{'loss': 1.5528, 'learning_rate': 4.9863333333333334e-05, 'epoch': 0.01}
TCAPPDLL 2025-07-26 05:33:30.232304 - Epoch: 0.0084 Iteration: 42  rank : 0  train.loss : 1.5528  train.ips : 0 imgs/s
{'loss': 0.9166, 'learning_rate': 4.986e-05, 'epoch': 0.01}
TCAPPDLL 2025-07-26 05:33:37.236746 - Epoch: 0.0086 Iteration: 43  rank : 0  train.loss : 0.9166  train.ips : 0 imgs/s
{'loss': 0.0347, 'learning_rate': 4.9856666666666666e-05, 'epoch': 0.01}
TCAPPDLL 2025-07-26 05:33:43.841022 - Epoch: 0.0088 Iteration: 44  rank : 0  train.loss : 0.0347  train.ips : 0 imgs/s

  0%|          | 44/15000 [21:10<48:38:31, 11.71s/it]
  0%|          | 45/15000 [21:18<44:23:28, 10.69s/it]
                                                     

  0%|          | 45/15000 [21:18<44:23:28, 10.69s/it]
  0%|          | 46/15000 [21:23<37:55:43,  9.13s/it]
                                                     

  0%|          | 46/15000 [21:23<37:55:43,  9.13s/it]
  0%|          | 47/15000 [21:31<36:08:54,  8.70s/it]
                                                     

  0%|          | 47/15000 [21:31<36:08:54,  8.70s/it]
  0%|          | 48/15000 [21:39<35:15:44,  8.49s/it]
                                                     

  0%|          | 48/15000 [21:39<35:15:44,  8.49s/it]
  0%|          | 49/15000 [21:51<40:00:01,  9.63s/it]
                                                     

  0%|          | 49/15000 [21:51<40:00:01,  9.63s/it]
  0%|          | 50/15000 [21:57<34:21:20,  8.27s/it]
                                                     

  0%|          | 50/15000 [21:57<34:21:20,  8.27s/it]
  0%|          | 51/15000 [22:10<40:59:30,  9.87s/it]
                                                     

  0%|          | 51/15000 [22:10<40:59:30,  9.87s/it]
  0%|          | 52/15000 [22:19<39:38:48,  9.55s/it]
                                                     

  0%|          | 52/15000 [22:19<39:38:48,  9.55s/it]
  0%|          | 53/15000 [22:24<34:06:29,  8.22s/it]
                                                     

  0%|          | 53/15000 [22:24<34:06:29,  8.22s/it]
  0%|          | 54/15000 [22:47<52:53:30, 12.74s/it]
                                                     

  0%|          | 54/15000 [22:47<52:53:30, 12.74s/it]
  0%|          | 55/15000 [23:02<55:28:07, 13.36s/it]
                                                     

  0%|          | 55/15000 [23:02<55:28:07, 13.36s/it]
  0%|          | 56/15000 [23:08<45:55:09, 11.06s/it]
                                                     

  0%|          | 56/15000 [23:08<45:55:09, 11.06s/it]
  0%|          | 57/15000 [23:20<47:41:46, 11.49s/it]
                                                     

  0%|          | 57/15000 [23:20<47:41:46, 11.49s/it]
  0%|          | 58/15000 [23:26<40:14:02,  9.69s/it]
                                                     

  0%|          | 58/15000 [23:26<40:14:02,  9.69s/it]
  0%|          | 59/15000 [23:33<37:00:46,  8.92s/it]
                                                     

  0%|          | 59/15000 [23:33<37:00:46,  8.92s/it]
  0%|          | 60/15000 [23:43<38:13:00,  9.21s/it]
                                                     

  0%|          | 60/15000 [23:43<38:13:00,  9.21s/it]
  0%|          | 61/15000 [23:59<46:33:35, 11.22s/it]
                                                     

  0%|          | 61/15000 [23:59<46:33:35, 11.22s/it]
  0%|          | 62/15000 [24:06<41:47:40, 10.07s/it]
                                                     

  0%|          | 62/15000 [24:06<41:47:40, 10.07s/it]
  0%|          | 63/15000 [24:12<36:36:11,  8.82s/it]
                                                     

  0%|          | 63/15000 [24:12<36:36:11,  8.82s/it]
  0%|          | 64/15000 [24:22<38:18:18,  9.23s/it]
                                                     

  0%|          | 64/15000 [24:22<38:18:18,  9.23s/it]
  0%|          | 65/15000 [24:28<33:24:45,  8.05s/it]
                                                     

  0%|          | 65/15000 [24:28<33:24:45,  8.05s/it]
  0%|          | 66/15000 [24:43<43:10:38, 10.41s/it]
                                                     

  0%|          | 66/15000 [24:43<43:10:38, 10.41s/it]
  0%|          | 67/15000 [24:49<36:49:07,  8.88s/it]
                                                     

  0%|          | 67/15000 [24:49<36:49:07,  8.88s/it]
  0%|          | 68/15000 [24:54<32:22:05,  7.80s/it]
                                                     

  0%|          | 68/15000 [24:54<32:22:05,  7.80s/it]
  0%|          | 69/15000 [25:05<36:35:05,  8.82s/it]
                                                     

  0%|          | 69/15000 [25:05<36:35:05,  8.82s/it]
  0%|          | 70/15000 [25:11<32:57:25,  7.95s/it]
                                                     

  0%|          | 70/15000 [25:11<32:57:25,  7.95s/it]
  0%|          | 71/15000 [25:30<46:34:11, 11.23s/it]
                                                     

  0%|          | 71/15000 [25:30<46:34:11, 11.23s/it]
  0%|          | 72/15000 [25:36<40:26:07,  9.75s/it]
                                                     

  0%|          | 72/15000 [25:36<40:26:07,  9.75s/it]
  0%|          | 73/15000 [25:50<45:20:37, 10.94s/it]
                                                     

  0%|          | 73/15000 [25:50<45:20:37, 10.94s/it]
  0%|          | 74/15000 [25:57<39:49:07,  9.60s/it]
                                                     

  0%|          | 74/15000 [25:57<39:49:07,  9.60s/it]
  0%|          | 75/15000 [26:11<45:47:59, 11.05s/it]
                                                     

  0%|          | 75/15000 [26:11<45:47:59, 11.05s/it]
  1%|          | 76/15000 [26:19<41:29:33, 10.01s/it]
                                                     

  1%|          | 76/15000 [26:19<41:29:33, 10.01s/it]
  1%|          | 77/15000 [26:24<36:15:30,  8.75s/it]
                                                     

  1%|          | 77/15000 [26:24<36:15:30,  8.75s/it]
  1%|          | 78/15000 [26:39<43:32:10, 10.50s/it]
                                                     

  1%|          | 78/15000 [26:39<43:32:10, 10.50s/it]
  1%|          | 79/15000 [26:54<49:38:25, 11.98s/it]
                                                     

  1%|          | 79/15000 [26:54<49:38:25, 11.98s/it]
  1%|          | 80/15000 [27:00<41:56:30, 10.12s/it]
                                                     

  1%|          | 80/15000 [27:00<41:56:30, 10.12s/it]
  1%|          | 81/15000 [27:12<44:17:10, 10.69s/it]
                                                     

  1%|          | 81/15000 [27:12<44:17:10, 10.69s/it]
  1%|          | 82/15000 [27:21<41:40:29, 10.06s/it]
                                                     

  1%|          | 82/15000 [27:21<41:40:29, 10.06s/it]
  1%|          | 83/15000 [27:38<50:41:28, 12.23s/it]
                                                     

  1%|          | 83/15000 [27:38<50:41:28, 12.23s/it]
  1%|          | 84/15000 [27:57<58:58:40, 14.23s/it]
                                                     

  1%|          | 84/15000 [27:57<58:58:40, 14.23s/it]
  1%|          | 85/15000 [28:04<49:50:15, 12.03s/it]
                                                     

  1%|          | 85/15000 [28:04<49:50:15, 12.03s/it]
  1%|          | 86/15000 [28:10<41:58:03, 10.13s/it]
                                                     

  1%|          | 86/15000 [28:10<41:58:03, 10.13s/it]
  1%|          | 87/15000 [28:20<42:47:38, 10.33s/it]
                                                     

  1%|          | 87/15000 [28:20<42:47:38, 10.33s/it]{'loss': 3.9787, 'learning_rate': 4.985333333333333e-05, 'epoch': 0.01}
TCAPPDLL 2025-07-26 05:33:52.141222 - Epoch: 0.009 Iteration: 45  rank : 0  train.loss : 3.9787  train.ips : 0 imgs/s
{'loss': 0.7572, 'learning_rate': 4.9850000000000006e-05, 'epoch': 0.01}
TCAPPDLL 2025-07-26 05:33:57.643739 - Epoch: 0.0092 Iteration: 46  rank : 0  train.loss : 0.7572  train.ips : 0 imgs/s
{'loss': 2.8739, 'learning_rate': 4.984666666666667e-05, 'epoch': 0.01}
TCAPPDLL 2025-07-26 05:34:05.347966 - Epoch: 0.0094 Iteration: 47  rank : 0  train.loss : 2.8739  train.ips : 0 imgs/s
{'loss': 1.0637, 'learning_rate': 4.984333333333334e-05, 'epoch': 0.01}
TCAPPDLL 2025-07-26 05:34:13.341405 - Epoch: 0.0096 Iteration: 48  rank : 0  train.loss : 1.0637  train.ips : 0 imgs/s
{'loss': 0.259, 'learning_rate': 4.9840000000000004e-05, 'epoch': 0.01}
TCAPPDLL 2025-07-26 05:34:25.636548 - Epoch: 0.0098 Iteration: 49  rank : 0  train.loss : 0.259  train.ips : 0 imgs/s
{'loss': 4.3566, 'learning_rate': 4.983666666666667e-05, 'epoch': 0.01}
TCAPPDLL 2025-07-26 05:34:30.739363 - Epoch: 0.01 Iteration: 50  rank : 0  train.loss : 4.3566  train.ips : 0 imgs/s
{'loss': 0.8092, 'learning_rate': 4.9833333333333336e-05, 'epoch': 0.01}
TCAPPDLL 2025-07-26 05:34:44.341246 - Epoch: 0.0102 Iteration: 51  rank : 0  train.loss : 0.8092  train.ips : 0 imgs/s
{'loss': 2.0302, 'learning_rate': 4.983e-05, 'epoch': 0.01}
TCAPPDLL 2025-07-26 05:34:53.135258 - Epoch: 0.0104 Iteration: 52  rank : 0  train.loss : 2.0302  train.ips : 0 imgs/s
{'loss': 2.8925, 'learning_rate': 4.982666666666667e-05, 'epoch': 0.01}
TCAPPDLL 2025-07-26 05:34:58.239244 - Epoch: 0.0106 Iteration: 53  rank : 0  train.loss : 2.8925  train.ips : 0 imgs/s
{'loss': 0.0328, 'learning_rate': 4.9823333333333335e-05, 'epoch': 0.01}
TCAPPDLL 2025-07-26 05:35:21.537235 - Epoch: 0.0108 Iteration: 54  rank : 0  train.loss : 0.0328  train.ips : 0 imgs/s
{'loss': 4.2912, 'learning_rate': 4.982e-05, 'epoch': 0.01}
TCAPPDLL 2025-07-26 05:35:36.349144 - Epoch: 0.011 Iteration: 55  rank : 0  train.loss : 4.2912  train.ips : 0 imgs/s
{'loss': 1.1331, 'learning_rate': 4.981666666666667e-05, 'epoch': 0.01}
TCAPPDLL 2025-07-26 05:35:42.045328 - Epoch: 0.0112 Iteration: 56  rank : 0  train.loss : 1.1331  train.ips : 0 imgs/s
{'loss': 1.6036, 'learning_rate': 4.981333333333333e-05, 'epoch': 0.01}
TCAPPDLL 2025-07-26 05:35:54.536778 - Epoch: 0.0114 Iteration: 57  rank : 0  train.loss : 1.6036  train.ips : 0 imgs/s
{'loss': 3.4522, 'learning_rate': 4.981e-05, 'epoch': 0.01}
TCAPPDLL 2025-07-26 05:36:00.037093 - Epoch: 0.0116 Iteration: 58  rank : 0  train.loss : 3.4522  train.ips : 0 imgs/s
{'loss': 2.1251, 'learning_rate': 4.9806666666666665e-05, 'epoch': 0.01}
TCAPPDLL 2025-07-26 05:36:07.145881 - Epoch: 0.0118 Iteration: 59  rank : 0  train.loss : 2.1251  train.ips : 0 imgs/s
{'loss': 0.4259, 'learning_rate': 4.980333333333334e-05, 'epoch': 0.01}
TCAPPDLL 2025-07-26 05:36:17.033055 - Epoch: 0.012 Iteration: 60  rank : 0  train.loss : 0.4259  train.ips : 0 imgs/s
{'loss': 3.192, 'learning_rate': 4.9800000000000004e-05, 'epoch': 0.01}
TCAPPDLL 2025-07-26 05:36:32.945557 - Epoch: 0.0122 Iteration: 61  rank : 0  train.loss : 3.192  train.ips : 0 imgs/s
{'loss': 0.859, 'learning_rate': 4.979666666666667e-05, 'epoch': 0.01}
TCAPPDLL 2025-07-26 05:36:40.340157 - Epoch: 0.0124 Iteration: 62  rank : 0  train.loss : 0.859  train.ips : 0 imgs/s
{'loss': 1.5754, 'learning_rate': 4.9793333333333337e-05, 'epoch': 0.01}
TCAPPDLL 2025-07-26 05:36:46.244216 - Epoch: 0.0126 Iteration: 63  rank : 0  train.loss : 1.5754  train.ips : 0 imgs/s
{'loss': 2.0093, 'learning_rate': 4.979e-05, 'epoch': 0.01}
TCAPPDLL 2025-07-26 05:36:56.435438 - Epoch: 0.0128 Iteration: 64  rank : 0  train.loss : 2.0093  train.ips : 0 imgs/s
{'loss': 0.2829, 'learning_rate': 4.978666666666667e-05, 'epoch': 0.01}
TCAPPDLL 2025-07-26 05:37:01.739017 - Epoch: 0.013 Iteration: 65  rank : 0  train.loss : 0.2829  train.ips : 0 imgs/s
{'loss': 0.8365, 'learning_rate': 4.9783333333333335e-05, 'epoch': 0.01}
TCAPPDLL 2025-07-26 05:37:17.640825 - Epoch: 0.0132 Iteration: 66  rank : 0  train.loss : 0.8365  train.ips : 0 imgs/s
{'loss': 3.8911, 'learning_rate': 4.978e-05, 'epoch': 0.01}
TCAPPDLL 2025-07-26 05:37:22.942053 - Epoch: 0.0134 Iteration: 67  rank : 0  train.loss : 3.8911  train.ips : 0 imgs/s
{'loss': 0.4248, 'learning_rate': 4.9776666666666674e-05, 'epoch': 0.01}
TCAPPDLL 2025-07-26 05:37:28.243442 - Epoch: 0.0136 Iteration: 68  rank : 0  train.loss : 0.4248  train.ips : 0 imgs/s
{'loss': 0.4417, 'learning_rate': 4.977333333333334e-05, 'epoch': 0.01}
TCAPPDLL 2025-07-26 05:37:39.437982 - Epoch: 0.0138 Iteration: 69  rank : 0  train.loss : 0.4417  train.ips : 0 imgs/s
{'loss': 0.8805, 'learning_rate': 4.977e-05, 'epoch': 0.01}
TCAPPDLL 2025-07-26 05:37:45.344941 - Epoch: 0.014 Iteration: 70  rank : 0  train.loss : 0.8805  train.ips : 0 imgs/s
{'loss': 1.1935, 'learning_rate': 4.9766666666666666e-05, 'epoch': 0.01}
TCAPPDLL 2025-07-26 05:38:04.235694 - Epoch: 0.0142 Iteration: 71  rank : 0  train.loss : 1.1935  train.ips : 0 imgs/s
{'loss': 1.4878, 'learning_rate': 4.976333333333333e-05, 'epoch': 0.01}
TCAPPDLL 2025-07-26 05:38:10.536897 - Epoch: 0.0144 Iteration: 72  rank : 0  train.loss : 1.4878  train.ips : 0 imgs/s
{'loss': 1.1068, 'learning_rate': 4.976e-05, 'epoch': 0.01}
TCAPPDLL 2025-07-26 05:38:24.236107 - Epoch: 0.0146 Iteration: 73  rank : 0  train.loss : 1.1068  train.ips : 0 imgs/s
{'loss': 2.2553, 'learning_rate': 4.975666666666667e-05, 'epoch': 0.01}
TCAPPDLL 2025-07-26 05:38:30.732565 - Epoch: 0.0148 Iteration: 74  rank : 0  train.loss : 2.2553  train.ips : 0 imgs/s
{'loss': 1.7165, 'learning_rate': 4.975333333333334e-05, 'epoch': 0.01}
TCAPPDLL 2025-07-26 05:38:45.147251 - Epoch: 0.015 Iteration: 75  rank : 0  train.loss : 1.7165  train.ips : 0 imgs/s
{'loss': 2.725, 'learning_rate': 4.975e-05, 'epoch': 0.01}
TCAPPDLL 2025-07-26 05:38:52.733781 - Epoch: 0.0152 Iteration: 76  rank : 0  train.loss : 2.725  train.ips : 0 imgs/s
{'loss': 0.7189, 'learning_rate': 4.974666666666667e-05, 'epoch': 0.02}
TCAPPDLL 2025-07-26 05:38:58.536081 - Epoch: 0.0154 Iteration: 77  rank : 0  train.loss : 0.7189  train.ips : 0 imgs/s
{'loss': 2.1149, 'learning_rate': 4.9743333333333335e-05, 'epoch': 0.02}
TCAPPDLL 2025-07-26 05:39:13.137605 - Epoch: 0.0156 Iteration: 78  rank : 0  train.loss : 2.1149  train.ips : 0 imgs/s
{'loss': 2.7388, 'learning_rate': 4.974e-05, 'epoch': 0.02}
TCAPPDLL 2025-07-26 05:39:28.551982 - Epoch: 0.0158 Iteration: 79  rank : 0  train.loss : 2.7388  train.ips : 0 imgs/s
{'loss': 0.5909, 'learning_rate': 4.973666666666667e-05, 'epoch': 0.02}
TCAPPDLL 2025-07-26 05:39:34.339952 - Epoch: 0.016 Iteration: 80  rank : 0  train.loss : 0.5909  train.ips : 0 imgs/s
{'loss': 2.367, 'learning_rate': 4.973333333333334e-05, 'epoch': 0.02}
TCAPPDLL 2025-07-26 05:39:46.347991 - Epoch: 0.0162 Iteration: 81  rank : 0  train.loss : 2.367  train.ips : 0 imgs/s
{'loss': 0.3472, 'learning_rate': 4.973000000000001e-05, 'epoch': 0.02}
TCAPPDLL 2025-07-26 05:39:54.936251 - Epoch: 0.0164 Iteration: 82  rank : 0  train.loss : 0.3472  train.ips : 0 imgs/s
{'loss': 0.5337, 'learning_rate': 4.972666666666667e-05, 'epoch': 0.02}
TCAPPDLL 2025-07-26 05:40:12.248784 - Epoch: 0.0166 Iteration: 83  rank : 0  train.loss : 0.5337  train.ips : 0 imgs/s
{'loss': 0.0469, 'learning_rate': 4.972333333333334e-05, 'epoch': 0.02}
TCAPPDLL 2025-07-26 05:40:31.151674 - Epoch: 0.0168 Iteration: 84  rank : 0  train.loss : 0.0469  train.ips : 0 imgs/s
{'loss': 3.1985, 'learning_rate': 4.972e-05, 'epoch': 0.02}
TCAPPDLL 2025-07-26 05:40:38.035265 - Epoch: 0.017 Iteration: 85  rank : 0  train.loss : 3.1985  train.ips : 0 imgs/s
{'loss': 0.7623, 'learning_rate': 4.9716666666666664e-05, 'epoch': 0.02}
TCAPPDLL 2025-07-26 05:40:43.734965 - Epoch: 0.0172 Iteration: 86  rank : 0  train.loss : 0.7623  train.ips : 0 imgs/s
{'loss': 4.3367, 'learning_rate': 4.971333333333334e-05, 'epoch': 0.02}
TCAPPDLL 2025-07-26 05:40:54.532472 - Epoch: 0.0174 Iteration: 87  rank : 0  train.loss : 4.3367  train.ips : 0 imgs/s
{'loss': 0.0382, 'learning_rate': 4.9710000000000003e-05, 'epoch': 0.02}

  1%|          | 88/15000 [28:34<47:21:39, 11.43s/it]
                                                     

  1%|          | 88/15000 [28:34<47:21:39, 11.43s/it]
  1%|          | 89/15000 [28:48<49:41:23, 12.00s/it]
                                                     

  1%|          | 89/15000 [28:48<49:41:23, 12.00s/it]
  1%|          | 90/15000 [28:53<41:43:39, 10.08s/it]
                                                     

  1%|          | 90/15000 [28:53<41:43:39, 10.08s/it]
  1%|          | 91/15000 [29:04<42:07:30, 10.17s/it]
                                                     

  1%|          | 91/15000 [29:04<42:07:30, 10.17s/it]
  1%|          | 92/15000 [29:17<46:08:27, 11.14s/it]
                                                     

  1%|          | 92/15000 [29:17<46:08:27, 11.14s/it]
  1%|          | 93/15000 [29:27<44:50:18, 10.83s/it]
                                                     

  1%|          | 93/15000 [29:27<44:50:18, 10.83s/it]
  1%|          | 94/15000 [29:33<38:13:15,  9.23s/it]
                                                     

  1%|          | 94/15000 [29:33<38:13:15,  9.23s/it]
  1%|          | 95/15000 [29:46<43:01:19, 10.39s/it]
                                                     

  1%|          | 95/15000 [29:46<43:01:19, 10.39s/it]
  1%|          | 96/15000 [30:04<52:28:31, 12.68s/it]
                                                     

  1%|          | 96/15000 [30:04<52:28:31, 12.68s/it]
  1%|          | 97/15000 [30:14<49:15:46, 11.90s/it]
                                                     

  1%|          | 97/15000 [30:14<49:15:46, 11.90s/it]
  1%|          | 98/15000 [30:31<55:42:45, 13.46s/it]
                                                     

  1%|          | 98/15000 [30:31<55:42:45, 13.46s/it]
  1%|          | 99/15000 [30:45<56:00:54, 13.53s/it]
                                                     

  1%|          | 99/15000 [30:45<56:00:54, 13.53s/it]
  1%|          | 100/15000 [30:54<51:07:16, 12.35s/it]
                                                      

  1%|          | 100/15000 [30:54<51:07:16, 12.35s/it]
  1%|          | 101/15000 [31:08<53:17:38, 12.88s/it]
                                                      

  1%|          | 101/15000 [31:08<53:17:38, 12.88s/it]
  1%|          | 102/15000 [31:17<48:13:38, 11.65s/it]
                                                      

  1%|          | 102/15000 [31:17<48:13:38, 11.65s/it]
  1%|          | 103/15000 [31:31<51:23:18, 12.42s/it]
                                                      

  1%|          | 103/15000 [31:31<51:23:18, 12.42s/it]
  1%|          | 104/15000 [31:40<46:45:10, 11.30s/it]
                                                      

  1%|          | 104/15000 [31:40<46:45:10, 11.30s/it]
  1%|          | 105/15000 [31:47<41:03:29,  9.92s/it]
                                                      

  1%|          | 105/15000 [31:47<41:03:29,  9.92s/it]
  1%|          | 106/15000 [31:52<35:12:23,  8.51s/it]
                                                      

  1%|          | 106/15000 [31:52<35:12:23,  8.51s/it]
  1%|          | 107/15000 [32:01<35:25:31,  8.56s/it]
                                                      

  1%|          | 107/15000 [32:01<35:25:31,  8.56s/it]
  1%|          | 108/15000 [32:14<41:17:19,  9.98s/it]
                                                      

  1%|          | 108/15000 [32:14<41:17:19,  9.98s/it]
  1%|          | 109/15000 [32:31<50:30:19, 12.21s/it]
                                                      

  1%|          | 109/15000 [32:31<50:30:19, 12.21s/it]
  1%|          | 110/15000 [32:55<65:15:20, 15.78s/it]
                                                      

  1%|          | 110/15000 [32:55<65:15:20, 15.78s/it]
  1%|          | 111/15000 [33:17<72:06:28, 17.43s/it]
                                                      

  1%|          | 111/15000 [33:17<72:06:28, 17.43s/it]
  1%|          | 112/15000 [33:34<72:10:41, 17.45s/it]
                                                      

  1%|          | 112/15000 [33:34<72:10:41, 17.45s/it]
  1%|          | 113/15000 [33:49<68:30:38, 16.57s/it]
                                                      

  1%|          | 113/15000 [33:49<68:30:38, 16.57s/it]
  1%|          | 114/15000 [34:01<63:42:33, 15.41s/it]
                                                      

  1%|          | 114/15000 [34:01<63:42:33, 15.41s/it]
  1%|          | 115/15000 [34:17<63:27:28, 15.35s/it]
                                                      

  1%|          | 115/15000 [34:17<63:27:28, 15.35s/it]
  1%|          | 116/15000 [34:31<61:38:53, 14.91s/it]
                                                      

  1%|          | 116/15000 [34:31<61:38:53, 14.91s/it]
  1%|          | 117/15000 [34:43<58:16:53, 14.10s/it]
                                                      

  1%|          | 117/15000 [34:43<58:16:53, 14.10s/it]
  1%|          | 118/15000 [34:53<53:41:27, 12.99s/it]
                                                      

  1%|          | 118/15000 [34:53<53:41:27, 12.99s/it]
  1%|          | 119/15000 [35:16<65:51:30, 15.93s/it]
                                                      

  1%|          | 119/15000 [35:16<65:51:30, 15.93s/it]
  1%|          | 120/15000 [35:34<68:24:07, 16.55s/it]
                                                      

  1%|          | 120/15000 [35:34<68:24:07, 16.55s/it]
  1%|          | 121/15000 [35:48<64:52:12, 15.70s/it]
                                                      

  1%|          | 121/15000 [35:48<64:52:12, 15.70s/it]
  1%|          | 122/15000 [35:59<60:02:38, 14.53s/it]
                                                      

  1%|          | 122/15000 [35:59<60:02:38, 14.53s/it]
  1%|          | 123/15000 [36:10<55:03:01, 13.32s/it]
                                                      

  1%|          | 123/15000 [36:10<55:03:01, 13.32s/it]
  1%|          | 124/15000 [36:20<51:10:51, 12.39s/it]
                                                      

  1%|          | 124/15000 [36:20<51:10:51, 12.39s/it]
  1%|          | 125/15000 [36:33<51:40:52, 12.51s/it]
                                                      

  1%|          | 125/15000 [36:33<51:40:52, 12.51s/it]
  1%|          | 126/15000 [36:46<52:02:26, 12.60s/it]
                                                      

  1%|          | 126/15000 [36:46<52:02:26, 12.60s/it]
  1%|          | 127/15000 [36:56<49:04:19, 11.88s/it]
                                                      

  1%|          | 127/15000 [36:56<49:04:19, 11.88s/it]
  1%|          | 128/15000 [37:07<48:21:30, 11.71s/it]
                                                      

  1%|          | 128/15000 [37:07<48:21:30, 11.71s/it]
  1%|          | 129/15000 [37:18<47:35:57, 11.52s/it]
                                                      

  1%|          | 129/15000 [37:18<47:35:57, 11.52s/it]
  1%|          | 130/15000 [37:35<54:22:52, 13.17s/it]
                                                      

  1%|          | 130/15000 [37:35<54:22:52, 13.17s/it]TCAPPDLL 2025-07-26 05:41:08.540293 - Epoch: 0.0176 Iteration: 88  rank : 0  train.loss : 0.0382  train.ips : 0 imgs/s
{'loss': 0.3474, 'learning_rate': 4.970666666666667e-05, 'epoch': 0.02}
TCAPPDLL 2025-07-26 05:41:21.850808 - Epoch: 0.0178 Iteration: 89  rank : 0  train.loss : 0.3474  train.ips : 0 imgs/s
{'loss': 0.7614, 'learning_rate': 4.9703333333333336e-05, 'epoch': 0.02}
TCAPPDLL 2025-07-26 05:41:27.442083 - Epoch: 0.018 Iteration: 90  rank : 0  train.loss : 0.7614  train.ips : 0 imgs/s
{'loss': 2.9266, 'learning_rate': 4.97e-05, 'epoch': 0.02}
TCAPPDLL 2025-07-26 05:41:37.839323 - Epoch: 0.0182 Iteration: 91  rank : 0  train.loss : 2.9266  train.ips : 0 imgs/s
{'loss': 0.0817, 'learning_rate': 4.969666666666667e-05, 'epoch': 0.02}
TCAPPDLL 2025-07-26 05:41:51.245871 - Epoch: 0.0184 Iteration: 92  rank : 0  train.loss : 0.0817  train.ips : 0 imgs/s
{'loss': 1.8599, 'learning_rate': 4.9693333333333334e-05, 'epoch': 0.02}
TCAPPDLL 2025-07-26 05:42:01.341887 - Epoch: 0.0186 Iteration: 93  rank : 0  train.loss : 1.8599  train.ips : 0 imgs/s
{'loss': 2.7133, 'learning_rate': 4.969e-05, 'epoch': 0.02}
TCAPPDLL 2025-07-26 05:42:06.845556 - Epoch: 0.0188 Iteration: 94  rank : 0  train.loss : 2.7133  train.ips : 0 imgs/s
{'loss': 1.6944, 'learning_rate': 4.968666666666667e-05, 'epoch': 0.02}
TCAPPDLL 2025-07-26 05:42:19.943707 - Epoch: 0.019 Iteration: 95  rank : 0  train.loss : 1.6944  train.ips : 0 imgs/s
{'loss': 1.8391, 'learning_rate': 4.968333333333334e-05, 'epoch': 0.02}
TCAPPDLL 2025-07-26 05:42:37.948755 - Epoch: 0.0192 Iteration: 96  rank : 0  train.loss : 1.8391  train.ips : 0 imgs/s
{'loss': 2.5992, 'learning_rate': 4.9680000000000005e-05, 'epoch': 0.02}
TCAPPDLL 2025-07-26 05:42:48.039893 - Epoch: 0.0194 Iteration: 97  rank : 0  train.loss : 2.5992  train.ips : 0 imgs/s
{'loss': 0.1972, 'learning_rate': 4.967666666666667e-05, 'epoch': 0.02}
TCAPPDLL 2025-07-26 05:43:05.136342 - Epoch: 0.0196 Iteration: 98  rank : 0  train.loss : 0.1972  train.ips : 0 imgs/s
{'loss': 1.1225, 'learning_rate': 4.967333333333334e-05, 'epoch': 0.02}
TCAPPDLL 2025-07-26 05:43:18.841908 - Epoch: 0.0198 Iteration: 99  rank : 0  train.loss : 1.1225  train.ips : 0 imgs/s
{'loss': 0.8233, 'learning_rate': 4.967e-05, 'epoch': 0.02}
TCAPPDLL 2025-07-26 05:43:28.436526 - Epoch: 0.02 Iteration: 100  rank : 0  train.loss : 0.8233  train.ips : 0 imgs/s
{'loss': 0.0751, 'learning_rate': 4.966666666666667e-05, 'epoch': 0.02}
