07/25 00:38:56 - mmengine - INFO - 
------------------------------------------------------------
System environment:
    sys.platform: linux
    Python: 3.8.20 (default, Oct  3 2024, 15:24:27) [GCC 11.2.0]
    CUDA available: True
    MUSA available: False
    numpy_random_seed: 668326580
    GPU 0: NVIDIA GeForce RTX 4090
    CUDA_HOME: /usr/local/cuda
    NVCC: Cuda compilation tools, release 12.9, V12.9.86
    GCC: gcc (Ubuntu 11.4.0-1ubuntu1~22.04) 11.4.0
    PyTorch: 2.4.1+cu121
    PyTorch compiling details: PyTorch built with:
  - GCC 9.3
  - C++ Version: 201703
  - Intel(R) oneAPI Math Kernel Library Version 2022.2-Product Build 20220804 for Intel(R) 64 architecture applications
  - Intel(R) MKL-DNN v3.4.2 (Git Hash 1137e04ec0b5251ca2b4400a4fd3c667ce843d67)
  - OpenMP 201511 (a.k.a. OpenMP 4.5)
  - LAPACK is enabled (usually provided by MKL)
  - NNPACK is enabled
  - CPU capability usage: AVX512
  - CUDA Runtime 12.1
  - NVCC architecture flags: -gencode;arch=compute_50,code=sm_50;-gencode;arch=compute_60,code=sm_60;-gencode;arch=compute_70,code=sm_70;-gencode;arch=compute_75,code=sm_75;-gencode;arch=compute_80,code=sm_80;-gencode;arch=compute_86,code=sm_86;-gencode;arch=compute_90,code=sm_90
  - CuDNN 90.1  (built against CUDA 12.4)
  - Magma 2.6.1
  - Build settings: BLAS_INFO=mkl, BUILD_TYPE=Release, CUDA_VERSION=12.1, CUDNN_VERSION=9.1.0, CXX_COMPILER=/opt/rh/devtoolset-9/root/usr/bin/c++, CXX_FLAGS= -D_GLIBCXX_USE_CXX11_ABI=0 -fabi-version=11 -fvisibility-inlines-hidden -DUSE_PTHREADPOOL -DNDEBUG -DUSE_KINETO -DLIBKINETO_NOROCTRACER -DUSE_FBGEMM -DUSE_PYTORCH_QNNPACK -DUSE_XNNPACK -DSYMBOLICATE_MOBILE_DEBUG_HANDLE -O2 -fPIC -Wall -Wextra -Werror=return-type -Werror=non-virtual-dtor -Werror=bool-operation -Wnarrowing -Wno-missing-field-initializers -Wno-type-limits -Wno-array-bounds -Wno-unknown-pragmas -Wno-unused-parameter -Wno-unused-function -Wno-unused-result -Wno-strict-overflow -Wno-strict-aliasing -Wno-stringop-overflow -Wsuggest-override -Wno-psabi -Wno-error=pedantic -Wno-error=old-style-cast -Wno-missing-braces -fdiagnostics-color=always -faligned-new -Wno-unused-but-set-variable -Wno-maybe-uninitialized -fno-math-errno -fno-trapping-math -Werror=format -Wno-stringop-overflow, LAPACK_INFO=mkl, PERF_WITH_AVX=1, PERF_WITH_AVX2=1, PERF_WITH_AVX512=1, TORCH_VERSION=2.4.1, USE_CUDA=ON, USE_CUDNN=ON, USE_CUSPARSELT=1, USE_EXCEPTION_PTR=1, USE_GFLAGS=OFF, USE_GLOG=OFF, USE_GLOO=ON, USE_MKL=ON, USE_MKLDNN=ON, USE_MPI=OFF, USE_NCCL=1, USE_NNPACK=ON, USE_OPENMP=ON, USE_ROCM=OFF, USE_ROCM_KERNEL_ASSERT=OFF, 

    TorchVision: 0.11.2
    OpenCV: 4.11.0
    MMEngine: 0.10.7

Runtime environment:
    cudnn_benchmark: True
    mp_cfg: {'mp_start_method': 'fork', 'opencv_num_threads': 0}
    dist_cfg: {'backend': 'nccl'}
    seed: 668326580
    Distributed launcher: none
    Distributed training: False
    GPU number: 1
------------------------------------------------------------

07/25 00:38:56 - mmengine - INFO - Config:
custom_hooks = [
    dict(interval=1, type='TCAPLoggerHook'),
]
data_preprocessor = dict(
    mean=[
        123.675,
        116.28,
        103.53,
    ],
    std=[
        58.395,
        57.12,
        57.375,
    ],
    to_rgb=True)
default_hooks = dict(
    checkpoint=dict(interval=1, type='CheckpointHook'),
    logger=None,
    param_scheduler=dict(type='ParamSchedulerHook'),
    sampler_seed=dict(type='DistSamplerSeedHook'),
    timer=dict(type='IterTimerHook'),
    visualization=dict(enable=False, type='VisualizationHook'))
default_scope = 'mmpretrain'
env_cfg = dict(
    cudnn_benchmark=True,
    dist_cfg=dict(backend='nccl'),
    mp_cfg=dict(mp_start_method='fork', opencv_num_threads=0))
load_from = None
log_level = 'INFO'
model = dict(
    backbone=dict(
        arch='dinov2-small',
        img_size=518,
        layer_scale_init_value=1e-05,
        patch_size=14,
        type='VisionTransformer'),
    head=dict(
        in_channels=384,
        loss=dict(loss_weight=1.0, type='CrossEntropyLoss'),
        num_classes=1000,
        topk=(
            1,
            5,
        ),
        type='LinearClsHead'),
    neck=None,
    type='ImageClassifier')
optim_wrapper = dict(
    optimizer=dict(
        betas=(
            0.9,
            0.999,
        ), lr=0.00015, type='AdamW', weight_decay=0.05),
    paramwise_cfg=dict(
        custom_keys=dict({
            '.bias': dict(decay_mult=0.0),
            '.ln': dict(decay_mult=0.0)
        })))
param_scheduler = [
    dict(
        begin=0,
        by_epoch=True,
        convert_to_iter_based=True,
        end=10,
        start_factor=0.0001,
        type='LinearLR'),
    dict(T_max=90, begin=10, by_epoch=True, end=100, type='CosineAnnealingLR'),
]
resume = False
train_cfg = dict(by_epoch=True, max_epochs=100, val_interval=1)
train_dataloader = dict(
    batch_size=16,
    dataset=dict(
        data_prefix='train',
        data_root='/home/01/imagenet',
        pipeline=[
            dict(type='LoadImageFromFile'),
            dict(scale=518, type='RandomResizedCrop'),
            dict(direction='horizontal', prob=0.5, type='RandomFlip'),
            dict(type='PackInputs'),
        ],
        type='ImageNet'),
    num_workers=5,
    sampler=dict(shuffle=True, type='DefaultSampler'))
val_cfg = dict()
val_dataloader = dict(
    batch_size=16,
    dataset=dict(
        data_prefix='val',
        data_root='/home/01/imagenet',
        pipeline=[
            dict(type='LoadImageFromFile'),
            dict(edge='short', scale=518, type='ResizeEdge'),
            dict(crop_size=518, type='CenterCrop'),
            dict(type='PackInputs'),
        ],
        type='ImageNet'),
    num_workers=5,
    sampler=dict(shuffle=False, type='DefaultSampler'))
val_evaluator = dict(
    topk=(
        1,
        5,
    ), type='Accuracy')
visualizer = dict(
    type='UniversalVisualizer', vis_backends=[
        dict(type='LocalVisBackend'),
    ])
work_dir = './work_dirs/dinov2_small_finetune'

07/25 00:38:58 - mmengine - INFO - Distributed training is not used, all SyncBatchNorm (SyncBN) layers in the model will be automatically reverted to BatchNormXd layers if they are used.
07/25 00:38:58 - mmengine - INFO - Hooks will be executed in the following order:
before_run:
(VERY_HIGH   ) RuntimeInfoHook                    
(NORMAL      ) TCAPLoggerHook                     
 -------------------- 
before_train:
(VERY_HIGH   ) RuntimeInfoHook                    
(NORMAL      ) IterTimerHook                      
(VERY_LOW    ) CheckpointHook                     
 -------------------- 
before_train_epoch:
(VERY_HIGH   ) RuntimeInfoHook                    
(NORMAL      ) IterTimerHook                      
(NORMAL      ) DistSamplerSeedHook                
 -------------------- 
before_train_iter:
(VERY_HIGH   ) RuntimeInfoHook                    
(NORMAL      ) IterTimerHook                      
 -------------------- 
after_train_iter:
(VERY_HIGH   ) RuntimeInfoHook                    
(NORMAL      ) IterTimerHook                      
(NORMAL      ) TCAPLoggerHook                     
(LOW         ) ParamSchedulerHook                 
(VERY_LOW    ) CheckpointHook                     
 -------------------- 
after_train_epoch:
(NORMAL      ) IterTimerHook                      
(LOW         ) ParamSchedulerHook                 
(VERY_LOW    ) CheckpointHook                     
 -------------------- 
before_val:
(VERY_HIGH   ) RuntimeInfoHook                    
 -------------------- 
before_val_epoch:
(NORMAL      ) IterTimerHook                      
 -------------------- 
before_val_iter:
(NORMAL      ) IterTimerHook                      
 -------------------- 
after_val_iter:
(NORMAL      ) IterTimerHook                      
(NORMAL      ) VisualizationHook                  
 -------------------- 
after_val_epoch:
(VERY_HIGH   ) RuntimeInfoHook                    
(NORMAL      ) IterTimerHook                      
(LOW         ) ParamSchedulerHook                 
(VERY_LOW    ) CheckpointHook                     
 -------------------- 
after_val:
(VERY_HIGH   ) RuntimeInfoHook                    
 -------------------- 
after_train:
(VERY_HIGH   ) RuntimeInfoHook                    
(VERY_LOW    ) CheckpointHook                     
 -------------------- 
before_test:
(VERY_HIGH   ) RuntimeInfoHook                    
 -------------------- 
before_test_epoch:
(NORMAL      ) IterTimerHook                      
 -------------------- 
before_test_iter:
(NORMAL      ) IterTimerHook                      
 -------------------- 
after_test_iter:
(NORMAL      ) IterTimerHook                      
(NORMAL      ) VisualizationHook                  
 -------------------- 
after_test_epoch:
(VERY_HIGH   ) RuntimeInfoHook                    
(NORMAL      ) IterTimerHook                      
 -------------------- 
after_test:
(VERY_HIGH   ) RuntimeInfoHook                    
 -------------------- 
07/25 00:44:55 - mmengine - INFO - paramwise_options -- backbone.patch_embed.projection.bias:lr=0.00015
07/25 00:44:55 - mmengine - INFO - paramwise_options -- backbone.patch_embed.projection.bias:weight_decay=0.0
07/25 00:44:55 - mmengine - INFO - paramwise_options -- backbone.patch_embed.projection.bias:decay_mult=0.0
07/25 00:44:55 - mmengine - INFO - paramwise_options -- backbone.layers.0.ln1.weight:lr=0.00015
07/25 00:44:55 - mmengine - INFO - paramwise_options -- backbone.layers.0.ln1.weight:weight_decay=0.0
07/25 00:44:55 - mmengine - INFO - paramwise_options -- backbone.layers.0.ln1.weight:decay_mult=0.0
07/25 00:44:55 - mmengine - INFO - paramwise_options -- backbone.layers.0.ln1.bias:lr=0.00015
07/25 00:44:55 - mmengine - INFO - paramwise_options -- backbone.layers.0.ln1.bias:weight_decay=0.0
07/25 00:44:55 - mmengine - INFO - paramwise_options -- backbone.layers.0.ln1.bias:decay_mult=0.0
07/25 00:44:55 - mmengine - INFO - paramwise_options -- backbone.layers.0.attn.qkv.bias:lr=0.00015
07/25 00:44:55 - mmengine - INFO - paramwise_options -- backbone.layers.0.attn.qkv.bias:weight_decay=0.0
07/25 00:44:55 - mmengine - INFO - paramwise_options -- backbone.layers.0.attn.qkv.bias:decay_mult=0.0
07/25 00:44:55 - mmengine - INFO - paramwise_options -- backbone.layers.0.attn.proj.bias:lr=0.00015
07/25 00:44:55 - mmengine - INFO - paramwise_options -- backbone.layers.0.attn.proj.bias:weight_decay=0.0
07/25 00:44:55 - mmengine - INFO - paramwise_options -- backbone.layers.0.attn.proj.bias:decay_mult=0.0
07/25 00:44:55 - mmengine - INFO - paramwise_options -- backbone.layers.0.ln2.weight:lr=0.00015
07/25 00:44:55 - mmengine - INFO - paramwise_options -- backbone.layers.0.ln2.weight:weight_decay=0.0
07/25 00:44:55 - mmengine - INFO - paramwise_options -- backbone.layers.0.ln2.weight:decay_mult=0.0
07/25 00:44:55 - mmengine - INFO - paramwise_options -- backbone.layers.0.ln2.bias:lr=0.00015
07/25 00:44:55 - mmengine - INFO - paramwise_options -- backbone.layers.0.ln2.bias:weight_decay=0.0
07/25 00:44:55 - mmengine - INFO - paramwise_options -- backbone.layers.0.ln2.bias:decay_mult=0.0
07/25 00:44:55 - mmengine - INFO - paramwise_options -- backbone.layers.0.ffn.layers.0.0.bias:lr=0.00015
07/25 00:44:55 - mmengine - INFO - paramwise_options -- backbone.layers.0.ffn.layers.0.0.bias:weight_decay=0.0
07/25 00:44:55 - mmengine - INFO - paramwise_options -- backbone.layers.0.ffn.layers.0.0.bias:decay_mult=0.0
07/25 00:44:55 - mmengine - INFO - paramwise_options -- backbone.layers.0.ffn.layers.1.bias:lr=0.00015
07/25 00:44:55 - mmengine - INFO - paramwise_options -- backbone.layers.0.ffn.layers.1.bias:weight_decay=0.0
07/25 00:44:55 - mmengine - INFO - paramwise_options -- backbone.layers.0.ffn.layers.1.bias:decay_mult=0.0
07/25 00:44:55 - mmengine - INFO - paramwise_options -- backbone.layers.1.ln1.weight:lr=0.00015
07/25 00:44:55 - mmengine - INFO - paramwise_options -- backbone.layers.1.ln1.weight:weight_decay=0.0
07/25 00:44:55 - mmengine - INFO - paramwise_options -- backbone.layers.1.ln1.weight:decay_mult=0.0
07/25 00:44:55 - mmengine - INFO - paramwise_options -- backbone.layers.1.ln1.bias:lr=0.00015
07/25 00:44:55 - mmengine - INFO - paramwise_options -- backbone.layers.1.ln1.bias:weight_decay=0.0
07/25 00:44:55 - mmengine - INFO - paramwise_options -- backbone.layers.1.ln1.bias:decay_mult=0.0
07/25 00:44:55 - mmengine - INFO - paramwise_options -- backbone.layers.1.attn.qkv.bias:lr=0.00015
07/25 00:44:55 - mmengine - INFO - paramwise_options -- backbone.layers.1.attn.qkv.bias:weight_decay=0.0
07/25 00:44:55 - mmengine - INFO - paramwise_options -- backbone.layers.1.attn.qkv.bias:decay_mult=0.0
07/25 00:44:55 - mmengine - INFO - paramwise_options -- backbone.layers.1.attn.proj.bias:lr=0.00015
07/25 00:44:55 - mmengine - INFO - paramwise_options -- backbone.layers.1.attn.proj.bias:weight_decay=0.0
07/25 00:44:55 - mmengine - INFO - paramwise_options -- backbone.layers.1.attn.proj.bias:decay_mult=0.0
07/25 00:44:55 - mmengine - INFO - paramwise_options -- backbone.layers.1.ln2.weight:lr=0.00015
07/25 00:44:55 - mmengine - INFO - paramwise_options -- backbone.layers.1.ln2.weight:weight_decay=0.0
07/25 00:44:55 - mmengine - INFO - paramwise_options -- backbone.layers.1.ln2.weight:decay_mult=0.0
07/25 00:44:55 - mmengine - INFO - paramwise_options -- backbone.layers.1.ln2.bias:lr=0.00015
07/25 00:44:55 - mmengine - INFO - paramwise_options -- backbone.layers.1.ln2.bias:weight_decay=0.0
07/25 00:44:55 - mmengine - INFO - paramwise_options -- backbone.layers.1.ln2.bias:decay_mult=0.0
07/25 00:44:55 - mmengine - INFO - paramwise_options -- backbone.layers.1.ffn.layers.0.0.bias:lr=0.00015
07/25 00:44:55 - mmengine - INFO - paramwise_options -- backbone.layers.1.ffn.layers.0.0.bias:weight_decay=0.0
07/25 00:44:55 - mmengine - INFO - paramwise_options -- backbone.layers.1.ffn.layers.0.0.bias:decay_mult=0.0
07/25 00:44:55 - mmengine - INFO - paramwise_options -- backbone.layers.1.ffn.layers.1.bias:lr=0.00015
07/25 00:44:55 - mmengine - INFO - paramwise_options -- backbone.layers.1.ffn.layers.1.bias:weight_decay=0.0
07/25 00:44:55 - mmengine - INFO - paramwise_options -- backbone.layers.1.ffn.layers.1.bias:decay_mult=0.0
07/25 00:44:55 - mmengine - INFO - paramwise_options -- backbone.layers.2.ln1.weight:lr=0.00015
07/25 00:44:55 - mmengine - INFO - paramwise_options -- backbone.layers.2.ln1.weight:weight_decay=0.0
07/25 00:44:55 - mmengine - INFO - paramwise_options -- backbone.layers.2.ln1.weight:decay_mult=0.0
07/25 00:44:55 - mmengine - INFO - paramwise_options -- backbone.layers.2.ln1.bias:lr=0.00015
07/25 00:44:55 - mmengine - INFO - paramwise_options -- backbone.layers.2.ln1.bias:weight_decay=0.0
07/25 00:44:55 - mmengine - INFO - paramwise_options -- backbone.layers.2.ln1.bias:decay_mult=0.0
07/25 00:44:55 - mmengine - INFO - paramwise_options -- backbone.layers.2.attn.qkv.bias:lr=0.00015
07/25 00:44:55 - mmengine - INFO - paramwise_options -- backbone.layers.2.attn.qkv.bias:weight_decay=0.0
07/25 00:44:55 - mmengine - INFO - paramwise_options -- backbone.layers.2.attn.qkv.bias:decay_mult=0.0
07/25 00:44:55 - mmengine - INFO - paramwise_options -- backbone.layers.2.attn.proj.bias:lr=0.00015
07/25 00:44:55 - mmengine - INFO - paramwise_options -- backbone.layers.2.attn.proj.bias:weight_decay=0.0
07/25 00:44:55 - mmengine - INFO - paramwise_options -- backbone.layers.2.attn.proj.bias:decay_mult=0.0
07/25 00:44:55 - mmengine - INFO - paramwise_options -- backbone.layers.2.ln2.weight:lr=0.00015
07/25 00:44:55 - mmengine - INFO - paramwise_options -- backbone.layers.2.ln2.weight:weight_decay=0.0
07/25 00:44:55 - mmengine - INFO - paramwise_options -- backbone.layers.2.ln2.weight:decay_mult=0.0
07/25 00:44:55 - mmengine - INFO - paramwise_options -- backbone.layers.2.ln2.bias:lr=0.00015
07/25 00:44:55 - mmengine - INFO - paramwise_options -- backbone.layers.2.ln2.bias:weight_decay=0.0
07/25 00:44:55 - mmengine - INFO - paramwise_options -- backbone.layers.2.ln2.bias:decay_mult=0.0
07/25 00:44:55 - mmengine - INFO - paramwise_options -- backbone.layers.2.ffn.layers.0.0.bias:lr=0.00015
07/25 00:44:55 - mmengine - INFO - paramwise_options -- backbone.layers.2.ffn.layers.0.0.bias:weight_decay=0.0
07/25 00:44:55 - mmengine - INFO - paramwise_options -- backbone.layers.2.ffn.layers.0.0.bias:decay_mult=0.0
07/25 00:44:55 - mmengine - INFO - paramwise_options -- backbone.layers.2.ffn.layers.1.bias:lr=0.00015
07/25 00:44:55 - mmengine - INFO - paramwise_options -- backbone.layers.2.ffn.layers.1.bias:weight_decay=0.0
07/25 00:44:55 - mmengine - INFO - paramwise_options -- backbone.layers.2.ffn.layers.1.bias:decay_mult=0.0
07/25 00:44:55 - mmengine - INFO - paramwise_options -- backbone.layers.3.ln1.weight:lr=0.00015
07/25 00:44:55 - mmengine - INFO - paramwise_options -- backbone.layers.3.ln1.weight:weight_decay=0.0
07/25 00:44:55 - mmengine - INFO - paramwise_options -- backbone.layers.3.ln1.weight:decay_mult=0.0
07/25 00:44:55 - mmengine - INFO - paramwise_options -- backbone.layers.3.ln1.bias:lr=0.00015
07/25 00:44:55 - mmengine - INFO - paramwise_options -- backbone.layers.3.ln1.bias:weight_decay=0.0
07/25 00:44:55 - mmengine - INFO - paramwise_options -- backbone.layers.3.ln1.bias:decay_mult=0.0
07/25 00:44:55 - mmengine - INFO - paramwise_options -- backbone.layers.3.attn.qkv.bias:lr=0.00015
07/25 00:44:55 - mmengine - INFO - paramwise_options -- backbone.layers.3.attn.qkv.bias:weight_decay=0.0
07/25 00:44:55 - mmengine - INFO - paramwise_options -- backbone.layers.3.attn.qkv.bias:decay_mult=0.0
07/25 00:44:55 - mmengine - INFO - paramwise_options -- backbone.layers.3.attn.proj.bias:lr=0.00015
07/25 00:44:55 - mmengine - INFO - paramwise_options -- backbone.layers.3.attn.proj.bias:weight_decay=0.0
07/25 00:44:55 - mmengine - INFO - paramwise_options -- backbone.layers.3.attn.proj.bias:decay_mult=0.0
07/25 00:44:55 - mmengine - INFO - paramwise_options -- backbone.layers.3.ln2.weight:lr=0.00015
07/25 00:44:55 - mmengine - INFO - paramwise_options -- backbone.layers.3.ln2.weight:weight_decay=0.0
07/25 00:44:55 - mmengine - INFO - paramwise_options -- backbone.layers.3.ln2.weight:decay_mult=0.0
07/25 00:44:55 - mmengine - INFO - paramwise_options -- backbone.layers.3.ln2.bias:lr=0.00015
07/25 00:44:55 - mmengine - INFO - paramwise_options -- backbone.layers.3.ln2.bias:weight_decay=0.0
07/25 00:44:55 - mmengine - INFO - paramwise_options -- backbone.layers.3.ln2.bias:decay_mult=0.0
07/25 00:44:55 - mmengine - INFO - paramwise_options -- backbone.layers.3.ffn.layers.0.0.bias:lr=0.00015
07/25 00:44:55 - mmengine - INFO - paramwise_options -- backbone.layers.3.ffn.layers.0.0.bias:weight_decay=0.0
07/25 00:44:55 - mmengine - INFO - paramwise_options -- backbone.layers.3.ffn.layers.0.0.bias:decay_mult=0.0
07/25 00:44:55 - mmengine - INFO - paramwise_options -- backbone.layers.3.ffn.layers.1.bias:lr=0.00015
07/25 00:44:55 - mmengine - INFO - paramwise_options -- backbone.layers.3.ffn.layers.1.bias:weight_decay=0.0
07/25 00:44:55 - mmengine - INFO - paramwise_options -- backbone.layers.3.ffn.layers.1.bias:decay_mult=0.0
07/25 00:44:55 - mmengine - INFO - paramwise_options -- backbone.layers.4.ln1.weight:lr=0.00015
07/25 00:44:55 - mmengine - INFO - paramwise_options -- backbone.layers.4.ln1.weight:weight_decay=0.0
07/25 00:44:55 - mmengine - INFO - paramwise_options -- backbone.layers.4.ln1.weight:decay_mult=0.0
07/25 00:44:55 - mmengine - INFO - paramwise_options -- backbone.layers.4.ln1.bias:lr=0.00015
07/25 00:44:55 - mmengine - INFO - paramwise_options -- backbone.layers.4.ln1.bias:weight_decay=0.0
07/25 00:44:55 - mmengine - INFO - paramwise_options -- backbone.layers.4.ln1.bias:decay_mult=0.0
07/25 00:44:55 - mmengine - INFO - paramwise_options -- backbone.layers.4.attn.qkv.bias:lr=0.00015
07/25 00:44:55 - mmengine - INFO - paramwise_options -- backbone.layers.4.attn.qkv.bias:weight_decay=0.0
07/25 00:44:55 - mmengine - INFO - paramwise_options -- backbone.layers.4.attn.qkv.bias:decay_mult=0.0
07/25 00:44:55 - mmengine - INFO - paramwise_options -- backbone.layers.4.attn.proj.bias:lr=0.00015
07/25 00:44:55 - mmengine - INFO - paramwise_options -- backbone.layers.4.attn.proj.bias:weight_decay=0.0
07/25 00:44:55 - mmengine - INFO - paramwise_options -- backbone.layers.4.attn.proj.bias:decay_mult=0.0
07/25 00:44:55 - mmengine - INFO - paramwise_options -- backbone.layers.4.ln2.weight:lr=0.00015
07/25 00:44:55 - mmengine - INFO - paramwise_options -- backbone.layers.4.ln2.weight:weight_decay=0.0
07/25 00:44:55 - mmengine - INFO - paramwise_options -- backbone.layers.4.ln2.weight:decay_mult=0.0
07/25 00:44:55 - mmengine - INFO - paramwise_options -- backbone.layers.4.ln2.bias:lr=0.00015
07/25 00:44:55 - mmengine - INFO - paramwise_options -- backbone.layers.4.ln2.bias:weight_decay=0.0
07/25 00:44:55 - mmengine - INFO - paramwise_options -- backbone.layers.4.ln2.bias:decay_mult=0.0
07/25 00:44:55 - mmengine - INFO - paramwise_options -- backbone.layers.4.ffn.layers.0.0.bias:lr=0.00015
07/25 00:44:55 - mmengine - INFO - paramwise_options -- backbone.layers.4.ffn.layers.0.0.bias:weight_decay=0.0
07/25 00:44:55 - mmengine - INFO - paramwise_options -- backbone.layers.4.ffn.layers.0.0.bias:decay_mult=0.0
07/25 00:44:55 - mmengine - INFO - paramwise_options -- backbone.layers.4.ffn.layers.1.bias:lr=0.00015
07/25 00:44:55 - mmengine - INFO - paramwise_options -- backbone.layers.4.ffn.layers.1.bias:weight_decay=0.0
07/25 00:44:55 - mmengine - INFO - paramwise_options -- backbone.layers.4.ffn.layers.1.bias:decay_mult=0.0
07/25 00:44:55 - mmengine - INFO - paramwise_options -- backbone.layers.5.ln1.weight:lr=0.00015
07/25 00:44:55 - mmengine - INFO - paramwise_options -- backbone.layers.5.ln1.weight:weight_decay=0.0
07/25 00:44:55 - mmengine - INFO - paramwise_options -- backbone.layers.5.ln1.weight:decay_mult=0.0
07/25 00:44:55 - mmengine - INFO - paramwise_options -- backbone.layers.5.ln1.bias:lr=0.00015
07/25 00:44:55 - mmengine - INFO - paramwise_options -- backbone.layers.5.ln1.bias:weight_decay=0.0
07/25 00:44:55 - mmengine - INFO - paramwise_options -- backbone.layers.5.ln1.bias:decay_mult=0.0
07/25 00:44:55 - mmengine - INFO - paramwise_options -- backbone.layers.5.attn.qkv.bias:lr=0.00015
07/25 00:44:55 - mmengine - INFO - paramwise_options -- backbone.layers.5.attn.qkv.bias:weight_decay=0.0
07/25 00:44:55 - mmengine - INFO - paramwise_options -- backbone.layers.5.attn.qkv.bias:decay_mult=0.0
07/25 00:44:55 - mmengine - INFO - paramwise_options -- backbone.layers.5.attn.proj.bias:lr=0.00015
07/25 00:44:55 - mmengine - INFO - paramwise_options -- backbone.layers.5.attn.proj.bias:weight_decay=0.0
07/25 00:44:55 - mmengine - INFO - paramwise_options -- backbone.layers.5.attn.proj.bias:decay_mult=0.0
07/25 00:44:55 - mmengine - INFO - paramwise_options -- backbone.layers.5.ln2.weight:lr=0.00015
07/25 00:44:55 - mmengine - INFO - paramwise_options -- backbone.layers.5.ln2.weight:weight_decay=0.0
07/25 00:44:55 - mmengine - INFO - paramwise_options -- backbone.layers.5.ln2.weight:decay_mult=0.0
07/25 00:44:55 - mmengine - INFO - paramwise_options -- backbone.layers.5.ln2.bias:lr=0.00015
07/25 00:44:55 - mmengine - INFO - paramwise_options -- backbone.layers.5.ln2.bias:weight_decay=0.0
07/25 00:44:55 - mmengine - INFO - paramwise_options -- backbone.layers.5.ln2.bias:decay_mult=0.0
07/25 00:44:55 - mmengine - INFO - paramwise_options -- backbone.layers.5.ffn.layers.0.0.bias:lr=0.00015
07/25 00:44:55 - mmengine - INFO - paramwise_options -- backbone.layers.5.ffn.layers.0.0.bias:weight_decay=0.0
07/25 00:44:55 - mmengine - INFO - paramwise_options -- backbone.layers.5.ffn.layers.0.0.bias:decay_mult=0.0
07/25 00:44:55 - mmengine - INFO - paramwise_options -- backbone.layers.5.ffn.layers.1.bias:lr=0.00015
07/25 00:44:55 - mmengine - INFO - paramwise_options -- backbone.layers.5.ffn.layers.1.bias:weight_decay=0.0
07/25 00:44:55 - mmengine - INFO - paramwise_options -- backbone.layers.5.ffn.layers.1.bias:decay_mult=0.0
07/25 00:44:55 - mmengine - INFO - paramwise_options -- backbone.layers.6.ln1.weight:lr=0.00015
07/25 00:44:55 - mmengine - INFO - paramwise_options -- backbone.layers.6.ln1.weight:weight_decay=0.0
07/25 00:44:55 - mmengine - INFO - paramwise_options -- backbone.layers.6.ln1.weight:decay_mult=0.0
07/25 00:44:55 - mmengine - INFO - paramwise_options -- backbone.layers.6.ln1.bias:lr=0.00015
07/25 00:44:55 - mmengine - INFO - paramwise_options -- backbone.layers.6.ln1.bias:weight_decay=0.0
07/25 00:44:55 - mmengine - INFO - paramwise_options -- backbone.layers.6.ln1.bias:decay_mult=0.0
07/25 00:44:55 - mmengine - INFO - paramwise_options -- backbone.layers.6.attn.qkv.bias:lr=0.00015
07/25 00:44:55 - mmengine - INFO - paramwise_options -- backbone.layers.6.attn.qkv.bias:weight_decay=0.0
07/25 00:44:55 - mmengine - INFO - paramwise_options -- backbone.layers.6.attn.qkv.bias:decay_mult=0.0
07/25 00:44:55 - mmengine - INFO - paramwise_options -- backbone.layers.6.attn.proj.bias:lr=0.00015
07/25 00:44:55 - mmengine - INFO - paramwise_options -- backbone.layers.6.attn.proj.bias:weight_decay=0.0
07/25 00:44:55 - mmengine - INFO - paramwise_options -- backbone.layers.6.attn.proj.bias:decay_mult=0.0
07/25 00:44:55 - mmengine - INFO - paramwise_options -- backbone.layers.6.ln2.weight:lr=0.00015
07/25 00:44:55 - mmengine - INFO - paramwise_options -- backbone.layers.6.ln2.weight:weight_decay=0.0
07/25 00:44:55 - mmengine - INFO - paramwise_options -- backbone.layers.6.ln2.weight:decay_mult=0.0
07/25 00:44:55 - mmengine - INFO - paramwise_options -- backbone.layers.6.ln2.bias:lr=0.00015
07/25 00:44:55 - mmengine - INFO - paramwise_options -- backbone.layers.6.ln2.bias:weight_decay=0.0
07/25 00:44:55 - mmengine - INFO - paramwise_options -- backbone.layers.6.ln2.bias:decay_mult=0.0
07/25 00:44:55 - mmengine - INFO - paramwise_options -- backbone.layers.6.ffn.layers.0.0.bias:lr=0.00015
07/25 00:44:55 - mmengine - INFO - paramwise_options -- backbone.layers.6.ffn.layers.0.0.bias:weight_decay=0.0
07/25 00:44:55 - mmengine - INFO - paramwise_options -- backbone.layers.6.ffn.layers.0.0.bias:decay_mult=0.0
07/25 00:44:55 - mmengine - INFO - paramwise_options -- backbone.layers.6.ffn.layers.1.bias:lr=0.00015
07/25 00:44:55 - mmengine - INFO - paramwise_options -- backbone.layers.6.ffn.layers.1.bias:weight_decay=0.0
07/25 00:44:55 - mmengine - INFO - paramwise_options -- backbone.layers.6.ffn.layers.1.bias:decay_mult=0.0
07/25 00:44:55 - mmengine - INFO - paramwise_options -- backbone.layers.7.ln1.weight:lr=0.00015
07/25 00:44:55 - mmengine - INFO - paramwise_options -- backbone.layers.7.ln1.weight:weight_decay=0.0
07/25 00:44:55 - mmengine - INFO - paramwise_options -- backbone.layers.7.ln1.weight:decay_mult=0.0
07/25 00:44:55 - mmengine - INFO - paramwise_options -- backbone.layers.7.ln1.bias:lr=0.00015
07/25 00:44:55 - mmengine - INFO - paramwise_options -- backbone.layers.7.ln1.bias:weight_decay=0.0
07/25 00:44:55 - mmengine - INFO - paramwise_options -- backbone.layers.7.ln1.bias:decay_mult=0.0
07/25 00:44:55 - mmengine - INFO - paramwise_options -- backbone.layers.7.attn.qkv.bias:lr=0.00015
07/25 00:44:55 - mmengine - INFO - paramwise_options -- backbone.layers.7.attn.qkv.bias:weight_decay=0.0
07/25 00:44:55 - mmengine - INFO - paramwise_options -- backbone.layers.7.attn.qkv.bias:decay_mult=0.0
07/25 00:44:55 - mmengine - INFO - paramwise_options -- backbone.layers.7.attn.proj.bias:lr=0.00015
07/25 00:44:55 - mmengine - INFO - paramwise_options -- backbone.layers.7.attn.proj.bias:weight_decay=0.0
07/25 00:44:55 - mmengine - INFO - paramwise_options -- backbone.layers.7.attn.proj.bias:decay_mult=0.0
07/25 00:44:55 - mmengine - INFO - paramwise_options -- backbone.layers.7.ln2.weight:lr=0.00015
07/25 00:44:55 - mmengine - INFO - paramwise_options -- backbone.layers.7.ln2.weight:weight_decay=0.0
07/25 00:44:55 - mmengine - INFO - paramwise_options -- backbone.layers.7.ln2.weight:decay_mult=0.0
07/25 00:44:55 - mmengine - INFO - paramwise_options -- backbone.layers.7.ln2.bias:lr=0.00015
07/25 00:44:55 - mmengine - INFO - paramwise_options -- backbone.layers.7.ln2.bias:weight_decay=0.0
07/25 00:44:55 - mmengine - INFO - paramwise_options -- backbone.layers.7.ln2.bias:decay_mult=0.0
07/25 00:44:55 - mmengine - INFO - paramwise_options -- backbone.layers.7.ffn.layers.0.0.bias:lr=0.00015
07/25 00:44:55 - mmengine - INFO - paramwise_options -- backbone.layers.7.ffn.layers.0.0.bias:weight_decay=0.0
07/25 00:44:55 - mmengine - INFO - paramwise_options -- backbone.layers.7.ffn.layers.0.0.bias:decay_mult=0.0
07/25 00:44:55 - mmengine - INFO - paramwise_options -- backbone.layers.7.ffn.layers.1.bias:lr=0.00015
07/25 00:44:55 - mmengine - INFO - paramwise_options -- backbone.layers.7.ffn.layers.1.bias:weight_decay=0.0
07/25 00:44:55 - mmengine - INFO - paramwise_options -- backbone.layers.7.ffn.layers.1.bias:decay_mult=0.0
07/25 00:44:55 - mmengine - INFO - paramwise_options -- backbone.layers.8.ln1.weight:lr=0.00015
07/25 00:44:55 - mmengine - INFO - paramwise_options -- backbone.layers.8.ln1.weight:weight_decay=0.0
07/25 00:44:55 - mmengine - INFO - paramwise_options -- backbone.layers.8.ln1.weight:decay_mult=0.0
07/25 00:44:55 - mmengine - INFO - paramwise_options -- backbone.layers.8.ln1.bias:lr=0.00015
07/25 00:44:55 - mmengine - INFO - paramwise_options -- backbone.layers.8.ln1.bias:weight_decay=0.0
07/25 00:44:55 - mmengine - INFO - paramwise_options -- backbone.layers.8.ln1.bias:decay_mult=0.0
07/25 00:44:55 - mmengine - INFO - paramwise_options -- backbone.layers.8.attn.qkv.bias:lr=0.00015
07/25 00:44:55 - mmengine - INFO - paramwise_options -- backbone.layers.8.attn.qkv.bias:weight_decay=0.0
07/25 00:44:55 - mmengine - INFO - paramwise_options -- backbone.layers.8.attn.qkv.bias:decay_mult=0.0
07/25 00:44:55 - mmengine - INFO - paramwise_options -- backbone.layers.8.attn.proj.bias:lr=0.00015
07/25 00:44:55 - mmengine - INFO - paramwise_options -- backbone.layers.8.attn.proj.bias:weight_decay=0.0
07/25 00:44:55 - mmengine - INFO - paramwise_options -- backbone.layers.8.attn.proj.bias:decay_mult=0.0
07/25 00:44:55 - mmengine - INFO - paramwise_options -- backbone.layers.8.ln2.weight:lr=0.00015
07/25 00:44:55 - mmengine - INFO - paramwise_options -- backbone.layers.8.ln2.weight:weight_decay=0.0
07/25 00:44:55 - mmengine - INFO - paramwise_options -- backbone.layers.8.ln2.weight:decay_mult=0.0
07/25 00:44:55 - mmengine - INFO - paramwise_options -- backbone.layers.8.ln2.bias:lr=0.00015
07/25 00:44:55 - mmengine - INFO - paramwise_options -- backbone.layers.8.ln2.bias:weight_decay=0.0
07/25 00:44:55 - mmengine - INFO - paramwise_options -- backbone.layers.8.ln2.bias:decay_mult=0.0
07/25 00:44:55 - mmengine - INFO - paramwise_options -- backbone.layers.8.ffn.layers.0.0.bias:lr=0.00015
07/25 00:44:55 - mmengine - INFO - paramwise_options -- backbone.layers.8.ffn.layers.0.0.bias:weight_decay=0.0
07/25 00:44:55 - mmengine - INFO - paramwise_options -- backbone.layers.8.ffn.layers.0.0.bias:decay_mult=0.0
07/25 00:44:55 - mmengine - INFO - paramwise_options -- backbone.layers.8.ffn.layers.1.bias:lr=0.00015
07/25 00:44:55 - mmengine - INFO - paramwise_options -- backbone.layers.8.ffn.layers.1.bias:weight_decay=0.0
07/25 00:44:55 - mmengine - INFO - paramwise_options -- backbone.layers.8.ffn.layers.1.bias:decay_mult=0.0
07/25 00:44:55 - mmengine - INFO - paramwise_options -- backbone.layers.9.ln1.weight:lr=0.00015
07/25 00:44:55 - mmengine - INFO - paramwise_options -- backbone.layers.9.ln1.weight:weight_decay=0.0
07/25 00:44:55 - mmengine - INFO - paramwise_options -- backbone.layers.9.ln1.weight:decay_mult=0.0
07/25 00:44:55 - mmengine - INFO - paramwise_options -- backbone.layers.9.ln1.bias:lr=0.00015
07/25 00:44:55 - mmengine - INFO - paramwise_options -- backbone.layers.9.ln1.bias:weight_decay=0.0
07/25 00:44:55 - mmengine - INFO - paramwise_options -- backbone.layers.9.ln1.bias:decay_mult=0.0
07/25 00:44:55 - mmengine - INFO - paramwise_options -- backbone.layers.9.attn.qkv.bias:lr=0.00015
07/25 00:44:55 - mmengine - INFO - paramwise_options -- backbone.layers.9.attn.qkv.bias:weight_decay=0.0
07/25 00:44:55 - mmengine - INFO - paramwise_options -- backbone.layers.9.attn.qkv.bias:decay_mult=0.0
07/25 00:44:55 - mmengine - INFO - paramwise_options -- backbone.layers.9.attn.proj.bias:lr=0.00015
07/25 00:44:55 - mmengine - INFO - paramwise_options -- backbone.layers.9.attn.proj.bias:weight_decay=0.0
07/25 00:44:55 - mmengine - INFO - paramwise_options -- backbone.layers.9.attn.proj.bias:decay_mult=0.0
07/25 00:44:55 - mmengine - INFO - paramwise_options -- backbone.layers.9.ln2.weight:lr=0.00015
07/25 00:44:55 - mmengine - INFO - paramwise_options -- backbone.layers.9.ln2.weight:weight_decay=0.0
07/25 00:44:55 - mmengine - INFO - paramwise_options -- backbone.layers.9.ln2.weight:decay_mult=0.0
07/25 00:44:55 - mmengine - INFO - paramwise_options -- backbone.layers.9.ln2.bias:lr=0.00015
07/25 00:44:55 - mmengine - INFO - paramwise_options -- backbone.layers.9.ln2.bias:weight_decay=0.0
07/25 00:44:55 - mmengine - INFO - paramwise_options -- backbone.layers.9.ln2.bias:decay_mult=0.0
07/25 00:44:55 - mmengine - INFO - paramwise_options -- backbone.layers.9.ffn.layers.0.0.bias:lr=0.00015
07/25 00:44:55 - mmengine - INFO - paramwise_options -- backbone.layers.9.ffn.layers.0.0.bias:weight_decay=0.0
07/25 00:44:55 - mmengine - INFO - paramwise_options -- backbone.layers.9.ffn.layers.0.0.bias:decay_mult=0.0
07/25 00:44:55 - mmengine - INFO - paramwise_options -- backbone.layers.9.ffn.layers.1.bias:lr=0.00015
07/25 00:44:55 - mmengine - INFO - paramwise_options -- backbone.layers.9.ffn.layers.1.bias:weight_decay=0.0
07/25 00:44:55 - mmengine - INFO - paramwise_options -- backbone.layers.9.ffn.layers.1.bias:decay_mult=0.0
07/25 00:44:55 - mmengine - INFO - paramwise_options -- backbone.layers.10.ln1.weight:lr=0.00015
07/25 00:44:55 - mmengine - INFO - paramwise_options -- backbone.layers.10.ln1.weight:weight_decay=0.0
07/25 00:44:55 - mmengine - INFO - paramwise_options -- backbone.layers.10.ln1.weight:decay_mult=0.0
07/25 00:44:55 - mmengine - INFO - paramwise_options -- backbone.layers.10.ln1.bias:lr=0.00015
07/25 00:44:55 - mmengine - INFO - paramwise_options -- backbone.layers.10.ln1.bias:weight_decay=0.0
07/25 00:44:55 - mmengine - INFO - paramwise_options -- backbone.layers.10.ln1.bias:decay_mult=0.0
07/25 00:44:55 - mmengine - INFO - paramwise_options -- backbone.layers.10.attn.qkv.bias:lr=0.00015
07/25 00:44:55 - mmengine - INFO - paramwise_options -- backbone.layers.10.attn.qkv.bias:weight_decay=0.0
07/25 00:44:55 - mmengine - INFO - paramwise_options -- backbone.layers.10.attn.qkv.bias:decay_mult=0.0
07/25 00:44:55 - mmengine - INFO - paramwise_options -- backbone.layers.10.attn.proj.bias:lr=0.00015
07/25 00:44:55 - mmengine - INFO - paramwise_options -- backbone.layers.10.attn.proj.bias:weight_decay=0.0
07/25 00:44:55 - mmengine - INFO - paramwise_options -- backbone.layers.10.attn.proj.bias:decay_mult=0.0
07/25 00:44:55 - mmengine - INFO - paramwise_options -- backbone.layers.10.ln2.weight:lr=0.00015
07/25 00:44:55 - mmengine - INFO - paramwise_options -- backbone.layers.10.ln2.weight:weight_decay=0.0
07/25 00:44:55 - mmengine - INFO - paramwise_options -- backbone.layers.10.ln2.weight:decay_mult=0.0
07/25 00:44:55 - mmengine - INFO - paramwise_options -- backbone.layers.10.ln2.bias:lr=0.00015
07/25 00:44:55 - mmengine - INFO - paramwise_options -- backbone.layers.10.ln2.bias:weight_decay=0.0
07/25 00:44:55 - mmengine - INFO - paramwise_options -- backbone.layers.10.ln2.bias:decay_mult=0.0
07/25 00:44:55 - mmengine - INFO - paramwise_options -- backbone.layers.10.ffn.layers.0.0.bias:lr=0.00015
07/25 00:44:55 - mmengine - INFO - paramwise_options -- backbone.layers.10.ffn.layers.0.0.bias:weight_decay=0.0
07/25 00:44:55 - mmengine - INFO - paramwise_options -- backbone.layers.10.ffn.layers.0.0.bias:decay_mult=0.0
07/25 00:44:55 - mmengine - INFO - paramwise_options -- backbone.layers.10.ffn.layers.1.bias:lr=0.00015
07/25 00:44:55 - mmengine - INFO - paramwise_options -- backbone.layers.10.ffn.layers.1.bias:weight_decay=0.0
07/25 00:44:55 - mmengine - INFO - paramwise_options -- backbone.layers.10.ffn.layers.1.bias:decay_mult=0.0
07/25 00:44:55 - mmengine - INFO - paramwise_options -- backbone.layers.11.ln1.weight:lr=0.00015
07/25 00:44:55 - mmengine - INFO - paramwise_options -- backbone.layers.11.ln1.weight:weight_decay=0.0
07/25 00:44:55 - mmengine - INFO - paramwise_options -- backbone.layers.11.ln1.weight:decay_mult=0.0
07/25 00:44:55 - mmengine - INFO - paramwise_options -- backbone.layers.11.ln1.bias:lr=0.00015
07/25 00:44:55 - mmengine - INFO - paramwise_options -- backbone.layers.11.ln1.bias:weight_decay=0.0
07/25 00:44:55 - mmengine - INFO - paramwise_options -- backbone.layers.11.ln1.bias:decay_mult=0.0
07/25 00:44:55 - mmengine - INFO - paramwise_options -- backbone.layers.11.attn.qkv.bias:lr=0.00015
07/25 00:44:55 - mmengine - INFO - paramwise_options -- backbone.layers.11.attn.qkv.bias:weight_decay=0.0
07/25 00:44:55 - mmengine - INFO - paramwise_options -- backbone.layers.11.attn.qkv.bias:decay_mult=0.0
07/25 00:44:55 - mmengine - INFO - paramwise_options -- backbone.layers.11.attn.proj.bias:lr=0.00015
07/25 00:44:55 - mmengine - INFO - paramwise_options -- backbone.layers.11.attn.proj.bias:weight_decay=0.0
07/25 00:44:55 - mmengine - INFO - paramwise_options -- backbone.layers.11.attn.proj.bias:decay_mult=0.0
07/25 00:44:55 - mmengine - INFO - paramwise_options -- backbone.layers.11.ln2.weight:lr=0.00015
07/25 00:44:55 - mmengine - INFO - paramwise_options -- backbone.layers.11.ln2.weight:weight_decay=0.0
07/25 00:44:55 - mmengine - INFO - paramwise_options -- backbone.layers.11.ln2.weight:decay_mult=0.0
07/25 00:44:55 - mmengine - INFO - paramwise_options -- backbone.layers.11.ln2.bias:lr=0.00015
07/25 00:44:55 - mmengine - INFO - paramwise_options -- backbone.layers.11.ln2.bias:weight_decay=0.0
07/25 00:44:55 - mmengine - INFO - paramwise_options -- backbone.layers.11.ln2.bias:decay_mult=0.0
07/25 00:44:55 - mmengine - INFO - paramwise_options -- backbone.layers.11.ffn.layers.0.0.bias:lr=0.00015
07/25 00:44:55 - mmengine - INFO - paramwise_options -- backbone.layers.11.ffn.layers.0.0.bias:weight_decay=0.0
07/25 00:44:55 - mmengine - INFO - paramwise_options -- backbone.layers.11.ffn.layers.0.0.bias:decay_mult=0.0
07/25 00:44:55 - mmengine - INFO - paramwise_options -- backbone.layers.11.ffn.layers.1.bias:lr=0.00015
07/25 00:44:55 - mmengine - INFO - paramwise_options -- backbone.layers.11.ffn.layers.1.bias:weight_decay=0.0
07/25 00:44:55 - mmengine - INFO - paramwise_options -- backbone.layers.11.ffn.layers.1.bias:decay_mult=0.0
07/25 00:44:55 - mmengine - INFO - paramwise_options -- backbone.ln1.weight:lr=0.00015
07/25 00:44:55 - mmengine - INFO - paramwise_options -- backbone.ln1.weight:weight_decay=0.0
07/25 00:44:55 - mmengine - INFO - paramwise_options -- backbone.ln1.weight:decay_mult=0.0
07/25 00:44:55 - mmengine - INFO - paramwise_options -- backbone.ln1.bias:lr=0.00015
07/25 00:44:55 - mmengine - INFO - paramwise_options -- backbone.ln1.bias:weight_decay=0.0
07/25 00:44:55 - mmengine - INFO - paramwise_options -- backbone.ln1.bias:decay_mult=0.0
07/25 00:44:55 - mmengine - INFO - paramwise_options -- head.fc.bias:lr=0.00015
07/25 00:44:55 - mmengine - INFO - paramwise_options -- head.fc.bias:weight_decay=0.0
07/25 00:44:55 - mmengine - INFO - paramwise_options -- head.fc.bias:decay_mult=0.0
07/25 00:44:59 - mmengine - WARNING - "FileClient" will be deprecated in future. Please use io functions in https://mmengine.readthedocs.io/en/latest/api/fileio.html#file-io
07/25 00:44:59 - mmengine - WARNING - "HardDiskBackend" is the alias of "LocalBackend" and the former will be deprecated in future.
07/25 00:44:59 - mmengine - INFO - Checkpoints will be saved to /home/01/lsq/mmpretrain/work_dirs/dinov2_small_finetune.
/root/miniconda3/envs/zym/lib/python3.8/site-packages/mmengine/optim/optimizer/zero_optimizer.py:11: DeprecationWarning: `TorchScript` support for functional optimizers is deprecated and will be removed in a future PyTorch release. Consider using the `torch.compile` optimizer instead.
  from torch.distributed.optim import \
/root/miniconda3/envs/zym/lib/python3.8/site-packages/torchvision/io/image.py:11: UserWarning: Failed to load image Python extension: libtorch_cuda_cu.so: cannot open shared object file: No such file or directory
  warn(f"Failed to load image Python extension: {e}")
TCAPPDLL 2025-07-25 00:45:01.875991 - Epoch: 0 Iteration: 0  rank : 0  train.loss : 6.897184371948242  train.ips : 6.041104330044502 imgs/s train.total_time : 2.64852237701416 s
TCAPPDLL 2025-07-25 00:45:02.120086 - Epoch: 0 Iteration: 1  rank : 0  train.loss : 6.955324172973633  train.ips : 65.53958419601072 imgs/s train.total_time : 0.2441272735595703 s
TCAPPDLL 2025-07-25 00:45:02.363663 - Epoch: 0 Iteration: 2  rank : 0  train.loss : 6.974152565002441  train.ips : 65.68893204491707 imgs/s train.total_time : 0.24357223510742188 s
TCAPPDLL 2025-07-25 00:45:02.614050 - Epoch: 0 Iteration: 3  rank : 0  train.loss : 6.913765907287598  train.ips : 63.902675083057744 imgs/s train.total_time : 0.2503807544708252 s
TCAPPDLL 2025-07-25 00:45:02.862400 - Epoch: 0 Iteration: 4  rank : 0  train.loss : 6.989950180053711  train.ips : 64.42819988728954 imgs/s train.total_time : 0.2483384609222412 s
TCAPPDLL 2025-07-25 00:45:03.115572 - Epoch: 0 Iteration: 5  rank : 0  train.loss : 6.953114986419678  train.ips : 63.193222362737686 imgs/s train.total_time : 0.2531917095184326 s
TCAPPDLL 2025-07-25 00:45:03.359476 - Epoch: 0 Iteration: 6  rank : 0  train.loss : 6.9206671714782715  train.ips : 65.600254937209 imgs/s train.total_time : 0.24390149116516113 s
TCAPPDLL 2025-07-25 00:45:03.611846 - Epoch: 0 Iteration: 7  rank : 0  train.loss : 6.89431095123291  train.ips : 63.39709110970877 imgs/s train.total_time : 0.2523775100708008 s
TCAPPDLL 2025-07-25 00:45:03.854912 - Epoch: 0 Iteration: 8  rank : 0  train.loss : 6.873071193695068  train.ips : 65.82591688000863 imgs/s train.total_time : 0.24306535720825195 s
TCAPPDLL 2025-07-25 00:45:04.102170 - Epoch: 0 Iteration: 9  rank : 0  train.loss : 6.991260528564453  train.ips : 64.70987481112708 imgs/s train.total_time : 0.24725747108459473 s
TCAPPDLL 2025-07-25 00:45:04.353078 - Epoch: 0 Iteration: 10  rank : 0  train.loss : 6.975171089172363  train.ips : 63.768358537987524 imgs/s train.total_time : 0.25090813636779785 s
TCAPPDLL 2025-07-25 00:45:04.597913 - Epoch: 0 Iteration: 11  rank : 0  train.loss : 6.857094764709473  train.ips : 65.35003320628601 imgs/s train.total_time : 0.24483537673950195 s
TCAPPDLL 2025-07-25 00:45:04.851466 - Epoch: 0 Iteration: 12  rank : 0  train.loss : 6.905905246734619  train.ips : 63.10361448502122 imgs/s train.total_time : 0.2535512447357178 s
TCAPPDLL 2025-07-25 00:45:05.096914 - Epoch: 0 Iteration: 13  rank : 0  train.loss : 6.925869941711426  train.ips : 65.18670366891472 imgs/s train.total_time : 0.24544882774353027 s
TCAPPDLL 2025-07-25 00:45:05.347985 - Epoch: 0 Iteration: 14  rank : 0  train.loss : 6.94074821472168  train.ips : 63.728088884668345 imgs/s train.total_time : 0.2510666847229004 s
TCAPPDLL 2025-07-25 00:45:05.608721 - Epoch: 0 Iteration: 15  rank : 0  train.loss : 6.90640926361084  train.ips : 61.36357642962363 imgs/s train.total_time : 0.2607409954071045 s
TCAPPDLL 2025-07-25 00:45:05.851610 - Epoch: 0 Iteration: 16  rank : 0  train.loss : 6.866237640380859  train.ips : 65.87366687247423 imgs/s train.total_time : 0.2428891658782959 s
TCAPPDLL 2025-07-25 00:45:06.098617 - Epoch: 0 Iteration: 17  rank : 0  train.loss : 6.868352890014648  train.ips : 64.77539516459078 imgs/s train.total_time : 0.2470073699951172 s
TCAPPDLL 2025-07-25 00:45:06.346702 - Epoch: 0 Iteration: 18  rank : 0  train.loss : 6.888546466827393  train.ips : 64.4934606886915 imgs/s train.total_time : 0.24808716773986816 s
TCAPPDLL 2025-07-25 00:45:06.596295 - Epoch: 0 Iteration: 19  rank : 0  train.loss : 6.922186374664307  train.ips : 64.10668388689292 imgs/s train.total_time : 0.24958395957946777 s
TCAPPDLL 2025-07-25 00:45:06.854260 - Epoch: 0 Iteration: 20  rank : 0  train.loss : 6.941161155700684  train.ips : 62.02257841215445 imgs/s train.total_time : 0.25797057151794434 s
TCAPPDLL 2025-07-25 00:45:07.101471 - Epoch: 0 Iteration: 21  rank : 0  train.loss : 6.880162239074707  train.ips : 64.72191960496875 imgs/s train.total_time : 0.24721145629882812 s
TCAPPDLL 2025-07-25 00:45:07.351298 - Epoch: 0 Iteration: 22  rank : 0  train.loss : 6.969938278198242  train.ips : 64.04409774644178 imgs/s train.total_time : 0.24982786178588867 s
TCAPPDLL 2025-07-25 00:45:07.608580 - Epoch: 0 Iteration: 23  rank : 0  train.loss : 6.946828842163086  train.ips : 62.202112553342154 imgs/s train.total_time : 0.25722599029541016 s
TCAPPDLL 2025-07-25 00:45:07.853142 - Epoch: 0 Iteration: 24  rank : 0  train.loss : 6.886397361755371  train.ips : 65.41137344765978 imgs/s train.total_time : 0.24460577964782715 s
TCAPPDLL 2025-07-25 00:45:08.104782 - Epoch: 0 Iteration: 25  rank : 0  train.loss : 6.92854118347168  train.ips : 63.58004437698839 imgs/s train.total_time : 0.2516512870788574 s
TCAPPDLL 2025-07-25 00:45:08.355646 - Epoch: 0 Iteration: 26  rank : 0  train.loss : 6.905552864074707  train.ips : 63.78035843438476 imgs/s train.total_time : 0.25086092948913574 s
TCAPPDLL 2025-07-25 00:45:08.606625 - Epoch: 0 Iteration: 27  rank : 0  train.loss : 6.957437515258789  train.ips : 63.75303190650537 imgs/s train.total_time : 0.25096845626831055 s
TCAPPDLL 2025-07-25 00:45:08.859422 - Epoch: 0 Iteration: 28  rank : 0  train.loss : 6.934618949890137  train.ips : 63.28845633343236 imgs/s train.total_time : 0.2528107166290283 s
TCAPPDLL 2025-07-25 00:45:09.103295 - Epoch: 0 Iteration: 29  rank : 0  train.loss : 6.964718818664551  train.ips : 65.60782262613662 imgs/s train.total_time : 0.24387335777282715 s
TCAPPDLL 2025-07-25 00:45:09.355077 - Epoch: 0 Iteration: 30  rank : 0  train.loss : 7.005888938903809  train.ips : 63.54729244748808 imgs/s train.total_time : 0.25178098678588867 s
TCAPPDLL 2025-07-25 00:45:09.602955 - Epoch: 0 Iteration: 31  rank : 0  train.loss : 6.931239128112793  train.ips : 64.54829758317311 imgs/s train.total_time : 0.24787640571594238 s
TCAPPDLL 2025-07-25 00:45:09.851536 - Epoch: 0 Iteration: 32  rank : 0  train.loss : 6.8634514808654785  train.ips : 64.36455257198814 imgs/s train.total_time : 0.24858403205871582 s
TCAPPDLL 2025-07-25 00:45:10.107517 - Epoch: 0 Iteration: 33  rank : 0  train.loss : 7.007058143615723  train.ips : 62.509828395460765 imgs/s train.total_time : 0.25595974922180176 s
TCAPPDLL 2025-07-25 00:45:10.352949 - Epoch: 0 Iteration: 34  rank : 0  train.loss : 6.893163681030273  train.ips : 65.18600716077157 imgs/s train.total_time : 0.2454514503479004 s
TCAPPDLL 2025-07-25 00:45:10.605119 - Epoch: 0 Iteration: 35  rank : 0  train.loss : 6.902805328369141  train.ips : 63.44899884842514 imgs/s train.total_time : 0.25217103958129883 s
TCAPPDLL 2025-07-25 00:45:10.853929 - Epoch: 0 Iteration: 36  rank : 0  train.loss : 6.989712715148926  train.ips : 64.30620659784607 imgs/s train.total_time : 0.2488095760345459 s
TCAPPDLL 2025-07-25 00:45:11.097945 - Epoch: 0 Iteration: 37  rank : 0  train.loss : 6.953644752502441  train.ips : 65.57326918228915 imgs/s train.total_time : 0.2440018653869629 s
TCAPPDLL 2025-07-25 00:45:11.344105 - Epoch: 0 Iteration: 38  rank : 0  train.loss : 6.978333473205566  train.ips : 64.99440114746938 imgs/s train.total_time : 0.24617505073547363 s
TCAPPDLL 2025-07-25 00:45:11.592743 - Epoch: 0 Iteration: 39  rank : 0  train.loss : 6.8525800704956055  train.ips : 64.35041894164735 imgs/s train.total_time : 0.24863862991333008 s
TCAPPDLL 2025-07-25 00:45:11.842849 - Epoch: 0 Iteration: 40  rank : 0  train.loss : 6.8859968185424805  train.ips : 63.97321677955034 imgs/s train.total_time : 0.2501046657562256 s
TCAPPDLL 2025-07-25 00:45:12.091899 - Epoch: 0 Iteration: 41  rank : 0  train.loss : 6.890615463256836  train.ips : 64.24507551389271 imgs/s train.total_time : 0.24904632568359375 s
TCAPPDLL 2025-07-25 00:45:12.349414 - Epoch: 0 Iteration: 42  rank : 0  train.loss : 6.92479133605957  train.ips : 62.13173892192063 imgs/s train.total_time : 0.25751733779907227 s
TCAPPDLL 2025-07-25 00:45:12.605951 - Epoch: 0 Iteration: 43  rank : 0  train.loss : 6.939285755157471  train.ips : 62.3715571219189 imgs/s train.total_time : 0.2565271854400635 s
TCAPPDLL 2025-07-25 00:45:12.864509 - Epoch: 0 Iteration: 44  rank : 0  train.loss : 6.825836181640625  train.ips : 61.88165843070031 imgs/s train.total_time : 0.2585580348968506 s
TCAPPDLL 2025-07-25 00:45:13.115900 - Epoch: 0 Iteration: 45  rank : 0  train.loss : 6.832767009735107  train.ips : 63.6434766940111 imgs/s train.total_time : 0.2514004707336426 s
TCAPPDLL 2025-07-25 00:45:13.366911 - Epoch: 0 Iteration: 46  rank : 0  train.loss : 6.963015556335449  train.ips : 63.7437062591661 imgs/s train.total_time : 0.2510051727294922 s
TCAPPDLL 2025-07-25 00:45:13.616211 - Epoch: 0 Iteration: 47  rank : 0  train.loss : 6.958600997924805  train.ips : 64.17810658470296 imgs/s train.total_time : 0.24930620193481445 s
TCAPPDLL 2025-07-25 00:45:13.871757 - Epoch: 0 Iteration: 48  rank : 0  train.loss : 6.9468674659729  train.ips : 62.61095556328889 imgs/s train.total_time : 0.25554633140563965 s
TCAPPDLL 2025-07-25 00:45:14.131924 - Epoch: 0 Iteration: 49  rank : 0  train.loss : 6.93327522277832  train.ips : 61.503891371529754 imgs/s train.total_time : 0.2601461410522461 s
TCAPPDLL 2025-07-25 00:45:14.400730 - Epoch: 0 Iteration: 50  rank : 0  train.loss : 6.9758501052856445  train.ips : 59.518842631148104 imgs/s train.total_time : 0.26882243156433105 s
TCAPPDLL 2025-07-25 00:45:14.655133 - Epoch: 0 Iteration: 51  rank : 0  train.loss : 6.915041446685791  train.ips : 62.894256947679075 imgs/s train.total_time : 0.2543952465057373 s
TCAPPDLL 2025-07-25 00:45:14.910858 - Epoch: 0 Iteration: 52  rank : 0  train.loss : 6.9329447746276855  train.ips : 62.57032544392491 imgs/s train.total_time : 0.25571227073669434 s
TCAPPDLL 2025-07-25 00:45:15.173742 - Epoch: 0 Iteration: 53  rank : 0  train.loss : 6.849165439605713  train.ips : 60.8606095232913 imgs/s train.total_time : 0.2628958225250244 s
TCAPPDLL 2025-07-25 00:45:15.426162 - Epoch: 0 Iteration: 54  rank : 0  train.loss : 7.014432430267334  train.ips : 63.386552113676466 imgs/s train.total_time : 0.25241947174072266 s
TCAPPDLL 2025-07-25 00:45:15.683504 - Epoch: 0 Iteration: 55  rank : 0  train.loss : 6.9056243896484375  train.ips : 62.171455676032224 imgs/s train.total_time : 0.2573528289794922 s
TCAPPDLL 2025-07-25 00:45:15.927186 - Epoch: 0 Iteration: 56  rank : 0  train.loss : 6.923227310180664  train.ips : 65.65923931441631 imgs/s train.total_time : 0.2436823844909668 s
TCAPPDLL 2025-07-25 00:45:16.181074 - Epoch: 0 Iteration: 57  rank : 0  train.loss : 6.877678871154785  train.ips : 63.02432079368225 imgs/s train.total_time : 0.25387024879455566 s
TCAPPDLL 2025-07-25 00:45:16.441530 - Epoch: 0 Iteration: 58  rank : 0  train.loss : 6.905439376831055  train.ips : 61.42609064963927 imgs/s train.total_time : 0.26047563552856445 s
TCAPPDLL 2025-07-25 00:45:16.697190 - Epoch: 0 Iteration: 59  rank : 0  train.loss : 6.937424182891846  train.ips : 62.58374622891808 imgs/s train.total_time : 0.255657434463501 s
TCAPPDLL 2025-07-25 00:45:16.957561 - Epoch: 0 Iteration: 60  rank : 0  train.loss : 6.9148712158203125  train.ips : 61.45089568188207 imgs/s train.total_time : 0.26037049293518066 s
TCAPPDLL 2025-07-25 00:45:17.212002 - Epoch: 0 Iteration: 61  rank : 0  train.loss : 7.0008697509765625  train.ips : 62.88641832779831 imgs/s train.total_time : 0.2544269561767578 s
TCAPPDLL 2025-07-25 00:45:17.471212 - Epoch: 0 Iteration: 62  rank : 0  train.loss : 6.889800071716309  train.ips : 61.72519269329115 imgs/s train.total_time : 0.2592134475708008 s
TCAPPDLL 2025-07-25 00:45:17.725297 - Epoch: 0 Iteration: 63  rank : 0  train.loss : 7.01955509185791  train.ips : 62.97257348332151 imgs/s train.total_time : 0.25407886505126953 s
TCAPPDLL 2025-07-25 00:45:17.992880 - Epoch: 0 Iteration: 64  rank : 0  train.loss : 6.857761383056641  train.ips : 59.79247712192936 imgs/s train.total_time : 0.267592191696167 s
TCAPPDLL 2025-07-25 00:45:18.252892 - Epoch: 0 Iteration: 65  rank : 0  train.loss : 6.93341064453125  train.ips : 61.53473961222647 imgs/s train.total_time : 0.26001572608947754 s
TCAPPDLL 2025-07-25 00:45:18.511919 - Epoch: 0 Iteration: 66  rank : 0  train.loss : 6.900097846984863  train.ips : 61.76990573739936 imgs/s train.total_time : 0.25902581214904785 s
TCAPPDLL 2025-07-25 00:45:18.763779 - Epoch: 0 Iteration: 67  rank : 0  train.loss : 6.935297012329102  train.ips : 63.52545652299441 imgs/s train.total_time : 0.25186753273010254 s
TCAPPDLL 2025-07-25 00:45:19.013938 - Epoch: 0 Iteration: 68  rank : 0  train.loss : 6.92739200592041  train.ips : 63.96035172593893 imgs/s train.total_time : 0.250154972076416 s
TCAPPDLL 2025-07-25 00:45:19.280594 - Epoch: 0 Iteration: 69  rank : 0  train.loss : 6.948801517486572  train.ips : 60.00236401335077 imgs/s train.total_time : 0.26665616035461426 s
TCAPPDLL 2025-07-25 00:45:19.523714 - Epoch: 0 Iteration: 70  rank : 0  train.loss : 6.928083419799805  train.ips : 65.81010164405458 imgs/s train.total_time : 0.24312376976013184 s
TCAPPDLL 2025-07-25 00:45:19.766824 - Epoch: 0 Iteration: 71  rank : 0  train.loss : 6.929300308227539  train.ips : 65.81332862599724 imgs/s train.total_time : 0.24311184883117676 s
TCAPPDLL 2025-07-25 00:45:20.011638 - Epoch: 0 Iteration: 72  rank : 0  train.loss : 6.952899932861328  train.ips : 65.35709771007681 imgs/s train.total_time : 0.24480891227722168 s
TCAPPDLL 2025-07-25 00:45:20.260681 - Epoch: 0 Iteration: 73  rank : 0  train.loss : 6.871084213256836  train.ips : 64.24550604124764 imgs/s train.total_time : 0.24904465675354004 s
TCAPPDLL 2025-07-25 00:45:20.513565 - Epoch: 0 Iteration: 74  rank : 0  train.loss : 6.923513889312744  train.ips : 63.26942237273307 imgs/s train.total_time : 0.2528867721557617 s
TCAPPDLL 2025-07-25 00:45:20.757391 - Epoch: 0 Iteration: 75  rank : 0  train.loss : 6.930002212524414  train.ips : 65.62058904056009 imgs/s train.total_time : 0.24382591247558594 s
TCAPPDLL 2025-07-25 00:45:21.006158 - Epoch: 0 Iteration: 76  rank : 0  train.loss : 6.9812798500061035  train.ips : 64.32328003481241 imgs/s train.total_time : 0.24874353408813477 s
TCAPPDLL 2025-07-25 00:45:21.255694 - Epoch: 0 Iteration: 77  rank : 0  train.loss : 6.883900165557861  train.ips : 64.11335961219885 imgs/s train.total_time : 0.2495579719543457 s
TCAPPDLL 2025-07-25 00:45:21.506054 - Epoch: 0 Iteration: 78  rank : 0  train.loss : 6.972565650939941  train.ips : 63.907665145211226 imgs/s train.total_time : 0.25036120414733887 s
TCAPPDLL 2025-07-25 00:45:21.764989 - Epoch: 0 Iteration: 79  rank : 0  train.loss : 6.960361480712891  train.ips : 61.791746044607564 imgs/s train.total_time : 0.25893425941467285 s
TCAPPDLL 2025-07-25 00:45:22.010151 - Epoch: 0 Iteration: 80  rank : 0  train.loss : 6.936257362365723  train.ips : 65.26264892457276 imgs/s train.total_time : 0.2451632022857666 s
TCAPPDLL 2025-07-25 00:45:22.262175 - Epoch: 0 Iteration: 81  rank : 0  train.loss : 6.9763689041137695  train.ips : 63.486273734439166 imgs/s train.total_time : 0.25202298164367676 s
TCAPPDLL 2025-07-25 00:45:22.510120 - Epoch: 0 Iteration: 82  rank : 0  train.loss : 6.960951328277588  train.ips : 64.5404757668579 imgs/s train.total_time : 0.24790644645690918 s
TCAPPDLL 2025-07-25 00:45:22.760987 - Epoch: 0 Iteration: 83  rank : 0  train.loss : 6.9493865966796875  train.ips : 63.77144898862908 imgs/s train.total_time : 0.25089597702026367 s
TCAPPDLL 2025-07-25 00:45:23.009720 - Epoch: 0 Iteration: 84  rank : 0  train.loss : 6.914146423339844  train.ips : 64.32617787145857 imgs/s train.total_time : 0.248732328414917 s
TCAPPDLL 2025-07-25 00:45:23.258621 - Epoch: 0 Iteration: 85  rank : 0  train.loss : 6.969505786895752  train.ips : 64.28249141736146 imgs/s train.total_time : 0.2489013671875 s
TCAPPDLL 2025-07-25 00:45:23.507801 - Epoch: 0 Iteration: 86  rank : 0  train.loss : 6.902370929718018  train.ips : 64.21003764067413 imgs/s train.total_time : 0.24918222427368164 s
TCAPPDLL 2025-07-25 00:45:23.763108 - Epoch: 0 Iteration: 87  rank : 0  train.loss : 7.007988929748535  train.ips : 62.669307581611086 imgs/s train.total_time : 0.2553083896636963 s
TCAPPDLL 2025-07-25 00:45:24.006699 - Epoch: 0 Iteration: 88  rank : 0  train.loss : 7.013848304748535  train.ips : 65.68417426029421 imgs/s train.total_time : 0.2435898780822754 s
TCAPPDLL 2025-07-25 00:45:24.258070 - Epoch: 0 Iteration: 89  rank : 0  train.loss : 7.013131141662598  train.ips : 63.650901475538426 imgs/s train.total_time : 0.2513711452484131 s
TCAPPDLL 2025-07-25 00:45:24.507544 - Epoch: 0 Iteration: 90  rank : 0  train.loss : 6.820370674133301  train.ips : 64.13498870857221 imgs/s train.total_time : 0.24947381019592285 s
TCAPPDLL 2025-07-25 00:45:24.761202 - Epoch: 0 Iteration: 91  rank : 0  train.loss : 6.943055152893066  train.ips : 63.0906815808004 imgs/s train.total_time : 0.2536032199859619 s
TCAPPDLL 2025-07-25 00:45:25.015942 - Epoch: 0 Iteration: 92  rank : 0  train.loss : 6.913659572601318  train.ips : 62.799323241851205 imgs/s train.total_time : 0.2547798156738281 s
TCAPPDLL 2025-07-25 00:45:25.260239 - Epoch: 0 Iteration: 93  rank : 0  train.loss : 6.999013900756836  train.ips : 65.49027192926813 imgs/s train.total_time : 0.24431109428405762 s
TCAPPDLL 2025-07-25 00:45:25.512097 - Epoch: 0 Iteration: 94  rank : 0  train.loss : 6.979418754577637  train.ips : 63.5268997571908 imgs/s train.total_time : 0.2518618106842041 s
TCAPPDLL 2025-07-25 00:45:25.761140 - Epoch: 0 Iteration: 95  rank : 0  train.loss : 6.9469122886657715  train.ips : 64.24575205946974 imgs/s train.total_time : 0.24904370307922363 s
TCAPPDLL 2025-07-25 00:45:26.009526 - Epoch: 0 Iteration: 96  rank : 0  train.loss : 6.917868614196777  train.ips : 64.414903889532 imgs/s train.total_time : 0.24838972091674805 s
TCAPPDLL 2025-07-25 00:45:26.261124 - Epoch: 0 Iteration: 97  rank : 0  train.loss : 7.015320301055908  train.ips : 63.59607140014177 imgs/s train.total_time : 0.2515878677368164 s
TCAPPDLL 2025-07-25 00:45:26.511292 - Epoch: 0 Iteration: 98  rank : 0  train.loss : 6.919114112854004  train.ips : 63.95425635121973 imgs/s train.total_time : 0.25017881393432617 s
TCAPPDLL 2025-07-25 00:45:26.767887 - Epoch: 0 Iteration: 99  rank : 0  train.loss : 6.886826038360596  train.ips : 62.35973375631994 imgs/s train.total_time : 0.2565758228302002 s
TCAPPDLL 2025-07-25 00:45:27.020601 - Epoch: 0 Iteration: 100  rank : 0  train.loss : 6.972291946411133  train.ips : 63.31126442593891 imgs/s train.total_time : 0.2527196407318115 s
