07/27 15:51:42 - mmengine - INFO - 
------------------------------------------------------------
System environment:
    sys.platform: linux
    Python: 3.8.20 (default, Oct  3 2024, 15:24:27) [GCC 11.2.0]
    CUDA available: True
    MUSA available: False
    numpy_random_seed: 1026158311
    GPU 0: NVIDIA GeForce RTX 4090
    CUDA_HOME: /usr/local/cuda
    NVCC: Cuda compilation tools, release 12.9, V12.9.86
    GCC: gcc (Ubuntu 11.4.0-1ubuntu1~22.04) 11.4.0
    PyTorch: 2.4.1+cu121
    PyTorch compiling details: PyTorch built with:
  - GCC 9.3
  - C++ Version: 201703
  - Intel(R) oneAPI Math Kernel Library Version 2022.2-Product Build 20220804 for Intel(R) 64 architecture applications
  - Intel(R) MKL-DNN v3.4.2 (Git Hash 1137e04ec0b5251ca2b4400a4fd3c667ce843d67)
  - OpenMP 201511 (a.k.a. OpenMP 4.5)
  - LAPACK is enabled (usually provided by MKL)
  - NNPACK is enabled
  - CPU capability usage: AVX512
  - CUDA Runtime 12.1
  - NVCC architecture flags: -gencode;arch=compute_50,code=sm_50;-gencode;arch=compute_60,code=sm_60;-gencode;arch=compute_70,code=sm_70;-gencode;arch=compute_75,code=sm_75;-gencode;arch=compute_80,code=sm_80;-gencode;arch=compute_86,code=sm_86;-gencode;arch=compute_90,code=sm_90
  - CuDNN 90.1  (built against CUDA 12.4)
  - Magma 2.6.1
  - Build settings: BLAS_INFO=mkl, BUILD_TYPE=Release, CUDA_VERSION=12.1, CUDNN_VERSION=9.1.0, CXX_COMPILER=/opt/rh/devtoolset-9/root/usr/bin/c++, CXX_FLAGS= -D_GLIBCXX_USE_CXX11_ABI=0 -fabi-version=11 -fvisibility-inlines-hidden -DUSE_PTHREADPOOL -DNDEBUG -DUSE_KINETO -DLIBKINETO_NOROCTRACER -DUSE_FBGEMM -DUSE_PYTORCH_QNNPACK -DUSE_XNNPACK -DSYMBOLICATE_MOBILE_DEBUG_HANDLE -O2 -fPIC -Wall -Wextra -Werror=return-type -Werror=non-virtual-dtor -Werror=bool-operation -Wnarrowing -Wno-missing-field-initializers -Wno-type-limits -Wno-array-bounds -Wno-unknown-pragmas -Wno-unused-parameter -Wno-unused-function -Wno-unused-result -Wno-strict-overflow -Wno-strict-aliasing -Wno-stringop-overflow -Wsuggest-override -Wno-psabi -Wno-error=pedantic -Wno-error=old-style-cast -Wno-missing-braces -fdiagnostics-color=always -faligned-new -Wno-unused-but-set-variable -Wno-maybe-uninitialized -fno-math-errno -fno-trapping-math -Werror=format -Wno-stringop-overflow, LAPACK_INFO=mkl, PERF_WITH_AVX=1, PERF_WITH_AVX2=1, PERF_WITH_AVX512=1, TORCH_VERSION=2.4.1, USE_CUDA=ON, USE_CUDNN=ON, USE_CUSPARSELT=1, USE_EXCEPTION_PTR=1, USE_GFLAGS=OFF, USE_GLOG=OFF, USE_GLOO=ON, USE_MKL=ON, USE_MKLDNN=ON, USE_MPI=OFF, USE_NCCL=1, USE_NNPACK=ON, USE_OPENMP=ON, USE_ROCM=OFF, USE_ROCM_KERNEL_ASSERT=OFF, 

    TorchVision: 0.11.2
    OpenCV: 4.11.0
    MMEngine: 0.10.4

Runtime environment:
    cudnn_benchmark: True
    mp_cfg: {'mp_start_method': 'fork', 'opencv_num_threads': 0}
    dist_cfg: {'backend': 'nccl'}
    seed: 1026158311
    Distributed launcher: none
    Distributed training: False
    GPU number: 1
------------------------------------------------------------

07/27 15:51:43 - mmengine - INFO - Config:
crop_size = (
    512,
    1024,
)
data_preprocessor = dict(
    bgr_to_rgb=True,
    mean=[
        123.675,
        116.28,
        103.53,
    ],
    pad_val=0,
    seg_pad_val=255,
    size=(
        512,
        1024,
    ),
    std=[
        58.395,
        57.12,
        57.375,
    ],
    type='SegDataPreProcessor')
data_root = '/home/01/Cityscapes/'
dataset_type = 'CityscapesDataset'
default_hooks = dict(
    checkpoint=dict(by_epoch=False, interval=4000, type='CheckpointHook'),
    logger=dict(interval=1, log_metric_by_epoch=False, type='LoggerHook'),
    param_scheduler=dict(type='ParamSchedulerHook'),
    sampler_seed=dict(type='DistSamplerSeedHook'),
    timer=dict(type='IterTimerHook'),
    visualization=dict(type='SegVisualizationHook'))
default_scope = 'mmseg'
env_cfg = dict(
    cudnn_benchmark=True,
    dist_cfg=dict(backend='nccl'),
    mp_cfg=dict(mp_start_method='fork', opencv_num_threads=0))
img_ratios = [
    0.5,
    0.75,
    1.0,
    1.25,
    1.5,
    1.75,
]
launcher = 'none'
load_from = None
log_level = 'INFO'
log_processor = dict(by_epoch=False)
model = dict(
    auxiliary_head=dict(
        align_corners=False,
        channels=256,
        concat_input=False,
        dropout_ratio=0.1,
        in_channels=1024,
        in_index=2,
        loss_decode=dict(
            loss_weight=0.4, type='CrossEntropyLoss', use_sigmoid=False),
        norm_cfg=dict(requires_grad=True, type='SyncBN'),
        num_classes=19,
        num_convs=1,
        type='FCNHead'),
    backbone=dict(
        contract_dilation=True,
        depth=50,
        dilations=(
            1,
            1,
            2,
            4,
        ),
        norm_cfg=dict(requires_grad=True, type='SyncBN'),
        norm_eval=False,
        num_stages=4,
        out_indices=(
            0,
            1,
            2,
            3,
        ),
        strides=(
            1,
            2,
            1,
            1,
        ),
        style='pytorch',
        type='ResNetV1c'),
    data_preprocessor=dict(
        bgr_to_rgb=True,
        mean=[
            123.675,
            116.28,
            103.53,
        ],
        pad_val=0,
        seg_pad_val=255,
        size=(
            512,
            1024,
        ),
        std=[
            58.395,
            57.12,
            57.375,
        ],
        type='SegDataPreProcessor'),
    decode_head=dict(
        align_corners=False,
        c1_channels=48,
        c1_in_channels=256,
        channels=512,
        dilations=(
            1,
            12,
            24,
            36,
        ),
        dropout_ratio=0.1,
        in_channels=2048,
        in_index=3,
        loss_decode=dict(
            loss_weight=1.0, type='CrossEntropyLoss', use_sigmoid=False),
        norm_cfg=dict(requires_grad=True, type='SyncBN'),
        num_classes=19,
        type='DepthwiseSeparableASPPHead'),
    pretrained='open-mmlab://resnet50_v1c',
    test_cfg=dict(mode='whole'),
    train_cfg=dict(),
    type='EncoderDecoder')
norm_cfg = dict(requires_grad=True, type='SyncBN')
optim_wrapper = dict(
    clip_grad=None,
    optimizer=dict(lr=0.01, momentum=0.9, type='SGD', weight_decay=0.0005),
    type='OptimWrapper')
optimizer = dict(lr=0.01, momentum=0.9, type='SGD', weight_decay=0.0005)
param_scheduler = [
    dict(
        begin=0,
        by_epoch=False,
        end=40000,
        eta_min=0.0001,
        power=0.9,
        type='PolyLR'),
]
resume = False
test_cfg = dict(type='TestLoop')
test_dataloader = dict(
    batch_size=1,
    dataset=dict(
        data_prefix=dict(
            img_path='leftImg8bit/val', seg_map_path='gtFine/val'),
        data_root='/home/01/Cityscapes/',
        pipeline=[
            dict(type='LoadImageFromFile'),
            dict(keep_ratio=True, scale=(
                2048,
                1024,
            ), type='Resize'),
            dict(type='LoadAnnotations'),
            dict(type='PackSegInputs'),
        ],
        type='CityscapesDataset'),
    num_workers=4,
    persistent_workers=True,
    sampler=dict(shuffle=False, type='DefaultSampler'))
test_evaluator = dict(
    iou_metrics=[
        'mIoU',
    ], type='IoUMetric')
test_pipeline = [
    dict(type='LoadImageFromFile'),
    dict(keep_ratio=True, scale=(
        2048,
        1024,
    ), type='Resize'),
    dict(type='LoadAnnotations'),
    dict(type='PackSegInputs'),
]
train_cfg = dict(max_iters=40000, type='IterBasedTrainLoop', val_interval=4000)
train_dataloader = dict(
    batch_size=2,
    dataset=dict(
        data_prefix=dict(
            img_path='leftImg8bit/train', seg_map_path='gtFine/train'),
        data_root='/home/01/Cityscapes/',
        pipeline=[
            dict(type='LoadImageFromFile'),
            dict(type='LoadAnnotations'),
            dict(
                keep_ratio=True,
                ratio_range=(
                    0.5,
                    2.0,
                ),
                scale=(
                    2048,
                    1024,
                ),
                type='RandomResize'),
            dict(
                cat_max_ratio=0.75, crop_size=(
                    512,
                    1024,
                ), type='RandomCrop'),
            dict(prob=0.5, type='RandomFlip'),
            dict(type='PhotoMetricDistortion'),
            dict(type='PackSegInputs'),
        ],
        type='CityscapesDataset'),
    num_workers=2,
    persistent_workers=True,
    sampler=dict(shuffle=True, type='InfiniteSampler'))
train_pipeline = [
    dict(type='LoadImageFromFile'),
    dict(type='LoadAnnotations'),
    dict(
        keep_ratio=True,
        ratio_range=(
            0.5,
            2.0,
        ),
        scale=(
            2048,
            1024,
        ),
        type='RandomResize'),
    dict(cat_max_ratio=0.75, crop_size=(
        512,
        1024,
    ), type='RandomCrop'),
    dict(prob=0.5, type='RandomFlip'),
    dict(type='PhotoMetricDistortion'),
    dict(type='PackSegInputs'),
]
tta_model = dict(type='SegTTAModel')
tta_pipeline = [
    dict(backend_args=None, type='LoadImageFromFile'),
    dict(
        transforms=[
            [
                dict(keep_ratio=True, scale_factor=0.5, type='Resize'),
                dict(keep_ratio=True, scale_factor=0.75, type='Resize'),
                dict(keep_ratio=True, scale_factor=1.0, type='Resize'),
                dict(keep_ratio=True, scale_factor=1.25, type='Resize'),
                dict(keep_ratio=True, scale_factor=1.5, type='Resize'),
                dict(keep_ratio=True, scale_factor=1.75, type='Resize'),
            ],
            [
                dict(direction='horizontal', prob=0.0, type='RandomFlip'),
                dict(direction='horizontal', prob=1.0, type='RandomFlip'),
            ],
            [
                dict(type='LoadAnnotations'),
            ],
            [
                dict(type='PackSegInputs'),
            ],
        ],
        type='TestTimeAug'),
]
val_cfg = dict(type='ValLoop')
val_dataloader = dict(
    batch_size=1,
    dataset=dict(
        data_prefix=dict(
            img_path='leftImg8bit/val', seg_map_path='gtFine/val'),
        data_root='/home/01/Cityscapes/',
        pipeline=[
            dict(type='LoadImageFromFile'),
            dict(keep_ratio=True, scale=(
                2048,
                1024,
            ), type='Resize'),
            dict(type='LoadAnnotations'),
            dict(type='PackSegInputs'),
        ],
        type='CityscapesDataset'),
    num_workers=4,
    persistent_workers=True,
    sampler=dict(shuffle=False, type='DefaultSampler'))
val_evaluator = dict(
    iou_metrics=[
        'mIoU',
    ], type='IoUMetric')
vis_backends = [
    dict(type='LocalVisBackend'),
]
visualizer = dict(
    name='visualizer',
    type='SegLocalVisualizer',
    vis_backends=[
        dict(type='LocalVisBackend'),
    ])
work_dir = './work_dirs/deeplabv3plus_r50-d8_4xb2-40k_cityscapes-512x1024'

07/27 15:51:46 - mmengine - INFO - Distributed training is not used, all SyncBatchNorm (SyncBN) layers in the model will be automatically reverted to BatchNormXd layers if they are used.
07/27 15:51:46 - mmengine - INFO - Hooks will be executed in the following order:
before_run:
(VERY_HIGH   ) RuntimeInfoHook                    
(BELOW_NORMAL) LoggerHook                         
 -------------------- 
before_train:
(VERY_HIGH   ) RuntimeInfoHook                    
(NORMAL      ) IterTimerHook                      
(VERY_LOW    ) CheckpointHook                     
 -------------------- 
before_train_epoch:
(VERY_HIGH   ) RuntimeInfoHook                    
(NORMAL      ) IterTimerHook                      
(NORMAL      ) DistSamplerSeedHook                
 -------------------- 
before_train_iter:
(VERY_HIGH   ) RuntimeInfoHook                    
(NORMAL      ) IterTimerHook                      
 -------------------- 
after_train_iter:
(VERY_HIGH   ) RuntimeInfoHook                    
(NORMAL      ) IterTimerHook                      
(BELOW_NORMAL) LoggerHook                         
(LOW         ) ParamSchedulerHook                 
(VERY_LOW    ) CheckpointHook                     
 -------------------- 
after_train_epoch:
(NORMAL      ) IterTimerHook                      
(LOW         ) ParamSchedulerHook                 
(VERY_LOW    ) CheckpointHook                     
 -------------------- 
before_val:
(VERY_HIGH   ) RuntimeInfoHook                    
 -------------------- 
before_val_epoch:
(NORMAL      ) IterTimerHook                      
 -------------------- 
before_val_iter:
(NORMAL      ) IterTimerHook                      
 -------------------- 
after_val_iter:
(NORMAL      ) IterTimerHook                      
(NORMAL      ) SegVisualizationHook               
(BELOW_NORMAL) LoggerHook                         
 -------------------- 
after_val_epoch:
(VERY_HIGH   ) RuntimeInfoHook                    
(NORMAL      ) IterTimerHook                      
(BELOW_NORMAL) LoggerHook                         
(LOW         ) ParamSchedulerHook                 
(VERY_LOW    ) CheckpointHook                     
 -------------------- 
after_val:
(VERY_HIGH   ) RuntimeInfoHook                    
 -------------------- 
after_train:
(VERY_HIGH   ) RuntimeInfoHook                    
(VERY_LOW    ) CheckpointHook                     
 -------------------- 
before_test:
(VERY_HIGH   ) RuntimeInfoHook                    
 -------------------- 
before_test_epoch:
(NORMAL      ) IterTimerHook                      
 -------------------- 
before_test_iter:
(NORMAL      ) IterTimerHook                      
 -------------------- 
after_test_iter:
(NORMAL      ) IterTimerHook                      
(NORMAL      ) SegVisualizationHook               
(BELOW_NORMAL) LoggerHook                         
 -------------------- 
after_test_epoch:
(VERY_HIGH   ) RuntimeInfoHook                    
(NORMAL      ) IterTimerHook                      
(BELOW_NORMAL) LoggerHook                         
 -------------------- 
after_test:
(VERY_HIGH   ) RuntimeInfoHook                    
 -------------------- 
after_run:
(BELOW_NORMAL) LoggerHook                         
 -------------------- 
/root/miniconda3/envs/open-mmlab/lib/python3.8/site-packages/mmengine-0.10.4-py3.8.egg/mmengine/optim/optimizer/zero_optimizer.py:11: DeprecationWarning: `TorchScript` support for functional optimizers is deprecated and will be removed in a future PyTorch release. Consider using the `torch.compile` optimizer instead.
  from torch.distributed.optim import \
/root/miniconda3/envs/open-mmlab/lib/python3.8/site-packages/torchvision/io/image.py:11: UserWarning: Failed to load image Python extension: libtorch_cuda_cu.so: cannot open shared object file: No such file or directory
  warn(f"Failed to load image Python extension: {e}")
/home/01/zjh/mmsegmentation/mmseg/models/backbones/resnet.py:431: UserWarning: DeprecationWarning: pretrained is a deprecated, please use "init_cfg" instead
  warnings.warn('DeprecationWarning: pretrained is a deprecated, '
/home/01/zjh/mmsegmentation/mmseg/models/losses/cross_entropy_loss.py:250: UserWarning: Default ``avg_non_ignore`` is False, if you would like to ignore the certain label and average loss over non-ignore labels, which is the same with PyTorch official cross_entropy, set ``avg_non_ignore=True``.
  warnings.warn(
/home/01/zjh/mmsegmentation/mmseg/engine/hooks/visualization_hook.py:60: UserWarning: The draw is False, it means that the hook for visualization will not take effect. The results will NOT be visualized or stored.
  warnings.warn('The draw is False, it means that the '
07/27 15:51:47 - mmengine - WARNING - The prefix is not set in metric class IoUMetric.
07/27 15:51:48 - mmengine - INFO - load model from: open-mmlab://resnet50_v1c
07/27 15:51:48 - mmengine - INFO - Loads checkpoint by openmmlab backend from path: open-mmlab://resnet50_v1c
07/27 15:51:48 - mmengine - WARNING - The model and loaded state dict do not match exactly

unexpected key in source state_dict: fc.weight, fc.bias

07/27 15:51:48 - mmengine - WARNING - "FileClient" will be deprecated in future. Please use io functions in https://mmengine.readthedocs.io/en/latest/api/fileio.html#file-io
07/27 15:51:48 - mmengine - WARNING - "HardDiskBackend" is the alias of "LocalBackend" and the former will be deprecated in future.
07/27 15:51:48 - mmengine - INFO - Checkpoints will be saved to /home/01/zjh/mmsegmentation/work_dirs/deeplabv3plus_r50-d8_4xb2-40k_cityscapes-512x1024.
TCAPPDLL 2025-07-27 15:51:52.427777 - Epoch: 0 Iteration: 0  rank : 0  train.loss : 4.06125020980835  train.ips : 0.49004689224247966 imgs/s train.total_time : 4.081242084503174 
07/27 15:51:52 - mmengine - INFO - Iter(train) [    1/40000]  lr: 1.0000e-02  eta: 1 day, 21:20:45  time: 4.0812  data_time: 0.0064  memory: 12102  loss: 4.0613  decode.loss_ce: 2.9152  decode.acc_seg: 5.0032  aux.loss_ce: 1.1460  aux.acc_seg: 4.0763
TCAPPDLL 2025-07-27 15:51:52.627893 - Epoch: 0 Iteration: 1  rank : 0  train.loss : 3.9032444953918457  train.ips : 10.001905327405119 imgs/s train.total_time : 0.19996190071105957 
07/27 15:51:52 - mmengine - INFO - Iter(train) [    2/40000]  lr: 9.9998e-03  eta: 23:46:59  time: 2.1406  data_time: 0.0129  memory: 7213  loss: 3.9822  decode.loss_ce: 2.8434  decode.acc_seg: 13.1763  aux.loss_ce: 1.1388  aux.acc_seg: 7.0542
TCAPPDLL 2025-07-27 15:51:52.798546 - Epoch: 0 Iteration: 2  rank : 0  train.loss : 3.649567127227783  train.ips : 11.727595038641779 imgs/s train.total_time : 0.17053794860839844 
07/27 15:51:52 - mmengine - INFO - Iter(train) [    3/40000]  lr: 9.9996e-03  eta: 16:29:11  time: 1.4839  data_time: 0.0126  memory: 7212  loss: 3.8714  decode.loss_ce: 2.7354  decode.acc_seg: 62.1001  aux.loss_ce: 1.1360  aux.acc_seg: 29.8733
TCAPPDLL 2025-07-27 15:51:52.967721 - Epoch: 0 Iteration: 3  rank : 0  train.loss : 3.3842129707336426  train.ips : 11.831288019079883 imgs/s train.total_time : 0.16904330253601074 
07/27 15:51:52 - mmengine - INFO - Iter(train) [    4/40000]  lr: 9.9993e-03  eta: 12:50:02  time: 1.1552  data_time: 0.0123  memory: 7212  loss: 3.7496  decode.loss_ce: 2.6287  decode.acc_seg: 38.0485  aux.loss_ce: 1.1208  aux.acc_seg: 34.7891
TCAPPDLL 2025-07-27 15:51:53.153369 - Epoch: 0 Iteration: 4  rank : 0  train.loss : 2.6143276691436768  train.ips : 10.781565732837565 imgs/s train.total_time : 0.1855018138885498 
07/27 15:51:53 - mmengine - INFO - Iter(train) [    5/40000]  lr: 9.9991e-03  eta: 10:40:44  time: 0.9612  data_time: 0.0136  memory: 7212  loss: 3.5225  decode.loss_ce: 2.4607  decode.acc_seg: 27.9550  aux.loss_ce: 1.0618  aux.acc_seg: 27.9434
TCAPPDLL 2025-07-27 15:51:53.326033 - Epoch: 0 Iteration: 5  rank : 0  train.loss : 2.870499610900879  train.ips : 11.592479530143375 imgs/s train.total_time : 0.17252564430236816 
07/27 15:51:53 - mmengine - INFO - Iter(train) [    6/40000]  lr: 9.9989e-03  eta: 9:13:06  time: 0.8298  data_time: 0.0138  memory: 7212  loss: 3.4139  decode.loss_ce: 2.3611  decode.acc_seg: 51.2965  aux.loss_ce: 1.0527  aux.acc_seg: 51.2973
TCAPPDLL 2025-07-27 15:51:53.493885 - Epoch: 0 Iteration: 6  rank : 0  train.loss : 2.831904172897339  train.ips : 11.923986541711738 imgs/s train.total_time : 0.16772913932800293 
07/27 15:51:53 - mmengine - INFO - Iter(train) [    7/40000]  lr: 9.9987e-03  eta: 8:10:03  time: 0.7352  data_time: 0.0132  memory: 7212  loss: 3.3307  decode.loss_ce: 2.2894  decode.acc_seg: 48.7133  aux.loss_ce: 1.0413  aux.acc_seg: 48.7133
TCAPPDLL 2025-07-27 15:51:53.663895 - Epoch: 0 Iteration: 7  rank : 0  train.loss : 3.636845827102661  train.ips : 11.77227877003479 imgs/s train.total_time : 0.1698906421661377 
07/27 15:51:53 - mmengine - INFO - Iter(train) [    8/40000]  lr: 9.9984e-03  eta: 7:22:56  time: 0.6645  data_time: 0.0131  memory: 7212  loss: 3.3690  decode.loss_ce: 2.3337  decode.acc_seg: 15.9788  aux.loss_ce: 1.0353  aux.acc_seg: 15.9788
TCAPPDLL 2025-07-27 15:51:53.833245 - Epoch: 0 Iteration: 8  rank : 0  train.loss : 4.047446250915527  train.ips : 11.818170035192715 imgs/s train.total_time : 0.16923093795776367 
07/27 15:51:53 - mmengine - INFO - Iter(train) [    9/40000]  lr: 9.9982e-03  eta: 6:46:14  time: 0.6095  data_time: 0.0128  memory: 7212  loss: 3.4444  decode.loss_ce: 2.4074  decode.acc_seg: 3.3053  aux.loss_ce: 1.0370  aux.acc_seg: 3.3053
TCAPPDLL 2025-07-27 15:51:54.080161 - Epoch: 0 Iteration: 9  rank : 0  train.loss : 2.916409730911255  train.ips : 8.10372949338939 imgs/s train.total_time : 0.24679994583129883 
07/27 15:51:54 - mmengine - INFO - Iter(train) [   10/40000]  lr: 9.9980e-03  eta: 6:22:03  time: 0.5732  data_time: 0.0203  memory: 7212  loss: 3.3916  decode.loss_ce: 2.3753  decode.acc_seg: 3.2192  aux.loss_ce: 1.0162  aux.acc_seg: 2.6427
TCAPPDLL 2025-07-27 15:51:54.257324 - Epoch: 0 Iteration: 10  rank : 0  train.loss : 3.508303642272949  train.ips : 11.296799606768431 imgs/s train.total_time : 0.17704129219055176 
07/27 15:51:54 - mmengine - INFO - Iter(train) [   11/40000]  lr: 9.9978e-03  eta: 5:58:02  time: 0.1828  data_time: 0.0209  memory: 7212  loss: 3.3363  decode.loss_ce: 2.3318  decode.acc_seg: 23.4354  aux.loss_ce: 1.0045  aux.acc_seg: 12.3419
TCAPPDLL 2025-07-27 15:51:54.533950 - Epoch: 0 Iteration: 11  rank : 0  train.loss : 2.984971046447754  train.ips : 7.233192324473286 imgs/s train.total_time : 0.2765030860900879 
07/27 15:51:54 - mmengine - INFO - Iter(train) [   12/40000]  lr: 9.9975e-03  eta: 5:43:33  time: 0.1905  data_time: 0.0308  memory: 7212  loss: 3.2444  decode.loss_ce: 2.2706  decode.acc_seg: 17.8303  aux.loss_ce: 0.9739  aux.acc_seg: 43.7840
TCAPPDLL 2025-07-27 15:51:54.713069 - Epoch: 0 Iteration: 12  rank : 0  train.loss : 3.341068744659424  train.ips : 11.178684747425077 imgs/s train.total_time : 0.17891192436218262 
07/27 15:51:54 - mmengine - INFO - Iter(train) [   13/40000]  lr: 9.9973e-03  eta: 5:26:17  time: 0.1913  data_time: 0.0316  memory: 7212  loss: 3.2136  decode.loss_ce: 2.2640  decode.acc_seg: 11.5106  aux.loss_ce: 0.9496  aux.acc_seg: 39.6577
TCAPPDLL 2025-07-27 15:51:54.887038 - Epoch: 0 Iteration: 13  rank : 0  train.loss : 2.556269884109497  train.ips : 11.509075018967744 imgs/s train.total_time : 0.17377591133117676 
07/27 15:51:54 - mmengine - INFO - Iter(train) [   14/40000]  lr: 9.9971e-03  eta: 5:11:14  time: 0.1918  data_time: 0.0318  memory: 7212  loss: 3.1308  decode.loss_ce: 2.1970  decode.acc_seg: 36.0313  aux.loss_ce: 0.9338  aux.acc_seg: 3.7034
TCAPPDLL 2025-07-27 15:51:55.060623 - Epoch: 0 Iteration: 14  rank : 0  train.loss : 3.3175859451293945  train.ips : 11.532143451226336 imgs/s train.total_time : 0.17342829704284668 
07/27 15:51:55 - mmengine - INFO - Iter(train) [   15/40000]  lr: 9.9969e-03  eta: 4:58:11  time: 0.1906  data_time: 0.0312  memory: 7212  loss: 3.2011  decode.loss_ce: 2.2631  decode.acc_seg: 27.4628  aux.loss_ce: 0.9380  aux.acc_seg: 39.5300
TCAPPDLL 2025-07-27 15:51:55.334324 - Epoch: 0 Iteration: 15  rank : 0  train.loss : 2.7233693599700928  train.ips : 7.311187537368198 imgs/s train.total_time : 0.27355337142944336 
07/27 15:51:55 - mmengine - INFO - Iter(train) [   16/40000]  lr: 9.9967e-03  eta: 4:50:56  time: 0.2007  data_time: 0.0413  memory: 7212  loss: 3.1864  decode.loss_ce: 2.2620  decode.acc_seg: 12.9296  aux.loss_ce: 0.9244  aux.acc_seg: 26.2647
TCAPPDLL 2025-07-27 15:51:55.505384 - Epoch: 0 Iteration: 16  rank : 0  train.loss : 4.362719535827637  train.ips : 11.701485874981168 imgs/s train.total_time : 0.17091846466064453 
07/27 15:51:55 - mmengine - INFO - Iter(train) [   17/40000]  lr: 9.9964e-03  eta: 4:40:31  time: 0.2010  data_time: 0.0416  memory: 7212  loss: 3.3395  decode.loss_ce: 2.4175  decode.acc_seg: 0.9888  aux.loss_ce: 0.9220  aux.acc_seg: 27.9418
TCAPPDLL 2025-07-27 15:51:55.698676 - Epoch: 0 Iteration: 17  rank : 0  train.loss : 2.3491549491882324  train.ips : 10.355104469357878 imgs/s train.total_time : 0.19314146041870117 
07/27 15:51:55 - mmengine - INFO - Iter(train) [   18/40000]  lr: 9.9962e-03  eta: 4:32:04  time: 0.2033  data_time: 0.0438  memory: 7212  loss: 3.2107  decode.loss_ce: 2.3018  decode.acc_seg: 48.9728  aux.loss_ce: 0.9089  aux.acc_seg: 28.2522
TCAPPDLL 2025-07-27 15:51:55.869616 - Epoch: 0 Iteration: 18  rank : 0  train.loss : 2.7623038291931152  train.ips : 11.708067624961444 imgs/s train.total_time : 0.1708223819732666 
07/27 15:51:55 - mmengine - INFO - Iter(train) [   19/40000]  lr: 9.9960e-03  eta: 4:23:44  time: 0.2035  data_time: 0.0439  memory: 7212  loss: 3.0822  decode.loss_ce: 2.2055  decode.acc_seg: 19.3225  aux.loss_ce: 0.8767  aux.acc_seg: 51.0898
TCAPPDLL 2025-07-27 15:51:56.242651 - Epoch: 0 Iteration: 19  rank : 0  train.loss : 2.7241322994232178  train.ips : 5.363347488782414 imgs/s train.total_time : 0.37290143966674805 
07/27 15:51:56 - mmengine - INFO - Iter(train) [   20/40000]  lr: 9.9958e-03  eta: 4:22:58  time: 0.2161  data_time: 0.0566  memory: 7212  loss: 3.0630  decode.loss_ce: 2.1842  decode.acc_seg: 40.7485  aux.loss_ce: 0.8788  aux.acc_seg: 33.1017
TCAPPDLL 2025-07-27 15:51:56.478469 - Epoch: 0 Iteration: 20  rank : 0  train.loss : 2.406829595565796  train.ips : 8.48631089736132 imgs/s train.total_time : 0.2356736660003662 
07/27 15:51:56 - mmengine - INFO - Iter(train) [   21/40000]  lr: 9.9955e-03  eta: 4:17:55  time: 0.2219  data_time: 0.0628  memory: 7212  loss: 2.9528  decode.loss_ce: 2.1114  decode.acc_seg: 30.5693  aux.loss_ce: 0.8414  aux.acc_seg: 44.2388
TCAPPDLL 2025-07-27 15:51:56.649038 - Epoch: 0 Iteration: 21  rank : 0  train.loss : 3.1728932857513428  train.ips : 11.73471506069771 imgs/s train.total_time : 0.17043447494506836 
07/27 15:51:56 - mmengine - INFO - Iter(train) [   22/40000]  lr: 9.9953e-03  eta: 4:11:21  time: 0.2113  data_time: 0.0522  memory: 7212  loss: 2.9716  decode.loss_ce: 2.1258  decode.acc_seg: 35.9534  aux.loss_ce: 0.8458  aux.acc_seg: 42.6939
TCAPPDLL 2025-07-27 15:51:56.820665 - Epoch: 0 Iteration: 22  rank : 0  train.loss : 2.92399263381958  train.ips : 11.662263744360798 imgs/s train.total_time : 0.1714932918548584 
07/27 15:51:56 - mmengine - INFO - Iter(train) [   23/40000]  lr: 9.9951e-03  eta: 4:05:23  time: 0.2106  data_time: 0.0514  memory: 7212  loss: 2.9299  decode.loss_ce: 2.0986  decode.acc_seg: 24.8372  aux.loss_ce: 0.8313  aux.acc_seg: 32.4484
TCAPPDLL 2025-07-27 15:51:56.991955 - Epoch: 0 Iteration: 23  rank : 0  train.loss : 2.6352062225341797  train.ips : 11.687351184463694 imgs/s train.total_time : 0.17112517356872559 
07/27 15:51:56 - mmengine - INFO - Iter(train) [   24/40000]  lr: 9.9949e-03  eta: 3:59:54  time: 0.2103  data_time: 0.0514  memory: 7212  loss: 2.9378  decode.loss_ce: 2.1219  decode.acc_seg: 28.0593  aux.loss_ce: 0.8160  aux.acc_seg: 36.1194
TCAPPDLL 2025-07-27 15:51:57.165536 - Epoch: 0 Iteration: 24  rank : 0  train.loss : 2.0803632736206055  train.ips : 11.533094750677458 imgs/s train.total_time : 0.17341399192810059 
07/27 15:51:57 - mmengine - INFO - Iter(train) [   25/40000]  lr: 9.9947e-03  eta: 3:54:55  time: 0.2103  data_time: 0.0513  memory: 7212  loss: 2.8141  decode.loss_ce: 2.0176  decode.acc_seg: 49.1110  aux.loss_ce: 0.7965  aux.acc_seg: 50.9471
TCAPPDLL 2025-07-27 15:51:57.477022 - Epoch: 0 Iteration: 25  rank : 0  train.loss : 2.557047128677368  train.ips : 6.423474458814791 imgs/s train.total_time : 0.3113579750061035 
07/27 15:51:57 - mmengine - INFO - Iter(train) [   26/40000]  lr: 9.9944e-03  eta: 3:53:51  time: 0.2141  data_time: 0.0545  memory: 7212  loss: 2.7975  decode.loss_ce: 2.0092  decode.acc_seg: 40.5549  aux.loss_ce: 0.7882  aux.acc_seg: 40.5124
TCAPPDLL 2025-07-27 15:51:57.649809 - Epoch: 0 Iteration: 26  rank : 0  train.loss : 2.241161584854126  train.ips : 11.583963146113343 imgs/s train.total_time : 0.1726524829864502 
07/27 15:51:57 - mmengine - INFO - Iter(train) [   27/40000]  lr: 9.9942e-03  eta: 3:49:27  time: 0.2143  data_time: 0.0546  memory: 7212  loss: 2.5853  decode.loss_ce: 1.8216  decode.acc_seg: 56.5302  aux.loss_ce: 0.7637  aux.acc_seg: 41.5066
TCAPPDLL 2025-07-27 15:51:57.824254 - Epoch: 0 Iteration: 27  rank : 0  train.loss : 2.0594983100891113  train.ips : 11.472777378876465 imgs/s train.total_time : 0.17432570457458496 
07/27 15:51:57 - mmengine - INFO - Iter(train) [   28/40000]  lr: 9.9940e-03  eta: 3:45:24  time: 0.2124  data_time: 0.0526  memory: 7212  loss: 2.5563  decode.loss_ce: 1.8208  decode.acc_seg: 50.9994  aux.loss_ce: 0.7356  aux.acc_seg: 66.5514
TCAPPDLL 2025-07-27 15:51:57.996300 - Epoch: 0 Iteration: 28  rank : 0  train.loss : 3.0539004802703857  train.ips : 11.634314023269715 imgs/s train.total_time : 0.1719052791595459 
07/27 15:51:57 - mmengine - INFO - Iter(train) [   29/40000]  lr: 9.9938e-03  eta: 3:41:34  time: 0.2125  data_time: 0.0528  memory: 7212  loss: 2.5855  decode.loss_ce: 1.8316  decode.acc_seg: 40.7303  aux.loss_ce: 0.7539  aux.acc_seg: 34.2220
TCAPPDLL 2025-07-27 15:51:58.166174 - Epoch: 0 Iteration: 29  rank : 0  train.loss : 4.648946285247803  train.ips : 11.784765206836578 imgs/s train.total_time : 0.16971063613891602 
07/27 15:51:58 - mmengine - INFO - Iter(train) [   30/40000]  lr: 9.9935e-03  eta: 3:37:56  time: 0.1922  data_time: 0.0324  memory: 7212  loss: 2.7780  decode.loss_ce: 1.9851  decode.acc_seg: 30.4072  aux.loss_ce: 0.7929  aux.acc_seg: 5.1825
TCAPPDLL 2025-07-27 15:51:58.359062 - Epoch: 0 Iteration: 30  rank : 0  train.loss : 2.3851318359375  train.ips : 10.380000767183361 imgs/s train.total_time : 0.19267821311950684 
07/27 15:51:58 - mmengine - INFO - Iter(train) [   31/40000]  lr: 9.9933e-03  eta: 3:35:03  time: 0.1879  data_time: 0.0277  memory: 7212  loss: 2.7758  decode.loss_ce: 1.9772  decode.acc_seg: 53.2641  aux.loss_ce: 0.7986  aux.acc_seg: 41.2771
TCAPPDLL 2025-07-27 15:51:58.544294 - Epoch: 0 Iteration: 31  rank : 0  train.loss : 2.2919459342956543  train.ips : 10.810340472692594 imgs/s train.total_time : 0.18500804901123047 
07/27 15:51:58 - mmengine - INFO - Iter(train) [   32/40000]  lr: 9.9931e-03  eta: 3:32:10  time: 0.1893  data_time: 0.0285  memory: 7212  loss: 2.6877  decode.loss_ce: 1.9187  decode.acc_seg: 40.1254  aux.loss_ce: 0.7690  aux.acc_seg: 64.3608
TCAPPDLL 2025-07-27 15:51:58.718996 - Epoch: 0 Iteration: 32  rank : 0  train.loss : 2.5441830158233643  train.ips : 11.457765187472768 imgs/s train.total_time : 0.17455410957336426 
07/27 15:51:58 - mmengine - INFO - Iter(train) [   33/40000]  lr: 9.9929e-03  eta: 3:29:15  time: 0.1897  data_time: 0.0289  memory: 7212  loss: 2.6497  decode.loss_ce: 1.8856  decode.acc_seg: 31.6036  aux.loss_ce: 0.7641  aux.acc_seg: 34.7897
TCAPPDLL 2025-07-27 15:51:58.897237 - Epoch: 0 Iteration: 33  rank : 0  train.loss : 2.019111156463623  train.ips : 11.227700482509855 imgs/s train.total_time : 0.1781308650970459 
07/27 15:51:58 - mmengine - INFO - Iter(train) [   34/40000]  lr: 9.9926e-03  eta: 3:26:35  time: 0.1904  data_time: 0.0295  memory: 7212  loss: 2.5881  decode.loss_ce: 1.8302  decode.acc_seg: 66.6557  aux.loss_ce: 0.7580  aux.acc_seg: 27.1206
TCAPPDLL 2025-07-27 15:51:59.068310 - Epoch: 0 Iteration: 34  rank : 0  train.loss : 2.180314540863037  train.ips : 11.698727988028779 imgs/s train.total_time : 0.1709587574005127 
07/27 15:51:59 - mmengine - INFO - Iter(train) [   35/40000]  lr: 9.9924e-03  eta: 3:23:56  time: 0.1901  data_time: 0.0295  memory: 7212  loss: 2.5981  decode.loss_ce: 1.8390  decode.acc_seg: 51.4730  aux.loss_ce: 0.7592  aux.acc_seg: 34.8038
TCAPPDLL 2025-07-27 15:51:59.239086 - Epoch: 0 Iteration: 35  rank : 0  train.loss : 2.8392043113708496  train.ips : 11.719697668245386 imgs/s train.total_time : 0.1706528663635254 
07/27 15:51:59 - mmengine - INFO - Iter(train) [   36/40000]  lr: 9.9922e-03  eta: 3:21:25  time: 0.1760  data_time: 0.0159  memory: 7212  loss: 2.6263  decode.loss_ce: 1.8583  decode.acc_seg: 43.2400  aux.loss_ce: 0.7680  aux.acc_seg: 19.4439
TCAPPDLL 2025-07-27 15:51:59.409650 - Epoch: 0 Iteration: 36  rank : 0  train.loss : 2.2447524070739746  train.ips : 11.735059797183398 imgs/s train.total_time : 0.17042946815490723 
07/27 15:51:59 - mmengine - INFO - Iter(train) [   37/40000]  lr: 9.9920e-03  eta: 3:19:02  time: 0.1758  data_time: 0.0159  memory: 7212  loss: 2.6267  decode.loss_ce: 1.8675  decode.acc_seg: 35.5117  aux.loss_ce: 0.7592  aux.acc_seg: 41.8426
TCAPPDLL 2025-07-27 15:51:59.578937 - Epoch: 0 Iteration: 37  rank : 0  train.loss : 3.5885918140411377  train.ips : 11.824367030618776 imgs/s train.total_time : 0.1691422462463379 
07/27 15:51:59 - mmengine - INFO - Iter(train) [   38/40000]  lr: 9.9918e-03  eta: 3:16:46  time: 0.1753  data_time: 0.0155  memory: 7212  loss: 2.7796  decode.loss_ce: 1.9844  decode.acc_seg: 29.8831  aux.loss_ce: 0.7952  aux.acc_seg: 9.3522
TCAPPDLL 2025-07-27 15:51:59.805946 - Epoch: 0 Iteration: 38  rank : 0  train.loss : 1.8204416036605835  train.ips : 8.815730124533655 imgs/s train.total_time : 0.2268671989440918 
07/27 15:51:59 - mmengine - INFO - Iter(train) [   39/40000]  lr: 9.9915e-03  eta: 3:15:35  time: 0.1808  data_time: 0.0203  memory: 7212  loss: 2.6563  decode.loss_ce: 1.9046  decode.acc_seg: 40.8534  aux.loss_ce: 0.7517  aux.acc_seg: 50.9304
TCAPPDLL 2025-07-27 15:51:59.976812 - Epoch: 0 Iteration: 39  rank : 0  train.loss : 1.943568229675293  train.ips : 11.714198735941327 imgs/s train.total_time : 0.17073297500610352 
07/27 15:51:59 - mmengine - INFO - Iter(train) [   40/40000]  lr: 9.9913e-03  eta: 3:13:32  time: 0.1809  data_time: 0.0204  memory: 7212  loss: 2.3857  decode.loss_ce: 1.7074  decode.acc_seg: 54.5600  aux.loss_ce: 0.6783  aux.acc_seg: 65.3002
TCAPPDLL 2025-07-27 15:52:00.152793 - Epoch: 0 Iteration: 40  rank : 0  train.loss : 3.038402795791626  train.ips : 11.3725949545563 imgs/s train.total_time : 0.17586135864257812 
07/27 15:52:00 - mmengine - INFO - Iter(train) [   41/40000]  lr: 9.9911e-03  eta: 3:11:40  time: 0.1792  data_time: 0.0191  memory: 7212  loss: 2.4511  decode.loss_ce: 1.7589  decode.acc_seg: 26.3302  aux.loss_ce: 0.6921  aux.acc_seg: 31.2079
TCAPPDLL 2025-07-27 15:52:00.323654 - Epoch: 0 Iteration: 41  rank : 0  train.loss : 2.017642021179199  train.ips : 11.713937010732808 imgs/s train.total_time : 0.17073678970336914 
07/27 15:52:00 - mmengine - INFO - Iter(train) [   42/40000]  lr: 9.9909e-03  eta: 3:09:48  time: 0.1778  data_time: 0.0184  memory: 7212  loss: 2.4236  decode.loss_ce: 1.7276  decode.acc_seg: 49.1009  aux.loss_ce: 0.6961  aux.acc_seg: 48.5404
TCAPPDLL 2025-07-27 15:52:00.532347 - Epoch: 0 Iteration: 42  rank : 0  train.loss : 2.7029271125793457  train.ips : 9.588788743020112 imgs/s train.total_time : 0.20857691764831543 
07/27 15:52:00 - mmengine - INFO - Iter(train) [   43/40000]  lr: 9.9906e-03  eta: 3:08:37  time: 0.1812  data_time: 0.0217  memory: 7212  loss: 2.4395  decode.loss_ce: 1.7241  decode.acc_seg: 30.9377  aux.loss_ce: 0.7154  aux.acc_seg: 33.2930
TCAPPDLL 2025-07-27 15:52:00.702974 - Epoch: 0 Iteration: 43  rank : 0  train.loss : 2.4914040565490723  train.ips : 11.729628448859282 imgs/s train.total_time : 0.17050838470458984 
07/27 15:52:00 - mmengine - INFO - Iter(train) [   44/40000]  lr: 9.9904e-03  eta: 3:06:54  time: 0.1804  data_time: 0.0210  memory: 7212  loss: 2.4867  decode.loss_ce: 1.7740  decode.acc_seg: 39.5238  aux.loss_ce: 0.7127  aux.acc_seg: 48.6575
TCAPPDLL 2025-07-27 15:52:01.028017 - Epoch: 0 Iteration: 44  rank : 0  train.loss : 2.1998283863067627  train.ips : 6.1561258846771425 imgs/s train.total_time : 0.32487964630126953 
07/27 15:52:01 - mmengine - INFO - Iter(train) [   45/40000]  lr: 9.9902e-03  eta: 3:07:33  time: 0.1958  data_time: 0.0357  memory: 7212  loss: 2.4887  decode.loss_ce: 1.7730  decode.acc_seg: 57.5288  aux.loss_ce: 0.7156  aux.acc_seg: 29.6802
TCAPPDLL 2025-07-27 15:52:01.216724 - Epoch: 0 Iteration: 45  rank : 0  train.loss : 2.9116573333740234  train.ips : 10.60803081518351 imgs/s train.total_time : 0.1885364055633545 
07/27 15:52:01 - mmengine - INFO - Iter(train) [   46/40000]  lr: 9.9900e-03  eta: 3:06:12  time: 0.1976  data_time: 0.0367  memory: 7212  loss: 2.4959  decode.loss_ce: 1.7789  decode.acc_seg: 38.1922  aux.loss_ce: 0.7170  aux.acc_seg: 24.7610
TCAPPDLL 2025-07-27 15:52:01.497084 - Epoch: 0 Iteration: 46  rank : 0  train.loss : 1.5050231218338013  train.ips : 7.1371938431275455 imgs/s train.total_time : 0.28022217750549316 
07/27 15:52:01 - mmengine - INFO - Iter(train) [   47/40000]  lr: 9.9898e-03  eta: 3:06:12  time: 0.2086  data_time: 0.0476  memory: 7212  loss: 2.4219  decode.loss_ce: 1.7169  decode.acc_seg: 70.3489  aux.loss_ce: 0.7050  aux.acc_seg: 55.0805
TCAPPDLL 2025-07-27 15:52:01.666413 - Epoch: 0 Iteration: 47  rank : 0  train.loss : 2.280968189239502  train.ips : 11.82105116306598 imgs/s train.total_time : 0.1691896915435791 
07/27 15:52:01 - mmengine - INFO - Iter(train) [   48/40000]  lr: 9.9895e-03  eta: 3:04:40  time: 0.2086  data_time: 0.0474  memory: 7212  loss: 2.2912  decode.loss_ce: 1.6191  decode.acc_seg: 26.9256  aux.loss_ce: 0.6721  aux.acc_seg: 58.4608
TCAPPDLL 2025-07-27 15:52:01.858267 - Epoch: 0 Iteration: 48  rank : 0  train.loss : 2.494248151779175  train.ips : 10.432424231118407 imgs/s train.total_time : 0.1917099952697754 
07/27 15:52:01 - mmengine - INFO - Iter(train) [   49/40000]  lr: 9.9893e-03  eta: 3:03:30  time: 0.2051  data_time: 0.0439  memory: 7212  loss: 2.3586  decode.loss_ce: 1.6698  decode.acc_seg: 31.8603  aux.loss_ce: 0.6888  aux.acc_seg: 40.1036
TCAPPDLL 2025-07-27 15:52:02.041721 - Epoch: 0 Iteration: 49  rank : 0  train.loss : 2.0810742378234863  train.ips : 10.9113291137594 imgs/s train.total_time : 0.18329572677612305 
07/27 15:52:02 - mmengine - INFO - Iter(train) [   50/40000]  lr: 9.9891e-03  eta: 3:02:16  time: 0.2063  data_time: 0.0448  memory: 7212  loss: 2.3723  decode.loss_ce: 1.6675  decode.acc_seg: 52.4643  aux.loss_ce: 0.7048  aux.acc_seg: 49.3664
TCAPPDLL 2025-07-27 15:52:02.218263 - Epoch: 0 Iteration: 50  rank : 0  train.loss : 1.9214658737182617  train.ips : 11.338025180269373 imgs/s train.total_time : 0.17639756202697754 
07/27 15:52:02 - mmengine - INFO - Iter(train) [   51/40000]  lr: 9.9889e-03  eta: 3:00:59  time: 0.2064  data_time: 0.0449  memory: 7212  loss: 2.2606  decode.loss_ce: 1.5801  decode.acc_seg: 52.4302  aux.loss_ce: 0.6805  aux.acc_seg: 59.6584
TCAPPDLL 2025-07-27 15:52:02.400946 - Epoch: 0 Iteration: 51  rank : 0  train.loss : 2.8050832748413086  train.ips : 10.955504650658614 imgs/s train.total_time : 0.1825566291809082 
07/27 15:52:02 - mmengine - INFO - Iter(train) [   52/40000]  lr: 9.9886e-03  eta: 2:59:50  time: 0.2076  data_time: 0.0461  memory: 7212  loss: 2.3394  decode.loss_ce: 1.6372  decode.acc_seg: 46.2476  aux.loss_ce: 0.7022  aux.acc_seg: 41.3652
TCAPPDLL 2025-07-27 15:52:02.808539 - Epoch: 0 Iteration: 52  rank : 0  train.loss : 2.6577470302581787  train.ips : 4.908805130815909 imgs/s train.total_time : 0.40743112564086914 
07/27 15:52:02 - mmengine - INFO - Iter(train) [   53/40000]  lr: 9.9884e-03  eta: 3:01:33  time: 0.2275  data_time: 0.0653  memory: 7212  loss: 2.3348  decode.loss_ce: 1.6450  decode.acc_seg: 33.2700  aux.loss_ce: 0.6898  aux.acc_seg: 27.9851
TCAPPDLL 2025-07-27 15:52:02.988822 - Epoch: 0 Iteration: 53  rank : 0  train.loss : 1.8094151020050049  train.ips : 11.103635687368213 imgs/s train.total_time : 0.18012118339538574 
07/27 15:52:02 - mmengine - INFO - Iter(train) [   54/40000]  lr: 9.9882e-03  eta: 3:00:25  time: 0.2284  data_time: 0.0656  memory: 7212  loss: 2.2667  decode.loss_ce: 1.5879  decode.acc_seg: 62.6412  aux.loss_ce: 0.6787  aux.acc_seg: 60.2933
TCAPPDLL 2025-07-27 15:52:03.166608 - Epoch: 0 Iteration: 54  rank : 0  train.loss : 2.5788676738739014  train.ips : 11.2580480217307 imgs/s train.total_time : 0.17765069007873535 
07/27 15:52:03 - mmengine - INFO - Iter(train) [   55/40000]  lr: 9.9880e-03  eta: 2:59:17  time: 0.2137  data_time: 0.0516  memory: 7212  loss: 2.3046  decode.loss_ce: 1.6187  decode.acc_seg: 46.2418  aux.loss_ce: 0.6859  aux.acc_seg: 46.6446
TCAPPDLL 2025-07-27 15:52:03.335290 - Epoch: 0 Iteration: 55  rank : 0  train.loss : 2.5920658111572266  train.ips : 11.865175659199371 imgs/s train.total_time : 0.16856050491333008 
07/27 15:52:03 - mmengine - INFO - Iter(train) [   56/40000]  lr: 9.9877e-03  eta: 2:58:04  time: 0.2117  data_time: 0.0503  memory: 7212  loss: 2.2726  decode.loss_ce: 1.6075  decode.acc_seg: 36.6380  aux.loss_ce: 0.6651  aux.acc_seg: 55.3765
TCAPPDLL 2025-07-27 15:52:03.506216 - Epoch: 0 Iteration: 56  rank : 0  train.loss : 2.544459819793701  train.ips : 11.70976734317266 imgs/s train.total_time : 0.17079758644104004 
07/27 15:52:03 - mmengine - INFO - Iter(train) [   57/40000]  lr: 9.9875e-03  eta: 2:56:56  time: 0.2008  data_time: 0.0395  memory: 7212  loss: 2.3765  decode.loss_ce: 1.6875  decode.acc_seg: 41.1914  aux.loss_ce: 0.6891  aux.acc_seg: 43.9345
TCAPPDLL 2025-07-27 15:52:03.683210 - Epoch: 0 Iteration: 57  rank : 0  train.loss : 1.8587555885314941  train.ips : 11.308800353745129 imgs/s train.total_time : 0.17685341835021973 
07/27 15:52:03 - mmengine - INFO - Iter(train) [   58/40000]  lr: 9.9873e-03  eta: 2:55:55  time: 0.2015  data_time: 0.0403  memory: 7212  loss: 2.3343  decode.loss_ce: 1.6488  decode.acc_seg: 57.0332  aux.loss_ce: 0.6855  aux.acc_seg: 51.5158
TCAPPDLL 2025-07-27 15:52:03.858334 - Epoch: 0 Iteration: 58  rank : 0  train.loss : 2.324309825897217  train.ips : 11.428465552240432 imgs/s train.total_time : 0.1750016212463379 
07/27 15:52:03 - mmengine - INFO - Iter(train) [   59/40000]  lr: 9.9871e-03  eta: 2:54:54  time: 0.1998  data_time: 0.0391  memory: 7212  loss: 2.3173  decode.loss_ce: 1.6274  decode.acc_seg: 50.8390  aux.loss_ce: 0.6900  aux.acc_seg: 59.8150
TCAPPDLL 2025-07-27 15:52:04.028127 - Epoch: 0 Iteration: 59  rank : 0  train.loss : 2.6000428199768066  train.ips : 11.787828838741317 imgs/s train.total_time : 0.16966652870178223 
07/27 15:52:04 - mmengine - INFO - Iter(train) [   60/40000]  lr: 9.9869e-03  eta: 2:53:52  time: 0.1985  data_time: 0.0381  memory: 7212  loss: 2.3692  decode.loss_ce: 1.6833  decode.acc_seg: 36.2540  aux.loss_ce: 0.6859  aux.acc_seg: 54.5217
TCAPPDLL 2025-07-27 15:52:04.230648 - Epoch: 0 Iteration: 60  rank : 0  train.loss : 1.2275664806365967  train.ips : 9.883589929083195 imgs/s train.total_time : 0.20235562324523926 
07/27 15:52:04 - mmengine - INFO - Iter(train) [   61/40000]  lr: 9.9866e-03  eta: 2:53:13  time: 0.2011  data_time: 0.0406  memory: 7212  loss: 2.2998  decode.loss_ce: 1.6359  decode.acc_seg: 51.2728  aux.loss_ce: 0.6639  aux.acc_seg: 40.1564
TCAPPDLL 2025-07-27 15:52:04.406631 - Epoch: 0 Iteration: 61  rank : 0  train.loss : 2.353969097137451  train.ips : 11.375694825844334 imgs/s train.total_time : 0.1758134365081787 
07/27 15:52:04 - mmengine - INFO - Iter(train) [   62/40000]  lr: 9.9864e-03  eta: 2:52:18  time: 0.2004  data_time: 0.0397  memory: 7212  loss: 2.2547  decode.loss_ce: 1.6112  decode.acc_seg: 38.0778  aux.loss_ce: 0.6436  aux.acc_seg: 40.5770
TCAPPDLL 2025-07-27 15:52:04.579419 - Epoch: 0 Iteration: 62  rank : 0  train.loss : 2.2767248153686523  train.ips : 11.584379069532998 imgs/s train.total_time : 0.17264628410339355 
07/27 15:52:04 - mmengine - INFO - Iter(train) [   63/40000]  lr: 9.9862e-03  eta: 2:51:24  time: 0.1769  data_time: 0.0168  memory: 7212  loss: 2.2166  decode.loss_ce: 1.5901  decode.acc_seg: 49.6157  aux.loss_ce: 0.6266  aux.acc_seg: 62.6352
TCAPPDLL 2025-07-27 15:52:04.750439 - Epoch: 0 Iteration: 63  rank : 0  train.loss : 2.6118900775909424  train.ips : 11.702318392149914 imgs/s train.total_time : 0.17090630531311035 
07/27 15:52:04 - mmengine - INFO - Iter(train) [   64/40000]  lr: 9.9860e-03  eta: 2:50:29  time: 0.1760  data_time: 0.0165  memory: 7212  loss: 2.2969  decode.loss_ce: 1.6533  decode.acc_seg: 43.8672  aux.loss_ce: 0.6436  aux.acc_seg: 52.6664
TCAPPDLL 2025-07-27 15:52:04.934886 - Epoch: 0 Iteration: 64  rank : 0  train.loss : 1.914321780204773  train.ips : 10.851032894821945 imgs/s train.total_time : 0.18431425094604492 
07/27 15:52:04 - mmengine - INFO - Iter(train) [   65/40000]  lr: 9.9857e-03  eta: 2:49:45  time: 0.1767  data_time: 0.0170  memory: 7212  loss: 2.2304  decode.loss_ce: 1.6097  decode.acc_seg: 52.6638  aux.loss_ce: 0.6208  aux.acc_seg: 51.0817
TCAPPDLL 2025-07-27 15:52:05.114819 - Epoch: 0 Iteration: 65  rank : 0  train.loss : 3.616543769836426  train.ips : 11.12492888280018 imgs/s train.total_time : 0.17977643013000488 
07/27 15:52:05 - mmengine - INFO - Iter(train) [   66/40000]  lr: 9.9855e-03  eta: 2:48:59  time: 0.1778  data_time: 0.0177  memory: 7212  loss: 2.3329  decode.loss_ce: 1.6727  decode.acc_seg: 32.9341  aux.loss_ce: 0.6602  aux.acc_seg: 29.8911
TCAPPDLL 2025-07-27 15:52:05.288910 - Epoch: 0 Iteration: 66  rank : 0  train.loss : 2.0491926670074463  train.ips : 11.497023846235026 imgs/s train.total_time : 0.17395806312561035 
07/27 15:52:05 - mmengine - INFO - Iter(train) [   67/40000]  lr: 9.9853e-03  eta: 2:48:11  time: 0.1781  data_time: 0.0178  memory: 7212  loss: 2.2833  decode.loss_ce: 1.6369  decode.acc_seg: 51.4245  aux.loss_ce: 0.6464  aux.acc_seg: 50.9390
TCAPPDLL 2025-07-27 15:52:05.478108 - Epoch: 0 Iteration: 67  rank : 0  train.loss : 2.1895320415496826  train.ips : 10.57898732580869 imgs/s train.total_time : 0.18905401229858398 
07/27 15:52:05 - mmengine - INFO - Iter(train) [   68/40000]  lr: 9.9851e-03  eta: 2:47:33  time: 0.1793  data_time: 0.0192  memory: 7212  loss: 2.3164  decode.loss_ce: 1.6696  decode.acc_seg: 48.1132  aux.loss_ce: 0.6468  aux.acc_seg: 64.7519
TCAPPDLL 2025-07-27 15:52:05.735545 - Epoch: 0 Iteration: 68  rank : 0  train.loss : 3.111386299133301  train.ips : 7.773333135647249 imgs/s train.total_time : 0.2572898864746094 
07/27 15:52:05 - mmengine - INFO - Iter(train) [   69/40000]  lr: 9.9849e-03  eta: 2:47:36  time: 0.1876  data_time: 0.0275  memory: 7212  loss: 2.3951  decode.loss_ce: 1.7290  decode.acc_seg: 40.8771  aux.loss_ce: 0.6662  aux.acc_seg: 32.2499
TCAPPDLL 2025-07-27 15:52:05.909598 - Epoch: 0 Iteration: 69  rank : 0  train.loss : 3.3664722442626953  train.ips : 11.499198760786571 imgs/s train.total_time : 0.17392516136169434 
07/27 15:52:05 - mmengine - INFO - Iter(train) [   70/40000]  lr: 9.9846e-03  eta: 2:46:52  time: 0.1880  data_time: 0.0280  memory: 7212  loss: 2.4718  decode.loss_ce: 1.7775  decode.acc_seg: 46.6199  aux.loss_ce: 0.6942  aux.acc_seg: 46.4355
TCAPPDLL 2025-07-27 15:52:06.080696 - Epoch: 0 Iteration: 70  rank : 0  train.loss : 3.0001063346862793  train.ips : 11.697732856979504 imgs/s train.total_time : 0.1709733009338379 
07/27 15:52:06 - mmengine - INFO - Iter(train) [   71/40000]  lr: 9.9844e-03  eta: 2:46:07  time: 0.1848  data_time: 0.0251  memory: 7212  loss: 2.6490  decode.loss_ce: 1.9226  decode.acc_seg: 20.9142  aux.loss_ce: 0.7264  aux.acc_seg: 41.2999
TCAPPDLL 2025-07-27 15:52:06.250435 - Epoch: 0 Iteration: 71  rank : 0  train.loss : 1.739850401878357  train.ips : 11.792733964351637 imgs/s train.total_time : 0.16959595680236816 
07/27 15:52:06 - mmengine - INFO - Iter(train) [   72/40000]  lr: 9.9842e-03  eta: 2:45:22  time: 0.1842  data_time: 0.0247  memory: 7212  loss: 2.5876  decode.loss_ce: 1.8775  decode.acc_seg: 51.0308  aux.loss_ce: 0.7101  aux.acc_seg: 61.6223
TCAPPDLL 2025-07-27 15:52:06.422706 - Epoch: 0 Iteration: 72  rank : 0  train.loss : 2.4317209720611572  train.ips : 11.617669543636504 imgs/s train.total_time : 0.1721515655517578 
07/27 15:52:06 - mmengine - INFO - Iter(train) [   73/40000]  lr: 9.9840e-03  eta: 2:44:40  time: 0.1842  data_time: 0.0246  memory: 7212  loss: 2.6031  decode.loss_ce: 1.8967  decode.acc_seg: 36.7842  aux.loss_ce: 0.7064  aux.acc_seg: 55.1217
TCAPPDLL 2025-07-27 15:52:06.606212 - Epoch: 0 Iteration: 73  rank : 0  train.loss : 2.082151174545288  train.ips : 10.905981083628562 imgs/s train.total_time : 0.18338561058044434 
07/27 15:52:06 - mmengine - INFO - Iter(train) [   74/40000]  lr: 9.9837e-03  eta: 2:44:05  time: 0.1854  data_time: 0.0260  memory: 7212  loss: 2.5501  decode.loss_ce: 1.8523  decode.acc_seg: 56.2608  aux.loss_ce: 0.6979  aux.acc_seg: 48.4872
TCAPPDLL 2025-07-27 15:52:06.777003 - Epoch: 0 Iteration: 74  rank : 0  train.loss : 2.4314780235290527  train.ips : 11.719386579005825 imgs/s train.total_time : 0.17065739631652832 
07/27 15:52:06 - mmengine - INFO - Iter(train) [   75/40000]  lr: 9.9835e-03  eta: 2:43:24  time: 0.1841  data_time: 0.0247  memory: 7212  loss: 2.6018  decode.loss_ce: 1.8915  decode.acc_seg: 39.0227  aux.loss_ce: 0.7103  aux.acc_seg: 47.4923
TCAPPDLL 2025-07-27 15:52:06.992131 - Epoch: 0 Iteration: 75  rank : 0  train.loss : 2.560319662094116  train.ips : 9.30287605270804 imgs/s train.total_time : 0.21498727798461914 
07/27 15:52:06 - mmengine - INFO - Iter(train) [   76/40000]  lr: 9.9833e-03  eta: 2:43:08  time: 0.1876  data_time: 0.0281  memory: 7212  loss: 2.4962  decode.loss_ce: 1.8185  decode.acc_seg: 43.5001  aux.loss_ce: 0.6777  aux.acc_seg: 45.4097
TCAPPDLL 2025-07-27 15:52:07.168175 - Epoch: 0 Iteration: 76  rank : 0  train.loss : 2.4272141456604004  train.ips : 11.369327268685927 imgs/s train.total_time : 0.17591190338134766 
07/27 15:52:07 - mmengine - INFO - Iter(train) [   77/40000]  lr: 9.9831e-03  eta: 2:42:32  time: 0.1878  data_time: 0.0283  memory: 7212  loss: 2.5340  decode.loss_ce: 1.8583  decode.acc_seg: 30.2100  aux.loss_ce: 0.6757  aux.acc_seg: 46.0432
TCAPPDLL 2025-07-27 15:52:07.410550 - Epoch: 0 Iteration: 77  rank : 0  train.loss : 1.2251473665237427  train.ips : 8.256000125976565 imgs/s train.total_time : 0.2422480583190918 
07/27 15:52:07 - mmengine - INFO - Iter(train) [   78/40000]  lr: 9.9828e-03  eta: 2:42:31  time: 0.1931  data_time: 0.0335  memory: 7212  loss: 2.4376  decode.loss_ce: 1.7794  decode.acc_seg: 76.0156  aux.loss_ce: 0.6582  aux.acc_seg: 75.5827
TCAPPDLL 2025-07-27 15:52:07.587359 - Epoch: 0 Iteration: 78  rank : 0  train.loss : 1.9475789070129395  train.ips : 11.32178922051595 imgs/s train.total_time : 0.1766505241394043 
07/27 15:52:07 - mmengine - INFO - Iter(train) [   79/40000]  lr: 9.9826e-03  eta: 2:41:56  time: 0.1850  data_time: 0.0254  memory: 7212  loss: 2.3212  decode.loss_ce: 1.6935  decode.acc_seg: 56.9887  aux.loss_ce: 0.6277  aux.acc_seg: 50.7223
TCAPPDLL 2025-07-27 15:52:07.764144 - Epoch: 0 Iteration: 79  rank : 0  train.loss : 1.5761756896972656  train.ips : 11.32330220145864 imgs/s train.total_time : 0.17662692070007324 
07/27 15:52:07 - mmengine - INFO - Iter(train) [   80/40000]  lr: 9.9824e-03  eta: 2:41:23  time: 0.1853  data_time: 0.0256  memory: 7212  loss: 2.1422  decode.loss_ce: 1.5559  decode.acc_seg: 59.9156  aux.loss_ce: 0.5863  aux.acc_seg: 55.8633
TCAPPDLL 2025-07-27 15:52:07.933769 - Epoch: 0 Iteration: 80  rank : 0  train.loss : 1.332006812095642  train.ips : 11.79868856701614 imgs/s train.total_time : 0.1695103645324707 
07/27 15:52:07 - mmengine - INFO - Iter(train) [   81/40000]  lr: 9.9822e-03  eta: 2:40:46  time: 0.1852  data_time: 0.0254  memory: 7212  loss: 1.9754  decode.loss_ce: 1.4145  decode.acc_seg: 72.8318  aux.loss_ce: 0.5608  aux.acc_seg: 68.9358
TCAPPDLL 2025-07-27 15:52:08.103201 - Epoch: 0 Iteration: 81  rank : 0  train.loss : 1.8152244091033936  train.ips : 11.814009035907027 imgs/s train.total_time : 0.16929054260253906 
07/27 15:52:08 - mmengine - INFO - Iter(train) [   82/40000]  lr: 9.9820e-03  eta: 2:40:11  time: 0.1851  data_time: 0.0254  memory: 7212  loss: 1.9829  decode.loss_ce: 1.4086  decode.acc_seg: 55.6218  aux.loss_ce: 0.5743  aux.acc_seg: 54.7287
TCAPPDLL 2025-07-27 15:52:08.274190 - Epoch: 0 Iteration: 82  rank : 0  train.loss : 1.4403784275054932  train.ips : 11.706711473085447 imgs/s train.total_time : 0.17084217071533203 
07/27 15:52:08 - mmengine - INFO - Iter(train) [   83/40000]  lr: 9.9817e-03  eta: 2:39:37  time: 0.1850  data_time: 0.0253  memory: 7212  loss: 1.8838  decode.loss_ce: 1.3138  decode.acc_seg: 67.5077  aux.loss_ce: 0.5699  aux.acc_seg: 62.9592
TCAPPDLL 2025-07-27 15:52:08.594521 - Epoch: 0 Iteration: 83  rank : 0  train.loss : 3.115959405899048  train.ips : 6.246329393298118 imgs/s train.total_time : 0.320188045501709 
07/27 15:52:08 - mmengine - INFO - Iter(train) [   84/40000]  lr: 9.9815e-03  eta: 2:40:15  time: 0.1987  data_time: 0.0390  memory: 7212  loss: 1.9871  decode.loss_ce: 1.3922  decode.acc_seg: 40.1682  aux.loss_ce: 0.5949  aux.acc_seg: 37.5529
TCAPPDLL 2025-07-27 15:52:08.771913 - Epoch: 0 Iteration: 84  rank : 0  train.loss : 2.0771167278289795  train.ips : 11.28565931833531 imgs/s train.total_time : 0.1772160530090332 
07/27 15:52:08 - mmengine - INFO - Iter(train) [   85/40000]  lr: 9.9813e-03  eta: 2:39:45  time: 0.1993  data_time: 0.0393  memory: 7212  loss: 1.9517  decode.loss_ce: 1.3620  decode.acc_seg: 59.0770  aux.loss_ce: 0.5897  aux.acc_seg: 53.9256
TCAPPDLL 2025-07-27 15:52:08.960140 - Epoch: 0 Iteration: 85  rank : 0  train.loss : 3.620948076248169  train.ips : 10.635292208450819 imgs/s train.total_time : 0.18805313110351562 
07/27 15:52:08 - mmengine - INFO - Iter(train) [   86/40000]  lr: 9.9811e-03  eta: 2:39:20  time: 0.1966  data_time: 0.0366  memory: 7212  loss: 2.0578  decode.loss_ce: 1.4402  decode.acc_seg: 25.0350  aux.loss_ce: 0.6175  aux.acc_seg: 36.1986
TCAPPDLL 2025-07-27 15:52:09.130739 - Epoch: 0 Iteration: 86  rank : 0  train.loss : 1.5447468757629395  train.ips : 11.733336317275064 imgs/s train.total_time : 0.1704545021057129 
07/27 15:52:09 - mmengine - INFO - Iter(train) [   87/40000]  lr: 9.9808e-03  eta: 2:38:48  time: 0.1961  data_time: 0.0362  memory: 7212  loss: 1.9695  decode.loss_ce: 1.3619  decode.acc_seg: 72.7724  aux.loss_ce: 0.6076  aux.acc_seg: 69.9623
TCAPPDLL 2025-07-27 15:52:09.330965 - Epoch: 0 Iteration: 87  rank : 0  train.loss : 2.1024169921875  train.ips : 9.995493536406197 imgs/s train.total_time : 0.2000901699066162 
07/27 15:52:09 - mmengine - INFO - Iter(train) [   88/40000]  lr: 9.9806e-03  eta: 2:38:31  time: 0.1919  data_time: 0.0311  memory: 7212  loss: 2.0573  decode.loss_ce: 1.4336  decode.acc_seg: 60.4213  aux.loss_ce: 0.6237  aux.acc_seg: 60.2432
TCAPPDLL 2025-07-27 15:52:09.505394 - Epoch: 0 Iteration: 88  rank : 0  train.loss : 2.3420357704162598  train.ips : 11.479308499792682 imgs/s train.total_time : 0.1742265224456787 
07/27 15:52:09 - mmengine - INFO - Iter(train) [   89/40000]  lr: 9.9804e-03  eta: 2:38:02  time: 0.1916  data_time: 0.0309  memory: 7212  loss: 2.0967  decode.loss_ce: 1.4681  decode.acc_seg: 57.5465  aux.loss_ce: 0.6286  aux.acc_seg: 56.6373
TCAPPDLL 2025-07-27 15:52:09.678725 - Epoch: 0 Iteration: 89  rank : 0  train.loss : 2.499089479446411  train.ips : 11.551962851315752 imgs/s train.total_time : 0.17313075065612793 
07/27 15:52:09 - mmengine - INFO - Iter(train) [   90/40000]  lr: 9.9802e-03  eta: 2:37:33  time: 0.1913  data_time: 0.0305  memory: 7212  loss: 2.1890  decode.loss_ce: 1.5323  decode.acc_seg: 49.0856  aux.loss_ce: 0.6566  aux.acc_seg: 44.8176
TCAPPDLL 2025-07-27 15:52:09.860721 - Epoch: 0 Iteration: 90  rank : 0  train.loss : 3.236241579055786  train.ips : 10.998049128400915 imgs/s train.total_time : 0.18185043334960938 
07/27 15:52:09 - mmengine - INFO - Iter(train) [   91/40000]  lr: 9.9799e-03  eta: 2:37:08  time: 0.1925  data_time: 0.0312  memory: 7212  loss: 2.3794  decode.loss_ce: 1.6801  decode.acc_seg: 16.0337  aux.loss_ce: 0.6993  aux.acc_seg: 17.1654
TCAPPDLL 2025-07-27 15:52:10.035254 - Epoch: 0 Iteration: 91  rank : 0  train.loss : 2.1486709117889404  train.ips : 11.468416972792511 imgs/s train.total_time : 0.1743919849395752 
07/27 15:52:10 - mmengine - INFO - Iter(train) [   92/40000]  lr: 9.9797e-03  eta: 2:36:41  time: 0.1930  data_time: 0.0315  memory: 7212  loss: 2.4128  decode.loss_ce: 1.7128  decode.acc_seg: 53.8599  aux.loss_ce: 0.7000  aux.acc_seg: 47.8677
TCAPPDLL 2025-07-27 15:52:10.223127 - Epoch: 0 Iteration: 92  rank : 0  train.loss : 2.039290189743042  train.ips : 10.65601650368767 imgs/s train.total_time : 0.18768739700317383 
07/27 15:52:10 - mmengine - INFO - Iter(train) [   93/40000]  lr: 9.9795e-03  eta: 2:36:21  time: 0.1947  data_time: 0.0331  memory: 7212  loss: 2.4727  decode.loss_ce: 1.7545  decode.acc_seg: 56.9052  aux.loss_ce: 0.7182  aux.acc_seg: 49.0411
TCAPPDLL 2025-07-27 15:52:10.394123 - Epoch: 0 Iteration: 93  rank : 0  train.loss : 2.4573817253112793  train.ips : 11.708034942908624 imgs/s train.total_time : 0.1708228588104248 
07/27 15:52:10 - mmengine - INFO - Iter(train) [   94/40000]  lr: 9.9793e-03  eta: 2:35:53  time: 0.1798  data_time: 0.0181  memory: 7212  loss: 2.4068  decode.loss_ce: 1.7059  decode.acc_seg: 43.1394  aux.loss_ce: 0.7009  aux.acc_seg: 46.6175
TCAPPDLL 2025-07-27 15:52:10.567136 - Epoch: 0 Iteration: 94  rank : 0  train.loss : 2.7473537921905518  train.ips : 11.573095744284577 imgs/s train.total_time : 0.17281460762023926 
07/27 15:52:10 - mmengine - INFO - Iter(train) [   95/40000]  lr: 9.9791e-03  eta: 2:35:27  time: 0.1793  data_time: 0.0179  memory: 7212  loss: 2.4738  decode.loss_ce: 1.7440  decode.acc_seg: 45.0203  aux.loss_ce: 0.7298  aux.acc_seg: 34.1409
TCAPPDLL 2025-07-27 15:52:10.740057 - Epoch: 0 Iteration: 95  rank : 0  train.loss : 2.6235830783843994  train.ips : 11.578462969685342 imgs/s train.total_time : 0.17273449897766113 
07/27 15:52:10 - mmengine - INFO - Iter(train) [   96/40000]  lr: 9.9788e-03  eta: 2:35:01  time: 0.1778  data_time: 0.0168  memory: 7212  loss: 2.3741  decode.loss_ce: 1.6764  decode.acc_seg: 36.0621  aux.loss_ce: 0.6976  aux.acc_seg: 40.7965
TCAPPDLL 2025-07-27 15:52:10.920483 - Epoch: 0 Iteration: 96  rank : 0  train.loss : 1.8076164722442627  train.ips : 11.093357031300624 imgs/s train.total_time : 0.18028807640075684 
07/27 15:52:10 - mmengine - INFO - Iter(train) [   97/40000]  lr: 9.9786e-03  eta: 2:34:39  time: 0.1788  data_time: 0.0176  memory: 7212  loss: 2.4004  decode.loss_ce: 1.6949  decode.acc_seg: 61.1016  aux.loss_ce: 0.7055  aux.acc_seg: 57.1252
TCAPPDLL 2025-07-27 15:52:11.099509 - Epoch: 0 Iteration: 97  rank : 0  train.loss : 2.382887840270996  train.ips : 11.180219323264579 imgs/s train.total_time : 0.17888736724853516 
07/27 15:52:11 - mmengine - INFO - Iter(train) [   98/40000]  lr: 9.9784e-03  eta: 2:34:17  time: 0.1767  data_time: 0.0162  memory: 7212  loss: 2.4284  decode.loss_ce: 1.7125  decode.acc_seg: 44.1933  aux.loss_ce: 0.7159  aux.acc_seg: 48.3065
TCAPPDLL 2025-07-27 15:52:11.269911 - Epoch: 0 Iteration: 98  rank : 0  train.loss : 1.6033073663711548  train.ips : 11.745921150647183 imgs/s train.total_time : 0.1702718734741211 
07/27 15:52:11 - mmengine - INFO - Iter(train) [   99/40000]  lr: 9.9782e-03  eta: 2:33:52  time: 0.1763  data_time: 0.0158  memory: 7212  loss: 2.3545  decode.loss_ce: 1.6560  decode.acc_seg: 64.4304  aux.loss_ce: 0.6986  aux.acc_seg: 67.4130
TCAPPDLL 2025-07-27 15:52:11.533422 - Epoch: 0 Iteration: 99  rank : 0  train.loss : 3.2803616523742676  train.ips : 7.5956454064978445 imgs/s train.total_time : 0.2633087635040283 
07/27 15:52:11 - mmengine - INFO - Iter(train) [  100/40000]  lr: 9.9779e-03  eta: 2:34:05  time: 0.1853  data_time: 0.0248  memory: 7212  loss: 2.4327  decode.loss_ce: 1.7219  decode.acc_seg: 23.8283  aux.loss_ce: 0.7108  aux.acc_seg: 24.0618
TCAPPDLL 2025-07-27 15:52:11.716081 - Epoch: 0 Iteration: 100  rank : 0  train.loss : 1.6691834926605225  train.ips : 10.96124511137506 imgs/s train.total_time : 0.18246102333068848 
