--------------+------------------------------------------------
 Host IP      | 10.244.49.149
 PyTorch      | 2.4.0a0+git4451b0e
 Torch-SDAA   | 2.1.0
--------------+------------------------------------------------
 SDAA Driver  | 2.1.0 (N/A)
 SDAA Runtime | 2.1.0 (/opt/tecoai/lib64/libsdaart.so)
 SDPTI        | 1.4.0b0 (/opt/tecoai/lib64/libsdpti.so)
 TecoDNN      | 2.1.0 (/opt/tecoai/lib64/libtecodnn.so)
 TecoBLAS     | 2.1.0 (/opt/tecoai/lib64/libtecoblas.so)
 CustomDNN    | 1.20.0a0 (/opt/tecoai/lib64/libtecodnn_ext.so)
 TecoRAND     | 2.0.1 (/opt/tecoai/lib64/libtecorand.so)
 TCCL         | 1.23.0 (/opt/tecoai/lib64/libtccl.so)
--------------+------------------------------------------------
/root/miniconda3/envs/torch_env_py310/lib/python3.10/site-packages/torchvision/datasets/imagenet.py:81: FutureWarning: You are using `torch.load` with `weights_only=False` (the current default value), which uses the default pickle module implicitly. It is possible to construct malicious pickle data which will execute arbitrary code during unpickling (See https://github.com/pytorch/pytorch/blob/main/SECURITY.md#untrusted-models for more details). In a future release, the default value for `weights_only` will be flipped to `True`. This limits the functions that could be executed during unpickling. Arbitrary objects will no longer be allowed to be loaded via this mode unless they are explicitly allowlisted by the user via `torch.serialization.add_safe_globals`. We recommend you start setting `weights_only=True` for any use case where you don't have full control of the loaded file. Please open an issue on GitHub for any issues related to this experimental feature.
  return torch.load(file)
TCAPPDLL 2025-07-23 19:28:01.344636 -  device : Using device: sdaa INFO
TCAPPDLL 2025-07-23 19:28:12.259668 - Epoch: 0  epoch_start : Starting Epoch 1 INFO
TCAPPDLL 2025-07-23 19:28:14.421721 - Epoch: 0 Iteration: 0  rank : 0  train.loss : 6.91937255859375  train.ips : 179.81914352013118 imgs/s
TCAPPDLL 2025-07-23 19:28:14.592498 - Epoch: 0 Iteration: 1  rank : 0  train.loss : 6.91119384765625  train.ips : 376.4081273224427 imgs/s
TCAPPDLL 2025-07-23 19:28:14.946899 - Epoch: 0 Iteration: 2  rank : 0  train.loss : 6.9097900390625  train.ips : 349.8756645651701 imgs/s
TCAPPDLL 2025-07-23 19:28:15.318331 - Epoch: 0 Iteration: 3  rank : 0  train.loss : 6.908935546875  train.ips : 383.3357457637284 imgs/s
TCAPPDLL 2025-07-23 19:28:15.501583 - Epoch: 0 Iteration: 4  rank : 0  train.loss : 6.87872314453125  train.ips : 351.2095845048586 imgs/s
TCAPPDLL 2025-07-23 19:28:16.252547 - Epoch: 0 Iteration: 5  rank : 0  train.loss : 6.9298095703125  train.ips : 299.51859749191885 imgs/s
TCAPPDLL 2025-07-23 19:28:17.153178 - Epoch: 0 Iteration: 6  rank : 0  train.loss : 6.93072509765625  train.ips : 341.73049630944166 imgs/s
TCAPPDLL 2025-07-23 19:28:17.535450 - Epoch: 0 Iteration: 7  rank : 0  train.loss : 6.939453125  train.ips : 329.92609107657967 imgs/s
TCAPPDLL 2025-07-23 19:28:17.889192 - Epoch: 0 Iteration: 8  rank : 0  train.loss : 6.94970703125  train.ips : 387.2253515437922 imgs/s
TCAPPDLL 2025-07-23 19:28:18.438361 - Epoch: 0 Iteration: 9  rank : 0  train.loss : 6.9798583984375  train.ips : 356.2750759838078 imgs/s
TCAPPDLL 2025-07-23 19:28:18.614996 - Epoch: 0 Iteration: 10  rank : 0  train.loss : 6.971435546875  train.ips : 364.2835608221624 imgs/s
TCAPPDLL 2025-07-23 19:28:18.986628 - Epoch: 0 Iteration: 11  rank : 0  train.loss : 6.95758056640625  train.ips : 375.89105640281684 imgs/s
TCAPPDLL 2025-07-23 19:28:19.156690 - Epoch: 0 Iteration: 12  rank : 0  train.loss : 6.879638671875  train.ips : 377.95779934837645 imgs/s
TCAPPDLL 2025-07-23 19:28:19.495114 - Epoch: 0 Iteration: 13  rank : 0  train.loss : 6.9129638671875  train.ips : 377.4529174212853 imgs/s
TCAPPDLL 2025-07-23 19:28:19.895663 - Epoch: 0 Iteration: 14  rank : 0  train.loss : 6.8721923828125  train.ips : 317.9659688685626 imgs/s
TCAPPDLL 2025-07-23 19:28:20.443837 - Epoch: 0 Iteration: 15  rank : 0  train.loss : 6.88055419921875  train.ips : 368.08183391335587 imgs/s
TCAPPDLL 2025-07-23 19:28:20.955362 - Epoch: 0 Iteration: 16  rank : 0  train.loss : 6.9306640625  train.ips : 372.3130234093488 imgs/s
TCAPPDLL 2025-07-23 19:28:21.281309 - Epoch: 0 Iteration: 17  rank : 0  train.loss : 6.8990478515625  train.ips : 402.6541906354766 imgs/s
TCAPPDLL 2025-07-23 19:28:21.621326 - Epoch: 0 Iteration: 18  rank : 0  train.loss : 6.9332275390625  train.ips : 397.0844713734586 imgs/s
TCAPPDLL 2025-07-23 19:28:21.780884 - Epoch: 0 Iteration: 19  rank : 0  train.loss : 6.9119873046875  train.ips : 403.08771255413336 imgs/s
TCAPPDLL 2025-07-23 19:28:22.119115 - Epoch: 0 Iteration: 20  rank : 0  train.loss : 6.91241455078125  train.ips : 379.9580968935026 imgs/s
TCAPPDLL 2025-07-23 19:28:22.462296 - Epoch: 0 Iteration: 21  rank : 0  train.loss : 6.84271240234375  train.ips : 372.22370962620306 imgs/s
TCAPPDLL 2025-07-23 19:28:22.801035 - Epoch: 0 Iteration: 22  rank : 0  train.loss : 6.93475341796875  train.ips : 370.74160071818244 imgs/s
TCAPPDLL 2025-07-23 19:28:22.992466 - Epoch: 0 Iteration: 23  rank : 0  train.loss : 6.91082763671875  train.ips : 335.3544255565286 imgs/s
TCAPPDLL 2025-07-23 19:28:23.376221 - Epoch: 0 Iteration: 24  rank : 0  train.loss : 6.9132080078125  train.ips : 345.2475010160563 imgs/s
TCAPPDLL 2025-07-23 19:28:23.730489 - Epoch: 0 Iteration: 25  rank : 0  train.loss : 6.91607666015625  train.ips : 360.5086422007999 imgs/s
TCAPPDLL 2025-07-23 19:28:24.275936 - Epoch: 0 Iteration: 26  rank : 0  train.loss : 6.9144287109375  train.ips : 328.0684599684685 imgs/s
TCAPPDLL 2025-07-23 19:28:24.438903 - Epoch: 0 Iteration: 27  rank : 0  train.loss : 6.904052734375  train.ips : 394.0765029889485 imgs/s
TCAPPDLL 2025-07-23 19:28:24.794633 - Epoch: 0 Iteration: 28  rank : 0  train.loss : 6.86236572265625  train.ips : 339.37244113601423 imgs/s
TCAPPDLL 2025-07-23 19:28:25.507691 - Epoch: 0 Iteration: 29  rank : 0  train.loss : 6.86187744140625  train.ips : 317.3175972159177 imgs/s
TCAPPDLL 2025-07-23 19:28:25.877125 - Epoch: 0 Iteration: 30  rank : 0  train.loss : 6.8905029296875  train.ips : 343.5740756147103 imgs/s
TCAPPDLL 2025-07-23 19:28:26.045869 - Epoch: 0 Iteration: 31  rank : 0  train.loss : 6.88555908203125  train.ips : 381.3930031300216 imgs/s
TCAPPDLL 2025-07-23 19:28:26.596817 - Epoch: 0 Iteration: 32  rank : 0  train.loss : 6.924072265625  train.ips : 320.3508787004351 imgs/s
TCAPPDLL 2025-07-23 19:28:26.776293 - Epoch: 0 Iteration: 33  rank : 0  train.loss : 6.89208984375  train.ips : 361.2101039351092 imgs/s
TCAPPDLL 2025-07-23 19:28:27.115925 - Epoch: 0 Iteration: 34  rank : 0  train.loss : 6.906982421875  train.ips : 391.4919444108197 imgs/s
TCAPPDLL 2025-07-23 19:28:27.640183 - Epoch: 0 Iteration: 35  rank : 0  train.loss : 6.90447998046875  train.ips : 348.0641888737902 imgs/s
TCAPPDLL 2025-07-23 19:28:28.007937 - Epoch: 0 Iteration: 36  rank : 0  train.loss : 6.9150390625  train.ips : 372.18397102783524 imgs/s
TCAPPDLL 2025-07-23 19:28:28.178094 - Epoch: 0 Iteration: 37  rank : 0  train.loss : 6.86376953125  train.ips : 377.92640418986747 imgs/s
TCAPPDLL 2025-07-23 19:28:28.551769 - Epoch: 0 Iteration: 38  rank : 0  train.loss : 6.8885498046875  train.ips : 322.82656737813824 imgs/s
TCAPPDLL 2025-07-23 19:28:28.727651 - Epoch: 0 Iteration: 39  rank : 0  train.loss : 6.8819580078125  train.ips : 365.5241542242829 imgs/s
TCAPPDLL 2025-07-23 19:28:29.096512 - Epoch: 0 Iteration: 40  rank : 0  train.loss : 6.8609619140625  train.ips : 378.7625469686772 imgs/s
TCAPPDLL 2025-07-23 19:28:29.271068 - Epoch: 0 Iteration: 41  rank : 0  train.loss : 6.8385009765625  train.ips : 369.22045629290557 imgs/s
TCAPPDLL 2025-07-23 19:28:29.610341 - Epoch: 0 Iteration: 42  rank : 0  train.loss : 6.85650634765625  train.ips : 386.04476607396583 imgs/s
TCAPPDLL 2025-07-23 19:28:29.966395 - Epoch: 0 Iteration: 43  rank : 0  train.loss : 6.76953125  train.ips : 360.91288681416785 imgs/s
TCAPPDLL 2025-07-23 19:28:30.334248 - Epoch: 0 Iteration: 44  rank : 0  train.loss : 6.93450927734375  train.ips : 346.1472427288377 imgs/s
TCAPPDLL 2025-07-23 19:28:30.513763 - Epoch: 0 Iteration: 45  rank : 0  train.loss : 6.9322509765625  train.ips : 366.664011298972 imgs/s
TCAPPDLL 2025-07-23 19:28:30.679512 - Epoch: 0 Iteration: 46  rank : 0  train.loss : 6.92156982421875  train.ips : 388.35249184046666 imgs/s
TCAPPDLL 2025-07-23 19:28:31.027816 - Epoch: 0 Iteration: 47  rank : 0  train.loss : 6.85919189453125  train.ips : 352.100988743176 imgs/s
TCAPPDLL 2025-07-23 19:28:31.379792 - Epoch: 0 Iteration: 48  rank : 0  train.loss : 6.93011474609375  train.ips : 378.75132418467757 imgs/s
TCAPPDLL 2025-07-23 19:28:31.558097 - Epoch: 0 Iteration: 49  rank : 0  train.loss : 6.90338134765625  train.ips : 360.7111359556239 imgs/s
TCAPPDLL 2025-07-23 19:28:31.740875 - Epoch: 0 Iteration: 50  rank : 0  train.loss : 6.89483642578125  train.ips : 351.1259740038901 imgs/s
TCAPPDLL 2025-07-23 19:28:31.916845 - Epoch: 0 Iteration: 51  rank : 0  train.loss : 6.856201171875  train.ips : 364.9933523964142 imgs/s
TCAPPDLL 2025-07-23 19:28:32.627904 - Epoch: 0 Iteration: 52  rank : 0  train.loss : 6.8692626953125  train.ips : 368.28332667931613 imgs/s
TCAPPDLL 2025-07-23 19:28:33.718178 - Epoch: 0 Iteration: 53  rank : 0  train.loss : 6.85723876953125  train.ips : 385.31220807555945 imgs/s
TCAPPDLL 2025-07-23 19:28:33.885981 - Epoch: 0 Iteration: 54  rank : 0  train.loss : 6.84185791015625  train.ips : 382.63087554450703 imgs/s
TCAPPDLL 2025-07-23 19:28:34.884784 - Epoch: 0 Iteration: 55  rank : 0  train.loss : 6.86090087890625  train.ips : 376.3938769758419 imgs/s
TCAPPDLL 2025-07-23 19:28:35.278934 - Epoch: 0 Iteration: 56  rank : 0  train.loss : 6.89019775390625  train.ips : 317.14589383395753 imgs/s
TCAPPDLL 2025-07-23 19:28:35.462810 - Epoch: 0 Iteration: 57  rank : 0  train.loss : 6.8594970703125  train.ips : 350.8840954425078 imgs/s
TCAPPDLL 2025-07-23 19:28:35.802752 - Epoch: 0 Iteration: 58  rank : 0  train.loss : 6.86468505859375  train.ips : 367.81351960910587 imgs/s
TCAPPDLL 2025-07-23 19:28:36.191670 - Epoch: 0 Iteration: 59  rank : 0  train.loss : 6.9405517578125  train.ips : 347.28022096731416 imgs/s
TCAPPDLL 2025-07-23 19:28:36.366682 - Epoch: 0 Iteration: 60  rank : 0  train.loss : 6.8841552734375  train.ips : 367.41328946125765 imgs/s
TCAPPDLL 2025-07-23 19:28:36.718334 - Epoch: 0 Iteration: 61  rank : 0  train.loss : 6.849609375  train.ips : 359.88659974875617 imgs/s
TCAPPDLL 2025-07-23 19:28:37.410789 - Epoch: 0 Iteration: 62  rank : 0  train.loss : 6.87506103515625  train.ips : 353.3710037096422 imgs/s
TCAPPDLL 2025-07-23 19:28:37.747968 - Epoch: 0 Iteration: 63  rank : 0  train.loss : 6.83807373046875  train.ips : 390.0583935029854 imgs/s
TCAPPDLL 2025-07-23 19:28:38.549041 - Epoch: 0 Iteration: 64  rank : 0  train.loss : 6.83380126953125  train.ips : 377.1829615630511 imgs/s
TCAPPDLL 2025-07-23 19:28:39.664736 - Epoch: 0 Iteration: 65  rank : 0  train.loss : 6.88995361328125  train.ips : 350.20339641989113 imgs/s
TCAPPDLL 2025-07-23 19:28:39.856391 - Epoch: 0 Iteration: 66  rank : 0  train.loss : 6.8409423828125  train.ips : 335.06601326606267 imgs/s
TCAPPDLL 2025-07-23 19:28:40.379147 - Epoch: 0 Iteration: 67  rank : 0  train.loss : 6.8502197265625  train.ips : 374.8370860964142 imgs/s
TCAPPDLL 2025-07-23 19:28:40.885891 - Epoch: 0 Iteration: 68  rank : 0  train.loss : 6.88494873046875  train.ips : 399.6763942158801 imgs/s
TCAPPDLL 2025-07-23 19:28:41.067327 - Epoch: 0 Iteration: 69  rank : 0  train.loss : 6.807373046875  train.ips : 354.0748260197433 imgs/s
TCAPPDLL 2025-07-23 19:28:41.414577 - Epoch: 0 Iteration: 70  rank : 0  train.loss : 6.884033203125  train.ips : 374.694248560884 imgs/s
TCAPPDLL 2025-07-23 19:28:42.303794 - Epoch: 0 Iteration: 71  rank : 0  train.loss : 6.880615234375  train.ips : 280.40452306712 imgs/s
TCAPPDLL 2025-07-23 19:28:42.508845 - Epoch: 0 Iteration: 72  rank : 0  train.loss : 6.8543701171875  train.ips : 313.21922800024737 imgs/s
TCAPPDLL 2025-07-23 19:28:43.178314 - Epoch: 0 Iteration: 73  rank : 0  train.loss : 6.84027099609375  train.ips : 379.1102480414989 imgs/s
TCAPPDLL 2025-07-23 19:28:43.549048 - Epoch: 0 Iteration: 74  rank : 0  train.loss : 6.8946533203125  train.ips : 361.7777274626343 imgs/s
TCAPPDLL 2025-07-23 19:28:43.720077 - Epoch: 0 Iteration: 75  rank : 0  train.loss : 6.85888671875  train.ips : 375.24789230521907 imgs/s
TCAPPDLL 2025-07-23 19:28:44.063823 - Epoch: 0 Iteration: 76  rank : 0  train.loss : 6.914306640625  train.ips : 370.827130903751 imgs/s
TCAPPDLL 2025-07-23 19:28:44.252685 - Epoch: 0 Iteration: 77  rank : 0  train.loss : 6.790283203125  train.ips : 340.8042069286856 imgs/s
TCAPPDLL 2025-07-23 19:28:44.599989 - Epoch: 0 Iteration: 78  rank : 0  train.loss : 6.817474365234375  train.ips : 370.38198669063803 imgs/s
TCAPPDLL 2025-07-23 19:28:44.935045 - Epoch: 0 Iteration: 79  rank : 0  train.loss : 6.88299560546875  train.ips : 397.2725249224503 imgs/s
TCAPPDLL 2025-07-23 19:28:45.302493 - Epoch: 0 Iteration: 80  rank : 0  train.loss : 6.9068603515625  train.ips : 349.62503109610685 imgs/s
TCAPPDLL 2025-07-23 19:28:45.501342 - Epoch: 0 Iteration: 81  rank : 0  train.loss : 6.82403564453125  train.ips : 323.0989522336501 imgs/s
TCAPPDLL 2025-07-23 19:28:46.034431 - Epoch: 0 Iteration: 82  rank : 0  train.loss : 6.87921142578125  train.ips : 373.438008296908 imgs/s
TCAPPDLL 2025-07-23 19:28:46.397303 - Epoch: 0 Iteration: 83  rank : 0  train.loss : 6.886962890625  train.ips : 345.7695912368518 imgs/s
TCAPPDLL 2025-07-23 19:28:46.569841 - Epoch: 0 Iteration: 84  rank : 0  train.loss : 6.84002685546875  train.ips : 372.5057360249007 imgs/s
TCAPPDLL 2025-07-23 19:28:46.896305 - Epoch: 0 Iteration: 85  rank : 0  train.loss : 6.873046875  train.ips : 411.3707471890569 imgs/s
TCAPPDLL 2025-07-23 19:28:47.586422 - Epoch: 0 Iteration: 86  rank : 0  train.loss : 6.87677001953125  train.ips : 367.5239577814014 imgs/s
TCAPPDLL 2025-07-23 19:28:47.943481 - Epoch: 0 Iteration: 87  rank : 0  train.loss : 6.81414794921875  train.ips : 375.1063140611354 imgs/s
TCAPPDLL 2025-07-23 19:28:48.295573 - Epoch: 0 Iteration: 88  rank : 0  train.loss : 6.87567138671875  train.ips : 344.68581877108255 imgs/s
TCAPPDLL 2025-07-23 19:28:48.476791 - Epoch: 0 Iteration: 89  rank : 0  train.loss : 6.82568359375  train.ips : 354.41375112720107 imgs/s
TCAPPDLL 2025-07-23 19:28:49.469973 - Epoch: 0 Iteration: 90  rank : 0  train.loss : 6.845947265625  train.ips : 364.47893592725507 imgs/s
TCAPPDLL 2025-07-23 19:28:49.814824 - Epoch: 0 Iteration: 91  rank : 0  train.loss : 6.8404541015625  train.ips : 375.6038825931155 imgs/s
TCAPPDLL 2025-07-23 19:28:50.168381 - Epoch: 0 Iteration: 92  rank : 0  train.loss : 6.87420654296875  train.ips : 358.46262812945685 imgs/s
TCAPPDLL 2025-07-23 19:28:50.341196 - Epoch: 0 Iteration: 93  rank : 0  train.loss : 6.7640380859375  train.ips : 371.9220119930392 imgs/s
TCAPPDLL 2025-07-23 19:28:50.689099 - Epoch: 0 Iteration: 94  rank : 0  train.loss : 6.78436279296875  train.ips : 372.99797962955245 imgs/s
TCAPPDLL 2025-07-23 19:28:53.538144 - Epoch: 0 Iteration: 95  rank : 0  train.loss : 6.87469482421875  train.ips : 380.25143142071164 imgs/s
TCAPPDLL 2025-07-23 19:28:53.920474 - Epoch: 0 Iteration: 96  rank : 0  train.loss : 6.822265625  train.ips : 331.5094357797655 imgs/s
TCAPPDLL 2025-07-23 19:28:54.698215 - Epoch: 0 Iteration: 97  rank : 0  train.loss : 6.91705322265625  train.ips : 350.57431742374973 imgs/s
TCAPPDLL 2025-07-23 19:28:54.870308 - Epoch: 0 Iteration: 98  rank : 0  train.loss : 6.88360595703125  train.ips : 372.9523756595967 imgs/s
TCAPPDLL 2025-07-23 19:28:55.042910 - Epoch: 0 Iteration: 99  rank : 0  train.loss : 6.84173583984375  train.ips : 372.7887078272511 imgs/s
TCAPPDLL 2025-07-23 19:28:55.043042 - Epoch: 0 Iteration: 100  stop_training : Epoch 1 reached 100 iterations, stopping training 
TCAPPDLL 2025-07-23 19:28:56.583354 -  training_completed : Training completed! INFO
