06/28 01:42:41 - mmengine - INFO - 
------------------------------------------------------------
System environment:
    sys.platform: linux
    Python: 3.8.20 (default, Oct  3 2024, 15:24:27) [GCC 11.2.0]
    CUDA available: True
    MUSA available: False
    numpy_random_seed: 1461373959
    GPU 0: NVIDIA GeForce RTX 4090
    CUDA_HOME: /usr/local/cuda
    NVCC: Cuda compilation tools, release 12.9, V12.9.86
    GCC: gcc (Ubuntu 11.4.0-1ubuntu1~22.04) 11.4.0
    PyTorch: 2.4.1+cu121
    PyTorch compiling details: PyTorch built with:
  - GCC 9.3
  - C++ Version: 201703
  - Intel(R) oneAPI Math Kernel Library Version 2023.1-Product Build 20230303 for Intel(R) 64 architecture applications
  - Intel(R) MKL-DNN v3.4.2 (Git Hash 1137e04ec0b5251ca2b4400a4fd3c667ce843d67)
  - OpenMP 201511 (a.k.a. OpenMP 4.5)
  - LAPACK is enabled (usually provided by MKL)
  - NNPACK is enabled
  - CPU capability usage: AVX512
  - CUDA Runtime 12.1
  - NVCC architecture flags: -gencode;arch=compute_50,code=sm_50;-gencode;arch=compute_60,code=sm_60;-gencode;arch=compute_70,code=sm_70;-gencode;arch=compute_75,code=sm_75;-gencode;arch=compute_80,code=sm_80;-gencode;arch=compute_86,code=sm_86;-gencode;arch=compute_90,code=sm_90
  - CuDNN 90.1  (built against CUDA 12.4)
  - Magma 2.6.1
  - Build settings: BLAS_INFO=mkl, BUILD_TYPE=Release, CUDA_VERSION=12.1, CUDNN_VERSION=9.1.0, CXX_COMPILER=/opt/rh/devtoolset-9/root/usr/bin/c++, CXX_FLAGS= -D_GLIBCXX_USE_CXX11_ABI=0 -fabi-version=11 -fvisibility-inlines-hidden -DUSE_PTHREADPOOL -DNDEBUG -DUSE_KINETO -DLIBKINETO_NOROCTRACER -DUSE_FBGEMM -DUSE_PYTORCH_QNNPACK -DUSE_XNNPACK -DSYMBOLICATE_MOBILE_DEBUG_HANDLE -O2 -fPIC -Wall -Wextra -Werror=return-type -Werror=non-virtual-dtor -Werror=bool-operation -Wnarrowing -Wno-missing-field-initializers -Wno-type-limits -Wno-array-bounds -Wno-unknown-pragmas -Wno-unused-parameter -Wno-unused-function -Wno-unused-result -Wno-strict-overflow -Wno-strict-aliasing -Wno-stringop-overflow -Wsuggest-override -Wno-psabi -Wno-error=pedantic -Wno-error=old-style-cast -Wno-missing-braces -fdiagnostics-color=always -faligned-new -Wno-unused-but-set-variable -Wno-maybe-uninitialized -fno-math-errno -fno-trapping-math -Werror=format -Wno-stringop-overflow, LAPACK_INFO=mkl, PERF_WITH_AVX=1, PERF_WITH_AVX2=1, PERF_WITH_AVX512=1, TORCH_VERSION=2.4.1, USE_CUDA=ON, USE_CUDNN=ON, USE_CUSPARSELT=1, USE_EXCEPTION_PTR=1, USE_GFLAGS=OFF, USE_GLOG=OFF, USE_GLOO=ON, USE_MKL=ON, USE_MKLDNN=ON, USE_MPI=OFF, USE_NCCL=1, USE_NNPACK=ON, USE_OPENMP=ON, USE_ROCM=OFF, USE_ROCM_KERNEL_ASSERT=OFF, 

    TorchVision: 0.11.2
    OpenCV: 4.11.0
    MMEngine: 0.10.4

Runtime environment:
    cudnn_benchmark: False
    mp_cfg: {'mp_start_method': 'fork', 'opencv_num_threads': 0}
    dist_cfg: {'backend': 'nccl'}
    seed: 1461373959
    deterministic: False
    Distributed launcher: none
    Distributed training: False
    GPU number: 1
------------------------------------------------------------

06/28 01:42:41 - mmengine - INFO - Config:
auto_scale_lr = dict(base_batch_size=1024)
bgr_mean = [
    103.53,
    116.28,
    123.675,
]
bgr_std = [
    57.375,
    57.12,
    58.395,
]
data_preprocessor = dict(
    mean=[
        123.675,
        116.28,
        103.53,
    ],
    num_classes=1000,
    std=[
        58.395,
        57.12,
        57.375,
    ],
    to_rgb=True)
dataset_type = 'ImageNet'
default_hooks = dict(
    checkpoint=dict(interval=1, type='CheckpointHook'),
    logger=dict(interval=100, type='LoggerHook'),
    param_scheduler=dict(type='ParamSchedulerHook'),
    sampler_seed=dict(type='DistSamplerSeedHook'),
    timer=dict(type='IterTimerHook'),
    visualization=dict(enable=False, type='VisualizationHook'))
default_scope = 'mmpretrain'
env_cfg = dict(
    cudnn_benchmark=False,
    dist_cfg=dict(backend='nccl'),
    mp_cfg=dict(mp_start_method='fork', opencv_num_threads=0))
launcher = 'none'
load_from = None
log_level = 'INFO'
model = dict(
    backbone=dict(
        arch='l1',
        drop_path_rate=0,
        init_cfg=[
            dict(
                bias=0.0,
                layer=[
                    'Conv2d',
                    'Linear',
                ],
                std=0.02,
                type='TruncNormal'),
            dict(bias=0.0, layer=[
                'GroupNorm',
            ], type='Constant', val=1.0),
            dict(layer=[
                'LayerScale',
            ], type='Constant', val=1e-05),
        ],
        type='EfficientFormer'),
    head=dict(
        in_channels=448,
        loss=dict(loss_weight=1.0, type='CrossEntropyLoss'),
        num_classes=1000,
        type='LinearClsHead'),
    neck=dict(dim=1, type='GlobalAveragePooling'),
    type='ImageClassifier')
optim_wrapper = dict(
    optimizer=dict(
        betas=(
            0.9,
            0.999,
        ),
        eps=1e-08,
        lr=0.001,
        type='AdamW',
        weight_decay=0.05),
    paramwise_cfg=dict(
        bias_decay_mult=0.0,
        custom_keys=dict({
            '.absolute_pos_embed': dict(decay_mult=0.0),
            '.relative_position_bias_table': dict(decay_mult=0.0)
        }),
        flat_decay_mult=0.0,
        norm_decay_mult=0.0))
param_scheduler = [
    dict(
        by_epoch=True,
        convert_to_iter_based=True,
        end=20,
        start_factor=0.001,
        type='LinearLR'),
    dict(begin=20, by_epoch=True, eta_min=1e-05, type='CosineAnnealingLR'),
]
randomness = dict(deterministic=False, seed=None)
resume = False
test_cfg = dict()
test_dataloader = dict(
    batch_size=32,
    collate_fn=dict(type='default_collate'),
    dataset=dict(
        data_root='/home/01/imagenet',
        pipeline=[
            dict(type='LoadImageFromFile'),
            dict(
                backend='pillow',
                edge='short',
                interpolation='bicubic',
                scale=248,
                type='ResizeEdge'),
            dict(crop_size=224, type='CenterCrop'),
            dict(type='PackInputs'),
        ],
        split='val',
        type='ImageNet'),
    num_workers=5,
    persistent_workers=True,
    pin_memory=True,
    sampler=dict(shuffle=False, type='DefaultSampler'))
test_evaluator = dict(
    topk=(
        1,
        5,
    ), type='Accuracy')
test_pipeline = [
    dict(type='LoadImageFromFile'),
    dict(
        backend='pillow',
        edge='short',
        interpolation='bicubic',
        scale=248,
        type='ResizeEdge'),
    dict(crop_size=224, type='CenterCrop'),
    dict(type='PackInputs'),
]
train_cfg = dict(by_epoch=True, max_epochs=300, val_interval=1)
train_dataloader = dict(
    batch_size=32,
    collate_fn=dict(type='default_collate'),
    dataset=dict(
        data_root='/home/01/imagenet',
        pipeline=[
            dict(type='LoadImageFromFile'),
            dict(
                backend='pillow',
                interpolation='bicubic',
                scale=224,
                type='RandomResizedCrop'),
            dict(direction='horizontal', prob=0.5, type='RandomFlip'),
            dict(
                hparams=dict(
                    interpolation='bicubic', pad_val=[
                        104,
                        116,
                        124,
                    ]),
                magnitude_level=9,
                magnitude_std=0.5,
                num_policies=2,
                policies='timm_increasing',
                total_level=10,
                type='RandAugment'),
            dict(
                erase_prob=0.25,
                fill_color=[
                    103.53,
                    116.28,
                    123.675,
                ],
                fill_std=[
                    57.375,
                    57.12,
                    58.395,
                ],
                max_area_ratio=0.3333333333333333,
                min_area_ratio=0.02,
                mode='rand',
                type='RandomErasing'),
            dict(type='PackInputs'),
        ],
        split='train',
        type='ImageNet'),
    num_workers=5,
    persistent_workers=True,
    pin_memory=True,
    sampler=dict(shuffle=True, type='DefaultSampler'))
train_pipeline = [
    dict(type='LoadImageFromFile'),
    dict(
        backend='pillow',
        interpolation='bicubic',
        scale=224,
        type='RandomResizedCrop'),
    dict(direction='horizontal', prob=0.5, type='RandomFlip'),
    dict(
        hparams=dict(interpolation='bicubic', pad_val=[
            104,
            116,
            124,
        ]),
        magnitude_level=9,
        magnitude_std=0.5,
        num_policies=2,
        policies='timm_increasing',
        total_level=10,
        type='RandAugment'),
    dict(
        erase_prob=0.25,
        fill_color=[
            103.53,
            116.28,
            123.675,
        ],
        fill_std=[
            57.375,
            57.12,
            58.395,
        ],
        max_area_ratio=0.3333333333333333,
        min_area_ratio=0.02,
        mode='rand',
        type='RandomErasing'),
    dict(type='PackInputs'),
]
val_cfg = dict()
val_dataloader = dict(
    batch_size=32,
    collate_fn=dict(type='default_collate'),
    dataset=dict(
        data_root='/home/01/imagenet',
        pipeline=[
            dict(type='LoadImageFromFile'),
            dict(
                backend='pillow',
                edge='short',
                interpolation='bicubic',
                scale=248,
                type='ResizeEdge'),
            dict(crop_size=224, type='CenterCrop'),
            dict(type='PackInputs'),
        ],
        split='val',
        type='ImageNet'),
    num_workers=5,
    persistent_workers=True,
    pin_memory=True,
    sampler=dict(shuffle=False, type='DefaultSampler'))
val_evaluator = dict(
    topk=(
        1,
        5,
    ), type='Accuracy')
vis_backends = [
    dict(type='LocalVisBackend'),
]
visualizer = dict(
    type='UniversalVisualizer', vis_backends=[
        dict(type='LocalVisBackend'),
    ])
work_dir = './work_dirs/efficientformer-l1_8xb128_in1k'

06/28 01:42:43 - mmengine - INFO - Distributed training is not used, all SyncBatchNorm (SyncBN) layers in the model will be automatically reverted to BatchNormXd layers if they are used.
06/28 01:42:43 - mmengine - INFO - Hooks will be executed in the following order:
before_run:
(VERY_HIGH   ) RuntimeInfoHook                    
(BELOW_NORMAL) LoggerHook                         
 -------------------- 
before_train:
(VERY_HIGH   ) RuntimeInfoHook                    
(NORMAL      ) IterTimerHook                      
(VERY_LOW    ) CheckpointHook                     
 -------------------- 
before_train_epoch:
(VERY_HIGH   ) RuntimeInfoHook                    
(NORMAL      ) IterTimerHook                      
(NORMAL      ) DistSamplerSeedHook                
 -------------------- 
before_train_iter:
(VERY_HIGH   ) RuntimeInfoHook                    
(NORMAL      ) IterTimerHook                      
 -------------------- 
after_train_iter:
(VERY_HIGH   ) RuntimeInfoHook                    
(NORMAL      ) IterTimerHook                      
(BELOW_NORMAL) LoggerHook                         
(LOW         ) ParamSchedulerHook                 
(VERY_LOW    ) CheckpointHook                     
 -------------------- 
after_train_epoch:
(NORMAL      ) IterTimerHook                      
(LOW         ) ParamSchedulerHook                 
(VERY_LOW    ) CheckpointHook                     
 -------------------- 
before_val:
(VERY_HIGH   ) RuntimeInfoHook                    
 -------------------- 
before_val_epoch:
(NORMAL      ) IterTimerHook                      
 -------------------- 
before_val_iter:
(NORMAL      ) IterTimerHook                      
 -------------------- 
after_val_iter:
(NORMAL      ) IterTimerHook                      
(NORMAL      ) VisualizationHook                  
(BELOW_NORMAL) LoggerHook                         
 -------------------- 
after_val_epoch:
(VERY_HIGH   ) RuntimeInfoHook                    
(NORMAL      ) IterTimerHook                      
(BELOW_NORMAL) LoggerHook                         
(LOW         ) ParamSchedulerHook                 
(VERY_LOW    ) CheckpointHook                     
 -------------------- 
after_val:
(VERY_HIGH   ) RuntimeInfoHook                    
 -------------------- 
after_train:
(VERY_HIGH   ) RuntimeInfoHook                    
(VERY_LOW    ) CheckpointHook                     
 -------------------- 
before_test:
(VERY_HIGH   ) RuntimeInfoHook                    
 -------------------- 
before_test_epoch:
(NORMAL      ) IterTimerHook                      
 -------------------- 
before_test_iter:
(NORMAL      ) IterTimerHook                      
 -------------------- 
after_test_iter:
(NORMAL      ) IterTimerHook                      
(NORMAL      ) VisualizationHook                  
(BELOW_NORMAL) LoggerHook                         
 -------------------- 
after_test_epoch:
(VERY_HIGH   ) RuntimeInfoHook                    
(NORMAL      ) IterTimerHook                      
(BELOW_NORMAL) LoggerHook                         
 -------------------- 
after_test:
(VERY_HIGH   ) RuntimeInfoHook                    
 -------------------- 
after_run:
(BELOW_NORMAL) LoggerHook                         
 -------------------- 
06/28 01:47:29 - mmengine - INFO - paramwise_options -- backbone.patch_embed.0.conv.bias:weight_decay=0.0
06/28 01:47:29 - mmengine - INFO - paramwise_options -- backbone.patch_embed.0.bn.weight:weight_decay=0.0
06/28 01:47:29 - mmengine - INFO - paramwise_options -- backbone.patch_embed.0.bn.bias:weight_decay=0.0
06/28 01:47:29 - mmengine - INFO - paramwise_options -- backbone.patch_embed.1.conv.bias:weight_decay=0.0
06/28 01:47:29 - mmengine - INFO - paramwise_options -- backbone.patch_embed.1.bn.weight:weight_decay=0.0
06/28 01:47:29 - mmengine - INFO - paramwise_options -- backbone.patch_embed.1.bn.bias:weight_decay=0.0
06/28 01:47:29 - mmengine - INFO - paramwise_options -- backbone.network.0.0.mlp.fc1.bias:weight_decay=0.0
06/28 01:47:29 - mmengine - INFO - paramwise_options -- backbone.network.0.0.mlp.fc2.bias:weight_decay=0.0
06/28 01:47:29 - mmengine - INFO - paramwise_options -- backbone.network.0.0.mlp.norm1.weight:weight_decay=0.0
06/28 01:47:29 - mmengine - INFO - paramwise_options -- backbone.network.0.0.mlp.norm1.bias:weight_decay=0.0
06/28 01:47:29 - mmengine - INFO - paramwise_options -- backbone.network.0.0.mlp.norm2.weight:weight_decay=0.0
06/28 01:47:29 - mmengine - INFO - paramwise_options -- backbone.network.0.0.mlp.norm2.bias:weight_decay=0.0
06/28 01:47:29 - mmengine - INFO - paramwise_options -- backbone.network.0.0.ls1.weight:weight_decay=0.0
06/28 01:47:29 - mmengine - INFO - paramwise_options -- backbone.network.0.0.ls2.weight:weight_decay=0.0
06/28 01:47:29 - mmengine - INFO - paramwise_options -- backbone.network.0.1.mlp.fc1.bias:weight_decay=0.0
06/28 01:47:29 - mmengine - INFO - paramwise_options -- backbone.network.0.1.mlp.fc2.bias:weight_decay=0.0
06/28 01:47:29 - mmengine - INFO - paramwise_options -- backbone.network.0.1.mlp.norm1.weight:weight_decay=0.0
06/28 01:47:29 - mmengine - INFO - paramwise_options -- backbone.network.0.1.mlp.norm1.bias:weight_decay=0.0
06/28 01:47:29 - mmengine - INFO - paramwise_options -- backbone.network.0.1.mlp.norm2.weight:weight_decay=0.0
06/28 01:47:29 - mmengine - INFO - paramwise_options -- backbone.network.0.1.mlp.norm2.bias:weight_decay=0.0
06/28 01:47:29 - mmengine - INFO - paramwise_options -- backbone.network.0.1.ls1.weight:weight_decay=0.0
06/28 01:47:29 - mmengine - INFO - paramwise_options -- backbone.network.0.1.ls2.weight:weight_decay=0.0
06/28 01:47:29 - mmengine - INFO - paramwise_options -- backbone.network.0.2.mlp.fc1.bias:weight_decay=0.0
06/28 01:47:29 - mmengine - INFO - paramwise_options -- backbone.network.0.2.mlp.fc2.bias:weight_decay=0.0
06/28 01:47:29 - mmengine - INFO - paramwise_options -- backbone.network.0.2.mlp.norm1.weight:weight_decay=0.0
06/28 01:47:29 - mmengine - INFO - paramwise_options -- backbone.network.0.2.mlp.norm1.bias:weight_decay=0.0
06/28 01:47:29 - mmengine - INFO - paramwise_options -- backbone.network.0.2.mlp.norm2.weight:weight_decay=0.0
06/28 01:47:29 - mmengine - INFO - paramwise_options -- backbone.network.0.2.mlp.norm2.bias:weight_decay=0.0
06/28 01:47:29 - mmengine - INFO - paramwise_options -- backbone.network.0.2.ls1.weight:weight_decay=0.0
06/28 01:47:29 - mmengine - INFO - paramwise_options -- backbone.network.0.2.ls2.weight:weight_decay=0.0
06/28 01:47:29 - mmengine - INFO - paramwise_options -- backbone.network.1.0.conv.bias:weight_decay=0.0
06/28 01:47:29 - mmengine - INFO - paramwise_options -- backbone.network.1.0.bn.weight:weight_decay=0.0
06/28 01:47:29 - mmengine - INFO - paramwise_options -- backbone.network.1.0.bn.bias:weight_decay=0.0
06/28 01:47:29 - mmengine - INFO - paramwise_options -- backbone.network.1.1.mlp.fc1.bias:weight_decay=0.0
06/28 01:47:29 - mmengine - INFO - paramwise_options -- backbone.network.1.1.mlp.fc2.bias:weight_decay=0.0
06/28 01:47:29 - mmengine - INFO - paramwise_options -- backbone.network.1.1.mlp.norm1.weight:weight_decay=0.0
06/28 01:47:29 - mmengine - INFO - paramwise_options -- backbone.network.1.1.mlp.norm1.bias:weight_decay=0.0
06/28 01:47:29 - mmengine - INFO - paramwise_options -- backbone.network.1.1.mlp.norm2.weight:weight_decay=0.0
06/28 01:47:29 - mmengine - INFO - paramwise_options -- backbone.network.1.1.mlp.norm2.bias:weight_decay=0.0
06/28 01:47:29 - mmengine - INFO - paramwise_options -- backbone.network.1.1.ls1.weight:weight_decay=0.0
06/28 01:47:29 - mmengine - INFO - paramwise_options -- backbone.network.1.1.ls2.weight:weight_decay=0.0
06/28 01:47:29 - mmengine - INFO - paramwise_options -- backbone.network.1.2.mlp.fc1.bias:weight_decay=0.0
06/28 01:47:29 - mmengine - INFO - paramwise_options -- backbone.network.1.2.mlp.fc2.bias:weight_decay=0.0
06/28 01:47:29 - mmengine - INFO - paramwise_options -- backbone.network.1.2.mlp.norm1.weight:weight_decay=0.0
06/28 01:47:29 - mmengine - INFO - paramwise_options -- backbone.network.1.2.mlp.norm1.bias:weight_decay=0.0
06/28 01:47:29 - mmengine - INFO - paramwise_options -- backbone.network.1.2.mlp.norm2.weight:weight_decay=0.0
06/28 01:47:29 - mmengine - INFO - paramwise_options -- backbone.network.1.2.mlp.norm2.bias:weight_decay=0.0
06/28 01:47:29 - mmengine - INFO - paramwise_options -- backbone.network.1.2.ls1.weight:weight_decay=0.0
06/28 01:47:29 - mmengine - INFO - paramwise_options -- backbone.network.1.2.ls2.weight:weight_decay=0.0
06/28 01:47:29 - mmengine - INFO - paramwise_options -- backbone.network.2.0.conv.bias:weight_decay=0.0
06/28 01:47:29 - mmengine - INFO - paramwise_options -- backbone.network.2.0.bn.weight:weight_decay=0.0
06/28 01:47:29 - mmengine - INFO - paramwise_options -- backbone.network.2.0.bn.bias:weight_decay=0.0
06/28 01:47:29 - mmengine - INFO - paramwise_options -- backbone.network.2.1.mlp.fc1.bias:weight_decay=0.0
06/28 01:47:29 - mmengine - INFO - paramwise_options -- backbone.network.2.1.mlp.fc2.bias:weight_decay=0.0
06/28 01:47:29 - mmengine - INFO - paramwise_options -- backbone.network.2.1.mlp.norm1.weight:weight_decay=0.0
06/28 01:47:29 - mmengine - INFO - paramwise_options -- backbone.network.2.1.mlp.norm1.bias:weight_decay=0.0
06/28 01:47:29 - mmengine - INFO - paramwise_options -- backbone.network.2.1.mlp.norm2.weight:weight_decay=0.0
06/28 01:47:29 - mmengine - INFO - paramwise_options -- backbone.network.2.1.mlp.norm2.bias:weight_decay=0.0
06/28 01:47:29 - mmengine - INFO - paramwise_options -- backbone.network.2.1.ls1.weight:weight_decay=0.0
06/28 01:47:29 - mmengine - INFO - paramwise_options -- backbone.network.2.1.ls2.weight:weight_decay=0.0
06/28 01:47:29 - mmengine - INFO - paramwise_options -- backbone.network.2.2.mlp.fc1.bias:weight_decay=0.0
06/28 01:47:29 - mmengine - INFO - paramwise_options -- backbone.network.2.2.mlp.fc2.bias:weight_decay=0.0
06/28 01:47:29 - mmengine - INFO - paramwise_options -- backbone.network.2.2.mlp.norm1.weight:weight_decay=0.0
06/28 01:47:29 - mmengine - INFO - paramwise_options -- backbone.network.2.2.mlp.norm1.bias:weight_decay=0.0
06/28 01:47:29 - mmengine - INFO - paramwise_options -- backbone.network.2.2.mlp.norm2.weight:weight_decay=0.0
06/28 01:47:29 - mmengine - INFO - paramwise_options -- backbone.network.2.2.mlp.norm2.bias:weight_decay=0.0
06/28 01:47:29 - mmengine - INFO - paramwise_options -- backbone.network.2.2.ls1.weight:weight_decay=0.0
06/28 01:47:29 - mmengine - INFO - paramwise_options -- backbone.network.2.2.ls2.weight:weight_decay=0.0
06/28 01:47:29 - mmengine - INFO - paramwise_options -- backbone.network.2.3.mlp.fc1.bias:weight_decay=0.0
06/28 01:47:29 - mmengine - INFO - paramwise_options -- backbone.network.2.3.mlp.fc2.bias:weight_decay=0.0
06/28 01:47:29 - mmengine - INFO - paramwise_options -- backbone.network.2.3.mlp.norm1.weight:weight_decay=0.0
06/28 01:47:29 - mmengine - INFO - paramwise_options -- backbone.network.2.3.mlp.norm1.bias:weight_decay=0.0
06/28 01:47:29 - mmengine - INFO - paramwise_options -- backbone.network.2.3.mlp.norm2.weight:weight_decay=0.0
06/28 01:47:29 - mmengine - INFO - paramwise_options -- backbone.network.2.3.mlp.norm2.bias:weight_decay=0.0
06/28 01:47:29 - mmengine - INFO - paramwise_options -- backbone.network.2.3.ls1.weight:weight_decay=0.0
06/28 01:47:29 - mmengine - INFO - paramwise_options -- backbone.network.2.3.ls2.weight:weight_decay=0.0
06/28 01:47:29 - mmengine - INFO - paramwise_options -- backbone.network.2.4.mlp.fc1.bias:weight_decay=0.0
06/28 01:47:29 - mmengine - INFO - paramwise_options -- backbone.network.2.4.mlp.fc2.bias:weight_decay=0.0
06/28 01:47:29 - mmengine - INFO - paramwise_options -- backbone.network.2.4.mlp.norm1.weight:weight_decay=0.0
06/28 01:47:29 - mmengine - INFO - paramwise_options -- backbone.network.2.4.mlp.norm1.bias:weight_decay=0.0
06/28 01:47:29 - mmengine - INFO - paramwise_options -- backbone.network.2.4.mlp.norm2.weight:weight_decay=0.0
06/28 01:47:29 - mmengine - INFO - paramwise_options -- backbone.network.2.4.mlp.norm2.bias:weight_decay=0.0
06/28 01:47:29 - mmengine - INFO - paramwise_options -- backbone.network.2.4.ls1.weight:weight_decay=0.0
06/28 01:47:29 - mmengine - INFO - paramwise_options -- backbone.network.2.4.ls2.weight:weight_decay=0.0
06/28 01:47:29 - mmengine - INFO - paramwise_options -- backbone.network.2.5.mlp.fc1.bias:weight_decay=0.0
06/28 01:47:29 - mmengine - INFO - paramwise_options -- backbone.network.2.5.mlp.fc2.bias:weight_decay=0.0
06/28 01:47:29 - mmengine - INFO - paramwise_options -- backbone.network.2.5.mlp.norm1.weight:weight_decay=0.0
06/28 01:47:29 - mmengine - INFO - paramwise_options -- backbone.network.2.5.mlp.norm1.bias:weight_decay=0.0
06/28 01:47:29 - mmengine - INFO - paramwise_options -- backbone.network.2.5.mlp.norm2.weight:weight_decay=0.0
06/28 01:47:29 - mmengine - INFO - paramwise_options -- backbone.network.2.5.mlp.norm2.bias:weight_decay=0.0
06/28 01:47:29 - mmengine - INFO - paramwise_options -- backbone.network.2.5.ls1.weight:weight_decay=0.0
06/28 01:47:29 - mmengine - INFO - paramwise_options -- backbone.network.2.5.ls2.weight:weight_decay=0.0
06/28 01:47:29 - mmengine - INFO - paramwise_options -- backbone.network.2.6.mlp.fc1.bias:weight_decay=0.0
06/28 01:47:29 - mmengine - INFO - paramwise_options -- backbone.network.2.6.mlp.fc2.bias:weight_decay=0.0
06/28 01:47:29 - mmengine - INFO - paramwise_options -- backbone.network.2.6.mlp.norm1.weight:weight_decay=0.0
06/28 01:47:29 - mmengine - INFO - paramwise_options -- backbone.network.2.6.mlp.norm1.bias:weight_decay=0.0
06/28 01:47:29 - mmengine - INFO - paramwise_options -- backbone.network.2.6.mlp.norm2.weight:weight_decay=0.0
06/28 01:47:29 - mmengine - INFO - paramwise_options -- backbone.network.2.6.mlp.norm2.bias:weight_decay=0.0
06/28 01:47:29 - mmengine - INFO - paramwise_options -- backbone.network.2.6.ls1.weight:weight_decay=0.0
06/28 01:47:29 - mmengine - INFO - paramwise_options -- backbone.network.2.6.ls2.weight:weight_decay=0.0
06/28 01:47:29 - mmengine - INFO - paramwise_options -- backbone.network.3.0.conv.bias:weight_decay=0.0
06/28 01:47:29 - mmengine - INFO - paramwise_options -- backbone.network.3.0.bn.weight:weight_decay=0.0
06/28 01:47:29 - mmengine - INFO - paramwise_options -- backbone.network.3.0.bn.bias:weight_decay=0.0
06/28 01:47:29 - mmengine - INFO - paramwise_options -- backbone.network.3.1.mlp.fc1.bias:weight_decay=0.0
06/28 01:47:29 - mmengine - INFO - paramwise_options -- backbone.network.3.1.mlp.fc2.bias:weight_decay=0.0
06/28 01:47:29 - mmengine - INFO - paramwise_options -- backbone.network.3.1.mlp.norm1.weight:weight_decay=0.0
06/28 01:47:29 - mmengine - INFO - paramwise_options -- backbone.network.3.1.mlp.norm1.bias:weight_decay=0.0
06/28 01:47:29 - mmengine - INFO - paramwise_options -- backbone.network.3.1.mlp.norm2.weight:weight_decay=0.0
06/28 01:47:29 - mmengine - INFO - paramwise_options -- backbone.network.3.1.mlp.norm2.bias:weight_decay=0.0
06/28 01:47:29 - mmengine - INFO - paramwise_options -- backbone.network.3.1.ls1.weight:weight_decay=0.0
06/28 01:47:29 - mmengine - INFO - paramwise_options -- backbone.network.3.1.ls2.weight:weight_decay=0.0
06/28 01:47:29 - mmengine - INFO - paramwise_options -- backbone.network.3.2.mlp.fc1.bias:weight_decay=0.0
06/28 01:47:29 - mmengine - INFO - paramwise_options -- backbone.network.3.2.mlp.fc2.bias:weight_decay=0.0
06/28 01:47:29 - mmengine - INFO - paramwise_options -- backbone.network.3.2.mlp.norm1.weight:weight_decay=0.0
06/28 01:47:29 - mmengine - INFO - paramwise_options -- backbone.network.3.2.mlp.norm1.bias:weight_decay=0.0
06/28 01:47:29 - mmengine - INFO - paramwise_options -- backbone.network.3.2.mlp.norm2.weight:weight_decay=0.0
06/28 01:47:29 - mmengine - INFO - paramwise_options -- backbone.network.3.2.mlp.norm2.bias:weight_decay=0.0
06/28 01:47:29 - mmengine - INFO - paramwise_options -- backbone.network.3.2.ls1.weight:weight_decay=0.0
06/28 01:47:29 - mmengine - INFO - paramwise_options -- backbone.network.3.2.ls2.weight:weight_decay=0.0
06/28 01:47:29 - mmengine - INFO - paramwise_options -- backbone.network.3.3.mlp.fc1.bias:weight_decay=0.0
06/28 01:47:29 - mmengine - INFO - paramwise_options -- backbone.network.3.3.mlp.fc2.bias:weight_decay=0.0
06/28 01:47:29 - mmengine - INFO - paramwise_options -- backbone.network.3.3.mlp.norm1.weight:weight_decay=0.0
06/28 01:47:29 - mmengine - INFO - paramwise_options -- backbone.network.3.3.mlp.norm1.bias:weight_decay=0.0
06/28 01:47:29 - mmengine - INFO - paramwise_options -- backbone.network.3.3.mlp.norm2.weight:weight_decay=0.0
06/28 01:47:29 - mmengine - INFO - paramwise_options -- backbone.network.3.3.mlp.norm2.bias:weight_decay=0.0
06/28 01:47:29 - mmengine - INFO - paramwise_options -- backbone.network.3.3.ls1.weight:weight_decay=0.0
06/28 01:47:29 - mmengine - INFO - paramwise_options -- backbone.network.3.3.ls2.weight:weight_decay=0.0
06/28 01:47:29 - mmengine - INFO - paramwise_options -- backbone.network.3.5.norm1.weight:weight_decay=0.0
06/28 01:47:29 - mmengine - INFO - paramwise_options -- backbone.network.3.5.norm1.bias:weight_decay=0.0
06/28 01:47:29 - mmengine - INFO - paramwise_options -- backbone.network.3.5.token_mixer.qkv.bias:weight_decay=0.0
06/28 01:47:29 - mmengine - INFO - paramwise_options -- backbone.network.3.5.token_mixer.proj.bias:weight_decay=0.0
06/28 01:47:29 - mmengine - INFO - paramwise_options -- backbone.network.3.5.norm2.weight:weight_decay=0.0
06/28 01:47:29 - mmengine - INFO - paramwise_options -- backbone.network.3.5.norm2.bias:weight_decay=0.0
06/28 01:47:29 - mmengine - INFO - paramwise_options -- backbone.network.3.5.mlp.fc1.bias:weight_decay=0.0
06/28 01:47:29 - mmengine - INFO - paramwise_options -- backbone.network.3.5.mlp.fc2.bias:weight_decay=0.0
06/28 01:47:29 - mmengine - INFO - paramwise_options -- backbone.network.3.5.ls1.weight:weight_decay=0.0
06/28 01:47:29 - mmengine - INFO - paramwise_options -- backbone.network.3.5.ls2.weight:weight_decay=0.0
06/28 01:47:29 - mmengine - INFO - paramwise_options -- backbone.norm3.weight:weight_decay=0.0
06/28 01:47:29 - mmengine - INFO - paramwise_options -- backbone.norm3.bias:weight_decay=0.0
06/28 01:47:29 - mmengine - INFO - paramwise_options -- head.fc.bias:weight_decay=0.0
06/28 01:47:32 - mmengine - WARNING - "FileClient" will be deprecated in future. Please use io functions in https://mmengine.readthedocs.io/en/latest/api/fileio.html#file-io
06/28 01:47:32 - mmengine - WARNING - "HardDiskBackend" is the alias of "LocalBackend" and the former will be deprecated in future.
06/28 01:47:32 - mmengine - INFO - Checkpoints will be saved to /home/01/lsq/mmpretrain/work_dirs/efficientformer-l1_8xb128_in1k.
/root/miniconda3/envs/qq/lib/python3.8/site-packages/mmengine-0.10.4-py3.8.egg/mmengine/optim/optimizer/zero_optimizer.py:11: DeprecationWarning: `TorchScript` support for functional optimizers is deprecated and will be removed in a future PyTorch release. Consider using the `torch.compile` optimizer instead.
  from torch.distributed.optim import \
/root/miniconda3/envs/qq/lib/python3.8/site-packages/torchvision/io/image.py:11: UserWarning: Failed to load image Python extension: libtorch_cuda_cu.so: cannot open shared object file: No such file or directory
  warn(f"Failed to load image Python extension: {e}")
/root/miniconda3/envs/qq/lib/python3.8/site-packages/mmcv/cnn/bricks/conv_module.py:208: UserWarning: Unnecessary conv bias before batch/instance norm
  warnings.warn(
TCAPPDLL 2025-06-28 01:47:35.740775 - Epoch: 0 Iteration: 0  rank : 0  train.loss : 6.918840408325195  train.ips : 8.913282230624157 imgs/s train.total_time : 3.5901477336883545 
TCAPPDLL 2025-06-28 01:47:35.833114 - Epoch: 0 Iteration: 1  rank : 0  train.loss : 6.880600929260254  train.ips : 347.370550387958 imgs/s train.total_time : 0.09212064743041992 
TCAPPDLL 2025-06-28 01:47:35.925121 - Epoch: 0 Iteration: 2  rank : 0  train.loss : 6.906127452850342  train.ips : 348.29089606888084 imgs/s train.total_time : 0.09187722206115723 
TCAPPDLL 2025-06-28 01:47:35.986363 - Epoch: 0 Iteration: 3  rank : 0  train.loss : 6.929814338684082  train.ips : 523.4639532298764 imgs/s train.total_time : 0.06113123893737793 
TCAPPDLL 2025-06-28 01:47:36.032381 - Epoch: 0 Iteration: 4  rank : 0  train.loss : 6.909957408905029  train.ips : 696.7716427518326 imgs/s train.total_time : 0.04592609405517578 
TCAPPDLL 2025-06-28 01:47:36.573543 - Epoch: 0 Iteration: 5  rank : 0  train.loss : 6.89970064163208  train.ips : 59.14287993069476 imgs/s train.total_time : 0.541062593460083 
TCAPPDLL 2025-06-28 01:47:36.625509 - Epoch: 0 Iteration: 6  rank : 0  train.loss : 6.890937805175781  train.ips : 617.0986767694416 imgs/s train.total_time : 0.05185556411743164 
TCAPPDLL 2025-06-28 01:47:36.678791 - Epoch: 0 Iteration: 7  rank : 0  train.loss : 6.913857460021973  train.ips : 601.8165464238793 imgs/s train.total_time : 0.05317234992980957 
TCAPPDLL 2025-06-28 01:47:36.737934 - Epoch: 0 Iteration: 8  rank : 0  train.loss : 6.923937797546387  train.ips : 541.9982151149878 imgs/s train.total_time : 0.05904078483581543 
TCAPPDLL 2025-06-28 01:47:36.800403 - Epoch: 0 Iteration: 9  rank : 0  train.loss : 6.911537170410156  train.ips : 513.2118459038333 imgs/s train.total_time : 0.06235241889953613 
TCAPPDLL 2025-06-28 01:47:38.230375 - Epoch: 0 Iteration: 10  rank : 0  train.loss : 6.900174140930176  train.ips : 22.38029300304695 imgs/s train.total_time : 1.4298293590545654 
TCAPPDLL 2025-06-28 01:47:38.312863 - Epoch: 0 Iteration: 11  rank : 0  train.loss : 6.90181303024292  train.ips : 388.5796077659334 imgs/s train.total_time : 0.0823512077331543 
TCAPPDLL 2025-06-28 01:47:38.407529 - Epoch: 0 Iteration: 12  rank : 0  train.loss : 6.8938140869140625  train.ips : 338.48149315686874 imgs/s train.total_time : 0.09453988075256348 
TCAPPDLL 2025-06-28 01:47:38.487832 - Epoch: 0 Iteration: 13  rank : 0  train.loss : 6.902719497680664  train.ips : 399.1142380512 imgs/s train.total_time : 0.08017754554748535 
TCAPPDLL 2025-06-28 01:47:38.566980 - Epoch: 0 Iteration: 14  rank : 0  train.loss : 6.897283554077148  train.ips : 405.18804038062115 imgs/s train.total_time : 0.07897567749023438 
TCAPPDLL 2025-06-28 01:47:39.929835 - Epoch: 0 Iteration: 15  rank : 0  train.loss : 6.908958435058594  train.ips : 23.48198240833483 imgs/s train.total_time : 1.3627469539642334 
TCAPPDLL 2025-06-28 01:47:39.987885 - Epoch: 0 Iteration: 16  rank : 0  train.loss : 6.924176216125488  train.ips : 552.1182084444006 imgs/s train.total_time : 0.05795860290527344 
TCAPPDLL 2025-06-28 01:47:40.045988 - Epoch: 0 Iteration: 17  rank : 0  train.loss : 6.911059379577637  train.ips : 551.6530059473656 imgs/s train.total_time : 0.05800747871398926 
TCAPPDLL 2025-06-28 01:47:40.102720 - Epoch: 0 Iteration: 18  rank : 0  train.loss : 6.927204132080078  train.ips : 564.9750298866832 imgs/s train.total_time : 0.056639671325683594 
TCAPPDLL 2025-06-28 01:47:40.160263 - Epoch: 0 Iteration: 19  rank : 0  train.loss : 6.900252342224121  train.ips : 557.1119016092679 imgs/s train.total_time : 0.05743908882141113 
TCAPPDLL 2025-06-28 01:47:41.421991 - Epoch: 0 Iteration: 20  rank : 0  train.loss : 6.923129558563232  train.ips : 25.363901805909386 imgs/s train.total_time : 1.2616355419158936 
TCAPPDLL 2025-06-28 01:47:41.485801 - Epoch: 0 Iteration: 21  rank : 0  train.loss : 6.926699638366699  train.ips : 502.38330301465027 imgs/s train.total_time : 0.06369638442993164 
TCAPPDLL 2025-06-28 01:47:41.716056 - Epoch: 0 Iteration: 22  rank : 0  train.loss : 6.919721603393555  train.ips : 139.0609425055845 imgs/s train.total_time : 0.23011493682861328 
TCAPPDLL 2025-06-28 01:47:41.778588 - Epoch: 0 Iteration: 23  rank : 0  train.loss : 6.932651042938232  train.ips : 512.6473017000684 imgs/s train.total_time : 0.06242108345031738 
TCAPPDLL 2025-06-28 01:47:41.832084 - Epoch: 0 Iteration: 24  rank : 0  train.loss : 6.899147987365723  train.ips : 599.2344384816637 imgs/s train.total_time : 0.05340147018432617 
TCAPPDLL 2025-06-28 01:47:43.127881 - Epoch: 0 Iteration: 25  rank : 0  train.loss : 6.907526016235352  train.ips : 24.697314402207965 imgs/s train.total_time : 1.2956874370574951 
TCAPPDLL 2025-06-28 01:47:43.215641 - Epoch: 0 Iteration: 26  rank : 0  train.loss : 6.9018754959106445  train.ips : 365.07724362287223 imgs/s train.total_time : 0.08765268325805664 
TCAPPDLL 2025-06-28 01:47:43.402337 - Epoch: 0 Iteration: 27  rank : 0  train.loss : 6.908641815185547  train.ips : 171.48699707411808 imgs/s train.total_time : 0.18660306930541992 
TCAPPDLL 2025-06-28 01:47:43.458879 - Epoch: 0 Iteration: 28  rank : 0  train.loss : 6.904882431030273  train.ips : 566.8552893874379 imgs/s train.total_time : 0.05645179748535156 
TCAPPDLL 2025-06-28 01:47:43.535390 - Epoch: 0 Iteration: 29  rank : 0  train.loss : 6.928290367126465  train.ips : 418.82441342682307 imgs/s train.total_time : 0.07640433311462402 
TCAPPDLL 2025-06-28 01:47:44.613052 - Epoch: 0 Iteration: 30  rank : 0  train.loss : 6.91741943359375  train.ips : 29.697288743426306 imgs/s train.total_time : 1.0775394439697266 
TCAPPDLL 2025-06-28 01:47:44.696601 - Epoch: 0 Iteration: 31  rank : 0  train.loss : 6.889580726623535  train.ips : 383.5668952903521 imgs/s train.total_time : 0.08342742919921875 
TCAPPDLL 2025-06-28 01:47:45.495004 - Epoch: 0 Iteration: 32  rank : 0  train.loss : 6.913824081420898  train.ips : 40.08631696024572 imgs/s train.total_time : 0.7982773780822754 
TCAPPDLL 2025-06-28 01:47:45.567981 - Epoch: 0 Iteration: 33  rank : 0  train.loss : 6.928544044494629  train.ips : 439.2631303346075 imgs/s train.total_time : 0.07284927368164062 
TCAPPDLL 2025-06-28 01:47:45.620520 - Epoch: 0 Iteration: 34  rank : 0  train.loss : 6.893240451812744  train.ips : 610.4357444331247 imgs/s train.total_time : 0.05242156982421875 
TCAPPDLL 2025-06-28 01:47:46.320643 - Epoch: 0 Iteration: 35  rank : 0  train.loss : 6.903442859649658  train.ips : 45.71313043516762 imgs/s train.total_time : 0.7000176906585693 
TCAPPDLL 2025-06-28 01:47:46.412719 - Epoch: 0 Iteration: 36  rank : 0  train.loss : 6.919782638549805  train.ips : 348.0235753532284 imgs/s train.total_time : 0.09194779396057129 
TCAPPDLL 2025-06-28 01:47:47.002814 - Epoch: 0 Iteration: 37  rank : 0  train.loss : 6.933926105499268  train.ips : 54.24025501676296 imgs/s train.total_time : 0.5899677276611328 
TCAPPDLL 2025-06-28 01:47:47.087321 - Epoch: 0 Iteration: 38  rank : 0  train.loss : 6.894838333129883  train.ips : 379.2339694505507 imgs/s train.total_time : 0.0843806266784668 
TCAPPDLL 2025-06-28 01:47:47.161123 - Epoch: 0 Iteration: 39  rank : 0  train.loss : 6.894761085510254  train.ips : 434.3573622262567 imgs/s train.total_time : 0.07367205619812012 
TCAPPDLL 2025-06-28 01:47:48.153220 - Epoch: 0 Iteration: 40  rank : 0  train.loss : 6.909273624420166  train.ips : 32.258991546953226 imgs/s train.total_time : 0.991971492767334 
TCAPPDLL 2025-06-28 01:47:48.236345 - Epoch: 0 Iteration: 41  rank : 0  train.loss : 6.915179252624512  train.ips : 385.5357808653589 imgs/s train.total_time : 0.08300137519836426 
TCAPPDLL 2025-06-28 01:47:48.665112 - Epoch: 0 Iteration: 42  rank : 0  train.loss : 6.913045883178711  train.ips : 74.65183467970695 imgs/s train.total_time : 0.42865657806396484 
TCAPPDLL 2025-06-28 01:47:48.725811 - Epoch: 0 Iteration: 43  rank : 0  train.loss : 6.895043849945068  train.ips : 527.9963493599578 imgs/s train.total_time : 0.06060647964477539 
TCAPPDLL 2025-06-28 01:47:48.778665 - Epoch: 0 Iteration: 44  rank : 0  train.loss : 6.945768356323242  train.ips : 606.5323674684911 imgs/s train.total_time : 0.05275893211364746 
TCAPPDLL 2025-06-28 01:47:49.841169 - Epoch: 0 Iteration: 45  rank : 0  train.loss : 6.896559715270996  train.ips : 30.12008021385574 imgs/s train.total_time : 1.0624141693115234 
TCAPPDLL 2025-06-28 01:47:49.920273 - Epoch: 0 Iteration: 46  rank : 0  train.loss : 6.9146599769592285  train.ips : 405.97732634813855 imgs/s train.total_time : 0.07882213592529297 
TCAPPDLL 2025-06-28 01:47:50.361159 - Epoch: 0 Iteration: 47  rank : 0  train.loss : 6.900586128234863  train.ips : 72.59968724594142 imgs/s train.total_time : 0.44077324867248535 
TCAPPDLL 2025-06-28 01:47:50.416236 - Epoch: 0 Iteration: 48  rank : 0  train.loss : 6.865006446838379  train.ips : 581.981458837405 imgs/s train.total_time : 0.05498456954956055 
TCAPPDLL 2025-06-28 01:47:50.478146 - Epoch: 0 Iteration: 49  rank : 0  train.loss : 6.905063629150391  train.ips : 517.6635245838412 imgs/s train.total_time : 0.06181621551513672 
TCAPPDLL 2025-06-28 01:47:51.649561 - Epoch: 0 Iteration: 50  rank : 0  train.loss : 6.92609977722168  train.ips : 27.319923099078633 imgs/s train.total_time : 1.1713063716888428 
TCAPPDLL 2025-06-28 01:47:51.735320 - Epoch: 0 Iteration: 51  rank : 0  train.loss : 6.898946285247803  train.ips : 373.68025881317897 imgs/s train.total_time : 0.08563470840454102 
TCAPPDLL 2025-06-28 01:47:51.906343 - Epoch: 0 Iteration: 52  rank : 0  train.loss : 6.877452373504639  train.ips : 187.24493061552477 imgs/s train.total_time : 0.1708991527557373 
TCAPPDLL 2025-06-28 01:47:51.998885 - Epoch: 0 Iteration: 53  rank : 0  train.loss : 6.91370964050293  train.ips : 346.3164945633944 imgs/s train.total_time : 0.09240102767944336 
TCAPPDLL 2025-06-28 01:47:52.065447 - Epoch: 0 Iteration: 54  rank : 0  train.loss : 6.903448104858398  train.ips : 481.64717365716416 imgs/s train.total_time : 0.06643867492675781 
TCAPPDLL 2025-06-28 01:47:53.228488 - Epoch: 0 Iteration: 55  rank : 0  train.loss : 6.882482528686523  train.ips : 27.51659039441114 imgs/s train.total_time : 1.1629347801208496 
TCAPPDLL 2025-06-28 01:47:53.304980 - Epoch: 0 Iteration: 56  rank : 0  train.loss : 6.925426483154297  train.ips : 419.16711065861756 imgs/s train.total_time : 0.07634186744689941 
TCAPPDLL 2025-06-28 01:47:53.419307 - Epoch: 0 Iteration: 57  rank : 0  train.loss : 6.926905155181885  train.ips : 280.20344007632553 imgs/s train.total_time : 0.11420273780822754 
TCAPPDLL 2025-06-28 01:47:53.494249 - Epoch: 0 Iteration: 58  rank : 0  train.loss : 6.965174674987793  train.ips : 427.7051582331928 imgs/s train.total_time : 0.07481789588928223 
TCAPPDLL 2025-06-28 01:47:53.615413 - Epoch: 0 Iteration: 59  rank : 0  train.loss : 6.904569625854492  train.ips : 264.3460230238215 imgs/s train.total_time : 0.12105345726013184 
TCAPPDLL 2025-06-28 01:47:55.010628 - Epoch: 0 Iteration: 60  rank : 0  train.loss : 6.887727737426758  train.ips : 22.937519920279573 imgs/s train.total_time : 1.3950941562652588 
TCAPPDLL 2025-06-28 01:47:55.069241 - Epoch: 0 Iteration: 61  rank : 0  train.loss : 6.926673889160156  train.ips : 546.8186366377133 imgs/s train.total_time : 0.05852031707763672 
TCAPPDLL 2025-06-28 01:47:55.127948 - Epoch: 0 Iteration: 62  rank : 0  train.loss : 6.922396659851074  train.ips : 545.9822640219991 imgs/s train.total_time : 0.058609962463378906 
TCAPPDLL 2025-06-28 01:47:55.209730 - Epoch: 0 Iteration: 63  rank : 0  train.loss : 6.902210712432861  train.ips : 391.7999340275041 imgs/s train.total_time : 0.08167433738708496 
TCAPPDLL 2025-06-28 01:47:55.291782 - Epoch: 0 Iteration: 64  rank : 0  train.loss : 6.930872440338135  train.ips : 390.60497358962795 imgs/s train.total_time : 0.0819242000579834 
TCAPPDLL 2025-06-28 01:47:56.470680 - Epoch: 0 Iteration: 65  rank : 0  train.loss : 6.909001350402832  train.ips : 27.14678056830407 imgs/s train.total_time : 1.1787769794464111 
TCAPPDLL 2025-06-28 01:47:56.543444 - Epoch: 0 Iteration: 66  rank : 0  train.loss : 6.9210896492004395  train.ips : 440.6229888151696 imgs/s train.total_time : 0.07262444496154785 
TCAPPDLL 2025-06-28 01:47:56.604221 - Epoch: 0 Iteration: 67  rank : 0  train.loss : 6.928404808044434  train.ips : 527.7285427258179 imgs/s train.total_time : 0.06063723564147949 
TCAPPDLL 2025-06-28 01:47:56.666471 - Epoch: 0 Iteration: 68  rank : 0  train.loss : 6.893962383270264  train.ips : 515.0927888859039 imgs/s train.total_time : 0.06212472915649414 
TCAPPDLL 2025-06-28 01:47:56.728328 - Epoch: 0 Iteration: 69  rank : 0  train.loss : 6.932200908660889  train.ips : 518.3732798807358 imgs/s train.total_time : 0.061731576919555664 
TCAPPDLL 2025-06-28 01:47:58.098278 - Epoch: 0 Iteration: 70  rank : 0  train.loss : 6.914644718170166  train.ips : 23.360617669224624 imgs/s train.total_time : 1.3698267936706543 
TCAPPDLL 2025-06-28 01:47:58.175132 - Epoch: 0 Iteration: 71  rank : 0  train.loss : 6.91363525390625  train.ips : 417.0350549033986 imgs/s train.total_time : 0.07673215866088867 
TCAPPDLL 2025-06-28 01:47:58.325999 - Epoch: 0 Iteration: 72  rank : 0  train.loss : 6.9122314453125  train.ips : 212.27040500018978 imgs/s train.total_time : 0.15075111389160156 
TCAPPDLL 2025-06-28 01:47:58.394200 - Epoch: 0 Iteration: 73  rank : 0  train.loss : 6.865589141845703  train.ips : 470.0323165820347 imgs/s train.total_time : 0.06808042526245117 
TCAPPDLL 2025-06-28 01:47:58.467670 - Epoch: 0 Iteration: 74  rank : 0  train.loss : 6.9272050857543945  train.ips : 436.2335718975279 imgs/s train.total_time : 0.07335519790649414 
TCAPPDLL 2025-06-28 01:47:59.976238 - Epoch: 0 Iteration: 75  rank : 0  train.loss : 6.90429162979126  train.ips : 21.214284336916737 imgs/s train.total_time : 1.5084176063537598 
TCAPPDLL 2025-06-28 01:48:00.048569 - Epoch: 0 Iteration: 76  rank : 0  train.loss : 6.884895324707031  train.ips : 443.14122517977535 imgs/s train.total_time : 0.07221174240112305 
TCAPPDLL 2025-06-28 01:48:00.120874 - Epoch: 0 Iteration: 77  rank : 0  train.loss : 6.8808088302612305  train.ips : 443.32711700374233 imgs/s train.total_time : 0.07218146324157715 
TCAPPDLL 2025-06-28 01:48:00.201928 - Epoch: 0 Iteration: 78  rank : 0  train.loss : 6.867960453033447  train.ips : 395.42675996169993 imgs/s train.total_time : 0.08092522621154785 
TCAPPDLL 2025-06-28 01:48:00.291598 - Epoch: 0 Iteration: 79  rank : 0  train.loss : 6.868151664733887  train.ips : 357.34980510767 imgs/s train.total_time : 0.08954811096191406 
TCAPPDLL 2025-06-28 01:48:01.598637 - Epoch: 0 Iteration: 80  rank : 0  train.loss : 6.9103169441223145  train.ips : 24.48550793512088 imgs/s train.total_time : 1.3068954944610596 
TCAPPDLL 2025-06-28 01:48:01.659596 - Epoch: 0 Iteration: 81  rank : 0  train.loss : 6.929676055908203  train.ips : 525.9768788845433 imgs/s train.total_time : 0.060839176177978516 
TCAPPDLL 2025-06-28 01:48:01.735456 - Epoch: 0 Iteration: 82  rank : 0  train.loss : 6.910508632659912  train.ips : 422.54003053723494 imgs/s train.total_time : 0.07573246955871582 
TCAPPDLL 2025-06-28 01:48:01.816567 - Epoch: 0 Iteration: 83  rank : 0  train.loss : 6.910547256469727  train.ips : 395.14503322371615 imgs/s train.total_time : 0.08098292350769043 
TCAPPDLL 2025-06-28 01:48:01.884757 - Epoch: 0 Iteration: 84  rank : 0  train.loss : 6.924887180328369  train.ips : 470.0175025126156 imgs/s train.total_time : 0.06808257102966309 
TCAPPDLL 2025-06-28 01:48:03.251309 - Epoch: 0 Iteration: 85  rank : 0  train.loss : 6.922562599182129  train.ips : 23.418562150621835 imgs/s train.total_time : 1.3664374351501465 
TCAPPDLL 2025-06-28 01:48:03.319495 - Epoch: 0 Iteration: 86  rank : 0  train.loss : 6.919702053070068  train.ips : 470.06359379541976 imgs/s train.total_time : 0.06807589530944824 
TCAPPDLL 2025-06-28 01:48:03.396334 - Epoch: 0 Iteration: 87  rank : 0  train.loss : 6.929751873016357  train.ips : 417.15170879073065 imgs/s train.total_time : 0.07671070098876953 
TCAPPDLL 2025-06-28 01:48:03.486322 - Epoch: 0 Iteration: 88  rank : 0  train.loss : 6.8652143478393555  train.ips : 356.087922466923 imgs/s train.total_time : 0.08986544609069824 
TCAPPDLL 2025-06-28 01:48:03.574542 - Epoch: 0 Iteration: 89  rank : 0  train.loss : 6.909689426422119  train.ips : 363.2277207358855 imgs/s train.total_time : 0.08809900283813477 
TCAPPDLL 2025-06-28 01:48:05.087161 - Epoch: 0 Iteration: 90  rank : 0  train.loss : 6.880894184112549  train.ips : 21.156947421053395 imgs/s train.total_time : 1.5125055313110352 
TCAPPDLL 2025-06-28 01:48:05.145449 - Epoch: 0 Iteration: 91  rank : 0  train.loss : 6.9033203125  train.ips : 551.7641293802312 imgs/s train.total_time : 0.05799579620361328 
TCAPPDLL 2025-06-28 01:48:05.720702 - Epoch: 0 Iteration: 92  rank : 0  train.loss : 6.91746711730957  train.ips : 55.63968816042675 imgs/s train.total_time : 0.5751290321350098 
TCAPPDLL 2025-06-28 01:48:05.780889 - Epoch: 0 Iteration: 93  rank : 0  train.loss : 6.908607482910156  train.ips : 532.8722387206403 imgs/s train.total_time : 0.060051918029785156 
TCAPPDLL 2025-06-28 01:48:05.858886 - Epoch: 0 Iteration: 94  rank : 0  train.loss : 6.9157633781433105  train.ips : 410.9859236010105 imgs/s train.total_time : 0.07786154747009277 
TCAPPDLL 2025-06-28 01:48:06.690752 - Epoch: 0 Iteration: 95  rank : 0  train.loss : 6.909914016723633  train.ips : 38.47408430444632 imgs/s train.total_time : 0.8317286968231201 
TCAPPDLL 2025-06-28 01:48:06.773814 - Epoch: 0 Iteration: 96  rank : 0  train.loss : 6.903381824493408  train.ips : 385.86608018169534 imgs/s train.total_time : 0.08293032646179199 
TCAPPDLL 2025-06-28 01:48:07.245257 - Epoch: 0 Iteration: 97  rank : 0  train.loss : 6.918338775634766  train.ips : 67.89333756894032 imgs/s train.total_time : 0.471327543258667 
TCAPPDLL 2025-06-28 01:48:07.296117 - Epoch: 0 Iteration: 98  rank : 0  train.loss : 6.893519401550293  train.ips : 630.4764964792868 imgs/s train.total_time : 0.05075526237487793 
TCAPPDLL 2025-06-28 01:48:07.357133 - Epoch: 0 Iteration: 99  rank : 0  train.loss : 6.920435428619385  train.ips : 525.2975562409005 imgs/s train.total_time : 0.06091785430908203 
06/28 01:48:07 - mmengine - INFO - Epoch(train)   [1][  100/40037]  base_lr: 1.1235e-06 lr: 1.1235e-06  eta: 48 days, 22:08:40  time: 0.3781  data_time: 0.3139  memory: 2345  loss: 6.9072
TCAPPDLL 2025-06-28 01:48:08.204395 - Epoch: 0 Iteration: 100  rank : 0  train.loss : 6.888339996337891  train.ips : 37.773601653713605 imgs/s train.total_time : 0.8471524715423584 

