--------------+------------------------------------------------
 Host IP      | 10.244.49.185
 PyTorch      | 2.4.0a0+git4451b0e
 Torch-SDAA   | 20250616.14.30.dev0+git35328dc
--------------+------------------------------------------------
 SDAA Driver  | 2.1.0 (N/A)
 SDAA Runtime | 2.1.0 (/opt/tecoai/lib64/libsdaart.so)
 SDPTI        | 1.4.0b0 (/opt/tecoai/lib64/libsdpti.so)
 TecoDNN      | 2.2.0b0 (/opt/tecoai/lib64/libtecodnn.so)
 TecoBLAS     | 2.2.0b0 (/opt/tecoai/lib64/libtecoblas.so)
 CustomDNN    | 1.20.0a0 (/opt/tecoai/lib64/libtecodnn_ext.so)
 TecoRAND     | 2.0.1 (/opt/tecoai/lib64/libtecorand.so)
 TCCL         | 1.23.0 (/opt/tecoai/lib64/libtccl.so)
--------------+------------------------------------------------
/data/bigc-data/zjh/train5/lib/python3.10/site-packages/torch/distributed/launch.py:208: FutureWarning: The module torch.distributed.launch is deprecated
and will be removed in future. Use torchrun.
Note that --use-env is set by default in torchrun.
If your script expects `--local-rank` argument to be set, please
change it to read from `os.environ['LOCAL_RANK']` instead. See 
https://pytorch.org/docs/stable/distributed.html#launch-utility for 
further instructions

  main()
--------------+------------------------------------------------
 Host IP      | 10.244.49.185
 PyTorch      | 2.4.0a0+git4451b0e
 Torch-SDAA   | 20250616.14.30.dev0+git35328dc
--------------+------------------------------------------------
 SDAA Driver  | 2.1.0 (N/A)
 SDAA Runtime | 2.1.0 (/opt/tecoai/lib64/libsdaart.so)
 SDPTI        | 1.4.0b0 (/opt/tecoai/lib64/libsdpti.so)
 TecoDNN      | 2.2.0b0 (/opt/tecoai/lib64/libtecodnn.so)
 TecoBLAS     | 2.2.0b0 (/opt/tecoai/lib64/libtecoblas.so)
 CustomDNN    | 1.20.0a0 (/opt/tecoai/lib64/libtecodnn_ext.so)
 TecoRAND     | 2.0.1 (/opt/tecoai/lib64/libtecorand.so)
 TCCL         | 1.23.0 (/opt/tecoai/lib64/libtccl.so)
--------------+------------------------------------------------
/data/bigc-data/zjh/train5/lib/python3.10/site-packages/mmengine/optim/optimizer/zero_optimizer.py:11: DeprecationWarning: `TorchScript` support for functional optimizers is deprecated and will be removed in a future PyTorch release. Consider using the `torch.compile` optimizer instead.
  from torch.distributed.optim import \
/data/bigc-data/zjh/train5/lib/python3.10/site-packages/mmengine/utils/dl_utils/setup_env.py:46: UserWarning: Setting OMP_NUM_THREADS environment variable for each process to be 1 in default, to avoid your system being overloaded, please further tune the variable for optimal performance in your application as needed.
  warnings.warn(
/data/bigc-data/zjh/train5/lib/python3.10/site-packages/mmengine/utils/dl_utils/setup_env.py:56: UserWarning: Setting MKL_NUM_THREADS environment variable for each process to be 1 in default, to avoid your system being overloaded, please further tune the variable for optimal performance in your application as needed.
  warnings.warn(
07/10 09:34:34 - mmengine - INFO - 
------------------------------------------------------------
System environment:
    sys.platform: linux
    Python: 3.10.16 (main, Dec 11 2024, 16:24:50) [GCC 11.2.0]
    CUDA available: False
    MUSA available: False
    numpy_random_seed: 2002542438
    GCC: gcc (Ubuntu 11.4.0-1ubuntu1~22.04) 11.4.0
    PyTorch: 2.4.0a0+git4451b0e
    PyTorch compiling details: PyTorch built with:
  - GCC 11.5
  - C++ Version: 201703
  - Intel(R) oneAPI Math Kernel Library Version 2025.0-Product Build 20241009 for Intel(R) 64 architecture applications
  - Intel(R) MKL-DNN v3.4.2 (Git Hash 1137e04ec0b5251ca2b4400a4fd3c667ce843d67)
  - OpenMP 201511 (a.k.a. OpenMP 4.5)
  - LAPACK is enabled (usually provided by MKL)
  - NNPACK is enabled
  - CPU capability usage: AVX512
  - Build settings: BLAS_INFO=mkl, BUILD_TYPE=Release, CXX_COMPILER=/usr/bin/g++, CXX_FLAGS= -D_GLIBCXX_USE_CXX11_ABI=1 -fvisibility-inlines-hidden -DUSE_PTHREADPOOL -DNDEBUG -DUSE_KINETO -DLIBKINETO_NOCUPTI -DLIBKINETO_NOROCTRACER -DUSE_FBGEMM -DUSE_PYTORCH_QNNPACK -DUSE_XNNPACK -DSYMBOLICATE_MOBILE_DEBUG_HANDLE -O2 -fPIC -Wall -Wextra -Werror=return-type -Werror=non-virtual-dtor -Werror=range-loop-construct -Werror=bool-operation -Wnarrowing -Wno-missing-field-initializers -Wno-type-limits -Wno-array-bounds -Wno-unknown-pragmas -Wno-unused-parameter -Wno-unused-function -Wno-unused-result -Wno-strict-overflow -Wno-strict-aliasing -Wno-stringop-overflow -Wsuggest-override -Wno-psabi -Wno-error=pedantic -Wno-error=old-style-cast -Wno-missing-braces -fdiagnostics-color=always -faligned-new -Wno-unused-but-set-variable -Wno-maybe-uninitialized -fno-math-errno -fno-trapping-math -Werror=format -Wno-stringop-overflow, FORCE_FALLBACK_CUDA_MPI=1, LAPACK_INFO=mkl, PERF_WITH_AVX=1, PERF_WITH_AVX2=1, PERF_WITH_AVX512=1, TORCH_VERSION=2.4.0, USE_CUDA=OFF, USE_CUDNN=OFF, USE_CUSPARSELT=OFF, USE_EXCEPTION_PTR=1, USE_GFLAGS=OFF, USE_GLOG=OFF, USE_GLOO=ON, USE_MKL=ON, USE_MKLDNN=1, USE_MPI=ON, USE_NCCL=OFF, USE_NNPACK=ON, USE_OPENMP=ON, USE_ROCM=OFF, USE_ROCM_KERNEL_ASSERT=OFF, 

    TorchVision: 0.15.1a0+42759b1
    OpenCV: 4.11.0
    MMEngine: 0.10.4

Runtime environment:
    cudnn_benchmark: True
    mp_cfg: {'mp_start_method': 'fork', 'opencv_num_threads': 0}
    dist_cfg: {'backend': 'tccl'}
    seed: 2002542438
    Distributed launcher: pytorch
    Distributed training: True
    GPU number: 1
------------------------------------------------------------

07/10 09:34:35 - mmengine - INFO - Config:
crop_size = (
    832,
    832,
)
data_preprocessor = dict(
    bgr_to_rgb=True,
    mean=[
        123.675,
        116.28,
        103.53,
    ],
    pad_val=0,
    seg_pad_val=255,
    size=(
        832,
        832,
    ),
    std=[
        58.395,
        57.12,
        57.375,
    ],
    type='SegDataPreProcessor')
data_root = '/data/teco-data/Cityscapes/'
dataset_type = 'CityscapesDataset'
default_hooks = dict(
    checkpoint=dict(by_epoch=False, interval=8000, type='CheckpointHook'),
    logger=dict(interval=1, log_metric_by_epoch=False, type='LoggerHook'),
    param_scheduler=dict(type='ParamSchedulerHook'),
    sampler_seed=dict(type='DistSamplerSeedHook'),
    timer=dict(type='IterTimerHook'),
    visualization=dict(type='SegVisualizationHook'))
default_scope = 'mmseg'
env_cfg = dict(
    cudnn_benchmark=True,
    dist_cfg=dict(backend='nccl'),
    mp_cfg=dict(mp_start_method='fork', opencv_num_threads=0))
img_ratios = [
    0.5,
    0.75,
    1.0,
    1.25,
    1.5,
    1.75,
]
launcher = 'pytorch'
load_from = None
log_level = 'INFO'
log_processor = dict(by_epoch=False)
model = dict(
    auxiliary_head=[
        dict(
            align_corners=False,
            channels=128,
            concat_input=False,
            in_channels=128,
            in_index=0,
            loss_decode=dict(
                loss_weight=0.4, type='CrossEntropyLoss', use_sigmoid=False),
            norm_cfg=dict(requires_grad=True, type='SyncBN'),
            num_classes=19,
            num_convs=1,
            type='FCNHead'),
        dict(
            align_corners=False,
            channels=128,
            concat_input=False,
            in_channels=128,
            in_index=1,
            loss_decode=dict(
                loss_weight=0.4, type='CrossEntropyLoss', use_sigmoid=False),
            norm_cfg=dict(requires_grad=True, type='SyncBN'),
            num_classes=19,
            num_convs=1,
            type='FCNHead'),
    ],
    backbone=dict(
        align_corners=False,
        backbone_cfg=dict(
            contract_dilation=True,
            depth=50,
            dilations=(
                1,
                1,
                2,
                4,
            ),
            in_channels=3,
            norm_cfg=dict(requires_grad=True, type='SyncBN'),
            norm_eval=False,
            num_stages=4,
            out_indices=(
                0,
                1,
                2,
                3,
            ),
            strides=(
                1,
                2,
                1,
                1,
            ),
            style='pytorch',
            type='ResNetV1c'),
        in_channels=3,
        layer_channels=(
            512,
            2048,
        ),
        light_branch_middle_channels=32,
        norm_cfg=dict(requires_grad=True, type='SyncBN'),
        out_channels=(
            64,
            256,
            256,
        ),
        psp_out_channels=512,
        type='ICNet'),
    data_preprocessor=dict(
        bgr_to_rgb=True,
        mean=[
            123.675,
            116.28,
            103.53,
        ],
        pad_val=0,
        seg_pad_val=255,
        size=(
            832,
            832,
        ),
        std=[
            58.395,
            57.12,
            57.375,
        ],
        type='SegDataPreProcessor'),
    decode_head=dict(
        align_corners=False,
        channels=128,
        concat_input=False,
        dropout_ratio=0,
        in_channels=128,
        in_index=2,
        loss_decode=dict(
            loss_weight=1.0, type='CrossEntropyLoss', use_sigmoid=False),
        norm_cfg=dict(requires_grad=True, type='SyncBN'),
        num_classes=19,
        num_convs=1,
        type='FCNHead'),
    neck=dict(
        align_corners=False,
        in_channels=(
            64,
            256,
            256,
        ),
        norm_cfg=dict(requires_grad=True, type='SyncBN'),
        out_channels=128,
        type='ICNeck'),
    test_cfg=dict(mode='whole'),
    train_cfg=dict(),
    type='EncoderDecoder')
norm_cfg = dict(requires_grad=True, type='SyncBN')
optim_wrapper = dict(
    clip_grad=None,
    loss_scale='dynamic',
    optimizer=dict(lr=0.01, momentum=0.9, type='SGD', weight_decay=0.0005),
    type='AmpOptimWrapper')
optimizer = dict(lr=0.01, momentum=0.9, type='SGD', weight_decay=0.0005)
param_scheduler = [
    dict(
        begin=0,
        by_epoch=False,
        end=80000,
        eta_min=0.0001,
        power=0.9,
        type='PolyLR'),
]
resume = False
test_cfg = dict(type='TestLoop')
test_dataloader = dict(
    batch_size=1,
    dataset=dict(
        data_prefix=dict(
            img_path='leftImg8bit/val', seg_map_path='gtFine/val'),
        data_root='/data/teco-data/Cityscapes/',
        pipeline=[
            dict(type='LoadImageFromFile'),
            dict(keep_ratio=True, scale=(
                2048,
                1024,
            ), type='Resize'),
            dict(type='LoadAnnotations'),
            dict(type='PackSegInputs'),
        ],
        type='CityscapesDataset'),
    num_workers=4,
    persistent_workers=True,
    sampler=dict(shuffle=False, type='DefaultSampler'))
test_evaluator = dict(
    iou_metrics=[
        'mIoU',
    ], type='IoUMetric')
test_pipeline = [
    dict(type='LoadImageFromFile'),
    dict(keep_ratio=True, scale=(
        2048,
        1024,
    ), type='Resize'),
    dict(type='LoadAnnotations'),
    dict(type='PackSegInputs'),
]
train_cfg = dict(max_iters=80000, type='IterBasedTrainLoop', val_interval=8000)
train_dataloader = dict(
    batch_size=2,
    dataset=dict(
        data_prefix=dict(
            img_path='leftImg8bit/train', seg_map_path='gtFine/train'),
        data_root='/data/teco-data/Cityscapes/',
        pipeline=[
            dict(type='LoadImageFromFile'),
            dict(type='LoadAnnotations'),
            dict(
                keep_ratio=True,
                ratio_range=(
                    0.5,
                    2.0,
                ),
                scale=(
                    2048,
                    1024,
                ),
                type='RandomResize'),
            dict(
                cat_max_ratio=0.75, crop_size=(
                    832,
                    832,
                ), type='RandomCrop'),
            dict(prob=0.5, type='RandomFlip'),
            dict(type='PhotoMetricDistortion'),
            dict(type='PackSegInputs'),
        ],
        type='CityscapesDataset'),
    num_workers=2,
    persistent_workers=True,
    sampler=dict(shuffle=True, type='InfiniteSampler'))
train_pipeline = [
    dict(type='LoadImageFromFile'),
    dict(type='LoadAnnotations'),
    dict(
        keep_ratio=True,
        ratio_range=(
            0.5,
            2.0,
        ),
        scale=(
            2048,
            1024,
        ),
        type='RandomResize'),
    dict(cat_max_ratio=0.75, crop_size=(
        832,
        832,
    ), type='RandomCrop'),
    dict(prob=0.5, type='RandomFlip'),
    dict(type='PhotoMetricDistortion'),
    dict(type='PackSegInputs'),
]
tta_model = dict(type='SegTTAModel')
tta_pipeline = [
    dict(backend_args=None, type='LoadImageFromFile'),
    dict(
        transforms=[
            [
                dict(keep_ratio=True, scale_factor=0.5, type='Resize'),
                dict(keep_ratio=True, scale_factor=0.75, type='Resize'),
                dict(keep_ratio=True, scale_factor=1.0, type='Resize'),
                dict(keep_ratio=True, scale_factor=1.25, type='Resize'),
                dict(keep_ratio=True, scale_factor=1.5, type='Resize'),
                dict(keep_ratio=True, scale_factor=1.75, type='Resize'),
            ],
            [
                dict(direction='horizontal', prob=0.0, type='RandomFlip'),
                dict(direction='horizontal', prob=1.0, type='RandomFlip'),
            ],
            [
                dict(type='LoadAnnotations'),
            ],
            [
                dict(type='PackSegInputs'),
            ],
        ],
        type='TestTimeAug'),
]
val_cfg = dict(type='ValLoop')
val_dataloader = dict(
    batch_size=1,
    dataset=dict(
        data_prefix=dict(
            img_path='leftImg8bit/val', seg_map_path='gtFine/val'),
        data_root='/data/teco-data/Cityscapes/',
        pipeline=[
            dict(type='LoadImageFromFile'),
            dict(keep_ratio=True, scale=(
                2048,
                1024,
            ), type='Resize'),
            dict(type='LoadAnnotations'),
            dict(type='PackSegInputs'),
        ],
        type='CityscapesDataset'),
    num_workers=4,
    persistent_workers=True,
    sampler=dict(shuffle=False, type='DefaultSampler'))
val_evaluator = dict(
    iou_metrics=[
        'mIoU',
    ], type='IoUMetric')
vis_backends = [
    dict(type='LocalVisBackend'),
]
visualizer = dict(
    name='visualizer',
    type='SegLocalVisualizer',
    vis_backends=[
        dict(type='LocalVisBackend'),
    ])
work_dir = './work_dirs/icnet_r50-d8_4xb2-80k_cityscapes-832x832'

/data/bigc-data/zjh/new/deeplabv3/mmseg/models/losses/cross_entropy_loss.py:250: UserWarning: Default ``avg_non_ignore`` is False, if you would like to ignore the certain label and average loss over non-ignore labels, which is the same with PyTorch official cross_entropy, set ``avg_non_ignore=True``.
  warnings.warn(
/data/bigc-data/zjh/new/deeplabv3/mmseg/engine/hooks/visualization_hook.py:60: UserWarning: The draw is False, it means that the hook for visualization will not take effect. The results will NOT be visualized or stored.
  warnings.warn('The draw is False, it means that the '
07/10 09:34:47 - mmengine - INFO - Hooks will be executed in the following order:
before_run:
(VERY_HIGH   ) RuntimeInfoHook                    
(BELOW_NORMAL) LoggerHook                         
 -------------------- 
before_train:
(VERY_HIGH   ) RuntimeInfoHook                    
(NORMAL      ) IterTimerHook                      
(VERY_LOW    ) CheckpointHook                     
 -------------------- 
before_train_epoch:
(VERY_HIGH   ) RuntimeInfoHook                    
(NORMAL      ) IterTimerHook                      
(NORMAL      ) DistSamplerSeedHook                
 -------------------- 
before_train_iter:
(VERY_HIGH   ) RuntimeInfoHook                    
(NORMAL      ) IterTimerHook                      
 -------------------- 
after_train_iter:
(VERY_HIGH   ) RuntimeInfoHook                    
(NORMAL      ) IterTimerHook                      
(BELOW_NORMAL) LoggerHook                         
(LOW         ) ParamSchedulerHook                 
(VERY_LOW    ) CheckpointHook                     
 -------------------- 
after_train_epoch:
(NORMAL      ) IterTimerHook                      
(LOW         ) ParamSchedulerHook                 
(VERY_LOW    ) CheckpointHook                     
 -------------------- 
before_val:
(VERY_HIGH   ) RuntimeInfoHook                    
 -------------------- 
before_val_epoch:
(NORMAL      ) IterTimerHook                      
 -------------------- 
before_val_iter:
(NORMAL      ) IterTimerHook                      
 -------------------- 
after_val_iter:
(NORMAL      ) IterTimerHook                      
(NORMAL      ) SegVisualizationHook               
(BELOW_NORMAL) LoggerHook                         
 -------------------- 
after_val_epoch:
(VERY_HIGH   ) RuntimeInfoHook                    
(NORMAL      ) IterTimerHook                      
(BELOW_NORMAL) LoggerHook                         
(LOW         ) ParamSchedulerHook                 
(VERY_LOW    ) CheckpointHook                     
 -------------------- 
after_val:
(VERY_HIGH   ) RuntimeInfoHook                    
 -------------------- 
after_train:
(VERY_HIGH   ) RuntimeInfoHook                    
(VERY_LOW    ) CheckpointHook                     
 -------------------- 
before_test:
(VERY_HIGH   ) RuntimeInfoHook                    
 -------------------- 
before_test_epoch:
(NORMAL      ) IterTimerHook                      
 -------------------- 
before_test_iter:
(NORMAL      ) IterTimerHook                      
 -------------------- 
after_test_iter:
(NORMAL      ) IterTimerHook                      
(NORMAL      ) SegVisualizationHook               
(BELOW_NORMAL) LoggerHook                         
 -------------------- 
after_test_epoch:
(VERY_HIGH   ) RuntimeInfoHook                    
(NORMAL      ) IterTimerHook                      
(BELOW_NORMAL) LoggerHook                         
 -------------------- 
after_test:
(VERY_HIGH   ) RuntimeInfoHook                    
 -------------------- 
after_run:
(BELOW_NORMAL) LoggerHook                         
 -------------------- 
/data/bigc-data/zjh/train5/lib/python3.10/site-packages/albumentations/check_version.py:147: UserWarning: Error fetching version info The read operation timed out
  data = fetch_version_info()
07/10 09:34:53 - mmengine - WARNING - The prefix is not set in metric class IoUMetric.
07/10 09:34:55 - mmengine - WARNING - "FileClient" will be deprecated in future. Please use io functions in https://mmengine.readthedocs.io/en/latest/api/fileio.html#file-io
07/10 09:34:55 - mmengine - WARNING - "HardDiskBackend" is the alias of "LocalBackend" and the former will be deprecated in future.
07/10 09:34:55 - mmengine - INFO - Checkpoints will be saved to /data/bigc-data/zjh/new/icnet/run_scripts/work_dirs/icnet_r50-d8_4xb2-80k_cityscapes-832x832.
TCAPPDLL 2025-07-10 09:35:02.994099 - Epoch: 0 Iteration: 0  rank : 0  train.loss : 5.093090057373047  train.ips : 0.2722715221481276 imgs/s train.total_time : 7.345608472824097 
07/10 09:35:02 - mmengine - INFO - Iter(train) [    1/80000]  lr: 1.0000e-02  eta: 6 days, 19:13:59  time: 7.3456  data_time: 0.0245  memory: 1292  loss: 5.0931  decode.loss_ce: 2.7396  decode.acc_seg: 12.1925  aux_0.loss_ce: 1.1795  aux_0.acc_seg: 3.4987  aux_1.loss_ce: 1.1740  aux_1.acc_seg: 1.2079
TCAPPDLL 2025-07-10 09:35:09.375436 - Epoch: 0 Iteration: 1  rank : 0  train.loss : 4.0481038093566895  train.ips : 0.3134464692934028 imgs/s train.total_time : 6.380674839019775 
07/10 09:35:09 - mmengine - INFO - Iter(train) [    2/80000]  lr: 9.9999e-03  eta: 6 days, 8:30:35  time: 6.8631  data_time: 0.0234  memory: 1477  loss: 4.5706  decode.loss_ce: 2.4614  decode.acc_seg: 8.4019  aux_0.loss_ce: 1.0518  aux_0.acc_seg: 3.4535  aux_1.loss_ce: 1.0573  aux_1.acc_seg: 1.0766
TCAPPDLL 2025-07-10 09:35:15.980417 - Epoch: 0 Iteration: 2  rank : 0  train.loss : 5.333500385284424  train.ips : 0.3028260707273609 imgs/s train.total_time : 6.6044511795043945 
07/10 09:35:15 - mmengine - INFO - Iter(train) [    3/80000]  lr: 9.9998e-03  eta: 6 days, 6:35:30  time: 6.7769  data_time: 0.0248  memory: 1477  loss: 4.8249  decode.loss_ce: 2.6045  decode.acc_seg: 21.2659  aux_0.loss_ce: 1.0927  aux_0.acc_seg: 5.9463  aux_1.loss_ce: 1.1278  aux_1.acc_seg: 1.4366
TCAPPDLL 2025-07-10 09:35:22.539809 - Epoch: 0 Iteration: 3  rank : 0  train.loss : 4.904139995574951  train.ips : 0.3049275009985397 imgs/s train.total_time : 6.55893611907959 
07/10 09:35:22 - mmengine - INFO - Iter(train) [    4/80000]  lr: 9.9997e-03  eta: 6 days, 5:22:44  time: 6.7224  data_time: 0.0264  memory: 1477  loss: 4.8447  decode.loss_ce: 2.6261  decode.acc_seg: 19.4619  aux_0.loss_ce: 1.0814  aux_0.acc_seg: 13.5089  aux_1.loss_ce: 1.1372  aux_1.acc_seg: 2.0477
TCAPPDLL 2025-07-10 09:35:28.977609 - Epoch: 0 Iteration: 4  rank : 0  train.loss : 4.991349220275879  train.ips : 0.3106954681379853 imgs/s train.total_time : 6.437171459197998 
07/10 09:35:28 - mmengine - INFO - Iter(train) [    5/80000]  lr: 9.9996e-03  eta: 6 days, 4:06:33  time: 6.6653  data_time: 0.0267  memory: 1477  loss: 4.8740  decode.loss_ce: 2.6436  decode.acc_seg: 18.7218  aux_0.loss_ce: 1.0808  aux_0.acc_seg: 12.6141  aux_1.loss_ce: 1.1497  aux_1.acc_seg: 2.7638
TCAPPDLL 2025-07-10 09:35:35.753799 - Epoch: 0 Iteration: 5  rank : 0  train.loss : 4.906057834625244  train.ips : 0.2951839901387261 imgs/s train.total_time : 6.775435209274292 
07/10 09:35:35 - mmengine - INFO - Iter(train) [    6/80000]  lr: 9.9994e-03  eta: 6 days, 4:30:54  time: 6.6837  data_time: 0.0266  memory: 1477  loss: 4.8794  decode.loss_ce: 2.6369  decode.acc_seg: 28.4818  aux_0.loss_ce: 1.0834  aux_0.acc_seg: 15.6201  aux_1.loss_ce: 1.1590  aux_1.acc_seg: 2.6907
TCAPPDLL 2025-07-10 09:35:42.480011 - Epoch: 0 Iteration: 6  rank : 0  train.loss : 4.5144429206848145  train.ips : 0.2973733464104786 imgs/s train.total_time : 6.725552320480347 
07/10 09:35:42 - mmengine - INFO - Iter(train) [    7/80000]  lr: 9.9993e-03  eta: 6 days, 4:38:45  time: 6.6897  data_time: 0.0352  memory: 1477  loss: 4.8272  decode.loss_ce: 2.6017  decode.acc_seg: 55.9286  aux_0.loss_ce: 1.0711  aux_0.acc_seg: 20.5768  aux_1.loss_ce: 1.1544  aux_1.acc_seg: 3.5666
TCAPPDLL 2025-07-10 09:35:48.874964 - Epoch: 0 Iteration: 7  rank : 0  train.loss : 4.808190822601318  train.ips : 0.31277201512292974 imgs/s train.total_time : 6.394433975219727 
07/10 09:35:48 - mmengine - INFO - Iter(train) [    8/80000]  lr: 9.9992e-03  eta: 6 days, 3:49:26  time: 6.6528  data_time: 0.0342  memory: 1477  loss: 4.8249  decode.loss_ce: 2.5989  decode.acc_seg: 23.6143  aux_0.loss_ce: 1.0751  aux_0.acc_seg: 14.6950  aux_1.loss_ce: 1.1509  aux_1.acc_seg: 9.6926
TCAPPDLL 2025-07-10 09:35:55.174268 - Epoch: 0 Iteration: 8  rank : 0  train.loss : 4.34957218170166  train.ips : 0.31752007691998474 imgs/s train.total_time : 6.298814296722412 
07/10 09:35:55 - mmengine - INFO - Iter(train) [    9/80000]  lr: 9.9991e-03  eta: 6 days, 2:56:54  time: 6.6134  data_time: 0.0334  memory: 1477  loss: 4.7720  decode.loss_ce: 2.5664  decode.acc_seg: 55.9405  aux_0.loss_ce: 1.0619  aux_0.acc_seg: 48.1936  aux_1.loss_ce: 1.1437  aux_1.acc_seg: 24.5504
TCAPPDLL 2025-07-10 09:36:01.470979 - Epoch: 0 Iteration: 9  rank : 0  train.loss : 3.94018816947937  train.ips : 0.31765000263553145 imgs/s train.total_time : 6.296237945556641 
07/10 09:36:01 - mmengine - INFO - Iter(train) [   10/80000]  lr: 9.9990e-03  eta: 6 days, 2:14:30  time: 6.5817  data_time: 0.0325  memory: 1477  loss: 4.6889  decode.loss_ce: 2.5151  decode.acc_seg: 66.8085  aux_0.loss_ce: 1.0436  aux_0.acc_seg: 53.4614  aux_1.loss_ce: 1.1301  aux_1.acc_seg: 20.4862
TCAPPDLL 2025-07-10 09:36:07.674617 - Epoch: 0 Iteration: 10  rank : 0  train.loss : 4.189519882202148  train.ips : 0.3224165374320262 imgs/s train.total_time : 6.203155755996704 
07/10 09:36:07 - mmengine - INFO - Iter(train) [   11/80000]  lr: 9.9989e-03  eta: 6 days, 1:28:30  time: 6.4675  data_time: 0.0322  memory: 1476  loss: 4.5985  decode.loss_ce: 2.4709  decode.acc_seg: 28.9335  aux_0.loss_ce: 1.0198  aux_0.acc_seg: 30.8609  aux_1.loss_ce: 1.1077  aux_1.acc_seg: 23.5962
TCAPPDLL 2025-07-10 09:36:14.276400 - Epoch: 0 Iteration: 11  rank : 0  train.loss : 3.082040548324585  train.ips : 0.3029756495734522 imgs/s train.total_time : 6.601190567016602 
07/10 09:36:14 - mmengine - INFO - Iter(train) [   12/80000]  lr: 9.9988e-03  eta: 6 days, 1:34:23  time: 6.4895  data_time: 0.0332  memory: 1477  loss: 4.5019  decode.loss_ce: 2.4152  decode.acc_seg: 36.2038  aux_0.loss_ce: 0.9986  aux_0.acc_seg: 47.4924  aux_1.loss_ce: 1.0881  aux_1.acc_seg: 41.9624
TCAPPDLL 2025-07-10 09:36:20.555992 - Epoch: 0 Iteration: 12  rank : 0  train.loss : 4.047154903411865  train.ips : 0.3185218377256455 imgs/s train.total_time : 6.279004335403442 
07/10 09:36:20 - mmengine - INFO - Iter(train) [   13/80000]  lr: 9.9987e-03  eta: 6 days, 1:06:18  time: 6.4570  data_time: 0.0335  memory: 1477  loss: 4.3733  decode.loss_ce: 2.3462  decode.acc_seg: 39.7080  aux_0.loss_ce: 0.9725  aux_0.acc_seg: 44.5137  aux_1.loss_ce: 1.0545  aux_1.acc_seg: 41.3314
TCAPPDLL 2025-07-10 09:36:26.453442 - Epoch: 0 Iteration: 13  rank : 0  train.loss : 2.9059760570526123  train.ips : 0.33915148088647157 imgs/s train.total_time : 5.897069931030273 
07/10 09:36:26 - mmengine - INFO - Iter(train) [   14/80000]  lr: 9.9986e-03  eta: 6 days, 0:05:51  time: 6.3908  data_time: 0.0326  memory: 1477  loss: 4.1734  decode.loss_ce: 2.2266  decode.acc_seg: 26.3380  aux_0.loss_ce: 0.9384  aux_0.acc_seg: 34.2344  aux_1.loss_ce: 1.0084  aux_1.acc_seg: 41.9677
TCAPPDLL 2025-07-10 09:36:32.552518 - Epoch: 0 Iteration: 14  rank : 0  train.loss : 2.418010950088501  train.ips : 0.3279416487568695 imgs/s train.total_time : 6.098645925521851 
07/10 09:36:32 - mmengine - INFO - Iter(train) [   15/80000]  lr: 9.9984e-03  eta: 5 days, 23:31:21  time: 6.3569  data_time: 0.0321  memory: 1477  loss: 3.9161  decode.loss_ce: 2.0842  decode.acc_seg: 38.4203  aux_0.loss_ce: 0.8859  aux_0.acc_seg: 45.0284  aux_1.loss_ce: 0.9460  aux_1.acc_seg: 51.1186
TCAPPDLL 2025-07-10 09:36:38.675825 - Epoch: 0 Iteration: 15  rank : 0  train.loss : 2.6484549045562744  train.ips : 0.32664091187732214 imgs/s train.total_time : 6.122931718826294 
07/10 09:36:38 - mmengine - INFO - Iter(train) [   16/80000]  lr: 9.9983e-03  eta: 5 days, 23:03:11  time: 6.2917  data_time: 0.0317  memory: 1477  loss: 3.6904  decode.loss_ce: 1.9611  decode.acc_seg: 39.3127  aux_0.loss_ce: 0.8394  aux_0.acc_seg: 41.5610  aux_1.loss_ce: 0.8898  aux_1.acc_seg: 46.5524
TCAPPDLL 2025-07-10 09:36:44.974851 - Epoch: 0 Iteration: 16  rank : 0  train.loss : 4.008185863494873  train.ips : 0.3175364350245768 imgs/s train.total_time : 6.298489809036255 
07/10 09:36:44 - mmengine - INFO - Iter(train) [   17/80000]  lr: 9.9982e-03  eta: 5 days, 22:52:05  time: 6.2490  data_time: 0.0251  memory: 1477  loss: 3.6397  decode.loss_ce: 1.9505  decode.acc_seg: 28.6419  aux_0.loss_ce: 0.8271  aux_0.acc_seg: 27.2368  aux_1.loss_ce: 0.8622  aux_1.acc_seg: 27.4078
TCAPPDLL 2025-07-10 09:36:51.475566 - Epoch: 0 Iteration: 17  rank : 0  train.loss : 2.8556721210479736  train.ips : 0.3076804351873465 imgs/s train.total_time : 6.500250816345215 
07/10 09:36:51 - mmengine - INFO - Iter(train) [   18/80000]  lr: 9.9981e-03  eta: 5 days, 22:57:08  time: 6.2596  data_time: 0.0250  memory: 1477  loss: 3.4445  decode.loss_ce: 1.8356  decode.acc_seg: 59.6284  aux_0.loss_ce: 0.7883  aux_0.acc_seg: 57.9984  aux_1.loss_ce: 0.8205  aux_1.acc_seg: 57.4518
TCAPPDLL 2025-07-10 09:36:57.782488 - Epoch: 0 Iteration: 18  rank : 0  train.loss : 3.1646082401275635  train.ips : 0.31713370621188824 imgs/s train.total_time : 6.306488275527954 
07/10 09:36:57 - mmengine - INFO - Iter(train) [   19/80000]  lr: 9.9980e-03  eta: 5 days, 22:48:04  time: 6.2603  data_time: 0.0247  memory: 1477  loss: 3.3260  decode.loss_ce: 1.7677  decode.acc_seg: 43.6426  aux_0.loss_ce: 0.7688  aux_0.acc_seg: 43.9277  aux_1.loss_ce: 0.7895  aux_1.acc_seg: 41.2876
TCAPPDLL 2025-07-10 09:37:03.675188 - Epoch: 0 Iteration: 19  rank : 0  train.loss : 3.247612476348877  train.ips : 0.339428673857895 imgs/s train.total_time : 5.892254114151001 
07/10 09:37:03 - mmengine - INFO - Iter(train) [   20/80000]  lr: 9.9979e-03  eta: 5 days, 22:12:16  time: 6.2199  data_time: 0.0243  memory: 1477  loss: 3.2567  decode.loss_ce: 1.7321  decode.acc_seg: 37.2045  aux_0.loss_ce: 0.7558  aux_0.acc_seg: 46.1691  aux_1.loss_ce: 0.7689  aux_1.acc_seg: 41.7977
TCAPPDLL 2025-07-10 09:37:09.877474 - Epoch: 0 Iteration: 20  rank : 0  train.loss : 2.252896547317505  train.ips : 0.3224783238616356 imgs/s train.total_time : 6.201967239379883 
07/10 09:37:09 - mmengine - INFO - Iter(train) [   21/80000]  lr: 9.9978e-03  eta: 5 days, 21:59:33  time: 6.2198  data_time: 0.0242  memory: 1477  loss: 3.0631  decode.loss_ce: 1.6180  decode.acc_seg: 61.3727  aux_0.loss_ce: 0.7135  aux_0.acc_seg: 70.6254  aux_1.loss_ce: 0.7315  aux_1.acc_seg: 70.1514
TCAPPDLL 2025-07-10 09:37:15.676353 - Epoch: 0 Iteration: 21  rank : 0  train.loss : 1.957789659500122  train.ips : 0.3449142324454752 imgs/s train.total_time : 5.7985429763793945 
07/10 09:37:15 - mmengine - INFO - Iter(train) [   22/80000]  lr: 9.9977e-03  eta: 5 days, 21:23:31  time: 6.1395  data_time: 0.0226  memory: 1477  loss: 2.9506  decode.loss_ce: 1.5584  decode.acc_seg: 65.5481  aux_0.loss_ce: 0.6871  aux_0.acc_seg: 61.6678  aux_1.loss_ce: 0.7052  aux_1.acc_seg: 61.7637
TCAPPDLL 2025-07-10 09:37:21.583230 - Epoch: 0 Iteration: 22  rank : 0  train.loss : 1.6752816438674927  train.ips : 0.3386185566069812 imgs/s train.total_time : 5.90635085105896 
07/10 09:37:21 - mmengine - INFO - Iter(train) [   23/80000]  lr: 9.9975e-03  eta: 5 days, 20:56:52  time: 6.1023  data_time: 0.0218  memory: 1477  loss: 2.7134  decode.loss_ce: 1.4237  decode.acc_seg: 60.1954  aux_0.loss_ce: 0.6353  aux_0.acc_seg: 68.3326  aux_1.loss_ce: 0.6544  aux_1.acc_seg: 65.4283
TCAPPDLL 2025-07-10 09:37:27.675419 - Epoch: 0 Iteration: 23  rank : 0  train.loss : 2.6808156967163086  train.ips : 0.32831381237975077 imgs/s train.total_time : 6.091732740402222 
07/10 09:37:27 - mmengine - INFO - Iter(train) [   24/80000]  lr: 9.9974e-03  eta: 5 days, 20:42:43  time: 6.1217  data_time: 0.0222  memory: 1477  loss: 2.6909  decode.loss_ce: 1.4086  decode.acc_seg: 57.5514  aux_0.loss_ce: 0.6291  aux_0.acc_seg: 51.9646  aux_1.loss_ce: 0.6533  aux_1.acc_seg: 53.7088
TCAPPDLL 2025-07-10 09:37:33.571768 - Epoch: 0 Iteration: 24  rank : 0  train.loss : 2.265848398208618  train.ips : 0.33921864134179475 imgs/s train.total_time : 5.895902395248413 
07/10 09:37:33 - mmengine - INFO - Iter(train) [   25/80000]  lr: 9.9973e-03  eta: 5 days, 20:19:15  time: 6.1015  data_time: 0.0219  memory: 1477  loss: 2.6757  decode.loss_ce: 1.4064  decode.acc_seg: 42.0358  aux_0.loss_ce: 0.6226  aux_0.acc_seg: 55.1586  aux_1.loss_ce: 0.6468  aux_1.acc_seg: 52.5700
TCAPPDLL 2025-07-10 09:37:39.582332 - Epoch: 0 Iteration: 25  rank : 0  train.loss : 4.546706676483154  train.ips : 0.3327686435015704 imgs/s train.total_time : 6.010181665420532 
07/10 09:37:39 - mmengine - INFO - Iter(train) [   26/80000]  lr: 9.9972e-03  eta: 5 days, 20:03:27  time: 6.0902  data_time: 0.0224  memory: 1477  loss: 2.8655  decode.loss_ce: 1.5250  decode.acc_seg: 12.3859  aux_0.loss_ce: 0.6567  aux_0.acc_seg: 24.0170  aux_1.loss_ce: 0.6839  aux_1.acc_seg: 20.1164
TCAPPDLL 2025-07-10 09:37:46.071880 - Epoch: 0 Iteration: 26  rank : 0  train.loss : 1.8448406457901  train.ips : 0.30820876669141073 imgs/s train.total_time : 6.489108085632324 
07/10 09:37:46 - mmengine - INFO - Iter(train) [   27/80000]  lr: 9.9971e-03  eta: 5 days, 20:12:27  time: 6.1092  data_time: 0.0226  memory: 1477  loss: 2.6492  decode.loss_ce: 1.3930  decode.acc_seg: 69.6072  aux_0.loss_ce: 0.6119  aux_0.acc_seg: 72.2656  aux_1.loss_ce: 0.6443  aux_1.acc_seg: 72.0057
TCAPPDLL 2025-07-10 09:37:52.278880 - Epoch: 0 Iteration: 27  rank : 0  train.loss : 2.866464138031006  train.ips : 0.3222438593810977 imgs/s train.total_time : 6.206479787826538 
07/10 09:37:52 - mmengine - INFO - Iter(train) [   28/80000]  lr: 9.9970e-03  eta: 5 days, 20:07:21  time: 6.0799  data_time: 0.0227  memory: 1477  loss: 2.6503  decode.loss_ce: 1.4103  decode.acc_seg: 37.7919  aux_0.loss_ce: 0.6025  aux_0.acc_seg: 34.8751  aux_1.loss_ce: 0.6375  aux_1.acc_seg: 31.9754
TCAPPDLL 2025-07-10 09:37:58.672605 - Epoch: 0 Iteration: 28  rank : 0  train.loss : 2.6462059020996094  train.ips : 0.31282772183650726 imgs/s train.total_time : 6.3932952880859375 
07/10 09:37:58 - mmengine - INFO - Iter(train) [   29/80000]  lr: 9.9969e-03  eta: 5 days, 20:11:10  time: 6.0886  data_time: 0.0224  memory: 1477  loss: 2.5984  decode.loss_ce: 1.3898  decode.acc_seg: 55.6445  aux_0.loss_ce: 0.5865  aux_0.acc_seg: 55.7349  aux_1.loss_ce: 0.6221  aux_1.acc_seg: 53.2115
TCAPPDLL 2025-07-10 09:38:04.572146 - Epoch: 0 Iteration: 29  rank : 0  train.loss : 1.6216137409210205  train.ips : 0.33902887231076495 imgs/s train.total_time : 5.899202585220337 
07/10 09:38:04 - mmengine - INFO - Iter(train) [   30/80000]  lr: 9.9968e-03  eta: 5 days, 19:52:47  time: 6.0892  data_time: 0.0227  memory: 1477  loss: 2.4358  decode.loss_ce: 1.3040  decode.acc_seg: 70.8029  aux_0.loss_ce: 0.5483  aux_0.acc_seg: 64.4186  aux_1.loss_ce: 0.5835  aux_1.acc_seg: 64.0675
TCAPPDLL 2025-07-10 09:38:10.284211 - Epoch: 0 Iteration: 30  rank : 0  train.loss : 2.2021448612213135  train.ips : 0.35016490954060925 imgs/s train.total_time : 5.711594581604004 
07/10 09:38:10 - mmengine - INFO - Iter(train) [   31/80000]  lr: 9.9967e-03  eta: 5 days, 19:27:31  time: 6.0402  data_time: 0.0227  memory: 1477  loss: 2.4308  decode.loss_ce: 1.3068  decode.acc_seg: 59.3840  aux_0.loss_ce: 0.5470  aux_0.acc_seg: 55.8920  aux_1.loss_ce: 0.5770  aux_1.acc_seg: 56.4404
TCAPPDLL 2025-07-10 09:38:16.784589 - Epoch: 0 Iteration: 31  rank : 0  train.loss : 2.624724864959717  train.ips : 0.3076959418551107 imgs/s train.total_time : 6.499923229217529 
07/10 09:38:16 - mmengine - INFO - Iter(train) [   32/80000]  lr: 9.9965e-03  eta: 5 days, 19:36:39  time: 6.1103  data_time: 0.0261  memory: 1477  loss: 2.4975  decode.loss_ce: 1.3395  decode.acc_seg: 55.5007  aux_0.loss_ce: 0.5646  aux_0.acc_seg: 41.0858  aux_1.loss_ce: 0.5933  aux_1.acc_seg: 37.1829
TCAPPDLL 2025-07-10 09:38:22.673088 - Epoch: 0 Iteration: 32  rank : 0  train.loss : 2.5172207355499268  train.ips : 0.33967671825777423 imgs/s train.total_time : 5.887951374053955 
07/10 09:38:22 - mmengine - INFO - Iter(train) [   33/80000]  lr: 9.9964e-03  eta: 5 days, 19:20:30  time: 6.1085  data_time: 0.0304  memory: 1477  loss: 2.5817  decode.loss_ce: 1.3942  decode.acc_seg: 66.1809  aux_0.loss_ce: 0.5824  aux_0.acc_seg: 67.3409  aux_1.loss_ce: 0.6051  aux_1.acc_seg: 67.3102
TCAPPDLL 2025-07-10 09:38:28.774089 - Epoch: 0 Iteration: 33  rank : 0  train.loss : 2.3770010471343994  train.ips : 0.32784543387948656 imgs/s train.total_time : 6.100435733795166 
07/10 09:38:28 - mmengine - INFO - Iter(train) [   34/80000]  lr: 9.9963e-03  eta: 5 days, 19:13:38  time: 6.1094  data_time: 0.0304  memory: 1477  loss: 2.5513  decode.loss_ce: 1.3934  decode.acc_seg: 49.5558  aux_0.loss_ce: 0.5688  aux_0.acc_seg: 56.9749  aux_1.loss_ce: 0.5892  aux_1.acc_seg: 58.4969
TCAPPDLL 2025-07-10 09:38:35.173220 - Epoch: 0 Iteration: 34  rank : 0  train.loss : 3.1037819385528564  train.ips : 0.312571467408477 imgs/s train.total_time : 6.398536682128906 
07/10 09:38:35 - mmengine - INFO - Iter(train) [   35/80000]  lr: 9.9962e-03  eta: 5 days, 19:18:30  time: 6.1596  data_time: 0.0303  memory: 1477  loss: 2.6351  decode.loss_ce: 1.4400  decode.acc_seg: 54.4290  aux_0.loss_ce: 0.5861  aux_0.acc_seg: 53.7060  aux_1.loss_ce: 0.6090  aux_1.acc_seg: 47.6371
TCAPPDLL 2025-07-10 09:38:41.883887 - Epoch: 0 Iteration: 35  rank : 0  train.loss : 2.093535900115967  train.ips : 0.2980590012428529 imgs/s train.total_time : 6.710080862045288 
07/10 09:38:41 - mmengine - INFO - Iter(train) [   36/80000]  lr: 9.9961e-03  eta: 5 days, 19:34:38  time: 6.2296  data_time: 0.0297  memory: 1477  loss: 2.3898  decode.loss_ce: 1.2988  decode.acc_seg: 61.3961  aux_0.loss_ce: 0.5367  aux_0.acc_seg: 62.2779  aux_1.loss_ce: 0.5543  aux_1.acc_seg: 63.5699
TCAPPDLL 2025-07-10 09:38:47.656105 - Epoch: 0 Iteration: 36  rank : 0  train.loss : 1.9795222282409668  train.ips : 0.34651721736935 imgs/s train.total_time : 5.771718978881836 
07/10 09:38:47 - mmengine - INFO - Iter(train) [   37/80000]  lr: 9.9960e-03  eta: 5 days, 19:16:05  time: 6.1579  data_time: 0.0301  memory: 1477  loss: 2.4032  decode.loss_ce: 1.3055  decode.acc_seg: 74.1432  aux_0.loss_ce: 0.5394  aux_0.acc_seg: 68.9867  aux_1.loss_ce: 0.5583  aux_1.acc_seg: 57.5281
TCAPPDLL 2025-07-10 09:38:53.753298 - Epoch: 0 Iteration: 37  rank : 0  train.loss : 2.0451738834381104  train.ips : 0.3280406268500563 imgs/s train.total_time : 6.096805810928345 
07/10 09:38:53 - mmengine - INFO - Iter(train) [   38/80000]  lr: 9.9959e-03  eta: 5 days, 19:09:54  time: 6.1469  data_time: 0.0293  memory: 1477  loss: 2.3211  decode.loss_ce: 1.2567  decode.acc_seg: 67.7779  aux_0.loss_ce: 0.5233  aux_0.acc_seg: 66.7823  aux_1.loss_ce: 0.5411  aux_1.acc_seg: 67.0924
TCAPPDLL 2025-07-10 09:38:59.553146 - Epoch: 0 Iteration: 38  rank : 0  train.loss : 3.178589105606079  train.ips : 0.3448570040692479 imgs/s train.total_time : 5.799505233764648 
07/10 09:38:59 - mmengine - INFO - Iter(train) [   39/80000]  lr: 9.9958e-03  eta: 5 days, 18:53:52  time: 6.0875  data_time: 0.0295  memory: 1477  loss: 2.3743  decode.loss_ce: 1.2872  decode.acc_seg: 48.5822  aux_0.loss_ce: 0.5354  aux_0.acc_seg: 41.0493  aux_1.loss_ce: 0.5517  aux_1.acc_seg: 37.9681
TCAPPDLL 2025-07-10 09:39:05.751474 - Epoch: 0 Iteration: 39  rank : 0  train.loss : 2.5992259979248047  train.ips : 0.3226955884770788 imgs/s train.total_time : 6.197791576385498 
07/10 09:39:05 - mmengine - INFO - Iter(train) [   40/80000]  lr: 9.9957e-03  eta: 5 days, 18:51:55  time: 6.1174  data_time: 0.0297  memory: 1477  loss: 2.4721  decode.loss_ce: 1.3441  decode.acc_seg: 50.7566  aux_0.loss_ce: 0.5571  aux_0.acc_seg: 52.0691  aux_1.loss_ce: 0.5709  aux_1.acc_seg: 48.5754
TCAPPDLL 2025-07-10 09:39:11.753088 - Epoch: 0 Iteration: 40  rank : 0  train.loss : 1.3337048292160034  train.ips : 0.33326885358301417 imgs/s train.total_time : 6.0011608600616455 
07/10 09:39:11 - mmengine - INFO - Iter(train) [   41/80000]  lr: 9.9955e-03  eta: 5 days, 18:43:39  time: 6.1464  data_time: 0.0303  memory: 1477  loss: 2.3852  decode.loss_ce: 1.2953  decode.acc_seg: 76.1183  aux_0.loss_ce: 0.5378  aux_0.acc_seg: 73.5960  aux_1.loss_ce: 0.5521  aux_1.acc_seg: 71.2622
TCAPPDLL 2025-07-10 09:39:17.577306 - Epoch: 0 Iteration: 41  rank : 0  train.loss : 4.0761942863464355  train.ips : 0.34341247677589676 imgs/s train.total_time : 5.82390022277832 
07/10 09:39:17 - mmengine - INFO - Iter(train) [   42/80000]  lr: 9.9954e-03  eta: 5 days, 18:30:09  time: 6.0788  data_time: 0.0275  memory: 1477  loss: 2.5304  decode.loss_ce: 1.3835  decode.acc_seg: 23.8821  aux_0.loss_ce: 0.5703  aux_0.acc_seg: 25.9454  aux_1.loss_ce: 0.5766  aux_1.acc_seg: 28.0086
TCAPPDLL 2025-07-10 09:39:23.274788 - Epoch: 0 Iteration: 42  rank : 0  train.loss : 2.8304154872894287  train.ips : 0.35105311649632537 imgs/s train.total_time : 5.6971435546875 
07/10 09:39:23 - mmengine - INFO - Iter(train) [   43/80000]  lr: 9.9953e-03  eta: 5 days, 18:13:21  time: 6.0597  data_time: 0.0231  memory: 1477  loss: 2.5617  decode.loss_ce: 1.3878  decode.acc_seg: 51.8976  aux_0.loss_ce: 0.5815  aux_0.acc_seg: 46.1234  aux_1.loss_ce: 0.5924  aux_1.acc_seg: 40.6301
TCAPPDLL 2025-07-10 09:39:29.178810 - Epoch: 0 Iteration: 43  rank : 0  train.loss : 1.7506346702575684  train.ips : 0.3387714705796001 imgs/s train.total_time : 5.903684854507446 
07/10 09:39:29 - mmengine - INFO - Iter(train) [   44/80000]  lr: 9.9952e-03  eta: 5 days, 18:03:34  time: 6.0400  data_time: 0.0232  memory: 1477  loss: 2.4991  decode.loss_ce: 1.3576  decode.acc_seg: 55.4900  aux_0.loss_ce: 0.5649  aux_0.acc_seg: 62.4833  aux_1.loss_ce: 0.5766  aux_1.acc_seg: 60.5919
TCAPPDLL 2025-07-10 09:39:35.081717 - Epoch: 0 Iteration: 44  rank : 0  train.loss : 3.667503833770752  train.ips : 0.3388476371836596 imgs/s train.total_time : 5.902357816696167 
07/10 09:39:35 - mmengine - INFO - Iter(train) [   45/80000]  lr: 9.9951e-03  eta: 5 days, 17:54:10  time: 5.9904  data_time: 0.0229  memory: 1477  loss: 2.5555  decode.loss_ce: 1.3760  decode.acc_seg: 35.7841  aux_0.loss_ce: 0.5847  aux_0.acc_seg: 32.5490  aux_1.loss_ce: 0.5947  aux_1.acc_seg: 32.5250
TCAPPDLL 2025-07-10 09:39:40.985411 - Epoch: 0 Iteration: 45  rank : 0  train.loss : 3.2407875061035156  train.ips : 0.3388209352896495 imgs/s train.total_time : 5.902822971343994 
07/10 09:39:40 - mmengine - INFO - Iter(train) [   46/80000]  lr: 9.9950e-03  eta: 5 days, 17:45:12  time: 5.9097  data_time: 0.0263  memory: 1477  loss: 2.6702  decode.loss_ce: 1.4281  decode.acc_seg: 41.8947  aux_0.loss_ce: 0.6124  aux_0.acc_seg: 40.2568  aux_1.loss_ce: 0.6297  aux_1.acc_seg: 36.3872
TCAPPDLL 2025-07-10 09:39:47.180608 - Epoch: 0 Iteration: 46  rank : 0  train.loss : 2.2921955585479736  train.ips : 0.32287312544705526 imgs/s train.total_time : 6.19438362121582 
07/10 09:39:47 - mmengine - INFO - Iter(train) [   47/80000]  lr: 9.9949e-03  eta: 5 days, 17:44:52  time: 5.9519  data_time: 0.0278  memory: 1476  loss: 2.7014  decode.loss_ce: 1.4559  decode.acc_seg: 56.8788  aux_0.loss_ce: 0.6157  aux_0.acc_seg: 61.2172  aux_1.loss_ce: 0.6298  aux_1.acc_seg: 60.3787
TCAPPDLL 2025-07-10 09:39:53.159030 - Epoch: 0 Iteration: 47  rank : 0  train.loss : 1.9764631986618042  train.ips : 0.33458350324540026 imgs/s train.total_time : 5.977581024169922 
07/10 09:39:53 - mmengine - INFO - Iter(train) [   48/80000]  lr: 9.9948e-03  eta: 5 days, 17:38:31  time: 5.9400  data_time: 0.0284  memory: 1477  loss: 2.6946  decode.loss_ce: 1.4583  decode.acc_seg: 61.5393  aux_0.loss_ce: 0.6113  aux_0.acc_seg: 65.8604  aux_1.loss_ce: 0.6250  aux_1.acc_seg: 60.2438
TCAPPDLL 2025-07-10 09:39:59.050571 - Epoch: 0 Iteration: 48  rank : 0  train.loss : 2.326554775238037  train.ips : 0.33950123404286836 imgs/s train.total_time : 5.8909947872161865 
07/10 09:39:59 - mmengine - INFO - Iter(train) [   49/80000]  lr: 9.9947e-03  eta: 5 days, 17:30:05  time: 5.9491  data_time: 0.0289  memory: 1477  loss: 2.6094  decode.loss_ce: 1.4123  decode.acc_seg: 54.9767  aux_0.loss_ce: 0.5918  aux_0.acc_seg: 52.2447  aux_1.loss_ce: 0.6053  aux_1.acc_seg: 50.8283
TCAPPDLL 2025-07-10 09:40:04.771994 - Epoch: 0 Iteration: 49  rank : 0  train.loss : 2.265366554260254  train.ips : 0.34958621959991365 imgs/s train.total_time : 5.7210493087768555 
07/10 09:40:04 - mmengine - INFO - Iter(train) [   50/80000]  lr: 9.9945e-03  eta: 5 days, 17:17:26  time: 5.9015  data_time: 0.0291  memory: 1477  loss: 2.5760  decode.loss_ce: 1.3900  decode.acc_seg: 57.5654  aux_0.loss_ce: 0.5867  aux_0.acc_seg: 51.5345  aux_1.loss_ce: 0.5993  aux_1.acc_seg: 48.9159
TCAPPDLL 2025-07-10 09:40:10.576160 - Epoch: 0 Iteration: 50  rank : 0  train.loss : 1.73606538772583  train.ips : 0.3446002349832373 imgs/s train.total_time : 5.803826570510864 
07/10 09:40:10 - mmengine - INFO - Iter(train) [   51/80000]  lr: 9.9944e-03  eta: 5 days, 17:07:27  time: 5.8817  data_time: 0.0288  memory: 1477  loss: 2.6162  decode.loss_ce: 1.4148  decode.acc_seg: 63.8026  aux_0.loss_ce: 0.5961  aux_0.acc_seg: 64.4241  aux_1.loss_ce: 0.6054  aux_1.acc_seg: 66.5166
TCAPPDLL 2025-07-10 09:40:16.575806 - Epoch: 0 Iteration: 51  rank : 0  train.loss : 2.2169854640960693  train.ips : 0.33337033205578454 imgs/s train.total_time : 5.999334096908569 
07/10 09:40:16 - mmengine - INFO - Iter(train) [   52/80000]  lr: 9.9943e-03  eta: 5 days, 17:02:52  time: 5.8993  data_time: 0.0287  memory: 1477  loss: 2.4303  decode.loss_ce: 1.3148  decode.acc_seg: 61.4141  aux_0.loss_ce: 0.5496  aux_0.acc_seg: 62.2892  aux_1.loss_ce: 0.5658  aux_1.acc_seg: 59.7970
TCAPPDLL 2025-07-10 09:40:22.375128 - Epoch: 0 Iteration: 52  rank : 0  train.loss : 2.671992063522339  train.ips : 0.34489138702770356 imgs/s train.total_time : 5.798927068710327 
07/10 09:40:22 - mmengine - INFO - Iter(train) [   53/80000]  lr: 9.9942e-03  eta: 5 days, 16:53:24  time: 5.9095  data_time: 0.0285  memory: 1477  loss: 2.4145  decode.loss_ce: 1.3209  decode.acc_seg: 51.3343  aux_0.loss_ce: 0.5401  aux_0.acc_seg: 55.2343  aux_1.loss_ce: 0.5535  aux_1.acc_seg: 58.3983
TCAPPDLL 2025-07-10 09:40:28.758616 - Epoch: 0 Iteration: 53  rank : 0  train.loss : 2.419919490814209  train.ips : 0.3133356880364943 imgs/s train.total_time : 6.382930755615234 
07/10 09:40:28 - mmengine - INFO - Iter(train) [   54/80000]  lr: 9.9941e-03  eta: 5 days, 16:58:42  time: 5.9574  data_time: 0.0273  memory: 1477  loss: 2.4814  decode.loss_ce: 1.3524  decode.acc_seg: 52.7128  aux_0.loss_ce: 0.5600  aux_0.acc_seg: 55.1089  aux_1.loss_ce: 0.5690  aux_1.acc_seg: 54.8716
TCAPPDLL 2025-07-10 09:40:34.674534 - Epoch: 0 Iteration: 54  rank : 0  train.loss : 1.8439897298812866  train.ips : 0.3381060140258684 imgs/s train.total_time : 5.91530442237854 
07/10 09:40:34 - mmengine - INFO - Iter(train) [   55/80000]  lr: 9.9940e-03  eta: 5 days, 16:52:28  time: 5.9587  data_time: 0.0284  memory: 1477  loss: 2.2990  decode.loss_ce: 1.2647  decode.acc_seg: 63.7486  aux_0.loss_ce: 0.5144  aux_0.acc_seg: 64.7398  aux_1.loss_ce: 0.5200  aux_1.acc_seg: 62.8815
TCAPPDLL 2025-07-10 09:40:40.577138 - Epoch: 0 Iteration: 55  rank : 0  train.loss : 2.630596160888672  train.ips : 0.3388595866519682 imgs/s train.total_time : 5.902149677276611 
07/10 09:40:40 - mmengine - INFO - Iter(train) [   56/80000]  lr: 9.9939e-03  eta: 5 days, 16:46:09  time: 5.9586  data_time: 0.0251  memory: 1477  loss: 2.2380  decode.loss_ce: 1.2465  decode.acc_seg: 57.3413  aux_0.loss_ce: 0.4969  aux_0.acc_seg: 54.7376  aux_1.loss_ce: 0.4946  aux_1.acc_seg: 54.0865
TCAPPDLL 2025-07-10 09:40:46.781661 - Epoch: 0 Iteration: 56  rank : 0  train.loss : 1.428552269935608  train.ips : 0.32236426366163584 imgs/s train.total_time : 6.204161643981934 
07/10 09:40:46 - mmengine - INFO - Iter(train) [   57/80000]  lr: 9.9938e-03  eta: 5 days, 16:47:06  time: 5.9596  data_time: 0.0230  memory: 1477  loss: 2.1516  decode.loss_ce: 1.1928  decode.acc_seg: 55.7371  aux_0.loss_ce: 0.4802  aux_0.acc_seg: 59.1345  aux_1.loss_ce: 0.4786  aux_1.acc_seg: 53.5524
TCAPPDLL 2025-07-10 09:40:52.756833 - Epoch: 0 Iteration: 57  rank : 0  train.loss : 2.7430644035339355  train.ips : 0.3347383370320941 imgs/s train.total_time : 5.974816083908081 
07/10 09:40:52 - mmengine - INFO - Iter(train) [   58/80000]  lr: 9.9937e-03  eta: 5 days, 16:42:45  time: 5.9593  data_time: 0.0228  memory: 1477  loss: 2.2283  decode.loss_ce: 1.2259  decode.acc_seg: 55.0091  aux_0.loss_ce: 0.5019  aux_0.acc_seg: 50.9353  aux_1.loss_ce: 0.5005  aux_1.acc_seg: 50.7978
TCAPPDLL 2025-07-10 09:40:58.651999 - Epoch: 0 Iteration: 58  rank : 0  train.loss : 2.2743895053863525  train.ips : 0.339278281049923 imgs/s train.total_time : 5.894865989685059 
07/10 09:40:58 - mmengine - INFO - Iter(train) [   59/80000]  lr: 9.9935e-03  eta: 5 days, 16:36:44  time: 5.9597  data_time: 0.0222  memory: 1477  loss: 2.2231  decode.loss_ce: 1.2223  decode.acc_seg: 58.0108  aux_0.loss_ce: 0.5017  aux_0.acc_seg: 52.8523  aux_1.loss_ce: 0.4991  aux_1.acc_seg: 57.3638
TCAPPDLL 2025-07-10 09:41:04.152822 - Epoch: 0 Iteration: 59  rank : 0  train.loss : 2.9383273124694824  train.ips : 0.3636032166236288 imgs/s train.total_time : 5.500501394271851 
07/10 09:41:04 - mmengine - INFO - Iter(train) [   60/80000]  lr: 9.9934e-03  eta: 5 days, 16:22:10  time: 5.9377  data_time: 0.0213  memory: 1477  loss: 2.2904  decode.loss_ce: 1.2648  decode.acc_seg: 39.7862  aux_0.loss_ce: 0.5145  aux_0.acc_seg: 41.0427  aux_1.loss_ce: 0.5111  aux_1.acc_seg: 40.1283
TCAPPDLL 2025-07-10 09:41:10.178636 - Epoch: 0 Iteration: 60  rank : 0  train.loss : 2.076223373413086  train.ips : 0.33192159494414164 imgs/s train.total_time : 6.025519371032715 
07/10 09:41:10 - mmengine - INFO - Iter(train) [   61/80000]  lr: 9.9933e-03  eta: 5 days, 16:19:32  time: 5.9598  data_time: 0.0208  memory: 1477  loss: 2.3244  decode.loss_ce: 1.2799  decode.acc_seg: 61.2816  aux_0.loss_ce: 0.5235  aux_0.acc_seg: 56.3015  aux_1.loss_ce: 0.5210  aux_1.acc_seg: 56.4626
TCAPPDLL 2025-07-10 09:41:15.875654 - Epoch: 0 Iteration: 61  rank : 0  train.loss : 1.8881492614746094  train.ips : 0.3510790629831539 imgs/s train.total_time : 5.696722507476807 
07/10 09:41:15 - mmengine - INFO - Iter(train) [   62/80000]  lr: 9.9932e-03  eta: 5 days, 16:09:55  time: 5.9296  data_time: 0.0208  memory: 1477  loss: 2.2915  decode.loss_ce: 1.2601  decode.acc_seg: 66.3450  aux_0.loss_ce: 0.5170  aux_0.acc_seg: 68.2026  aux_1.loss_ce: 0.5145  aux_1.acc_seg: 67.8350
TCAPPDLL 2025-07-10 09:41:21.981935 - Epoch: 0 Iteration: 62  rank : 0  train.loss : 2.382646322250366  train.ips : 0.3275588416144044 imgs/s train.total_time : 6.105773210525513 
07/10 09:41:21 - mmengine - INFO - Iter(train) [   63/80000]  lr: 9.9931e-03  eta: 5 days, 16:09:15  time: 5.9602  data_time: 0.0211  memory: 1477  loss: 2.2626  decode.loss_ce: 1.2393  decode.acc_seg: 60.1081  aux_0.loss_ce: 0.5111  aux_0.acc_seg: 58.0528  aux_1.loss_ce: 0.5122  aux_1.acc_seg: 56.4096
TCAPPDLL 2025-07-10 09:41:27.578705 - Epoch: 0 Iteration: 63  rank : 0  train.loss : 2.031728506088257  train.ips : 0.3573747419466787 imgs/s train.total_time : 5.5963664054870605 
07/10 09:41:27 - mmengine - INFO - Iter(train) [   64/80000]  lr: 9.9930e-03  eta: 5 days, 15:58:00  time: 5.8816  data_time: 0.0222  memory: 1477  loss: 2.2238  decode.loss_ce: 1.2116  decode.acc_seg: 70.4002  aux_0.loss_ce: 0.5038  aux_0.acc_seg: 63.5473  aux_1.loss_ce: 0.5083  aux_1.acc_seg: 60.5068
TCAPPDLL 2025-07-10 09:41:33.570950 - Epoch: 0 Iteration: 64  rank : 0  train.loss : 2.857881546020508  train.ips : 0.333783066917779 imgs/s train.total_time : 5.991915702819824 
07/10 09:41:33 - mmengine - INFO - Iter(train) [   65/80000]  lr: 9.9929e-03  eta: 5 days, 15:55:13  time: 5.8892  data_time: 0.0220  memory: 1477  loss: 2.3252  decode.loss_ce: 1.2601  decode.acc_seg: 49.1272  aux_0.loss_ce: 0.5293  aux_0.acc_seg: 45.1634  aux_1.loss_ce: 0.5358  aux_1.acc_seg: 45.0734
TCAPPDLL 2025-07-10 09:41:39.550764 - Epoch: 0 Iteration: 65  rank : 0  train.loss : 2.658006191253662  train.ips : 0.334476016980804 imgs/s train.total_time : 5.979501962661743 
07/10 09:41:39 - mmengine - INFO - Iter(train) [   66/80000]  lr: 9.9928e-03  eta: 5 days, 15:52:15  time: 5.8970  data_time: 0.0220  memory: 1477  loss: 2.3279  decode.loss_ce: 1.2578  decode.acc_seg: 58.3767  aux_0.loss_ce: 0.5307  aux_0.acc_seg: 55.1109  aux_1.loss_ce: 0.5393  aux_1.acc_seg: 58.0951
TCAPPDLL 2025-07-10 09:41:44.950668 - Epoch: 0 Iteration: 66  rank : 0  train.loss : 3.385174512863159  train.ips : 0.3703982795478625 imgs/s train.total_time : 5.399593114852905 
07/10 09:41:44 - mmengine - INFO - Iter(train) [   67/80000]  lr: 9.9926e-03  eta: 5 days, 15:37:50  time: 5.8165  data_time: 0.0222  memory: 1477  loss: 2.5236  decode.loss_ce: 1.3694  decode.acc_seg: 35.4250  aux_0.loss_ce: 0.5722  aux_0.acc_seg: 32.3590  aux_1.loss_ce: 0.5819  aux_1.acc_seg: 34.8206
TCAPPDLL 2025-07-10 09:41:50.983805 - Epoch: 0 Iteration: 67  rank : 0  train.loss : 3.8277664184570312  train.ips : 0.3315316597098676 imgs/s train.total_time : 6.032606363296509 
07/10 09:41:50 - mmengine - INFO - Iter(train) [   68/80000]  lr: 9.9925e-03  eta: 5 days, 15:36:14  time: 5.8223  data_time: 0.0221  memory: 1477  loss: 2.6320  decode.loss_ce: 1.4437  decode.acc_seg: 33.1225  aux_0.loss_ce: 0.5944  aux_0.acc_seg: 28.0971  aux_1.loss_ce: 0.5939  aux_1.acc_seg: 35.9906
TCAPPDLL 2025-07-10 09:41:56.854238 - Epoch: 0 Iteration: 68  rank : 0  train.loss : 3.006742000579834  train.ips : 0.34071707297319614 imgs/s train.total_time : 5.8699729442596436 
07/10 09:41:56 - mmengine - INFO - Iter(train) [   69/80000]  lr: 9.9924e-03  eta: 5 days, 15:31:33  time: 5.8198  data_time: 0.0226  memory: 1477  loss: 2.7053  decode.loss_ce: 1.4872  decode.acc_seg: 41.8395  aux_0.loss_ce: 0.6104  aux_0.acc_seg: 42.7811  aux_1.loss_ce: 0.6076  aux_1.acc_seg: 43.3329
TCAPPDLL 2025-07-10 09:42:02.582615 - Epoch: 0 Iteration: 69  rank : 0  train.loss : 2.489846706390381  train.ips : 0.3491660269430245 imgs/s train.total_time : 5.727934122085571 
07/10 09:42:02 - mmengine - INFO - Iter(train) [   70/80000]  lr: 9.9923e-03  eta: 5 days, 15:24:18  time: 5.8426  data_time: 0.0234  memory: 1477  loss: 2.6604  decode.loss_ce: 1.4620  decode.acc_seg: 57.8071  aux_0.loss_ce: 0.6001  aux_0.acc_seg: 56.2662  aux_1.loss_ce: 0.5984  aux_1.acc_seg: 53.9627
TCAPPDLL 2025-07-10 09:42:08.476193 - Epoch: 0 Iteration: 70  rank : 0  train.loss : 2.947359085083008  train.ips : 0.33937454180374205 imgs/s train.total_time : 5.893193960189819 
07/10 09:42:08 - mmengine - INFO - Iter(train) [   71/80000]  lr: 9.9922e-03  eta: 5 days, 15:20:21  time: 5.8293  data_time: 0.0241  memory: 1477  loss: 2.7475  decode.loss_ce: 1.5170  decode.acc_seg: 48.2850  aux_0.loss_ce: 0.6170  aux_0.acc_seg: 47.9822  aux_1.loss_ce: 0.6135  aux_1.acc_seg: 48.0890
TCAPPDLL 2025-07-10 09:42:14.277977 - Epoch: 0 Iteration: 71  rank : 0  train.loss : 4.055774211883545  train.ips : 0.3447497307814003 imgs/s train.total_time : 5.801309823989868 
07/10 09:42:14 - mmengine - INFO - Iter(train) [   72/80000]  lr: 9.9921e-03  eta: 5 days, 15:14:48  time: 5.8398  data_time: 0.0241  memory: 1477  loss: 2.9643  decode.loss_ce: 1.6401  decode.acc_seg: 24.0932  aux_0.loss_ce: 0.6602  aux_0.acc_seg: 26.7989  aux_1.loss_ce: 0.6640  aux_1.acc_seg: 25.3897
TCAPPDLL 2025-07-10 09:42:20.378751 - Epoch: 0 Iteration: 72  rank : 0  train.loss : 1.8016939163208008  train.ips : 0.3278499440921134 imgs/s train.total_time : 6.100351810455322 
07/10 09:42:20 - mmengine - INFO - Iter(train) [   73/80000]  lr: 9.9920e-03  eta: 5 days, 15:14:51  time: 5.8392  data_time: 0.0246  memory: 1477  loss: 2.9062  decode.loss_ce: 1.6064  decode.acc_seg: 60.4928  aux_0.loss_ce: 0.6517  aux_0.acc_seg: 59.5092  aux_1.loss_ce: 0.6481  aux_1.acc_seg: 61.2626
TCAPPDLL 2025-07-10 09:42:26.275777 - Epoch: 0 Iteration: 73  rank : 0  train.loss : 2.7980964183807373  train.ips : 0.33917202255193 imgs/s train.total_time : 5.896712779998779 
07/10 09:42:26 - mmengine - INFO - Iter(train) [   74/80000]  lr: 9.9919e-03  eta: 5 days, 15:11:14  time: 5.8693  data_time: 0.0243  memory: 1477  loss: 2.9828  decode.loss_ce: 1.6531  decode.acc_seg: 57.1588  aux_0.loss_ce: 0.6675  aux_0.acc_seg: 52.3306  aux_1.loss_ce: 0.6622  aux_1.acc_seg: 52.2208
TCAPPDLL 2025-07-10 09:42:32.273000 - Epoch: 0 Iteration: 74  rank : 0  train.loss : 2.027782678604126  train.ips : 0.333509485247847 imgs/s train.total_time : 5.996830940246582 
07/10 09:42:32 - mmengine - INFO - Iter(train) [   75/80000]  lr: 9.9918e-03  eta: 5 days, 15:09:30  time: 5.8698  data_time: 0.0242  memory: 1477  loss: 2.8998  decode.loss_ce: 1.6108  decode.acc_seg: 56.7228  aux_0.loss_ce: 0.6478  aux_0.acc_seg: 54.0476  aux_1.loss_ce: 0.6412  aux_1.acc_seg: 57.4516
TCAPPDLL 2025-07-10 09:42:38.253384 - Epoch: 0 Iteration: 75  rank : 0  train.loss : 1.620259404182434  train.ips : 0.33445142638497327 imgs/s train.total_time : 5.9799416065216064 
07/10 09:42:38 - mmengine - INFO - Iter(train) [   76/80000]  lr: 9.9916e-03  eta: 5 days, 15:07:30  time: 5.8698  data_time: 0.0243  memory: 1477  loss: 2.7960  decode.loss_ce: 1.5468  decode.acc_seg: 68.0903  aux_0.loss_ce: 0.6309  aux_0.acc_seg: 55.9061  aux_1.loss_ce: 0.6183  aux_1.acc_seg: 58.7247
TCAPPDLL 2025-07-10 09:42:44.379411 - Epoch: 0 Iteration: 76  rank : 0  train.loss : 2.049818277359009  train.ips : 0.3264989665118387 imgs/s train.total_time : 6.125593662261963 
07/10 09:42:44 - mmengine - INFO - Iter(train) [   77/80000]  lr: 9.9915e-03  eta: 5 days, 15:08:05  time: 5.9424  data_time: 0.0241  memory: 1477  loss: 2.6625  decode.loss_ce: 1.4709  decode.acc_seg: 64.9396  aux_0.loss_ce: 0.6025  aux_0.acc_seg: 67.9124  aux_1.loss_ce: 0.5892  aux_1.acc_seg: 66.5199
TCAPPDLL 2025-07-10 09:42:50.652902 - Epoch: 0 Iteration: 77  rank : 0  train.loss : 1.696681022644043  train.ips : 0.3188229611451467 imgs/s train.total_time : 6.27307391166687 
07/10 09:42:50 - mmengine - INFO - Iter(train) [   78/80000]  lr: 9.9914e-03  eta: 5 days, 15:11:10  time: 5.9665  data_time: 0.0243  memory: 1477  loss: 2.4494  decode.loss_ce: 1.3358  decode.acc_seg: 71.4991  aux_0.loss_ce: 0.5593  aux_0.acc_seg: 66.2341  aux_1.loss_ce: 0.5543  aux_1.acc_seg: 68.2468
TCAPPDLL 2025-07-10 09:42:56.582491 - Epoch: 0 Iteration: 78  rank : 0  train.loss : 2.6245510578155518  train.ips : 0.3373137464810911 imgs/s train.total_time : 5.9291980266571045 
07/10 09:42:56 - mmengine - INFO - Iter(train) [   79/80000]  lr: 9.9913e-03  eta: 5 days, 15:08:21  time: 5.9724  data_time: 0.0241  memory: 1477  loss: 2.4112  decode.loss_ce: 1.3155  decode.acc_seg: 46.2086  aux_0.loss_ce: 0.5487  aux_0.acc_seg: 51.5833  aux_1.loss_ce: 0.5470  aux_1.acc_seg: 48.5543
TCAPPDLL 2025-07-10 09:43:02.552422 - Epoch: 0 Iteration: 79  rank : 0  train.loss : 2.123537302017212  train.ips : 0.33503103904693854 imgs/s train.total_time : 5.9695961475372314 
07/10 09:43:02 - mmengine - INFO - Iter(train) [   80/80000]  lr: 9.9912e-03  eta: 5 days, 15:06:18  time: 5.9966  data_time: 0.0233  memory: 1477  loss: 2.3746  decode.loss_ce: 1.2963  decode.acc_seg: 64.2265  aux_0.loss_ce: 0.5400  aux_0.acc_seg: 64.4770  aux_1.loss_ce: 0.5383  aux_1.acc_seg: 65.3436
TCAPPDLL 2025-07-10 09:43:08.376692 - Epoch: 0 Iteration: 80  rank : 0  train.loss : 2.1783547401428223  train.ips : 0.34342013888675665 imgs/s train.total_time : 5.82377028465271 
07/10 09:43:08 - mmengine - INFO - Iter(train) [   81/80000]  lr: 9.9911e-03  eta: 5 days, 15:01:53  time: 5.9896  data_time: 0.0233  memory: 1477  loss: 2.2977  decode.loss_ce: 1.2441  decode.acc_seg: 60.5242  aux_0.loss_ce: 0.5253  aux_0.acc_seg: 60.6260  aux_1.loss_ce: 0.5282  aux_1.acc_seg: 58.7825
TCAPPDLL 2025-07-10 09:43:14.254561 - Epoch: 0 Iteration: 81  rank : 0  train.loss : 1.5430644750595093  train.ips : 0.3402847313121853 imgs/s train.total_time : 5.8774309158325195 
07/10 09:43:14 - mmengine - INFO - Iter(train) [   82/80000]  lr: 9.9910e-03  eta: 5 days, 14:58:27  time: 5.9972  data_time: 0.0235  memory: 1477  loss: 2.0464  decode.loss_ce: 1.0980  decode.acc_seg: 61.8605  aux_0.loss_ce: 0.4766  aux_0.acc_seg: 64.1572  aux_1.loss_ce: 0.4717  aux_1.acc_seg: 61.1940
TCAPPDLL 2025-07-10 09:43:20.452409 - Epoch: 0 Iteration: 82  rank : 0  train.loss : 2.7890877723693848  train.ips : 0.3227197967243468 imgs/s train.total_time : 6.19732666015625 
07/10 09:43:20 - mmengine - INFO - Iter(train) [   83/80000]  lr: 9.9909e-03  eta: 5 days, 15:00:14  time: 6.0069  data_time: 0.0231  memory: 1477  loss: 2.1451  decode.loss_ce: 1.1495  decode.acc_seg: 46.5836  aux_0.loss_ce: 0.4995  aux_0.acc_seg: 42.5895  aux_1.loss_ce: 0.4962  aux_1.acc_seg: 45.4541
TCAPPDLL 2025-07-10 09:43:26.553261 - Epoch: 0 Iteration: 83  rank : 0  train.loss : 2.4368815422058105  train.ips : 0.32785510792541656 imgs/s train.total_time : 6.100255727767944 
07/10 09:43:26 - mmengine - INFO - Iter(train) [   84/80000]  lr: 9.9908e-03  eta: 5 days, 15:00:26  time: 6.0273  data_time: 0.0233  memory: 1477  loss: 2.1090  decode.loss_ce: 1.1309  decode.acc_seg: 55.9616  aux_0.loss_ce: 0.4891  aux_0.acc_seg: 56.3130  aux_1.loss_ce: 0.4890  aux_1.acc_seg: 51.1184
TCAPPDLL 2025-07-10 09:43:32.671736 - Epoch: 0 Iteration: 84  rank : 0  train.loss : 2.405639886856079  train.ips : 0.32690273766265426 imgs/s train.total_time : 6.118027687072754 
07/10 09:43:32 - mmengine - INFO - Iter(train) [   85/80000]  lr: 9.9906e-03  eta: 5 days, 15:00:54  time: 6.0394  data_time: 0.0240  memory: 1477  loss: 2.1468  decode.loss_ce: 1.1565  decode.acc_seg: 53.6633  aux_0.loss_ce: 0.4946  aux_0.acc_seg: 54.2550  aux_1.loss_ce: 0.4957  aux_1.acc_seg: 55.6751
TCAPPDLL 2025-07-10 09:43:38.882182 - Epoch: 0 Iteration: 85  rank : 0  train.loss : 3.6899302005767822  train.ips : 0.3220814691870851 imgs/s train.total_time : 6.209609031677246 
07/10 09:43:38 - mmengine - INFO - Iter(train) [   86/80000]  lr: 9.9905e-03  eta: 5 days, 15:02:46  time: 6.0624  data_time: 0.0253  memory: 1477  loss: 2.3538  decode.loss_ce: 1.2869  decode.acc_seg: 38.5198  aux_0.loss_ce: 0.5297  aux_0.acc_seg: 37.3194  aux_1.loss_ce: 0.5371  aux_1.acc_seg: 36.0628
TCAPPDLL 2025-07-10 09:43:45.157974 - Epoch: 0 Iteration: 86  rank : 0  train.loss : 1.578830599784851  train.ips : 0.31874683361386313 imgs/s train.total_time : 6.274572134017944 
07/10 09:43:45 - mmengine - INFO - Iter(train) [   87/80000]  lr: 9.9904e-03  eta: 5 days, 15:05:35  time: 6.0772  data_time: 0.0264  memory: 1477  loss: 2.3067  decode.loss_ce: 1.2603  decode.acc_seg: 77.6290  aux_0.loss_ce: 0.5198  aux_0.acc_seg: 73.9285  aux_1.loss_ce: 0.5265  aux_1.acc_seg: 72.8184
TCAPPDLL 2025-07-10 09:43:51.277700 - Epoch: 0 Iteration: 87  rank : 0  train.loss : 2.7161149978637695  train.ips : 0.32684809499322 imgs/s train.total_time : 6.1190505027771 
07/10 09:43:51 - mmengine - INFO - Iter(train) [   88/80000]  lr: 9.9903e-03  eta: 5 days, 15:05:59  time: 6.0618  data_time: 0.0283  memory: 1477  loss: 2.4086  decode.loss_ce: 1.3228  decode.acc_seg: 47.1775  aux_0.loss_ce: 0.5364  aux_0.acc_seg: 49.5236  aux_1.loss_ce: 0.5493  aux_1.acc_seg: 44.9762
TCAPPDLL 2025-07-10 09:43:56.954675 - Epoch: 0 Iteration: 88  rank : 0  train.loss : 2.2229607105255127  train.ips : 0.352333164403758 imgs/s train.total_time : 5.676445484161377 
07/10 09:43:56 - mmengine - INFO - Iter(train) [   89/80000]  lr: 9.9902e-03  eta: 5 days, 14:59:45  time: 6.0366  data_time: 0.0285  memory: 1477  loss: 2.3684  decode.loss_ce: 1.2984  decode.acc_seg: 54.9588  aux_0.loss_ce: 0.5289  aux_0.acc_seg: 46.7984  aux_1.loss_ce: 0.5412  aux_1.acc_seg: 45.0545
TCAPPDLL 2025-07-10 09:44:02.673804 - Epoch: 0 Iteration: 89  rank : 0  train.loss : 1.7724127769470215  train.ips : 0.3497284381237737 imgs/s train.total_time : 5.718722820281982 
07/10 09:44:02 - mmengine - INFO - Iter(train) [   90/80000]  lr: 9.9901e-03  eta: 5 days, 14:54:17  time: 6.0115  data_time: 0.0284  memory: 1477  loss: 2.3333  decode.loss_ce: 1.2788  decode.acc_seg: 47.5303  aux_0.loss_ce: 0.5221  aux_0.acc_seg: 48.6808  aux_1.loss_ce: 0.5324  aux_1.acc_seg: 49.5343
TCAPPDLL 2025-07-10 09:44:08.879303 - Epoch: 0 Iteration: 90  rank : 0  train.loss : 1.6685104370117188  train.ips : 0.3223149295037144 imgs/s train.total_time : 6.205111265182495 
07/10 09:44:08 - mmengine - INFO - Iter(train) [   91/80000]  lr: 9.9900e-03  eta: 5 days, 14:56:03  time: 6.0496  data_time: 0.0287  memory: 1477  loss: 2.2823  decode.loss_ce: 1.2556  decode.acc_seg: 57.5248  aux_0.loss_ce: 0.5095  aux_0.acc_seg: 60.1546  aux_1.loss_ce: 0.5173  aux_1.acc_seg: 56.9014
TCAPPDLL 2025-07-10 09:44:14.753363 - Epoch: 0 Iteration: 91  rank : 0  train.loss : 1.2809721231460571  train.ips : 0.34050240272628973 imgs/s train.total_time : 5.873673677444458 
07/10 09:44:14 - mmengine - INFO - Iter(train) [   92/80000]  lr: 9.9899e-03  eta: 5 days, 14:52:58  time: 6.0492  data_time: 0.0288  memory: 1477  loss: 2.2561  decode.loss_ce: 1.2407  decode.acc_seg: 78.8647  aux_0.loss_ce: 0.5044  aux_0.acc_seg: 77.0526  aux_1.loss_ce: 0.5111  aux_1.acc_seg: 77.5965
TCAPPDLL 2025-07-10 09:44:21.079370 - Epoch: 0 Iteration: 92  rank : 0  train.loss : 1.8581119775772095  train.ips : 0.3161729950014894 imgs/s train.total_time : 6.325650930404663 
07/10 09:44:21 - mmengine - INFO - Iter(train) [   93/80000]  lr: 9.9898e-03  eta: 5 days, 14:56:26  time: 6.0621  data_time: 0.0291  memory: 1477  loss: 2.1630  decode.loss_ce: 1.1922  decode.acc_seg: 52.1821  aux_0.loss_ce: 0.4803  aux_0.acc_seg: 43.2550  aux_1.loss_ce: 0.4905  aux_1.acc_seg: 50.4819
TCAPPDLL 2025-07-10 09:44:27.255301 - Epoch: 0 Iteration: 93  rank : 0  train.loss : 1.7454895973205566  train.ips : 0.32385725724907216 imgs/s train.total_time : 6.175560235977173 
07/10 09:44:27 - mmengine - INFO - Iter(train) [   94/80000]  lr: 9.9896e-03  eta: 5 days, 14:57:42  time: 6.0696  data_time: 0.0296  memory: 1477  loss: 2.0939  decode.loss_ce: 1.1550  decode.acc_seg: 63.9460  aux_0.loss_ce: 0.4667  aux_0.acc_seg: 65.1217  aux_1.loss_ce: 0.4722  aux_1.acc_seg: 66.2058
TCAPPDLL 2025-07-10 09:44:33.373518 - Epoch: 0 Iteration: 94  rank : 0  train.loss : 2.8593087196350098  train.ips : 0.3269113369490245 imgs/s train.total_time : 6.11786675453186 
07/10 09:44:33 - mmengine - INFO - Iter(train) [   95/80000]  lr: 9.9895e-03  eta: 5 days, 14:58:07  time: 6.0696  data_time: 0.0287  memory: 1477  loss: 2.1393  decode.loss_ce: 1.1730  decode.acc_seg: 46.5350  aux_0.loss_ce: 0.4824  aux_0.acc_seg: 47.7955  aux_1.loss_ce: 0.4839  aux_1.acc_seg: 50.2195
TCAPPDLL 2025-07-10 09:44:39.678330 - Epoch: 0 Iteration: 95  rank : 0  train.loss : 1.784400463104248  train.ips : 0.3172347604950939 imgs/s train.total_time : 6.304479360580444 
07/10 09:44:39 - mmengine - INFO - Iter(train) [   96/80000]  lr: 9.9894e-03  eta: 5 days, 15:01:07  time: 6.0791  data_time: 0.0274  memory: 1477  loss: 1.9487  decode.loss_ce: 1.0580  decode.acc_seg: 70.1309  aux_0.loss_ce: 0.4434  aux_0.acc_seg: 71.0619  aux_1.loss_ce: 0.4473  aux_1.acc_seg: 67.5530
TCAPPDLL 2025-07-10 09:44:46.277663 - Epoch: 0 Iteration: 96  rank : 0  train.loss : 1.9050827026367188  train.ips : 0.30308313432449174 imgs/s train.total_time : 6.598849534988403 
07/10 09:44:46 - mmengine - INFO - Iter(train) [   97/80000]  lr: 9.9893e-03  eta: 5 days, 15:08:06  time: 6.1115  data_time: 0.0270  memory: 1477  loss: 1.9813  decode.loss_ce: 1.0758  decode.acc_seg: 59.2255  aux_0.loss_ce: 0.4513  aux_0.acc_seg: 57.3809  aux_1.loss_ce: 0.4543  aux_1.acc_seg: 59.6427
TCAPPDLL 2025-07-10 09:44:52.475424 - Epoch: 0 Iteration: 97  rank : 0  train.loss : 3.0060620307922363  train.ips : 0.32272265229554664 imgs/s train.total_time : 6.197271823883057 
07/10 09:44:52 - mmengine - INFO - Iter(train) [   98/80000]  lr: 9.9892e-03  eta: 5 days, 15:09:29  time: 6.1193  data_time: 0.0256  memory: 1477  loss: 2.0103  decode.loss_ce: 1.0865  decode.acc_seg: 45.5101  aux_0.loss_ce: 0.4615  aux_0.acc_seg: 44.7945  aux_1.loss_ce: 0.4623  aux_1.acc_seg: 42.6803
TCAPPDLL 2025-07-10 09:44:58.280578 - Epoch: 0 Iteration: 98  rank : 0  train.loss : 1.4395954608917236  train.ips : 0.34454287017581503 imgs/s train.total_time : 5.804792881011963 
07/10 09:44:58 - mmengine - INFO - Iter(train) [   99/80000]  lr: 9.9891e-03  eta: 5 days, 15:05:33  time: 6.1322  data_time: 0.0261  memory: 1476  loss: 1.9320  decode.loss_ce: 1.0428  decode.acc_seg: 61.8464  aux_0.loss_ce: 0.4450  aux_0.acc_seg: 61.2698  aux_1.loss_ce: 0.4442  aux_1.acc_seg: 62.1486
TCAPPDLL 2025-07-10 09:45:04.581297 - Epoch: 0 Iteration: 99  rank : 0  train.loss : 1.7138025760650635  train.ips : 0.31743974115021106 imgs/s train.total_time : 6.300408363342285 
