(lzw) root@0a5ed1a7ba12:~/lzw/big_transfer# python3 -m bit_pytorch.train --name imagenet_`date +%F_%H%M%S` --model BiT-M-R50x1 --logdir /tmp/bit_logs --dataset imagenet2012 --datadir ~/data/imagenet --batch 4 --base_lr 0.00025 --workers 2 --eval_every 100 --batch_split 4
2025-05-20 10:18:43,463 [INFO] bit_common: Namespace(name='imagenet_2025-05-20_101840', model='BiT-M-R50x1', logdir='/tmp/bit_logs', bit_pretrained_dir='.', dataset='imagenet2012', examples_per_class=None, examples_per_class_seed=0, batch=4, batch_split=4, base_lr=0.00025, eval_every=100, datadir='/root/data/imagenet', workers=2, save=True)
2025-05-20 10:18:43,497 [INFO] bit_common: Going to train on cuda:0


2025-05-20 10:49:56,148 [INFO] bit_common: Using a training set with 1281167 images.
2025-05-20 10:49:56,149 [INFO] bit_common: Using a validation set with 50000 images.
2025-05-20 10:49:56,150 [INFO] bit_common: Loading model from BiT-M-R50x1.npz
2025-05-20 10:49:57,235 [INFO] bit_common: Moving model onto all GPUs
2025-05-20 10:49:57,458 [INFO] bit_common: Model will be saved in '/tmp/bit_logs/imagenet_2025-05-20_101840/bit.pth.tar'
2025-05-20 10:49:57,460 [INFO] bit_common: Fine-tuning from BiT
2025-05-20 10:49:57,463 [INFO] bit_common: Starting training!
2025-05-20 10:49:59,634 [INFO] bit_common: [step 0 (1/4)]: loss=6.90776 (lr=0.0e+00)
2025-05-20 10:49:59,683 [INFO] bit_common: [step 0 (2/4)]: loss=6.90776 (lr=0.0e+00)
2025-05-20 10:49:59,736 [INFO] bit_common: [step 0 (3/4)]: loss=6.90776 (lr=0.0e+00)
2025-05-20 10:49:59,791 [INFO] bit_common: [step 0 (4/4)]: loss=6.90776 (lr=0.0e+00)
2025-05-20 10:49:59,842 [INFO] bit_common: [step 1 (1/4)]: loss=6.90776 (lr=5.0e-07)
2025-05-20 10:49:59,920 [INFO] bit_common: [step 1 (2/4)]: loss=6.90776 (lr=5.0e-07)
2025-05-20 10:49:59,957 [INFO] bit_common: [step 1 (3/4)]: loss=6.90776 (lr=5.0e-07)
2025-05-20 10:50:00,266 [INFO] bit_common: [step 1 (4/4)]: loss=6.90776 (lr=5.0e-07)
2025-05-20 10:50:00,314 [INFO] bit_common: [step 2 (1/4)]: loss=6.90776 (lr=1.0e-06)
2025-05-20 10:50:02,046 [INFO] bit_common: [step 2 (2/4)]: loss=6.90776 (lr=1.0e-06)
2025-05-20 10:50:02,086 [INFO] bit_common: [step 2 (3/4)]: loss=6.90776 (lr=1.0e-06)
2025-05-20 10:50:02,448 [INFO] bit_common: [step 2 (4/4)]: loss=6.90776 (lr=1.0e-06)
2025-05-20 10:50:02,492 [INFO] bit_common: [step 3 (1/4)]: loss=6.90777 (lr=1.5e-06)
2025-05-20 10:50:02,722 [INFO] bit_common: [step 3 (2/4)]: loss=6.90778 (lr=1.5e-06)
2025-05-20 10:50:02,757 [INFO] bit_common: [step 3 (3/4)]: loss=6.90778 (lr=1.5e-06)
2025-05-20 10:50:03,115 [INFO] bit_common: [step 3 (4/4)]: loss=6.90777 (lr=1.5e-06)
2025-05-20 10:50:03,156 [INFO] bit_common: [step 4 (1/4)]: loss=6.90381 (lr=2.0e-06)
2025-05-20 10:50:03,471 [INFO] bit_common: [step 4 (2/4)]: loss=6.90781 (lr=2.0e-06)
2025-05-20 10:50:03,508 [INFO] bit_common: [step 4 (3/4)]: loss=6.90781 (lr=2.0e-06)
2025-05-20 10:50:03,606 [INFO] bit_common: [step 4 (4/4)]: loss=6.90781 (lr=2.0e-06)
2025-05-20 10:50:03,646 [INFO] bit_common: [step 5 (1/4)]: loss=6.90786 (lr=2.5e-06)
2025-05-20 10:50:04,862 [INFO] bit_common: [step 5 (2/4)]: loss=6.90785 (lr=2.5e-06)
2025-05-20 10:50:04,901 [INFO] bit_common: [step 5 (3/4)]: loss=6.90785 (lr=2.5e-06)
2025-05-20 10:50:05,133 [INFO] bit_common: [step 5 (4/4)]: loss=6.90784 (lr=2.5e-06)
2025-05-20 10:50:05,183 [INFO] bit_common: [step 6 (1/4)]: loss=6.90792 (lr=3.0e-06)
2025-05-20 10:50:05,273 [INFO] bit_common: [step 6 (2/4)]: loss=6.90792 (lr=3.0e-06)
2025-05-20 10:50:05,314 [INFO] bit_common: [step 6 (3/4)]: loss=6.90791 (lr=3.0e-06)
2025-05-20 10:50:05,562 [INFO] bit_common: [step 6 (4/4)]: loss=6.90791 (lr=3.0e-06)
2025-05-20 10:50:05,602 [INFO] bit_common: [step 7 (1/4)]: loss=6.89626 (lr=3.5e-06)
2025-05-20 10:50:05,803 [INFO] bit_common: [step 7 (2/4)]: loss=6.90801 (lr=3.5e-06)
2025-05-20 10:50:05,843 [INFO] bit_common: [step 7 (3/4)]: loss=6.90802 (lr=3.5e-06)
2025-05-20 10:50:06,202 [INFO] bit_common: [step 7 (4/4)]: loss=6.90802 (lr=3.5e-06)
2025-05-20 10:50:06,246 [INFO] bit_common: [step 8 (1/4)]: loss=6.90812 (lr=4.0e-06)
2025-05-20 10:50:06,435 [INFO] bit_common: [step 8 (2/4)]: loss=6.90811 (lr=4.0e-06)
2025-05-20 10:50:06,471 [INFO] bit_common: [step 8 (3/4)]: loss=6.90809 (lr=4.0e-06)
2025-05-20 10:50:07,998 [INFO] bit_common: [step 8 (4/4)]: loss=6.90809 (lr=4.0e-06)
2025-05-20 10:50:08,037 [INFO] bit_common: [step 9 (1/4)]: loss=6.90821 (lr=4.5e-06)
2025-05-20 10:50:08,262 [INFO] bit_common: [step 9 (2/4)]: loss=6.90823 (lr=4.5e-06)
2025-05-20 10:50:08,301 [INFO] bit_common: [step 9 (3/4)]: loss=6.90829 (lr=4.5e-06)
2025-05-20 10:50:08,392 [INFO] bit_common: [step 9 (4/4)]: loss=6.90826 (lr=4.5e-06)
2025-05-20 10:50:08,445 [INFO] bit_common: [step 10 (1/4)]: loss=6.90840 (lr=5.0e-06)
2025-05-20 10:50:08,578 [INFO] bit_common: [step 10 (2/4)]: loss=6.90843 (lr=5.0e-06)
2025-05-20 10:50:08,625 [INFO] bit_common: [step 10 (3/4)]: loss=6.90841 (lr=5.0e-06)
2025-05-20 10:50:08,719 [INFO] bit_common: [step 10 (4/4)]: loss=6.90845 (lr=5.0e-06)
2025-05-20 10:50:08,768 [INFO] bit_common: [step 11 (1/4)]: loss=6.90868 (lr=5.5e-06)
2025-05-20 10:50:08,921 [INFO] bit_common: [step 11 (2/4)]: loss=6.90865 (lr=5.5e-06)
2025-05-20 10:50:08,960 [INFO] bit_common: [step 11 (3/4)]: loss=6.90852 (lr=5.5e-06)
2025-05-20 10:50:09,140 [INFO] bit_common: [step 11 (4/4)]: loss=6.90862 (lr=5.5e-06)
2025-05-20 10:50:09,179 [INFO] bit_common: [step 12 (1/4)]: loss=6.90882 (lr=6.0e-06)
2025-05-20 10:50:09,219 [INFO] bit_common: [step 12 (2/4)]: loss=6.90887 (lr=6.0e-06)
2025-05-20 10:50:09,257 [INFO] bit_common: [step 12 (3/4)]: loss=6.90893 (lr=6.0e-06)
2025-05-20 10:50:09,406 [INFO] bit_common: [step 12 (4/4)]: loss=6.90874 (lr=6.0e-06)
2025-05-20 10:50:09,447 [INFO] bit_common: [step 13 (1/4)]: loss=6.90911 (lr=6.5e-06)
2025-05-20 10:50:09,557 [INFO] bit_common: [step 13 (2/4)]: loss=6.90899 (lr=6.5e-06)
2025-05-20 10:50:09,596 [INFO] bit_common: [step 13 (3/4)]: loss=6.90911 (lr=6.5e-06)
2025-05-20 10:50:10,890 [INFO] bit_common: [step 13 (4/4)]: loss=6.90892 (lr=6.5e-06)
2025-05-20 10:50:10,931 [INFO] bit_common: [step 14 (1/4)]: loss=6.90954 (lr=7.0e-06)
2025-05-20 10:50:10,970 [INFO] bit_common: [step 14 (2/4)]: loss=6.90942 (lr=7.0e-06)
2025-05-20 10:50:11,015 [INFO] bit_common: [step 14 (3/4)]: loss=6.90936 (lr=7.0e-06)
2025-05-20 10:50:11,090 [INFO] bit_common: [step 14 (4/4)]: loss=6.90946 (lr=7.0e-06)
2025-05-20 10:50:11,131 [INFO] bit_common: [step 15 (1/4)]: loss=6.90961 (lr=7.5e-06)
2025-05-20 10:50:11,195 [INFO] bit_common: [step 15 (2/4)]: loss=6.90971 (lr=7.5e-06)
2025-05-20 10:50:11,234 [INFO] bit_common: [step 15 (3/4)]: loss=6.90954 (lr=7.5e-06)
2025-05-20 10:50:11,273 [INFO] bit_common: [step 15 (4/4)]: loss=6.90976 (lr=7.5e-06)
2025-05-20 10:50:11,311 [INFO] bit_common: [step 16 (1/4)]: loss=6.91030 (lr=8.0e-06)
2025-05-20 10:50:11,347 [INFO] bit_common: [step 16 (2/4)]: loss=6.90994 (lr=8.0e-06)
2025-05-20 10:50:11,423 [INFO] bit_common: [step 16 (3/4)]: loss=6.91014 (lr=8.0e-06)
2025-05-20 10:50:11,495 [INFO] bit_common: [step 16 (4/4)]: loss=6.91001 (lr=8.0e-06)
2025-05-20 10:50:11,536 [INFO] bit_common: [step 17 (1/4)]: loss=6.91012 (lr=8.5e-06)
2025-05-20 10:50:11,619 [INFO] bit_common: [step 17 (2/4)]: loss=6.91014 (lr=8.5e-06)
2025-05-20 10:50:11,660 [INFO] bit_common: [step 17 (3/4)]: loss=6.91038 (lr=8.5e-06)
2025-05-20 10:50:11,754 [INFO] bit_common: [step 17 (4/4)]: loss=6.91051 (lr=8.5e-06)
2025-05-20 10:50:11,794 [INFO] bit_common: [step 18 (1/4)]: loss=6.91093 (lr=9.0e-06)
2025-05-20 10:50:11,833 [INFO] bit_common: [step 18 (2/4)]: loss=6.91089 (lr=9.0e-06)
2025-05-20 10:50:11,888 [INFO] bit_common: [step 18 (3/4)]: loss=6.91101 (lr=9.0e-06)
2025-05-20 10:50:11,957 [INFO] bit_common: [step 18 (4/4)]: loss=6.91075 (lr=9.0e-06)
2025-05-20 10:50:11,997 [INFO] bit_common: [step 19 (1/4)]: loss=6.91114 (lr=9.5e-06)
2025-05-20 10:50:12,037 [INFO] bit_common: [step 19 (2/4)]: loss=6.91133 (lr=9.5e-06)
2025-05-20 10:50:12,074 [INFO] bit_common: [step 19 (3/4)]: loss=6.91115 (lr=9.5e-06)
2025-05-20 10:50:12,117 [INFO] bit_common: [step 19 (4/4)]: loss=6.91118 (lr=9.5e-06)
2025-05-20 10:50:12,154 [INFO] bit_common: [step 20 (1/4)]: loss=6.91196 (lr=1.0e-05)
2025-05-20 10:50:12,206 [INFO] bit_common: [step 20 (2/4)]: loss=6.91152 (lr=1.0e-05)
2025-05-20 10:50:12,288 [INFO] bit_common: [step 20 (3/4)]: loss=6.91186 (lr=1.0e-05)
2025-05-20 10:50:12,329 [INFO] bit_common: [step 20 (4/4)]: loss=6.91177 (lr=1.0e-05)
2025-05-20 10:50:12,368 [INFO] bit_common: [step 21 (1/4)]: loss=6.91222 (lr=1.1e-05)
2025-05-20 10:50:12,404 [INFO] bit_common: [step 21 (2/4)]: loss=6.91261 (lr=1.1e-05)
2025-05-20 10:50:12,464 [INFO] bit_common: [step 21 (3/4)]: loss=6.91238 (lr=1.1e-05)
2025-05-20 10:50:12,516 [INFO] bit_common: [step 21 (4/4)]: loss=6.91210 (lr=1.1e-05)
2025-05-20 10:50:12,558 [INFO] bit_common: [step 22 (1/4)]: loss=6.91272 (lr=1.1e-05)
2025-05-20 10:50:12,596 [INFO] bit_common: [step 22 (2/4)]: loss=6.91300 (lr=1.1e-05)
2025-05-20 10:50:13,935 [INFO] bit_common: [step 22 (3/4)]: loss=6.91286 (lr=1.1e-05)
2025-05-20 10:50:13,975 [INFO] bit_common: [step 22 (4/4)]: loss=6.91285 (lr=1.1e-05)
2025-05-20 10:50:14,084 [INFO] bit_common: [step 23 (1/4)]: loss=6.91290 (lr=1.2e-05)
2025-05-20 10:50:14,124 [INFO] bit_common: [step 23 (2/4)]: loss=6.91346 (lr=1.2e-05)
2025-05-20 10:50:14,165 [INFO] bit_common: [step 23 (3/4)]: loss=6.91324 (lr=1.2e-05)
2025-05-20 10:50:14,202 [INFO] bit_common: [step 23 (4/4)]: loss=6.91302 (lr=1.2e-05)
2025-05-20 10:50:14,242 [INFO] bit_common: [step 24 (1/4)]: loss=6.84138 (lr=1.2e-05)
2025-05-20 10:50:14,283 [INFO] bit_common: [step 24 (2/4)]: loss=6.91387 (lr=1.2e-05)
2025-05-20 10:50:14,321 [INFO] bit_common: [step 24 (3/4)]: loss=6.91425 (lr=1.2e-05)
2025-05-20 10:50:14,357 [INFO] bit_common: [step 24 (4/4)]: loss=6.91414 (lr=1.2e-05)
2025-05-20 10:50:14,401 [INFO] bit_common: [step 25 (1/4)]: loss=6.91418 (lr=1.3e-05)
2025-05-20 10:50:14,441 [INFO] bit_common: [step 25 (2/4)]: loss=6.91474 (lr=1.3e-05)
2025-05-20 10:50:14,479 [INFO] bit_common: [step 25 (3/4)]: loss=6.77066 (lr=1.3e-05)
2025-05-20 10:50:14,521 [INFO] bit_common: [step 25 (4/4)]: loss=6.91514 (lr=1.3e-05)
2025-05-20 10:50:14,560 [INFO] bit_common: [step 26 (1/4)]: loss=6.91597 (lr=1.3e-05)
2025-05-20 10:50:14,649 [INFO] bit_common: [step 26 (2/4)]: loss=6.91575 (lr=1.3e-05)
2025-05-20 10:50:14,691 [INFO] bit_common: [step 26 (3/4)]: loss=6.91554 (lr=1.3e-05)
2025-05-20 10:50:14,756 [INFO] bit_common: [step 26 (4/4)]: loss=6.91495 (lr=1.3e-05)
2025-05-20 10:50:14,800 [INFO] bit_common: [step 27 (1/4)]: loss=6.91563 (lr=1.3e-05)
2025-05-20 10:50:14,854 [INFO] bit_common: [step 27 (2/4)]: loss=6.91592 (lr=1.3e-05)
2025-05-20 10:50:14,893 [INFO] bit_common: [step 27 (3/4)]: loss=6.91670 (lr=1.3e-05)
2025-05-20 10:50:14,931 [INFO] bit_common: [step 27 (4/4)]: loss=6.91579 (lr=1.3e-05)
2025-05-20 10:50:14,973 [INFO] bit_common: [step 28 (1/4)]: loss=6.91640 (lr=1.4e-05)
2025-05-20 10:50:15,066 [INFO] bit_common: [step 28 (2/4)]: loss=6.91659 (lr=1.4e-05)
2025-05-20 10:50:15,107 [INFO] bit_common: [step 28 (3/4)]: loss=6.91783 (lr=1.4e-05)
2025-05-20 10:50:15,150 [INFO] bit_common: [step 28 (4/4)]: loss=6.91586 (lr=1.4e-05)
2025-05-20 10:50:15,226 [INFO] bit_common: [step 29 (1/4)]: loss=6.79927 (lr=1.5e-05)
2025-05-20 10:50:15,269 [INFO] bit_common: [step 29 (2/4)]: loss=6.91769 (lr=1.5e-05)
2025-05-20 10:50:15,308 [INFO] bit_common: [step 29 (3/4)]: loss=6.91763 (lr=1.5e-05)
2025-05-20 10:50:15,352 [INFO] bit_common: [step 29 (4/4)]: loss=6.91764 (lr=1.5e-05)
2025-05-20 10:50:15,394 [INFO] bit_common: [step 30 (1/4)]: loss=6.91817 (lr=1.5e-05)
2025-05-20 10:50:15,436 [INFO] bit_common: [step 30 (2/4)]: loss=6.91825 (lr=1.5e-05)
2025-05-20 10:50:15,487 [INFO] bit_common: [step 30 (3/4)]: loss=6.91838 (lr=1.5e-05)
2025-05-20 10:50:15,528 [INFO] bit_common: [step 30 (4/4)]: loss=6.91883 (lr=1.5e-05)
2025-05-20 10:50:15,572 [INFO] bit_common: [step 31 (1/4)]: loss=6.91990 (lr=1.6e-05)
2025-05-20 10:50:15,623 [INFO] bit_common: [step 31 (2/4)]: loss=6.78110 (lr=1.6e-05)
2025-05-20 10:50:15,672 [INFO] bit_common: [step 31 (3/4)]: loss=6.91905 (lr=1.6e-05)
2025-05-20 10:50:15,712 [INFO] bit_common: [step 31 (4/4)]: loss=6.91936 (lr=1.6e-05)
2025-05-20 10:50:16,934 [INFO] bit_common: [step 32 (1/4)]: loss=6.92003 (lr=1.6e-05)
2025-05-20 10:50:16,970 [INFO] bit_common: [step 32 (2/4)]: loss=6.81138 (lr=1.6e-05)
2025-05-20 10:50:17,093 [INFO] bit_common: [step 32 (3/4)]: loss=6.92095 (lr=1.6e-05)
2025-05-20 10:50:17,133 [INFO] bit_common: [step 32 (4/4)]: loss=6.86717 (lr=1.6e-05)
2025-05-20 10:50:17,169 [INFO] bit_common: [step 33 (1/4)]: loss=6.92079 (lr=1.7e-05)
2025-05-20 10:50:17,206 [INFO] bit_common: [step 33 (2/4)]: loss=6.75469 (lr=1.7e-05)
2025-05-20 10:50:17,375 [INFO] bit_common: [step 33 (3/4)]: loss=6.92125 (lr=1.7e-05)
2025-05-20 10:50:17,457 [INFO] bit_common: [step 33 (4/4)]: loss=6.92193 (lr=1.7e-05)
2025-05-20 10:50:17,498 [INFO] bit_common: [step 34 (1/4)]: loss=6.92275 (lr=1.7e-05)
2025-05-20 10:50:17,543 [INFO] bit_common: [step 34 (2/4)]: loss=6.92242 (lr=1.7e-05)
2025-05-20 10:50:17,583 [INFO] bit_common: [step 34 (3/4)]: loss=6.79337 (lr=1.7e-05)
2025-05-20 10:50:17,621 [INFO] bit_common: [step 34 (4/4)]: loss=6.92107 (lr=1.7e-05)
2025-05-20 10:50:17,687 [INFO] bit_common: [step 35 (1/4)]: loss=6.92291 (lr=1.8e-05)
2025-05-20 10:50:17,742 [INFO] bit_common: [step 35 (2/4)]: loss=6.71372 (lr=1.8e-05)
2025-05-20 10:50:17,779 [INFO] bit_common: [step 35 (3/4)]: loss=6.92265 (lr=1.8e-05)
2025-05-20 10:50:17,816 [INFO] bit_common: [step 35 (4/4)]: loss=6.92362 (lr=1.8e-05)
2025-05-20 10:50:17,852 [INFO] bit_common: [step 36 (1/4)]: loss=6.92419 (lr=1.8e-05)
2025-05-20 10:50:17,936 [INFO] bit_common: [step 36 (2/4)]: loss=6.92458 (lr=1.8e-05)
2025-05-20 10:50:17,987 [INFO] bit_common: [step 36 (3/4)]: loss=6.92328 (lr=1.8e-05)
2025-05-20 10:50:18,130 [INFO] bit_common: [step 36 (4/4)]: loss=6.92385 (lr=1.8e-05)
2025-05-20 10:50:18,169 [INFO] bit_common: [step 37 (1/4)]: loss=6.92445 (lr=1.8e-05)
2025-05-20 10:50:18,245 [INFO] bit_common: [step 37 (2/4)]: loss=6.92696 (lr=1.8e-05)
2025-05-20 10:50:18,281 [INFO] bit_common: [step 37 (3/4)]: loss=6.92639 (lr=1.8e-05)
2025-05-20 10:50:18,364 [INFO] bit_common: [step 37 (4/4)]: loss=6.92628 (lr=1.8e-05)
2025-05-20 10:50:18,406 [INFO] bit_common: [step 38 (1/4)]: loss=6.92556 (lr=1.9e-05)
2025-05-20 10:50:18,452 [INFO] bit_common: [step 38 (2/4)]: loss=6.69832 (lr=1.9e-05)
2025-05-20 10:50:18,489 [INFO] bit_common: [step 38 (3/4)]: loss=6.92647 (lr=1.9e-05)
2025-05-20 10:50:18,536 [INFO] bit_common: [step 38 (4/4)]: loss=6.92345 (lr=1.9e-05)
2025-05-20 10:50:18,580 [INFO] bit_common: [step 39 (1/4)]: loss=6.92776 (lr=1.9e-05)
2025-05-20 10:50:18,629 [INFO] bit_common: [step 39 (2/4)]: loss=6.92792 (lr=1.9e-05)
2025-05-20 10:50:19,818 [INFO] bit_common: [step 39 (3/4)]: loss=6.92689 (lr=1.9e-05)
2025-05-20 10:50:20,093 [INFO] bit_common: [step 39 (4/4)]: loss=6.92595 (lr=1.9e-05)
2025-05-20 10:50:20,136 [INFO] bit_common: [step 40 (1/4)]: loss=6.92620 (lr=2.0e-05)
2025-05-20 10:50:20,304 [INFO] bit_common: [step 40 (2/4)]: loss=6.92748 (lr=2.0e-05)
2025-05-20 10:50:20,345 [INFO] bit_common: [step 40 (3/4)]: loss=6.92873 (lr=2.0e-05)
2025-05-20 10:50:20,443 [INFO] bit_common: [step 40 (4/4)]: loss=6.93008 (lr=2.0e-05)
2025-05-20 10:50:20,498 [INFO] bit_common: [step 41 (1/4)]: loss=6.62775 (lr=2.1e-05)
2025-05-20 10:50:20,570 [INFO] bit_common: [step 41 (2/4)]: loss=6.92996 (lr=2.1e-05)
2025-05-20 10:50:20,623 [INFO] bit_common: [step 41 (3/4)]: loss=6.92894 (lr=2.1e-05)
2025-05-20 10:50:20,799 [INFO] bit_common: [step 41 (4/4)]: loss=6.92920 (lr=2.1e-05)
2025-05-20 10:50:20,852 [INFO] bit_common: [step 42 (1/4)]: loss=6.80415 (lr=2.1e-05)
2025-05-20 10:50:20,887 [INFO] bit_common: [step 42 (2/4)]: loss=6.93173 (lr=2.1e-05)
2025-05-20 10:50:20,923 [INFO] bit_common: [step 42 (3/4)]: loss=6.92994 (lr=2.1e-05)
2025-05-20 10:50:21,153 [INFO] bit_common: [step 42 (4/4)]: loss=6.93155 (lr=2.1e-05)
2025-05-20 10:50:21,198 [INFO] bit_common: [step 43 (1/4)]: loss=6.93221 (lr=2.2e-05)
2025-05-20 10:50:21,274 [INFO] bit_common: [step 43 (2/4)]: loss=6.93166 (lr=2.2e-05)
2025-05-20 10:50:21,321 [INFO] bit_common: [step 43 (3/4)]: loss=6.93145 (lr=2.2e-05)
2025-05-20 10:50:21,364 [INFO] bit_common: [step 43 (4/4)]: loss=6.92809 (lr=2.2e-05)
2025-05-20 10:50:21,404 [INFO] bit_common: [step 44 (1/4)]: loss=6.93260 (lr=2.2e-05)
2025-05-20 10:50:21,531 [INFO] bit_common: [step 44 (2/4)]: loss=6.93143 (lr=2.2e-05)
2025-05-20 10:50:21,581 [INFO] bit_common: [step 44 (3/4)]: loss=6.93478 (lr=2.2e-05)
2025-05-20 10:50:21,631 [INFO] bit_common: [step 44 (4/4)]: loss=6.93310 (lr=2.2e-05)
2025-05-20 10:50:21,683 [INFO] bit_common: [step 45 (1/4)]: loss=6.93211 (lr=2.2e-05)
2025-05-20 10:50:22,964 [INFO] bit_common: [step 45 (2/4)]: loss=6.93249 (lr=2.2e-05)
2025-05-20 10:50:23,005 [INFO] bit_common: [step 45 (3/4)]: loss=6.93694 (lr=2.2e-05)
2025-05-20 10:50:23,097 [INFO] bit_common: [step 45 (4/4)]: loss=6.35298 (lr=2.2e-05)
2025-05-20 10:50:23,137 [INFO] bit_common: [step 46 (1/4)]: loss=6.93368 (lr=2.3e-05)
2025-05-20 10:50:23,227 [INFO] bit_common: [step 46 (2/4)]: loss=6.86353 (lr=2.3e-05)
2025-05-20 10:50:23,264 [INFO] bit_common: [step 46 (3/4)]: loss=6.93790 (lr=2.3e-05)
2025-05-20 10:50:23,373 [INFO] bit_common: [step 46 (4/4)]: loss=6.93732 (lr=2.3e-05)
2025-05-20 10:50:23,452 [INFO] bit_common: [step 47 (1/4)]: loss=6.93727 (lr=2.3e-05)
2025-05-20 10:50:23,491 [INFO] bit_common: [step 47 (2/4)]: loss=6.93569 (lr=2.3e-05)
2025-05-20 10:50:23,595 [INFO] bit_common: [step 47 (3/4)]: loss=6.93503 (lr=2.3e-05)
2025-05-20 10:50:23,681 [INFO] bit_common: [step 47 (4/4)]: loss=6.93648 (lr=2.3e-05)
2025-05-20 10:50:23,721 [INFO] bit_common: [step 48 (1/4)]: loss=6.63989 (lr=2.4e-05)
2025-05-20 10:50:23,785 [INFO] bit_common: [step 48 (2/4)]: loss=6.93964 (lr=2.4e-05)
2025-05-20 10:50:23,824 [INFO] bit_common: [step 48 (3/4)]: loss=6.93850 (lr=2.4e-05)
2025-05-20 10:50:23,907 [INFO] bit_common: [step 48 (4/4)]: loss=6.93779 (lr=2.4e-05)
2025-05-20 10:50:23,945 [INFO] bit_common: [step 49 (1/4)]: loss=6.63466 (lr=2.5e-05)
2025-05-20 10:50:24,036 [INFO] bit_common: [step 49 (2/4)]: loss=6.93826 (lr=2.5e-05)
2025-05-20 10:50:24,086 [INFO] bit_common: [step 49 (3/4)]: loss=6.87780 (lr=2.5e-05)
2025-05-20 10:50:24,230 [INFO] bit_common: [step 49 (4/4)]: loss=6.94121 (lr=2.5e-05)
2025-05-20 10:50:24,268 [INFO] bit_common: [step 50 (1/4)]: loss=6.94132 (lr=2.5e-05)
2025-05-20 10:50:24,430 [INFO] bit_common: [step 50 (2/4)]: loss=6.93844 (lr=2.5e-05)
2025-05-20 10:50:24,477 [INFO] bit_common: [step 50 (3/4)]: loss=6.46926 (lr=2.5e-05)
2025-05-20 10:50:24,539 [INFO] bit_common: [step 50 (4/4)]: loss=6.54117 (lr=2.5e-05)
2025-05-20 10:50:24,580 [INFO] bit_common: [step 51 (1/4)]: loss=6.94238 (lr=2.6e-05)
2025-05-20 10:50:25,833 [INFO] bit_common: [step 51 (2/4)]: loss=6.94269 (lr=2.6e-05)
2025-05-20 10:50:25,872 [INFO] bit_common: [step 51 (3/4)]: loss=6.93997 (lr=2.6e-05)
2025-05-20 10:50:26,087 [INFO] bit_common: [step 51 (4/4)]: loss=6.94604 (lr=2.6e-05)
2025-05-20 10:50:26,127 [INFO] bit_common: [step 52 (1/4)]: loss=6.94664 (lr=2.6e-05)
2025-05-20 10:50:26,354 [INFO] bit_common: [step 52 (2/4)]: loss=6.94592 (lr=2.6e-05)
2025-05-20 10:50:26,390 [INFO] bit_common: [step 52 (3/4)]: loss=6.68387 (lr=2.6e-05)
2025-05-20 10:50:26,630 [INFO] bit_common: [step 52 (4/4)]: loss=6.94782 (lr=2.6e-05)
2025-05-20 10:50:26,671 [INFO] bit_common: [step 53 (1/4)]: loss=5.77314 (lr=2.7e-05)
2025-05-20 10:50:26,709 [INFO] bit_common: [step 53 (2/4)]: loss=6.77005 (lr=2.7e-05)
2025-05-20 10:50:26,749 [INFO] bit_common: [step 53 (3/4)]: loss=6.94551 (lr=2.7e-05)
2025-05-20 10:50:26,825 [INFO] bit_common: [step 53 (4/4)]: loss=6.94902 (lr=2.7e-05)
2025-05-20 10:50:26,865 [INFO] bit_common: [step 54 (1/4)]: loss=6.66524 (lr=2.7e-05)
2025-05-20 10:50:27,004 [INFO] bit_common: [step 54 (2/4)]: loss=6.94604 (lr=2.7e-05)
2025-05-20 10:50:27,047 [INFO] bit_common: [step 54 (3/4)]: loss=6.89944 (lr=2.7e-05)
2025-05-20 10:50:27,156 [INFO] bit_common: [step 54 (4/4)]: loss=6.94748 (lr=2.7e-05)
2025-05-20 10:50:27,203 [INFO] bit_common: [step 55 (1/4)]: loss=6.95312 (lr=2.8e-05)
2025-05-20 10:50:27,271 [INFO] bit_common: [step 55 (2/4)]: loss=6.94448 (lr=2.8e-05)
2025-05-20 10:50:27,347 [INFO] bit_common: [step 55 (3/4)]: loss=6.94569 (lr=2.8e-05)
2025-05-20 10:50:27,464 [INFO] bit_common: [step 55 (4/4)]: loss=6.95254 (lr=2.8e-05)
2025-05-20 10:50:27,501 [INFO] bit_common: [step 56 (1/4)]: loss=6.40556 (lr=2.8e-05)
2025-05-20 10:50:27,619 [INFO] bit_common: [step 56 (2/4)]: loss=6.95049 (lr=2.8e-05)
2025-05-20 10:50:27,655 [INFO] bit_common: [step 56 (3/4)]: loss=6.79719 (lr=2.8e-05)
2025-05-20 10:50:28,963 [INFO] bit_common: [step 56 (4/4)]: loss=6.94907 (lr=2.8e-05)
2025-05-20 10:50:29,001 [INFO] bit_common: [step 57 (1/4)]: loss=6.95182 (lr=2.9e-05)
2025-05-20 10:50:29,096 [INFO] bit_common: [step 57 (2/4)]: loss=6.95194 (lr=2.9e-05)
2025-05-20 10:50:29,194 [INFO] bit_common: [step 57 (3/4)]: loss=6.95875 (lr=2.9e-05)
2025-05-20 10:50:29,237 [INFO] bit_common: [step 57 (4/4)]: loss=6.72719 (lr=2.9e-05)
2025-05-20 10:50:29,375 [INFO] bit_common: [step 58 (1/4)]: loss=6.95344 (lr=2.9e-05)
2025-05-20 10:50:29,414 [INFO] bit_common: [step 58 (2/4)]: loss=6.95424 (lr=2.9e-05)
2025-05-20 10:50:29,483 [INFO] bit_common: [step 58 (3/4)]: loss=6.95581 (lr=2.9e-05)
2025-05-20 10:50:29,601 [INFO] bit_common: [step 58 (4/4)]: loss=6.95571 (lr=2.9e-05)
2025-05-20 10:50:29,640 [INFO] bit_common: [step 59 (1/4)]: loss=6.95797 (lr=3.0e-05)
2025-05-20 10:50:29,714 [INFO] bit_common: [step 59 (2/4)]: loss=6.86038 (lr=3.0e-05)
2025-05-20 10:50:29,845 [INFO] bit_common: [step 59 (3/4)]: loss=6.95321 (lr=3.0e-05)
2025-05-20 10:50:29,982 [INFO] bit_common: [step 59 (4/4)]: loss=6.85718 (lr=3.0e-05)
2025-05-20 10:50:30,033 [INFO] bit_common: [step 60 (1/4)]: loss=6.96285 (lr=3.0e-05)
2025-05-20 10:50:30,098 [INFO] bit_common: [step 60 (2/4)]: loss=6.96126 (lr=3.0e-05)
2025-05-20 10:50:30,148 [INFO] bit_common: [step 60 (3/4)]: loss=6.96175 (lr=3.0e-05)
2025-05-20 10:50:30,320 [INFO] bit_common: [step 60 (4/4)]: loss=6.95574 (lr=3.0e-05)
2025-05-20 10:50:30,362 [INFO] bit_common: [step 61 (1/4)]: loss=6.95684 (lr=3.0e-05)
2025-05-20 10:50:30,475 [INFO] bit_common: [step 61 (2/4)]: loss=6.96193 (lr=3.0e-05)
2025-05-20 10:50:30,514 [INFO] bit_common: [step 61 (3/4)]: loss=6.60815 (lr=3.0e-05)
2025-05-20 10:50:30,624 [INFO] bit_common: [step 61 (4/4)]: loss=6.96412 (lr=3.0e-05)
2025-05-20 10:50:30,663 [INFO] bit_common: [step 62 (1/4)]: loss=6.96603 (lr=3.1e-05)
2025-05-20 10:50:31,842 [INFO] bit_common: [step 62 (2/4)]: loss=6.95202 (lr=3.1e-05)
2025-05-20 10:50:31,882 [INFO] bit_common: [step 62 (3/4)]: loss=6.96819 (lr=3.1e-05)
2025-05-20 10:50:31,921 [INFO] bit_common: [step 62 (4/4)]: loss=6.96955 (lr=3.1e-05)
2025-05-20 10:50:31,962 [INFO] bit_common: [step 63 (1/4)]: loss=6.96448 (lr=3.1e-05)
2025-05-20 10:50:32,013 [INFO] bit_common: [step 63 (2/4)]: loss=6.96290 (lr=3.1e-05)
2025-05-20 10:50:32,051 [INFO] bit_common: [step 63 (3/4)]: loss=6.96670 (lr=3.1e-05)
2025-05-20 10:50:32,131 [INFO] bit_common: [step 63 (4/4)]: loss=6.96560 (lr=3.1e-05)
2025-05-20 10:50:32,170 [INFO] bit_common: [step 64 (1/4)]: loss=6.97024 (lr=3.2e-05)
2025-05-20 10:50:32,211 [INFO] bit_common: [step 64 (2/4)]: loss=6.96911 (lr=3.2e-05)
2025-05-20 10:50:32,249 [INFO] bit_common: [step 64 (3/4)]: loss=6.96643 (lr=3.2e-05)
2025-05-20 10:50:32,358 [INFO] bit_common: [step 64 (4/4)]: loss=6.71114 (lr=3.2e-05)
2025-05-20 10:50:32,397 [INFO] bit_common: [step 65 (1/4)]: loss=6.97320 (lr=3.3e-05)
2025-05-20 10:50:32,519 [INFO] bit_common: [step 65 (2/4)]: loss=6.97196 (lr=3.3e-05)
2025-05-20 10:50:32,560 [INFO] bit_common: [step 65 (3/4)]: loss=6.97102 (lr=3.3e-05)
2025-05-20 10:50:32,600 [INFO] bit_common: [step 65 (4/4)]: loss=6.62607 (lr=3.3e-05)
2025-05-20 10:50:32,639 [INFO] bit_common: [step 66 (1/4)]: loss=6.97142 (lr=3.3e-05)
2025-05-20 10:50:32,678 [INFO] bit_common: [step 66 (2/4)]: loss=6.96718 (lr=3.3e-05)
2025-05-20 10:50:32,714 [INFO] bit_common: [step 66 (3/4)]: loss=6.96645 (lr=3.3e-05)
2025-05-20 10:50:32,751 [INFO] bit_common: [step 66 (4/4)]: loss=6.96525 (lr=3.3e-05)
2025-05-20 10:50:32,795 [INFO] bit_common: [step 67 (1/4)]: loss=6.97509 (lr=3.4e-05)
2025-05-20 10:50:32,833 [INFO] bit_common: [step 67 (2/4)]: loss=6.97410 (lr=3.4e-05)
2025-05-20 10:50:32,869 [INFO] bit_common: [step 67 (3/4)]: loss=6.97100 (lr=3.4e-05)
2025-05-20 10:50:32,928 [INFO] bit_common: [step 67 (4/4)]: loss=6.97278 (lr=3.4e-05)
2025-05-20 10:50:32,966 [INFO] bit_common: [step 68 (1/4)]: loss=6.97669 (lr=3.4e-05)
2025-05-20 10:50:33,052 [INFO] bit_common: [step 68 (2/4)]: loss=6.97961 (lr=3.4e-05)
2025-05-20 10:50:33,093 [INFO] bit_common: [step 68 (3/4)]: loss=6.51944 (lr=3.4e-05)
2025-05-20 10:50:33,191 [INFO] bit_common: [step 68 (4/4)]: loss=6.98678 (lr=3.4e-05)
2025-05-20 10:50:33,228 [INFO] bit_common: [step 69 (1/4)]: loss=6.96827 (lr=3.5e-05)
2025-05-20 10:50:33,266 [INFO] bit_common: [step 69 (2/4)]: loss=6.98179 (lr=3.5e-05)
2025-05-20 10:50:33,305 [INFO] bit_common: [step 69 (3/4)]: loss=6.97262 (lr=3.5e-05)
2025-05-20 10:50:33,349 [INFO] bit_common: [step 69 (4/4)]: loss=6.98139 (lr=3.5e-05)
2025-05-20 10:50:33,389 [INFO] bit_common: [step 70 (1/4)]: loss=6.10141 (lr=3.5e-05)
2025-05-20 10:50:33,435 [INFO] bit_common: [step 70 (2/4)]: loss=6.74655 (lr=3.5e-05)
2025-05-20 10:50:33,487 [INFO] bit_common: [step 70 (3/4)]: loss=6.98129 (lr=3.5e-05)
2025-05-20 10:50:33,524 [INFO] bit_common: [step 70 (4/4)]: loss=6.51425 (lr=3.5e-05)
2025-05-20 10:50:33,567 [INFO] bit_common: [step 71 (1/4)]: loss=6.73014 (lr=3.6e-05)
2025-05-20 10:50:33,604 [INFO] bit_common: [step 71 (2/4)]: loss=6.97106 (lr=3.6e-05)
2025-05-20 10:50:33,650 [INFO] bit_common: [step 71 (3/4)]: loss=6.98452 (lr=3.6e-05)
2025-05-20 10:50:33,689 [INFO] bit_common: [step 71 (4/4)]: loss=6.98058 (lr=3.6e-05)
2025-05-20 10:50:33,727 [INFO] bit_common: [step 72 (1/4)]: loss=6.98716 (lr=3.6e-05)
2025-05-20 10:50:34,960 [INFO] bit_common: [step 72 (2/4)]: loss=6.98411 (lr=3.6e-05)
2025-05-20 10:50:35,005 [INFO] bit_common: [step 72 (3/4)]: loss=6.98366 (lr=3.6e-05)
2025-05-20 10:50:35,055 [INFO] bit_common: [step 72 (4/4)]: loss=6.98460 (lr=3.6e-05)
2025-05-20 10:50:35,103 [INFO] bit_common: [step 73 (1/4)]: loss=6.98784 (lr=3.6e-05)
2025-05-20 10:50:35,151 [INFO] bit_common: [step 73 (2/4)]: loss=6.52614 (lr=3.6e-05)
2025-05-20 10:50:35,205 [INFO] bit_common: [step 73 (3/4)]: loss=6.98325 (lr=3.6e-05)
2025-05-20 10:50:35,284 [INFO] bit_common: [step 73 (4/4)]: loss=6.97621 (lr=3.6e-05)
2025-05-20 10:50:35,344 [INFO] bit_common: [step 74 (1/4)]: loss=6.98975 (lr=3.7e-05)
2025-05-20 10:50:35,390 [INFO] bit_common: [step 74 (2/4)]: loss=6.99302 (lr=3.7e-05)
2025-05-20 10:50:35,443 [INFO] bit_common: [step 74 (3/4)]: loss=6.98842 (lr=3.7e-05)
2025-05-20 10:50:35,484 [INFO] bit_common: [step 74 (4/4)]: loss=6.98944 (lr=3.7e-05)
2025-05-20 10:50:35,527 [INFO] bit_common: [step 75 (1/4)]: loss=6.47015 (lr=3.7e-05)
2025-05-20 10:50:35,580 [INFO] bit_common: [step 75 (2/4)]: loss=6.98362 (lr=3.7e-05)
2025-05-20 10:50:35,624 [INFO] bit_common: [step 75 (3/4)]: loss=6.99617 (lr=3.7e-05)
2025-05-20 10:50:35,673 [INFO] bit_common: [step 75 (4/4)]: loss=6.56637 (lr=3.7e-05)
2025-05-20 10:50:35,756 [INFO] bit_common: [step 76 (1/4)]: loss=6.99460 (lr=3.8e-05)
2025-05-20 10:50:35,800 [INFO] bit_common: [step 76 (2/4)]: loss=6.99026 (lr=3.8e-05)
2025-05-20 10:50:35,846 [INFO] bit_common: [step 76 (3/4)]: loss=6.99098 (lr=3.8e-05)
2025-05-20 10:50:35,888 [INFO] bit_common: [step 76 (4/4)]: loss=6.98674 (lr=3.8e-05)
2025-05-20 10:50:36,000 [INFO] bit_common: [step 77 (1/4)]: loss=7.00158 (lr=3.9e-05)
2025-05-20 10:50:36,039 [INFO] bit_common: [step 77 (2/4)]: loss=6.98781 (lr=3.9e-05)
2025-05-20 10:50:36,082 [INFO] bit_common: [step 77 (3/4)]: loss=7.00399 (lr=3.9e-05)
2025-05-20 10:50:36,139 [INFO] bit_common: [step 77 (4/4)]: loss=6.99456 (lr=3.9e-05)
2025-05-20 10:50:36,179 [INFO] bit_common: [step 78 (1/4)]: loss=6.99868 (lr=3.9e-05)
2025-05-20 10:50:36,229 [INFO] bit_common: [step 78 (2/4)]: loss=6.59330 (lr=3.9e-05)
2025-05-20 10:50:36,266 [INFO] bit_common: [step 78 (3/4)]: loss=6.99508 (lr=3.9e-05)
2025-05-20 10:50:36,396 [INFO] bit_common: [step 78 (4/4)]: loss=6.98912 (lr=3.9e-05)
2025-05-20 10:50:36,451 [INFO] bit_common: [step 79 (1/4)]: loss=6.47864 (lr=3.9e-05)
2025-05-20 10:50:36,497 [INFO] bit_common: [step 79 (2/4)]: loss=7.00665 (lr=3.9e-05)
2025-05-20 10:50:36,538 [INFO] bit_common: [step 79 (3/4)]: loss=6.98586 (lr=3.9e-05)
2025-05-20 10:50:36,575 [INFO] bit_common: [step 79 (4/4)]: loss=7.00258 (lr=3.9e-05)
2025-05-20 10:50:36,614 [INFO] bit_common: [step 80 (1/4)]: loss=7.00939 (lr=4.0e-05)
2025-05-20 10:50:36,654 [INFO] bit_common: [step 80 (2/4)]: loss=6.98997 (lr=4.0e-05)
2025-05-20 10:50:36,693 [INFO] bit_common: [step 80 (3/4)]: loss=6.66604 (lr=4.0e-05)
2025-05-20 10:50:36,733 [INFO] bit_common: [step 80 (4/4)]: loss=6.83706 (lr=4.0e-05)
2025-05-20 10:50:37,780 [INFO] bit_common: [step 81 (1/4)]: loss=7.00340 (lr=4.1e-05)
2025-05-20 10:50:37,815 [INFO] bit_common: [step 81 (2/4)]: loss=7.00864 (lr=4.1e-05)
2025-05-20 10:50:38,009 [INFO] bit_common: [step 81 (3/4)]: loss=6.99949 (lr=4.1e-05)
2025-05-20 10:50:38,043 [INFO] bit_common: [step 81 (4/4)]: loss=7.00798 (lr=4.1e-05)
2025-05-20 10:50:38,228 [INFO] bit_common: [step 82 (1/4)]: loss=7.00098 (lr=4.1e-05)
2025-05-20 10:50:38,267 [INFO] bit_common: [step 82 (2/4)]: loss=7.01765 (lr=4.1e-05)
2025-05-20 10:50:38,413 [INFO] bit_common: [step 82 (3/4)]: loss=6.73616 (lr=4.1e-05)
2025-05-20 10:50:38,450 [INFO] bit_common: [step 82 (4/4)]: loss=6.99663 (lr=4.1e-05)
2025-05-20 10:50:38,486 [INFO] bit_common: [step 83 (1/4)]: loss=6.99898 (lr=4.1e-05)
2025-05-20 10:50:38,523 [INFO] bit_common: [step 83 (2/4)]: loss=7.01125 (lr=4.1e-05)
2025-05-20 10:50:38,716 [INFO] bit_common: [step 83 (3/4)]: loss=7.00623 (lr=4.1e-05)
2025-05-20 10:50:38,757 [INFO] bit_common: [step 83 (4/4)]: loss=6.99897 (lr=4.1e-05)
2025-05-20 10:50:38,843 [INFO] bit_common: [step 84 (1/4)]: loss=7.01075 (lr=4.2e-05)
2025-05-20 10:50:38,925 [INFO] bit_common: [step 84 (2/4)]: loss=7.01369 (lr=4.2e-05)
2025-05-20 10:50:39,030 [INFO] bit_common: [step 84 (3/4)]: loss=7.01137 (lr=4.2e-05)
2025-05-20 10:50:39,072 [INFO] bit_common: [step 84 (4/4)]: loss=6.22537 (lr=4.2e-05)
2025-05-20 10:50:39,114 [INFO] bit_common: [step 85 (1/4)]: loss=7.01778 (lr=4.3e-05)
2025-05-20 10:50:39,149 [INFO] bit_common: [step 85 (2/4)]: loss=7.00534 (lr=4.3e-05)
2025-05-20 10:50:39,243 [INFO] bit_common: [step 85 (3/4)]: loss=7.00964 (lr=4.3e-05)
2025-05-20 10:50:39,281 [INFO] bit_common: [step 85 (4/4)]: loss=7.01395 (lr=4.3e-05)
2025-05-20 10:50:39,332 [INFO] bit_common: [step 86 (1/4)]: loss=6.56038 (lr=4.3e-05)
2025-05-20 10:50:39,369 [INFO] bit_common: [step 86 (2/4)]: loss=7.01671 (lr=4.3e-05)
2025-05-20 10:50:39,461 [INFO] bit_common: [step 86 (3/4)]: loss=7.03516 (lr=4.3e-05)
2025-05-20 10:50:39,501 [INFO] bit_common: [step 86 (4/4)]: loss=6.47299 (lr=4.3e-05)
2025-05-20 10:50:39,579 [INFO] bit_common: [step 87 (1/4)]: loss=7.02555 (lr=4.4e-05)
2025-05-20 10:50:39,614 [INFO] bit_common: [step 87 (2/4)]: loss=7.02162 (lr=4.4e-05)
2025-05-20 10:50:40,913 [INFO] bit_common: [step 87 (3/4)]: loss=7.02967 (lr=4.4e-05)
2025-05-20 10:50:40,961 [INFO] bit_common: [step 87 (4/4)]: loss=6.78165 (lr=4.4e-05)
2025-05-20 10:50:41,050 [INFO] bit_common: [step 88 (1/4)]: loss=6.60856 (lr=4.4e-05)
2025-05-20 10:50:41,089 [INFO] bit_common: [step 88 (2/4)]: loss=7.02025 (lr=4.4e-05)
2025-05-20 10:50:41,126 [INFO] bit_common: [step 88 (3/4)]: loss=7.03058 (lr=4.4e-05)
2025-05-20 10:50:41,177 [INFO] bit_common: [step 88 (4/4)]: loss=6.52862 (lr=4.4e-05)
2025-05-20 10:50:41,232 [INFO] bit_common: [step 89 (1/4)]: loss=7.01878 (lr=4.4e-05)
2025-05-20 10:50:41,275 [INFO] bit_common: [step 89 (2/4)]: loss=6.29435 (lr=4.4e-05)
2025-05-20 10:50:41,318 [INFO] bit_common: [step 89 (3/4)]: loss=7.01804 (lr=4.4e-05)
2025-05-20 10:50:41,427 [INFO] bit_common: [step 89 (4/4)]: loss=6.84663 (lr=4.4e-05)
2025-05-20 10:50:41,494 [INFO] bit_common: [step 90 (1/4)]: loss=7.02371 (lr=4.5e-05)
2025-05-20 10:50:41,550 [INFO] bit_common: [step 90 (2/4)]: loss=7.02933 (lr=4.5e-05)
2025-05-20 10:50:41,737 [INFO] bit_common: [step 90 (3/4)]: loss=7.02496 (lr=4.5e-05)
2025-05-20 10:50:41,783 [INFO] bit_common: [step 90 (4/4)]: loss=7.03518 (lr=4.5e-05)
2025-05-20 10:50:41,889 [INFO] bit_common: [step 91 (1/4)]: loss=7.03810 (lr=4.6e-05)
2025-05-20 10:50:41,932 [INFO] bit_common: [step 91 (2/4)]: loss=7.02792 (lr=4.6e-05)
2025-05-20 10:50:41,970 [INFO] bit_common: [step 91 (3/4)]: loss=6.35056 (lr=4.6e-05)
2025-05-20 10:50:42,011 [INFO] bit_common: [step 91 (4/4)]: loss=7.02917 (lr=4.6e-05)
2025-05-20 10:50:42,052 [INFO] bit_common: [step 92 (1/4)]: loss=6.85258 (lr=4.6e-05)
2025-05-20 10:50:42,177 [INFO] bit_common: [step 92 (2/4)]: loss=7.02956 (lr=4.6e-05)
2025-05-20 10:50:42,377 [INFO] bit_common: [step 92 (3/4)]: loss=7.04151 (lr=4.6e-05)
2025-05-20 10:50:42,424 [INFO] bit_common: [step 92 (4/4)]: loss=7.03665 (lr=4.6e-05)
2025-05-20 10:50:42,528 [INFO] bit_common: [step 93 (1/4)]: loss=7.02757 (lr=4.6e-05)
2025-05-20 10:50:42,568 [INFO] bit_common: [step 93 (2/4)]: loss=7.04188 (lr=4.6e-05)
2025-05-20 10:50:42,609 [INFO] bit_common: [step 93 (3/4)]: loss=7.02925 (lr=4.6e-05)
2025-05-20 10:50:42,697 [INFO] bit_common: [step 93 (4/4)]: loss=7.04347 (lr=4.6e-05)
2025-05-20 10:50:42,739 [INFO] bit_common: [step 94 (1/4)]: loss=7.02746 (lr=4.7e-05)
2025-05-20 10:50:44,022 [INFO] bit_common: [step 94 (2/4)]: loss=6.82919 (lr=4.7e-05)
2025-05-20 10:50:44,067 [INFO] bit_common: [step 94 (3/4)]: loss=7.04365 (lr=4.7e-05)
2025-05-20 10:50:44,115 [INFO] bit_common: [step 94 (4/4)]: loss=7.03711 (lr=4.7e-05)
2025-05-20 10:50:44,236 [INFO] bit_common: [step 95 (1/4)]: loss=7.05568 (lr=4.8e-05)
2025-05-20 10:50:44,278 [INFO] bit_common: [step 95 (2/4)]: loss=6.29711 (lr=4.8e-05)
2025-05-20 10:50:44,463 [INFO] bit_common: [step 95 (3/4)]: loss=7.05060 (lr=4.8e-05)
2025-05-20 10:50:44,541 [INFO] bit_common: [step 95 (4/4)]: loss=7.03749 (lr=4.8e-05)
2025-05-20 10:50:44,582 [INFO] bit_common: [step 96 (1/4)]: loss=7.05586 (lr=4.8e-05)
2025-05-20 10:50:44,713 [INFO] bit_common: [step 96 (2/4)]: loss=7.03851 (lr=4.8e-05)
2025-05-20 10:50:44,759 [INFO] bit_common: [step 96 (3/4)]: loss=5.90669 (lr=4.8e-05)
2025-05-20 10:50:45,019 [INFO] bit_common: [step 96 (4/4)]: loss=7.04264 (lr=4.8e-05)
2025-05-20 10:50:45,056 [INFO] bit_common: [step 97 (1/4)]: loss=7.05835 (lr=4.8e-05)
2025-05-20 10:50:45,110 [INFO] bit_common: [step 97 (2/4)]: loss=7.04530 (lr=4.8e-05)
2025-05-20 10:50:45,159 [INFO] bit_common: [step 97 (3/4)]: loss=7.04135 (lr=4.8e-05)
2025-05-20 10:50:45,333 [INFO] bit_common: [step 97 (4/4)]: loss=6.32320 (lr=4.8e-05)
2025-05-20 10:50:45,378 [INFO] bit_common: [step 98 (1/4)]: loss=7.03852 (lr=4.9e-05)
2025-05-20 10:50:45,550 [INFO] bit_common: [step 98 (2/4)]: loss=7.05847 (lr=4.9e-05)
2025-05-20 10:50:45,589 [INFO] bit_common: [step 98 (3/4)]: loss=6.79522 (lr=4.9e-05)
2025-05-20 10:50:45,664 [INFO] bit_common: [step 98 (4/4)]: loss=7.04944 (lr=4.9e-05)
2025-05-20 10:50:45,701 [INFO] bit_common: [step 99 (1/4)]: loss=7.05961 (lr=5.0e-05)
2025-05-20 10:50:45,807 [INFO] bit_common: [step 99 (2/4)]: loss=7.04417 (lr=5.0e-05)
2025-05-20 10:50:45,846 [INFO] bit_common: [step 99 (3/4)]: loss=6.39657 (lr=5.0e-05)
2025-05-20 10:50:47,095 [INFO] bit_common: [step 99 (4/4)]: loss=6.86569 (lr=5.0e-05)
