2025-07-28 05:13:18,642 - INFO - __main__ - Training/evaluation parameters TrainingArguments(
_n_gpu=0,
accelerator_config={'split_batches': False, 'dispatch_batches': None, 'even_batches': True, 'use_seedable_sampler': True, 'non_blocking': False, 'gradient_accumulation_kwargs': None},
adafactor=False,
adam_beta1=0.9,
adam_beta2=0.999,
adam_epsilon=1e-08,
auto_find_batch_size=False,
batch_eval_metrics=False,
bf16=False,
bf16_full_eval=False,
data_seed=None,
dataloader_drop_last=False,
dataloader_num_workers=0,
dataloader_persistent_workers=False,
dataloader_pin_memory=True,
dataloader_prefetch_factor=None,
ddp_backend=None,
ddp_broadcast_buffers=None,
ddp_bucket_cap_mb=None,
ddp_find_unused_parameters=None,
ddp_timeout=1800,
debug=[],
deepspeed=None,
disable_tqdm=False,
dispatch_batches=None,
do_eval=True,
do_predict=False,
do_train=True,
eval_accumulation_steps=None,
eval_delay=0,
eval_do_concat_batches=True,
eval_steps=None,
eval_strategy=no,
evaluation_strategy=None,
fp16=False,
fp16_backend=auto,
fp16_full_eval=False,
fp16_opt_level=O1,
fsdp=[],
fsdp_config={'min_num_params': 0, 'xla': False, 'xla_fsdp_v2': False, 'xla_fsdp_grad_ckpt': False},
fsdp_min_num_params=0,
fsdp_transformer_layer_cls_to_wrap=None,
full_determinism=False,
gradient_accumulation_steps=1,
gradient_checkpointing=False,
gradient_checkpointing_kwargs=None,
greater_is_better=None,
group_by_length=False,
half_precision_backend=auto,
hub_always_push=False,
hub_model_id=None,
hub_private_repo=False,
hub_strategy=every_save,
hub_token=<HUB_TOKEN>,
ignore_data_skip=False,
include_inputs_for_metrics=False,
include_num_input_tokens_seen=False,
include_tokens_per_second=False,
jit_mode_eval=False,
label_names=None,
label_smoothing_factor=0.0,
learning_rate=5e-05,
length_column_name=length,
load_best_model_at_end=False,
local_rank=0,
log_level=passive,
log_level_replica=warning,
log_on_each_node=True,
logging_dir=t5_out/logs,
logging_first_step=False,
logging_nan_inf_filter=True,
logging_steps=1.0,
logging_strategy=steps,
lr_scheduler_kwargs={},
lr_scheduler_type=linear,
max_grad_norm=1.0,
max_steps=-1,
metric_for_best_model=None,
mp_parameters=,
neftune_noise_alpha=None,
no_cuda=False,
num_train_epochs=3.0,
optim=adamw_torch,
optim_args=None,
optim_target_modules=None,
output_dir=t5_out,
overwrite_output_dir=True,
past_index=-1,
per_device_eval_batch_size=8,
per_device_train_batch_size=2,
prediction_loss_only=False,
push_to_hub=False,
push_to_hub_model_id=None,
push_to_hub_organization=None,
push_to_hub_token=<PUSH_TO_HUB_TOKEN>,
ray_scope=last,
remove_unused_columns=True,
report_to=[],
restore_callback_states_from_checkpoint=False,
resume_from_checkpoint=None,
run_name=t5_out,
save_on_each_node=False,
save_only_model=False,
save_safetensors=True,
save_steps=500,
save_strategy=steps,
save_total_limit=None,
seed=42,
skip_memory_metrics=True,
split_batches=None,
tf32=None,
torch_compile=False,
torch_compile_backend=None,
torch_compile_mode=None,
torchdynamo=None,
tpu_metrics_debug=False,
tpu_num_cores=None,
use_cpu=False,
use_ipex=False,
use_legacy_prediction_loop=False,
use_mps_device=False,
warmup_ratio=0.0,
warmup_steps=0,
weight_decay=0.0,
)
You are using the default legacy behaviour of the <class 'transformers.models.t5.tokenization_t5.T5Tokenizer'>. This is expected, and simply means that the `legacy` (previous) behavior will be used so nothing changes for you. If you want to use the new behaviour, set `legacy=False`. This should only be set if you understand what it means, and thoroughly read the reason why this was added as explained in https://github.com/huggingface/transformers/pull/24565
当前使用的模型路径： /home/01/zjh/transformers1/examples/pytorch/language-modeling/mengzi-t5-base

  0%|          | 0/15000 [00:00<?, ?it/s]
  0%|          | 1/15000 [00:01<5:03:27,  1.21s/it]
                                                   

  0%|          | 1/15000 [00:01<5:03:27,  1.21s/it]
  0%|          | 2/15000 [00:02<4:27:00,  1.07s/it]
                                                   

  0%|          | 2/15000 [00:02<4:27:00,  1.07s/it]
  0%|          | 3/15000 [00:02<3:57:42,  1.05it/s]
                                                   

  0%|          | 3/15000 [00:02<3:57:42,  1.05it/s]
  0%|          | 4/15000 [00:04<4:32:59,  1.09s/it]
                                                   

  0%|          | 4/15000 [00:04<4:32:59,  1.09s/it]
  0%|          | 5/15000 [00:05<4:54:48,  1.18s/it]
                                                   

  0%|          | 5/15000 [00:05<4:54:48,  1.18s/it]
  0%|          | 6/15000 [00:07<5:30:00,  1.32s/it]
                                                   

  0%|          | 6/15000 [00:07<5:30:00,  1.32s/it]
  0%|          | 7/15000 [00:07<4:40:01,  1.12s/it]
                                                   

  0%|          | 7/15000 [00:07<4:40:01,  1.12s/it]
  0%|          | 8/15000 [00:08<4:00:48,  1.04it/s]
                                                   

  0%|          | 8/15000 [00:08<4:00:48,  1.04it/s]
  0%|          | 9/15000 [00:09<3:34:43,  1.16it/s]
                                                   

  0%|          | 9/15000 [00:09<3:34:43,  1.16it/s]
  0%|          | 10/15000 [00:10<3:49:33,  1.09it/s]
                                                    

  0%|          | 10/15000 [00:10<3:49:33,  1.09it/s]
  0%|          | 11/15000 [00:10<3:28:21,  1.20it/s]
                                                    

  0%|          | 11/15000 [00:10<3:28:21,  1.20it/s]
  0%|          | 12/15000 [00:11<3:16:58,  1.27it/s]
                                                    

  0%|          | 12/15000 [00:11<3:16:58,  1.27it/s]
  0%|          | 13/15000 [00:13<4:27:04,  1.07s/it]
                                                    

  0%|          | 13/15000 [00:13<4:27:04,  1.07s/it]
  0%|          | 14/15000 [00:14<4:10:42,  1.00s/it]
                                                    

  0%|          | 14/15000 [00:14<4:10:42,  1.00s/it]
  0%|          | 15/15000 [00:15<4:01:11,  1.04it/s]
                                                    

  0%|          | 15/15000 [00:15<4:01:11,  1.04it/s]
  0%|          | 16/15000 [00:16<4:19:41,  1.04s/it]
                                                    

  0%|          | 16/15000 [00:16<4:19:41,  1.04s/it]
  0%|          | 17/15000 [00:17<4:04:24,  1.02it/s]
                                                    

  0%|          | 17/15000 [00:17<4:04:24,  1.02it/s]
  0%|          | 18/15000 [00:17<3:45:14,  1.11it/s]
                                                    

  0%|          | 18/15000 [00:17<3:45:14,  1.11it/s]
  0%|          | 19/15000 [00:19<4:28:34,  1.08s/it]
                                                    

  0%|          | 19/15000 [00:19<4:28:34,  1.08s/it]
  0%|          | 20/15000 [00:20<4:05:59,  1.01it/s]
                                                    

  0%|          | 20/15000 [00:20<4:05:59,  1.01it/s]
  0%|          | 21/15000 [00:20<3:47:28,  1.10it/s]
                                                    

  0%|          | 21/15000 [00:20<3:47:28,  1.10it/s]
  0%|          | 22/15000 [00:22<4:27:55,  1.07s/it]
                                                    

  0%|          | 22/15000 [00:22<4:27:55,  1.07s/it]
  0%|          | 23/15000 [00:22<3:53:56,  1.07it/s]
                                                    

  0%|          | 23/15000 [00:22<3:53:56,  1.07it/s]
  0%|          | 24/15000 [00:23<3:34:55,  1.16it/s]
                                                    

  0%|          | 24/15000 [00:23<3:34:55,  1.16it/s]
  0%|          | 25/15000 [00:24<3:17:43,  1.26it/s]
                                                    

  0%|          | 25/15000 [00:24<3:17:43,  1.26it/s]
  0%|          | 26/15000 [00:25<3:40:00,  1.13it/s]
                                                    

  0%|          | 26/15000 [00:25<3:40:00,  1.13it/s]
  0%|          | 27/15000 [00:25<3:25:12,  1.22it/s]
                                                    

  0%|          | 27/15000 [00:25<3:25:12,  1.22it/s]
  0%|          | 28/15000 [00:26<3:13:19,  1.29it/s]
                                                    

  0%|          | 28/15000 [00:26<3:13:19,  1.29it/s]
  0%|          | 29/15000 [00:28<4:17:20,  1.03s/it]
                                                    

  0%|          | 29/15000 [00:28<4:17:20,  1.03s/it]
  0%|          | 30/15000 [00:28<3:52:30,  1.07it/s]
                                                    

  0%|          | 30/15000 [00:28<3:52:30,  1.07it/s]
  0%|          | 31/15000 [00:29<3:30:08,  1.19it/s]
                                                    

  0%|          | 31/15000 [00:29<3:30:08,  1.19it/s]
  0%|          | 32/15000 [00:30<3:18:47,  1.25it/s]
                                                    

  0%|          | 32/15000 [00:30<3:18:47,  1.25it/s]
  0%|          | 33/15000 [00:31<3:33:54,  1.17it/s]
                                                    

  0%|          | 33/15000 [00:31<3:33:54,  1.17it/s]
  0%|          | 34/15000 [00:31<3:21:24,  1.24it/s]
                                                    

  0%|          | 34/15000 [00:31<3:21:24,  1.24it/s]
  0%|          | 35/15000 [00:32<3:13:22,  1.29it/s]
                                                    

  0%|          | 35/15000 [00:32<3:13:22,  1.29it/s]
  0%|          | 36/15000 [00:34<4:20:36,  1.04s/it]
                                                    

  0%|          | 36/15000 [00:34<4:20:36,  1.04s/it]
  0%|          | 37/15000 [00:35<4:03:13,  1.03it/s]
                                                    

  0%|          | 37/15000 [00:35<4:03:13,  1.03it/s]TCAPPDLL 2025-07-28 05:13:23.136168 - Epoch: 0.0002 Iteration: 1  rank : 0  train.loss : 0  train.ips : 0 imgs/s
{'loss': 9.9505, 'grad_norm': 87.3352279663086, 'learning_rate': 4.999666666666667e-05, 'epoch': 0.0}
TCAPPDLL 2025-07-28 05:13:24.102570 - Epoch: 0.0004 Iteration: 2  rank : 0  train.loss : 9.9505  train.ips : 0 imgs/s
{'loss': 4.2968, 'grad_norm': 33.87968063354492, 'learning_rate': 4.9993333333333335e-05, 'epoch': 0.0}
TCAPPDLL 2025-07-28 05:13:24.914166 - Epoch: 0.0006 Iteration: 3  rank : 0  train.loss : 4.2968  train.ips : 0 imgs/s
{'loss': 3.9169, 'grad_norm': 30.747970581054688, 'learning_rate': 4.999e-05, 'epoch': 0.0}
TCAPPDLL 2025-07-28 05:13:26.222759 - Epoch: 0.0008 Iteration: 4  rank : 0  train.loss : 3.9169  train.ips : 0 imgs/s
{'loss': 2.6924, 'grad_norm': 16.89797592163086, 'learning_rate': 4.9986666666666674e-05, 'epoch': 0.0}
TCAPPDLL 2025-07-28 05:13:27.557546 - Epoch: 0.001 Iteration: 5  rank : 0  train.loss : 2.6924  train.ips : 0 imgs/s
{'loss': 2.9051, 'grad_norm': 22.56171417236328, 'learning_rate': 4.998333333333334e-05, 'epoch': 0.0}
TCAPPDLL 2025-07-28 05:13:29.151444 - Epoch: 0.0012 Iteration: 6  rank : 0  train.loss : 2.9051  train.ips : 0 imgs/s
{'loss': 2.5606, 'grad_norm': 20.786998748779297, 'learning_rate': 4.9980000000000006e-05, 'epoch': 0.0}
TCAPPDLL 2025-07-28 05:13:29.860676 - Epoch: 0.0014 Iteration: 7  rank : 0  train.loss : 2.5606  train.ips : 0 imgs/s
{'loss': 2.4792, 'grad_norm': 19.950214385986328, 'learning_rate': 4.997666666666667e-05, 'epoch': 0.0}
TCAPPDLL 2025-07-28 05:13:30.488618 - Epoch: 0.0016 Iteration: 8  rank : 0  train.loss : 2.4792  train.ips : 0 imgs/s
{'loss': 1.7782, 'grad_norm': 18.819419860839844, 'learning_rate': 4.997333333333333e-05, 'epoch': 0.0}
TCAPPDLL 2025-07-28 05:13:31.118550 - Epoch: 0.0018 Iteration: 9  rank : 0  train.loss : 1.7782  train.ips : 0 imgs/s
{'loss': 1.7942, 'grad_norm': 20.023046493530273, 'learning_rate': 4.997e-05, 'epoch': 0.0}
TCAPPDLL 2025-07-28 05:13:32.170449 - Epoch: 0.002 Iteration: 10  rank : 0  train.loss : 1.7942  train.ips : 0 imgs/s
{'loss': 1.837, 'grad_norm': 40.26721954345703, 'learning_rate': 4.996666666666667e-05, 'epoch': 0.0}
TCAPPDLL 2025-07-28 05:13:32.812302 - Epoch: 0.0022 Iteration: 11  rank : 0  train.loss : 1.837  train.ips : 0 imgs/s
{'loss': 1.4313, 'grad_norm': 26.151363372802734, 'learning_rate': 4.996333333333334e-05, 'epoch': 0.0}
TCAPPDLL 2025-07-28 05:13:33.496777 - Epoch: 0.0024 Iteration: 12  rank : 0  train.loss : 1.4313  train.ips : 0 imgs/s
{'loss': 1.3086, 'grad_norm': 17.524089813232422, 'learning_rate': 4.996e-05, 'epoch': 0.0}
TCAPPDLL 2025-07-28 05:13:35.211503 - Epoch: 0.0026 Iteration: 13  rank : 0  train.loss : 1.3086  train.ips : 0 imgs/s
{'loss': 1.5195, 'grad_norm': 31.146387100219727, 'learning_rate': 4.995666666666667e-05, 'epoch': 0.0}
TCAPPDLL 2025-07-28 05:13:36.064416 - Epoch: 0.0028 Iteration: 14  rank : 0  train.loss : 1.5195  train.ips : 0 imgs/s
{'loss': 1.296, 'grad_norm': 15.905677795410156, 'learning_rate': 4.9953333333333335e-05, 'epoch': 0.0}
TCAPPDLL 2025-07-28 05:13:36.941841 - Epoch: 0.003 Iteration: 15  rank : 0  train.loss : 1.296  train.ips : 0 imgs/s
{'loss': 1.1747, 'grad_norm': 22.2369441986084, 'learning_rate': 4.995e-05, 'epoch': 0.0}
TCAPPDLL 2025-07-28 05:13:38.154034 - Epoch: 0.0032 Iteration: 16  rank : 0  train.loss : 1.1747  train.ips : 0 imgs/s
{'loss': 1.2526, 'grad_norm': 18.8405818939209, 'learning_rate': 4.994666666666667e-05, 'epoch': 0.0}
TCAPPDLL 2025-07-28 05:13:38.990634 - Epoch: 0.0034 Iteration: 17  rank : 0  train.loss : 1.2526  train.ips : 0 imgs/s
{'loss': 0.6527, 'grad_norm': 18.269014358520508, 'learning_rate': 4.9943333333333333e-05, 'epoch': 0.0}
TCAPPDLL 2025-07-28 05:13:39.714178 - Epoch: 0.0036 Iteration: 18  rank : 0  train.loss : 0.6527  train.ips : 0 imgs/s
{'loss': 1.5075, 'grad_norm': 58.374481201171875, 'learning_rate': 4.9940000000000006e-05, 'epoch': 0.0}
TCAPPDLL 2025-07-28 05:13:41.194151 - Epoch: 0.0038 Iteration: 19  rank : 0  train.loss : 1.5075  train.ips : 0 imgs/s
{'loss': 1.3944, 'grad_norm': 17.092056274414062, 'learning_rate': 4.993666666666667e-05, 'epoch': 0.0}
TCAPPDLL 2025-07-28 05:13:41.968899 - Epoch: 0.004 Iteration: 20  rank : 0  train.loss : 1.3944  train.ips : 0 imgs/s
{'loss': 1.7027, 'grad_norm': 50.29024887084961, 'learning_rate': 4.993333333333334e-05, 'epoch': 0.0}
TCAPPDLL 2025-07-28 05:13:42.707277 - Epoch: 0.0042 Iteration: 21  rank : 0  train.loss : 1.7027  train.ips : 0 imgs/s
{'loss': 0.5116, 'grad_norm': 23.400480270385742, 'learning_rate': 4.9930000000000005e-05, 'epoch': 0.0}
TCAPPDLL 2025-07-28 05:13:44.158347 - Epoch: 0.0044 Iteration: 22  rank : 0  train.loss : 0.5116  train.ips : 0 imgs/s
{'loss': 0.5752, 'grad_norm': 13.082391738891602, 'learning_rate': 4.992666666666667e-05, 'epoch': 0.0}
TCAPPDLL 2025-07-28 05:13:44.778350 - Epoch: 0.0046 Iteration: 23  rank : 0  train.loss : 0.5752  train.ips : 0 imgs/s
{'loss': 1.5193, 'grad_norm': 21.238412857055664, 'learning_rate': 4.992333333333333e-05, 'epoch': 0.0}
TCAPPDLL 2025-07-28 05:13:45.461812 - Epoch: 0.0048 Iteration: 24  rank : 0  train.loss : 1.5193  train.ips : 0 imgs/s
{'loss': 1.035, 'grad_norm': 16.45849609375, 'learning_rate': 4.992e-05, 'epoch': 0.0}
TCAPPDLL 2025-07-28 05:13:46.093447 - Epoch: 0.005 Iteration: 25  rank : 0  train.loss : 1.035  train.ips : 0 imgs/s
{'loss': 0.8047, 'grad_norm': 15.35798168182373, 'learning_rate': 4.991666666666667e-05, 'epoch': 0.01}
TCAPPDLL 2025-07-28 05:13:47.183266 - Epoch: 0.0052 Iteration: 26  rank : 0  train.loss : 0.8047  train.ips : 0 imgs/s
{'loss': 1.0851, 'grad_norm': 18.035377502441406, 'learning_rate': 4.9913333333333335e-05, 'epoch': 0.01}
TCAPPDLL 2025-07-28 05:13:47.867559 - Epoch: 0.0054 Iteration: 27  rank : 0  train.loss : 1.0851  train.ips : 0 imgs/s
{'loss': 0.6865, 'grad_norm': 25.781587600708008, 'learning_rate': 4.991e-05, 'epoch': 0.01}
TCAPPDLL 2025-07-28 05:13:48.531278 - Epoch: 0.0056 Iteration: 28  rank : 0  train.loss : 0.6865  train.ips : 0 imgs/s
{'loss': 1.9872, 'grad_norm': 29.647619247436523, 'learning_rate': 4.990666666666667e-05, 'epoch': 0.01}
TCAPPDLL 2025-07-28 05:13:50.161169 - Epoch: 0.0058 Iteration: 29  rank : 0  train.loss : 1.9872  train.ips : 0 imgs/s
{'loss': 1.083, 'grad_norm': 29.602519989013672, 'learning_rate': 4.9903333333333334e-05, 'epoch': 0.01}
TCAPPDLL 2025-07-28 05:13:50.861074 - Epoch: 0.006 Iteration: 30  rank : 0  train.loss : 1.083  train.ips : 0 imgs/s
{'loss': 0.6647, 'grad_norm': 20.9600887298584, 'learning_rate': 4.99e-05, 'epoch': 0.01}
TCAPPDLL 2025-07-28 05:13:51.494603 - Epoch: 0.0062 Iteration: 31  rank : 0  train.loss : 0.6647  train.ips : 0 imgs/s
{'loss': 0.5524, 'grad_norm': 8.106114387512207, 'learning_rate': 4.9896666666666666e-05, 'epoch': 0.01}
TCAPPDLL 2025-07-28 05:13:52.185314 - Epoch: 0.0064 Iteration: 32  rank : 0  train.loss : 0.5524  train.ips : 0 imgs/s
{'loss': 0.6764, 'grad_norm': 15.273650169372559, 'learning_rate': 4.989333333333334e-05, 'epoch': 0.01}
TCAPPDLL 2025-07-28 05:13:53.184396 - Epoch: 0.0066 Iteration: 33  rank : 0  train.loss : 0.6764  train.ips : 0 imgs/s
{'loss': 0.7872, 'grad_norm': 26.04475975036621, 'learning_rate': 4.9890000000000005e-05, 'epoch': 0.01}
TCAPPDLL 2025-07-28 05:13:53.875044 - Epoch: 0.0068 Iteration: 34  rank : 0  train.loss : 0.7872  train.ips : 0 imgs/s
{'loss': 0.3794, 'grad_norm': 14.17431354522705, 'learning_rate': 4.988666666666667e-05, 'epoch': 0.01}
TCAPPDLL 2025-07-28 05:13:54.575283 - Epoch: 0.007 Iteration: 35  rank : 0  train.loss : 0.3794  train.ips : 0 imgs/s
{'loss': 0.3472, 'grad_norm': 13.23200798034668, 'learning_rate': 4.988333333333334e-05, 'epoch': 0.01}
TCAPPDLL 2025-07-28 05:13:56.249123 - Epoch: 0.0072 Iteration: 36  rank : 0  train.loss : 0.3472  train.ips : 0 imgs/s
{'loss': 0.5103, 'grad_norm': 13.890949249267578, 'learning_rate': 4.9880000000000004e-05, 'epoch': 0.01}
TCAPPDLL 2025-07-28 05:13:57.062242 - Epoch: 0.0074 Iteration: 37  rank : 0  train.loss : 0.5103  train.ips : 0 imgs/s
{'loss': 0.5916, 'grad_norm': 17.031240463256836, 'learning_rate': 4.987666666666667e-05, 'epoch': 0.01}

  0%|          | 38/15000 [00:35<3:43:35,  1.12it/s]
                                                    

  0%|          | 38/15000 [00:35<3:43:35,  1.12it/s]
  0%|          | 39/15000 [00:37<4:30:32,  1.09s/it]
                                                    

  0%|          | 39/15000 [00:37<4:30:32,  1.09s/it]
  0%|          | 40/15000 [00:38<3:58:37,  1.04it/s]
                                                    

  0%|          | 40/15000 [00:38<3:58:37,  1.04it/s]
  0%|          | 41/15000 [00:38<3:40:36,  1.13it/s]
                                                    

  0%|          | 41/15000 [00:38<3:40:36,  1.13it/s]
  0%|          | 42/15000 [00:40<4:35:46,  1.11s/it]
                                                    

  0%|          | 42/15000 [00:40<4:35:46,  1.11s/it]
  0%|          | 43/15000 [00:41<4:02:01,  1.03it/s]
                                                    

  0%|          | 43/15000 [00:41<4:02:01,  1.03it/s]
  0%|          | 44/15000 [00:41<3:38:31,  1.14it/s]
                                                    

  0%|          | 44/15000 [00:41<3:38:31,  1.14it/s]
  0%|          | 45/15000 [00:43<4:32:14,  1.09s/it]
                                                    

  0%|          | 45/15000 [00:43<4:32:14,  1.09s/it]
  0%|          | 46/15000 [00:43<4:00:40,  1.04it/s]
                                                    

  0%|          | 46/15000 [00:43<4:00:40,  1.04it/s]
  0%|          | 47/15000 [00:44<3:47:52,  1.09it/s]
                                                    

  0%|          | 47/15000 [00:44<3:47:52,  1.09it/s]
  0%|          | 48/15000 [00:46<4:41:03,  1.13s/it]
                                                    

  0%|          | 48/15000 [00:46<4:41:03,  1.13s/it]
  0%|          | 49/15000 [00:47<4:11:41,  1.01s/it]
                                                    

  0%|          | 49/15000 [00:47<4:11:41,  1.01s/it]
  0%|          | 50/15000 [00:47<3:48:28,  1.09it/s]
                                                    

  0%|          | 50/15000 [00:47<3:48:28,  1.09it/s]
  0%|          | 51/15000 [00:49<4:29:39,  1.08s/it]
                                                    

  0%|          | 51/15000 [00:49<4:29:39,  1.08s/it]
  0%|          | 52/15000 [00:50<4:06:14,  1.01it/s]
                                                    

  0%|          | 52/15000 [00:50<4:06:14,  1.01it/s]
  0%|          | 53/15000 [00:50<3:44:39,  1.11it/s]
                                                    

  0%|          | 53/15000 [00:50<3:44:39,  1.11it/s]
  0%|          | 54/15000 [00:52<4:45:32,  1.15s/it]
                                                    

  0%|          | 54/15000 [00:52<4:45:32,  1.15s/it]
  0%|          | 55/15000 [00:53<4:11:49,  1.01s/it]
                                                    

  0%|          | 55/15000 [00:53<4:11:49,  1.01s/it]
  0%|          | 56/15000 [00:53<3:43:45,  1.11it/s]
                                                    

  0%|          | 56/15000 [00:53<3:43:45,  1.11it/s]
  0%|          | 57/15000 [00:55<4:32:48,  1.10s/it]
                                                    

  0%|          | 57/15000 [00:55<4:32:48,  1.10s/it]
  0%|          | 58/15000 [00:56<4:08:43,  1.00it/s]
                                                    

  0%|          | 58/15000 [00:56<4:08:43,  1.00it/s]
  0%|          | 59/15000 [00:56<3:50:29,  1.08it/s]
                                                    

  0%|          | 59/15000 [00:56<3:50:29,  1.08it/s]
  0%|          | 60/15000 [00:58<4:44:16,  1.14s/it]
                                                    

  0%|          | 60/15000 [00:58<4:44:16,  1.14s/it]
  0%|          | 61/15000 [00:59<4:11:56,  1.01s/it]
                                                    

  0%|          | 61/15000 [00:59<4:11:56,  1.01s/it]
  0%|          | 62/15000 [01:00<3:57:09,  1.05it/s]
                                                    

  0%|          | 62/15000 [01:00<3:57:09,  1.05it/s]
  0%|          | 63/15000 [01:01<4:45:21,  1.15s/it]
                                                    

  0%|          | 63/15000 [01:01<4:45:21,  1.15s/it]
  0%|          | 64/15000 [01:02<4:14:22,  1.02s/it]
                                                    

  0%|          | 64/15000 [01:02<4:14:22,  1.02s/it]
  0%|          | 65/15000 [01:03<3:50:46,  1.08it/s]
                                                    

  0%|          | 65/15000 [01:03<3:50:46,  1.08it/s]
  0%|          | 66/15000 [01:04<4:22:53,  1.06s/it]
                                                    

  0%|          | 66/15000 [01:04<4:22:53,  1.06s/it]
  0%|          | 67/15000 [01:05<3:58:32,  1.04it/s]
                                                    

  0%|          | 67/15000 [01:05<3:58:32,  1.04it/s]
  0%|          | 68/15000 [01:05<3:42:19,  1.12it/s]
                                                    

  0%|          | 68/15000 [01:05<3:42:19,  1.12it/s]
  0%|          | 69/15000 [01:07<4:26:45,  1.07s/it]
                                                    

  0%|          | 69/15000 [01:07<4:26:45,  1.07s/it]
  0%|          | 70/15000 [01:08<3:58:05,  1.05it/s]
                                                    

  0%|          | 70/15000 [01:08<3:58:05,  1.05it/s]
  0%|          | 71/15000 [01:08<3:37:51,  1.14it/s]
                                                    

  0%|          | 71/15000 [01:08<3:37:51,  1.14it/s]
  0%|          | 72/15000 [01:10<4:35:15,  1.11s/it]
                                                    

  0%|          | 72/15000 [01:10<4:35:15,  1.11s/it]
  0%|          | 73/15000 [01:11<4:15:47,  1.03s/it]
                                                    

  0%|          | 73/15000 [01:11<4:15:47,  1.03s/it]
  0%|          | 74/15000 [01:12<3:55:59,  1.05it/s]
                                                    

  0%|          | 74/15000 [01:12<3:55:59,  1.05it/s]TCAPPDLL 2025-07-28 05:13:57.775261 - Epoch: 0.0076 Iteration: 38  rank : 0  train.loss : 0.5916  train.ips : 0 imgs/s
{'loss': 0.6704, 'grad_norm': 11.96199893951416, 'learning_rate': 4.9873333333333336e-05, 'epoch': 0.01}
TCAPPDLL 2025-07-28 05:13:59.299690 - Epoch: 0.0078 Iteration: 39  rank : 0  train.loss : 0.6704  train.ips : 0 imgs/s
{'loss': 0.633, 'grad_norm': 14.36668586730957, 'learning_rate': 4.987e-05, 'epoch': 0.01}
TCAPPDLL 2025-07-28 05:13:59.958438 - Epoch: 0.008 Iteration: 40  rank : 0  train.loss : 0.633  train.ips : 0 imgs/s
{'loss': 0.8036, 'grad_norm': 13.602180480957031, 'learning_rate': 4.986666666666667e-05, 'epoch': 0.01}
TCAPPDLL 2025-07-28 05:14:00.674878 - Epoch: 0.0082 Iteration: 41  rank : 0  train.loss : 0.8036  train.ips : 0 imgs/s
{'loss': 0.8308, 'grad_norm': 19.28575325012207, 'learning_rate': 4.9863333333333334e-05, 'epoch': 0.01}
TCAPPDLL 2025-07-28 05:14:02.297352 - Epoch: 0.0084 Iteration: 42  rank : 0  train.loss : 0.8308  train.ips : 0 imgs/s
{'loss': 0.6842, 'grad_norm': 14.07540512084961, 'learning_rate': 4.986e-05, 'epoch': 0.01}
TCAPPDLL 2025-07-28 05:14:02.952738 - Epoch: 0.0086 Iteration: 43  rank : 0  train.loss : 0.6842  train.ips : 0 imgs/s
{'loss': 0.2823, 'grad_norm': 7.876078128814697, 'learning_rate': 4.9856666666666666e-05, 'epoch': 0.01}
TCAPPDLL 2025-07-28 05:14:03.609474 - Epoch: 0.0088 Iteration: 44  rank : 0  train.loss : 0.2823  train.ips : 0 imgs/s
{'loss': 0.9897, 'grad_norm': 15.825227737426758, 'learning_rate': 4.985333333333333e-05, 'epoch': 0.01}
TCAPPDLL 2025-07-28 05:14:05.204534 - Epoch: 0.009 Iteration: 45  rank : 0  train.loss : 0.9897  train.ips : 0 imgs/s
{'loss': 1.0246, 'grad_norm': 15.181466102600098, 'learning_rate': 4.9850000000000006e-05, 'epoch': 0.01}
TCAPPDLL 2025-07-28 05:14:05.875166 - Epoch: 0.0092 Iteration: 46  rank : 0  train.loss : 1.0246  train.ips : 0 imgs/s
{'loss': 0.7094, 'grad_norm': 22.112953186035156, 'learning_rate': 4.984666666666667e-05, 'epoch': 0.01}
TCAPPDLL 2025-07-28 05:14:06.669684 - Epoch: 0.0094 Iteration: 47  rank : 0  train.loss : 0.7094  train.ips : 0 imgs/s
{'loss': 0.6833, 'grad_norm': 19.81820297241211, 'learning_rate': 4.984333333333334e-05, 'epoch': 0.01}
TCAPPDLL 2025-07-28 05:14:08.295775 - Epoch: 0.0096 Iteration: 48  rank : 0  train.loss : 0.6833  train.ips : 0 imgs/s
{'loss': 0.6972, 'grad_norm': 19.096677780151367, 'learning_rate': 4.9840000000000004e-05, 'epoch': 0.01}
TCAPPDLL 2025-07-28 05:14:09.031071 - Epoch: 0.0098 Iteration: 49  rank : 0  train.loss : 0.6972  train.ips : 0 imgs/s
{'loss': 0.3338, 'grad_norm': 9.683056831359863, 'learning_rate': 4.983666666666667e-05, 'epoch': 0.01}
TCAPPDLL 2025-07-28 05:14:09.730819 - Epoch: 0.01 Iteration: 50  rank : 0  train.loss : 0.3338  train.ips : 0 imgs/s
{'loss': 0.5602, 'grad_norm': 13.970784187316895, 'learning_rate': 4.9833333333333336e-05, 'epoch': 0.01}
TCAPPDLL 2025-07-28 05:14:11.198720 - Epoch: 0.0102 Iteration: 51  rank : 0  train.loss : 0.5602  train.ips : 0 imgs/s
{'loss': 0.1264, 'grad_norm': 6.0811591148376465, 'learning_rate': 4.983e-05, 'epoch': 0.01}
TCAPPDLL 2025-07-28 05:14:11.968157 - Epoch: 0.0104 Iteration: 52  rank : 0  train.loss : 0.1264  train.ips : 0 imgs/s
{'loss': 0.9921, 'grad_norm': 20.470815658569336, 'learning_rate': 4.982666666666667e-05, 'epoch': 0.01}
TCAPPDLL 2025-07-28 05:14:12.668091 - Epoch: 0.0106 Iteration: 53  rank : 0  train.loss : 0.9921  train.ips : 0 imgs/s
{'loss': 0.6561, 'grad_norm': 12.086520195007324, 'learning_rate': 4.9823333333333335e-05, 'epoch': 0.01}
TCAPPDLL 2025-07-28 05:14:14.384595 - Epoch: 0.0108 Iteration: 54  rank : 0  train.loss : 0.6561  train.ips : 0 imgs/s
{'loss': 0.4519, 'grad_norm': 10.533980369567871, 'learning_rate': 4.982e-05, 'epoch': 0.01}
TCAPPDLL 2025-07-28 05:14:15.080152 - Epoch: 0.011 Iteration: 55  rank : 0  train.loss : 0.4519  train.ips : 0 imgs/s
{'loss': 0.4655, 'grad_norm': 14.003107070922852, 'learning_rate': 4.981666666666667e-05, 'epoch': 0.01}
TCAPPDLL 2025-07-28 05:14:15.715632 - Epoch: 0.0112 Iteration: 56  rank : 0  train.loss : 0.4655  train.ips : 0 imgs/s
{'loss': 0.5559, 'grad_norm': 17.91666030883789, 'learning_rate': 4.981333333333333e-05, 'epoch': 0.01}
TCAPPDLL 2025-07-28 05:14:17.270620 - Epoch: 0.0114 Iteration: 57  rank : 0  train.loss : 0.5559  train.ips : 0 imgs/s
{'loss': 0.3649, 'grad_norm': 10.798985481262207, 'learning_rate': 4.981e-05, 'epoch': 0.01}
TCAPPDLL 2025-07-28 05:14:18.044156 - Epoch: 0.0116 Iteration: 58  rank : 0  train.loss : 0.3649  train.ips : 0 imgs/s
{'loss': 0.995, 'grad_norm': 16.430770874023438, 'learning_rate': 4.9806666666666665e-05, 'epoch': 0.01}
TCAPPDLL 2025-07-28 05:14:18.798937 - Epoch: 0.0118 Iteration: 59  rank : 0  train.loss : 0.995  train.ips : 0 imgs/s
{'loss': 0.4002, 'grad_norm': 14.80838394165039, 'learning_rate': 4.980333333333334e-05, 'epoch': 0.01}
TCAPPDLL 2025-07-28 05:14:20.444776 - Epoch: 0.012 Iteration: 60  rank : 0  train.loss : 0.4002  train.ips : 0 imgs/s
{'loss': 0.5595, 'grad_norm': 17.340904235839844, 'learning_rate': 4.9800000000000004e-05, 'epoch': 0.01}
TCAPPDLL 2025-07-28 05:14:21.154008 - Epoch: 0.0122 Iteration: 61  rank : 0  train.loss : 0.5595  train.ips : 0 imgs/s
{'loss': 0.6525, 'grad_norm': 20.508996963500977, 'learning_rate': 4.979666666666667e-05, 'epoch': 0.01}
TCAPPDLL 2025-07-28 05:14:21.968081 - Epoch: 0.0124 Iteration: 62  rank : 0  train.loss : 0.6525  train.ips : 0 imgs/s
{'loss': 0.3791, 'grad_norm': 13.853602409362793, 'learning_rate': 4.9793333333333337e-05, 'epoch': 0.01}
TCAPPDLL 2025-07-28 05:14:23.566277 - Epoch: 0.0126 Iteration: 63  rank : 0  train.loss : 0.3791  train.ips : 0 imgs/s
{'loss': 0.6448, 'grad_norm': 24.929658889770508, 'learning_rate': 4.979e-05, 'epoch': 0.01}
TCAPPDLL 2025-07-28 05:14:24.297872 - Epoch: 0.0128 Iteration: 64  rank : 0  train.loss : 0.6448  train.ips : 0 imgs/s
{'loss': 0.474, 'grad_norm': 17.72162437438965, 'learning_rate': 4.978666666666667e-05, 'epoch': 0.01}
TCAPPDLL 2025-07-28 05:14:25.003960 - Epoch: 0.013 Iteration: 65  rank : 0  train.loss : 0.474  train.ips : 0 imgs/s
{'loss': 0.8073, 'grad_norm': 12.00639533996582, 'learning_rate': 4.9783333333333335e-05, 'epoch': 0.01}
TCAPPDLL 2025-07-28 05:14:26.361283 - Epoch: 0.0132 Iteration: 66  rank : 0  train.loss : 0.8073  train.ips : 0 imgs/s
{'loss': 0.2095, 'grad_norm': 12.392698287963867, 'learning_rate': 4.978e-05, 'epoch': 0.01}
TCAPPDLL 2025-07-28 05:14:27.091692 - Epoch: 0.0134 Iteration: 67  rank : 0  train.loss : 0.2095  train.ips : 0 imgs/s
{'loss': 0.5005, 'grad_norm': 18.337066650390625, 'learning_rate': 4.9776666666666674e-05, 'epoch': 0.01}
TCAPPDLL 2025-07-28 05:14:27.833178 - Epoch: 0.0136 Iteration: 68  rank : 0  train.loss : 0.5005  train.ips : 0 imgs/s
{'loss': 0.1275, 'grad_norm': 7.425439834594727, 'learning_rate': 4.977333333333334e-05, 'epoch': 0.01}
TCAPPDLL 2025-07-28 05:14:29.321626 - Epoch: 0.0138 Iteration: 69  rank : 0  train.loss : 0.1275  train.ips : 0 imgs/s
{'loss': 0.5054, 'grad_norm': 28.256668090820312, 'learning_rate': 4.977e-05, 'epoch': 0.01}
TCAPPDLL 2025-07-28 05:14:30.009990 - Epoch: 0.014 Iteration: 70  rank : 0  train.loss : 0.5054  train.ips : 0 imgs/s
{'loss': 0.3506, 'grad_norm': 6.805009841918945, 'learning_rate': 4.9766666666666666e-05, 'epoch': 0.01}
TCAPPDLL 2025-07-28 05:14:30.695968 - Epoch: 0.0142 Iteration: 71  rank : 0  train.loss : 0.3506  train.ips : 0 imgs/s
{'loss': 0.1953, 'grad_norm': 15.434242248535156, 'learning_rate': 4.976333333333333e-05, 'epoch': 0.01}
TCAPPDLL 2025-07-28 05:14:32.340647 - Epoch: 0.0144 Iteration: 72  rank : 0  train.loss : 0.1953  train.ips : 0 imgs/s
{'loss': 0.263, 'grad_norm': 5.7588419914245605, 'learning_rate': 4.976e-05, 'epoch': 0.01}
TCAPPDLL 2025-07-28 05:14:33.186616 - Epoch: 0.0146 Iteration: 73  rank : 0  train.loss : 0.263  train.ips : 0 imgs/s
{'loss': 0.4152, 'grad_norm': 14.980538368225098, 'learning_rate': 4.975666666666667e-05, 'epoch': 0.01}
TCAPPDLL 2025-07-28 05:14:33.949742 - Epoch: 0.0148 Iteration: 74  rank : 0  train.loss : 0.4152  train.ips : 0 imgs/s
{'loss': 0.4691, 'grad_norm': 14.638358116149902, 'learning_rate': 4.975333333333334e-05, 'epoch': 0.01}

  0%|          | 75/15000 [01:13<4:33:53,  1.10s/it]
                                                    

  0%|          | 75/15000 [01:13<4:33:53,  1.10s/it]
  1%|          | 76/15000 [01:14<4:09:32,  1.00s/it]
                                                    

  1%|          | 76/15000 [01:14<4:09:32,  1.00s/it]
  1%|          | 77/15000 [01:14<3:46:08,  1.10it/s]
                                                    

  1%|          | 77/15000 [01:14<3:46:08,  1.10it/s]
  1%|          | 78/15000 [01:16<4:26:01,  1.07s/it]
                                                    

  1%|          | 78/15000 [01:16<4:26:01,  1.07s/it]
  1%|          | 79/15000 [01:17<3:58:05,  1.04it/s]
                                                    

  1%|          | 79/15000 [01:17<3:58:05,  1.04it/s]
  1%|          | 80/15000 [01:17<3:39:45,  1.13it/s]
                                                    

  1%|          | 80/15000 [01:17<3:39:45,  1.13it/s]
  1%|          | 81/15000 [01:19<4:35:51,  1.11s/it]
                                                    

  1%|          | 81/15000 [01:19<4:35:51,  1.11s/it]
  1%|          | 82/15000 [01:20<4:03:42,  1.02it/s]
                                                    

  1%|          | 82/15000 [01:20<4:03:42,  1.02it/s]
  1%|          | 83/15000 [01:20<3:43:52,  1.11it/s]
                                                    

  1%|          | 83/15000 [01:20<3:43:52,  1.11it/s]
  1%|          | 84/15000 [01:22<4:33:55,  1.10s/it]
                                                    

  1%|          | 84/15000 [01:22<4:33:55,  1.10s/it]
  1%|          | 85/15000 [01:23<4:03:18,  1.02it/s]
                                                    

  1%|          | 85/15000 [01:23<4:03:18,  1.02it/s]
  1%|          | 86/15000 [01:23<3:42:47,  1.12it/s]
                                                    

  1%|          | 86/15000 [01:23<3:42:47,  1.12it/s]
  1%|          | 87/15000 [01:25<4:33:23,  1.10s/it]
                                                    

  1%|          | 87/15000 [01:25<4:33:23,  1.10s/it]
  1%|          | 88/15000 [01:26<3:59:20,  1.04it/s]
                                                    

  1%|          | 88/15000 [01:26<3:59:20,  1.04it/s]
  1%|          | 89/15000 [01:26<3:38:20,  1.14it/s]
                                                    

  1%|          | 89/15000 [01:26<3:38:20,  1.14it/s]
  1%|          | 90/15000 [01:27<3:21:34,  1.23it/s]
                                                    

  1%|          | 90/15000 [01:27<3:21:34,  1.23it/s]
  1%|          | 91/15000 [01:28<3:38:44,  1.14it/s]
                                                    

  1%|          | 91/15000 [01:28<3:38:44,  1.14it/s]
  1%|          | 92/15000 [01:29<3:21:19,  1.23it/s]
                                                    

  1%|          | 92/15000 [01:29<3:21:19,  1.23it/s]
  1%|          | 93/15000 [01:29<3:10:55,  1.30it/s]
                                                    

  1%|          | 93/15000 [01:29<3:10:55,  1.30it/s]
  1%|          | 94/15000 [01:30<3:02:39,  1.36it/s]
                                                    

  1%|          | 94/15000 [01:30<3:02:39,  1.36it/s]
  1%|          | 95/15000 [01:31<3:26:33,  1.20it/s]
                                                    

  1%|          | 95/15000 [01:31<3:26:33,  1.20it/s]
  1%|          | 96/15000 [01:32<3:16:07,  1.27it/s]
                                                    

  1%|          | 96/15000 [01:32<3:16:07,  1.27it/s]
  1%|          | 97/15000 [01:32<3:18:28,  1.25it/s]
                                                    

  1%|          | 97/15000 [01:32<3:18:28,  1.25it/s]
  1%|          | 98/15000 [01:34<4:06:46,  1.01it/s]
                                                    

  1%|          | 98/15000 [01:34<4:06:46,  1.01it/s]
  1%|          | 99/15000 [01:35<3:50:17,  1.08it/s]
                                                    

  1%|          | 99/15000 [01:35<3:50:17,  1.08it/s]
  1%|          | 100/15000 [01:35<3:39:23,  1.13it/s]
                                                     

  1%|          | 100/15000 [01:35<3:39:23,  1.13it/s]
  1%|          | 101/15000 [01:37<4:30:33,  1.09s/it]
                                                     

  1%|          | 101/15000 [01:37<4:30:33,  1.09s/it]
  1%|          | 102/15000 [01:38<4:09:48,  1.01s/it]
                                                     

  1%|          | 102/15000 [01:38<4:09:48,  1.01s/it]
  1%|          | 103/15000 [01:38<3:43:24,  1.11it/s]
                                                     

  1%|          | 103/15000 [01:38<3:43:24,  1.11it/s]
  1%|          | 104/15000 [01:40<4:31:04,  1.09s/it]
                                                     

  1%|          | 104/15000 [01:40<4:31:04,  1.09s/it]
  1%|          | 105/15000 [01:41<3:57:18,  1.05it/s]
                                                     

  1%|          | 105/15000 [01:41<3:57:18,  1.05it/s]
  1%|          | 106/15000 [01:41<3:34:39,  1.16it/s]
                                                     

  1%|          | 106/15000 [01:41<3:34:39,  1.16it/s]
  1%|          | 107/15000 [01:43<4:35:19,  1.11s/it]
                                                     

  1%|          | 107/15000 [01:43<4:35:19,  1.11s/it]
  1%|          | 108/15000 [01:44<4:02:06,  1.03it/s]
                                                     

  1%|          | 108/15000 [01:44<4:02:06,  1.03it/s]
  1%|          | 109/15000 [01:44<3:39:39,  1.13it/s]
                                                     

  1%|          | 109/15000 [01:44<3:39:39,  1.13it/s]
  1%|          | 110/15000 [01:46<4:31:53,  1.10s/it]
                                                     

  1%|          | 110/15000 [01:46<4:31:53,  1.10s/it]
  1%|          | 111/15000 [01:47<4:01:47,  1.03it/s]
                                                     

  1%|          | 111/15000 [01:47<4:01:47,  1.03it/s]TCAPPDLL 2025-07-28 05:14:35.406212 - Epoch: 0.015 Iteration: 75  rank : 0  train.loss : 0.4691  train.ips : 0 imgs/s
{'loss': 0.5587, 'grad_norm': 10.612814903259277, 'learning_rate': 4.975e-05, 'epoch': 0.01}
TCAPPDLL 2025-07-28 05:14:36.181415 - Epoch: 0.0152 Iteration: 76  rank : 0  train.loss : 0.5587  train.ips : 0 imgs/s
{'loss': 0.2042, 'grad_norm': 5.845051288604736, 'learning_rate': 4.974666666666667e-05, 'epoch': 0.02}
TCAPPDLL 2025-07-28 05:14:36.871315 - Epoch: 0.0154 Iteration: 77  rank : 0  train.loss : 0.2042  train.ips : 0 imgs/s
{'loss': 0.3808, 'grad_norm': 16.284957885742188, 'learning_rate': 4.9743333333333335e-05, 'epoch': 0.02}
TCAPPDLL 2025-07-28 05:14:38.315148 - Epoch: 0.0156 Iteration: 78  rank : 0  train.loss : 0.3808  train.ips : 0 imgs/s
{'loss': 0.0966, 'grad_norm': 2.9541175365448, 'learning_rate': 4.974e-05, 'epoch': 0.02}
TCAPPDLL 2025-07-28 05:14:39.010892 - Epoch: 0.0158 Iteration: 79  rank : 0  train.loss : 0.0966  train.ips : 0 imgs/s
{'loss': 0.7307, 'grad_norm': 15.07359790802002, 'learning_rate': 4.973666666666667e-05, 'epoch': 0.02}
TCAPPDLL 2025-07-28 05:14:39.722562 - Epoch: 0.016 Iteration: 80  rank : 0  train.loss : 0.7307  train.ips : 0 imgs/s
{'loss': 0.4321, 'grad_norm': 9.827629089355469, 'learning_rate': 4.973333333333334e-05, 'epoch': 0.02}
TCAPPDLL 2025-07-28 05:14:41.358661 - Epoch: 0.0162 Iteration: 81  rank : 0  train.loss : 0.4321  train.ips : 0 imgs/s
{'loss': 0.3197, 'grad_norm': 9.676390647888184, 'learning_rate': 4.973000000000001e-05, 'epoch': 0.02}
TCAPPDLL 2025-07-28 05:14:42.037307 - Epoch: 0.0164 Iteration: 82  rank : 0  train.loss : 0.3197  train.ips : 0 imgs/s
{'loss': 0.7446, 'grad_norm': 17.16099739074707, 'learning_rate': 4.972666666666667e-05, 'epoch': 0.02}
TCAPPDLL 2025-07-28 05:14:42.751886 - Epoch: 0.0166 Iteration: 83  rank : 0  train.loss : 0.7446  train.ips : 0 imgs/s
{'loss': 0.3143, 'grad_norm': 8.151989936828613, 'learning_rate': 4.972333333333334e-05, 'epoch': 0.02}
TCAPPDLL 2025-07-28 05:14:44.323394 - Epoch: 0.0168 Iteration: 84  rank : 0  train.loss : 0.3143  train.ips : 0 imgs/s
{'loss': 0.2555, 'grad_norm': 6.871721267700195, 'learning_rate': 4.972e-05, 'epoch': 0.02}
TCAPPDLL 2025-07-28 05:14:45.015253 - Epoch: 0.017 Iteration: 85  rank : 0  train.loss : 0.2555  train.ips : 0 imgs/s
{'loss': 0.4469, 'grad_norm': 16.337074279785156, 'learning_rate': 4.9716666666666664e-05, 'epoch': 0.02}
TCAPPDLL 2025-07-28 05:14:45.719061 - Epoch: 0.0172 Iteration: 86  rank : 0  train.loss : 0.4469  train.ips : 0 imgs/s
{'loss': 0.2753, 'grad_norm': 5.737616062164307, 'learning_rate': 4.971333333333334e-05, 'epoch': 0.02}
TCAPPDLL 2025-07-28 05:14:47.294016 - Epoch: 0.0174 Iteration: 87  rank : 0  train.loss : 0.2753  train.ips : 0 imgs/s
{'loss': 0.6904, 'grad_norm': 9.121818542480469, 'learning_rate': 4.9710000000000003e-05, 'epoch': 0.02}
TCAPPDLL 2025-07-28 05:14:47.937761 - Epoch: 0.0176 Iteration: 88  rank : 0  train.loss : 0.6904  train.ips : 0 imgs/s
{'loss': 0.2442, 'grad_norm': 12.401708602905273, 'learning_rate': 4.970666666666667e-05, 'epoch': 0.02}
TCAPPDLL 2025-07-28 05:14:48.619252 - Epoch: 0.0178 Iteration: 89  rank : 0  train.loss : 0.2442  train.ips : 0 imgs/s
{'loss': 0.6183, 'grad_norm': 15.178926467895508, 'learning_rate': 4.9703333333333336e-05, 'epoch': 0.02}
TCAPPDLL 2025-07-28 05:14:49.273162 - Epoch: 0.018 Iteration: 90  rank : 0  train.loss : 0.6183  train.ips : 0 imgs/s
{'loss': 0.337, 'grad_norm': 10.838860511779785, 'learning_rate': 4.97e-05, 'epoch': 0.02}
TCAPPDLL 2025-07-28 05:14:50.314466 - Epoch: 0.0182 Iteration: 91  rank : 0  train.loss : 0.337  train.ips : 0 imgs/s
{'loss': 0.463, 'grad_norm': 12.015031814575195, 'learning_rate': 4.969666666666667e-05, 'epoch': 0.02}
TCAPPDLL 2025-07-28 05:14:50.961741 - Epoch: 0.0184 Iteration: 92  rank : 0  train.loss : 0.463  train.ips : 0 imgs/s
{'loss': 0.4619, 'grad_norm': 16.00848960876465, 'learning_rate': 4.9693333333333334e-05, 'epoch': 0.02}
TCAPPDLL 2025-07-28 05:14:51.632485 - Epoch: 0.0186 Iteration: 93  rank : 0  train.loss : 0.4619  train.ips : 0 imgs/s
{'loss': 0.5655, 'grad_norm': 14.66709041595459, 'learning_rate': 4.969e-05, 'epoch': 0.02}
TCAPPDLL 2025-07-28 05:14:52.290238 - Epoch: 0.0188 Iteration: 94  rank : 0  train.loss : 0.5655  train.ips : 0 imgs/s
{'loss': 0.052, 'grad_norm': 4.026766777038574, 'learning_rate': 4.968666666666667e-05, 'epoch': 0.02}
TCAPPDLL 2025-07-28 05:14:53.346369 - Epoch: 0.019 Iteration: 95  rank : 0  train.loss : 0.052  train.ips : 0 imgs/s
{'loss': 0.3935, 'grad_norm': 10.19093132019043, 'learning_rate': 4.968333333333334e-05, 'epoch': 0.02}
TCAPPDLL 2025-07-28 05:14:54.037997 - Epoch: 0.0192 Iteration: 96  rank : 0  train.loss : 0.3935  train.ips : 0 imgs/s
{'loss': 0.1493, 'grad_norm': 7.910571098327637, 'learning_rate': 4.9680000000000005e-05, 'epoch': 0.02}
TCAPPDLL 2025-07-28 05:14:54.859198 - Epoch: 0.0194 Iteration: 97  rank : 0  train.loss : 0.1493  train.ips : 0 imgs/s
{'loss': 0.4446, 'grad_norm': 13.166667938232422, 'learning_rate': 4.967666666666667e-05, 'epoch': 0.02}
TCAPPDLL 2025-07-28 05:14:56.306569 - Epoch: 0.0196 Iteration: 98  rank : 0  train.loss : 0.4446  train.ips : 0 imgs/s
{'loss': 0.2824, 'grad_norm': 12.507353782653809, 'learning_rate': 4.967333333333334e-05, 'epoch': 0.02}
TCAPPDLL 2025-07-28 05:14:57.079307 - Epoch: 0.0198 Iteration: 99  rank : 0  train.loss : 0.2824  train.ips : 0 imgs/s
{'loss': 0.2158, 'grad_norm': 15.767794609069824, 'learning_rate': 4.967e-05, 'epoch': 0.02}
TCAPPDLL 2025-07-28 05:14:57.860586 - Epoch: 0.02 Iteration: 100  rank : 0  train.loss : 0.2158  train.ips : 0 imgs/s
{'loss': 0.2447, 'grad_norm': 10.34060287475586, 'learning_rate': 4.966666666666667e-05, 'epoch': 0.02}
