--------------+----------------------------------------------
 Host IP      | 10.244.49.142
 PyTorch      | 2.4.0a0+git4451b0e
 Torch-SDAA   | 20250711.14.48.dev0+gitef35a85
--------------+----------------------------------------------
 SDAA Driver  | 2.1.0 (N/A)
 SDAA Runtime | 2.1.0 (/opt/tecoai/lib64/libsdaart.so)
 SDPTI        | 1.4.0b0 (/opt/tecoai/lib64/libsdpti.so)
 TecoDNN      | 2.2.0b0 (/opt/tecoai/lib64/libtecodnn.so)
 TecoBLAS     | 2.2.0b0 (/opt/tecoai/lib64/libtecoblas.so)
 CustomDNN    | 2.2.0b0 (/opt/tecoai/lib64/libtecocustom.so)
 TecoRAND     | 2.0.1 (/opt/tecoai/lib64/libtecorand.so)
 TCCL         | 1.23.0 (/opt/tecoai/lib64/libtccl.so)
--------------+----------------------------------------------
2025-07-28 05:25:57,792 - INFO - __main__ - Training/evaluation parameters TrainingArguments(
_n_gpu=0,
accelerator_config={'split_batches': False, 'dispatch_batches': None, 'even_batches': True, 'use_seedable_sampler': True, 'non_blocking': False, 'gradient_accumulation_kwargs': None},
adafactor=False,
adam_beta1=0.9,
adam_beta2=0.999,
adam_epsilon=1e-08,
auto_find_batch_size=False,
batch_eval_metrics=False,
bf16=False,
bf16_full_eval=False,
data_seed=None,
dataloader_drop_last=False,
dataloader_num_workers=0,
dataloader_persistent_workers=False,
dataloader_pin_memory=True,
dataloader_prefetch_factor=None,
ddp_backend=None,
ddp_broadcast_buffers=None,
ddp_bucket_cap_mb=None,
ddp_find_unused_parameters=None,
ddp_timeout=1800,
debug=[],
deepspeed=None,
disable_tqdm=False,
dispatch_batches=None,
do_eval=True,
do_predict=False,
do_train=True,
eval_accumulation_steps=None,
eval_delay=0,
eval_do_concat_batches=True,
eval_steps=None,
eval_strategy=no,
evaluation_strategy=None,
fp16=False,
fp16_backend=auto,
fp16_full_eval=False,
fp16_opt_level=O1,
fsdp=[],
fsdp_config={'min_num_params': 0, 'xla': False, 'xla_fsdp_v2': False, 'xla_fsdp_grad_ckpt': False},
fsdp_min_num_params=0,
fsdp_transformer_layer_cls_to_wrap=None,
full_determinism=False,
gradient_accumulation_steps=1,
gradient_checkpointing=False,
gradient_checkpointing_kwargs=None,
greater_is_better=None,
group_by_length=False,
half_precision_backend=auto,
hub_always_push=False,
hub_model_id=None,
hub_private_repo=False,
hub_strategy=every_save,
hub_token=<HUB_TOKEN>,
ignore_data_skip=False,
include_inputs_for_metrics=False,
include_num_input_tokens_seen=False,
include_tokens_per_second=False,
jit_mode_eval=False,
label_names=None,
label_smoothing_factor=0.0,
learning_rate=5e-05,
length_column_name=length,
load_best_model_at_end=False,
local_rank=0,
log_level=passive,
log_level_replica=warning,
log_on_each_node=True,
logging_dir=t5_out/runs/Jul28_05-25-57_nb-potmhwirax-0,
logging_first_step=False,
logging_nan_inf_filter=True,
logging_steps=1.0,
logging_strategy=steps,
lr_scheduler_kwargs={},
lr_scheduler_type=linear,
max_grad_norm=1.0,
max_steps=-1,
metric_for_best_model=None,
mp_parameters=,
neftune_noise_alpha=None,
no_cuda=False,
num_train_epochs=3.0,
optim=adamw_torch,
optim_args=None,
optim_target_modules=None,
output_dir=t5_out,
overwrite_output_dir=True,
past_index=-1,
per_device_eval_batch_size=2,
per_device_train_batch_size=2,
prediction_loss_only=False,
push_to_hub=False,
push_to_hub_model_id=None,
push_to_hub_organization=None,
push_to_hub_token=<PUSH_TO_HUB_TOKEN>,
ray_scope=last,
remove_unused_columns=True,
report_to=[],
restore_callback_states_from_checkpoint=False,
resume_from_checkpoint=None,
run_name=t5_out,
save_on_each_node=False,
save_only_model=False,
save_safetensors=True,
save_steps=500,
save_strategy=steps,
save_total_limit=None,
seed=42,
skip_memory_metrics=True,
split_batches=None,
tf32=None,
torch_compile=False,
torch_compile_backend=None,
torch_compile_mode=None,
torchdynamo=None,
tpu_metrics_debug=False,
tpu_num_cores=None,
use_cpu=False,
use_ipex=False,
use_legacy_prediction_loop=False,
use_mps_device=False,
warmup_ratio=0.0,
warmup_steps=0,
weight_decay=0.0,
)

Generating train split: 0 examples [00:00, ? examples/s]
Generating train split: 10000 examples [00:00, 55187.99 examples/s]
Generating train split: 10000 examples [00:00, 54660.24 examples/s]

Generating validation split: 0 examples [00:00, ? examples/s]
Generating validation split: 10000 examples [00:00, 82876.15 examples/s]
Generating validation split: 10000 examples [00:00, 81683.25 examples/s]
当前使用的模型路径： /data/teco-data/models/mengzi-t5-base

Tokenizing line by line:   0%|          | 0/10000 [00:00<?, ? examples/s]
Tokenizing line by line:  10%|█         | 1000/10000 [00:01<00:14, 609.98 examples/s]
Tokenizing line by line:  20%|██        | 2000/10000 [00:02<00:11, 718.58 examples/s]
Tokenizing line by line:  30%|███       | 3000/10000 [00:03<00:07, 910.23 examples/s]
Tokenizing line by line:  40%|████      | 4000/10000 [00:03<00:04, 1265.78 examples/s]
Tokenizing line by line:  50%|█████     | 5000/10000 [00:04<00:03, 1262.79 examples/s]
Tokenizing line by line:  60%|██████    | 6000/10000 [00:05<00:02, 1570.93 examples/s]
Tokenizing line by line:  70%|███████   | 7000/10000 [00:06<00:02, 1211.08 examples/s]
Tokenizing line by line:  80%|████████  | 8000/10000 [00:07<00:02, 904.37 examples/s] 
Tokenizing line by line:  90%|█████████ | 9000/10000 [00:08<00:00, 1159.62 examples/s]
Tokenizing line by line: 100%|██████████| 10000/10000 [00:08<00:00, 1238.10 examples/s]
Tokenizing line by line: 100%|██████████| 10000/10000 [00:08<00:00, 1112.11 examples/s]

Tokenizing line by line:   0%|          | 0/10000 [00:00<?, ? examples/s]
Tokenizing line by line:  10%|█         | 1000/10000 [00:01<00:14, 624.51 examples/s]
Tokenizing line by line:  20%|██        | 2000/10000 [00:02<00:10, 781.33 examples/s]
Tokenizing line by line:  30%|███       | 3000/10000 [00:03<00:07, 955.21 examples/s]
Tokenizing line by line:  40%|████      | 4000/10000 [00:03<00:04, 1313.73 examples/s]
Tokenizing line by line:  50%|█████     | 5000/10000 [00:04<00:03, 1286.41 examples/s]
Tokenizing line by line:  60%|██████    | 6000/10000 [00:04<00:02, 1592.24 examples/s]
Tokenizing line by line:  70%|███████   | 7000/10000 [00:06<00:02, 1213.45 examples/s]
Tokenizing line by line:  80%|████████  | 8000/10000 [00:07<00:02, 942.48 examples/s] 
Tokenizing line by line:  90%|█████████ | 9000/10000 [00:08<00:00, 1205.30 examples/s]
Tokenizing line by line: 100%|██████████| 10000/10000 [00:08<00:00, 1273.46 examples/s]
Tokenizing line by line: 100%|██████████| 10000/10000 [00:08<00:00, 1149.34 examples/s]

  0%|          | 0/15000 [00:00<?, ?it/s]
  0%|          | 1/15000 [01:21<341:16:25, 81.91s/it]
                                                     

  0%|          | 1/15000 [01:21<341:16:25, 81.91s/it]
  0%|          | 2/15000 [01:45<197:22:33, 47.38s/it]
                                                     

  0%|          | 2/15000 [01:45<197:22:33, 47.38s/it]
  0%|          | 3/15000 [02:07<149:07:23, 35.80s/it]
                                                     

  0%|          | 3/15000 [02:07<149:07:23, 35.80s/it]
  0%|          | 4/15000 [02:44<150:55:03, 36.23s/it]
                                                     

  0%|          | 4/15000 [02:44<150:55:03, 36.23s/it]
  0%|          | 5/15000 [03:03<125:56:20, 30.24s/it]
                                                     

  0%|          | 5/15000 [03:03<125:56:20, 30.24s/it]
  0%|          | 6/15000 [03:28<117:40:10, 28.25s/it]
                                                     

  0%|          | 6/15000 [03:28<117:40:10, 28.25s/it]
  0%|          | 7/15000 [04:01<124:07:12, 29.80s/it]
                                                     

  0%|          | 7/15000 [04:01<124:07:12, 29.80s/it]
  0%|          | 8/15000 [04:18<107:47:33, 25.88s/it]
                                                     

  0%|          | 8/15000 [04:18<107:47:33, 25.88s/it]
  0%|          | 9/15000 [04:36<97:32:35, 23.42s/it] 
                                                    

  0%|          | 9/15000 [04:36<97:32:35, 23.42s/it]
  0%|          | 10/15000 [05:05<104:27:44, 25.09s/it]
                                                      

  0%|          | 10/15000 [05:05<104:27:44, 25.09s/it]
  0%|          | 11/15000 [05:34<109:09:39, 26.22s/it]
                                                      

  0%|          | 11/15000 [05:34<109:09:39, 26.22s/it]
  0%|          | 12/15000 [05:52<99:07:19, 23.81s/it] 
                                                     

  0%|          | 12/15000 [05:52<99:07:19, 23.81s/it]
  0%|          | 13/15000 [06:08<89:38:26, 21.53s/it]
                                                     

  0%|          | 13/15000 [06:08<89:38:26, 21.53s/it]
  0%|          | 14/15000 [06:28<86:49:12, 20.86s/it]
                                                     

  0%|          | 14/15000 [06:28<86:49:12, 20.86s/it]
  0%|          | 15/15000 [07:07<109:34:39, 26.32s/it]
                                                      

  0%|          | 15/15000 [07:07<109:34:39, 26.32s/it]
  0%|          | 16/15000 [07:26<100:23:29, 24.12s/it]
                                                      

  0%|          | 16/15000 [07:26<100:23:29, 24.12s/it]
  0%|          | 17/15000 [07:43<91:44:09, 22.04s/it] 
                                                     

  0%|          | 17/15000 [07:43<91:44:09, 22.04s/it]
  0%|          | 18/15000 [08:00<85:10:58, 20.47s/it]
                                                     

  0%|          | 18/15000 [08:00<85:10:58, 20.47s/it]
  0%|          | 19/15000 [08:19<83:35:19, 20.09s/it]
                                                     

  0%|          | 19/15000 [08:19<83:35:19, 20.09s/it]
  0%|          | 20/15000 [08:48<94:42:46, 22.76s/it]
                                                     

  0%|          | 20/15000 [08:48<94:42:46, 22.76s/it]
  0%|          | 21/15000 [09:12<97:02:59, 23.32s/it]
                                                     

  0%|          | 21/15000 [09:12<97:02:59, 23.32s/it]
  0%|          | 22/15000 [09:29<89:06:34, 21.42s/it]
                                                     

  0%|          | 22/15000 [09:29<89:06:34, 21.42s/it]
  0%|          | 23/15000 [09:47<84:19:28, 20.27s/it]
                                                     

  0%|          | 23/15000 [09:47<84:19:28, 20.27s/it]
  0%|          | 24/15000 [10:03<78:37:39, 18.90s/it]
                                                     

  0%|          | 24/15000 [10:03<78:37:39, 18.90s/it]
  0%|          | 25/15000 [10:19<75:44:13, 18.21s/it]
                                                     

  0%|          | 25/15000 [10:19<75:44:13, 18.21s/it]
  0%|          | 26/15000 [10:43<82:44:00, 19.89s/it]
                                                     

  0%|          | 26/15000 [10:43<82:44:00, 19.89s/it]
  0%|          | 27/15000 [11:10<91:20:39, 21.96s/it]
                                                     

  0%|          | 27/15000 [11:10<91:20:39, 21.96s/it]
  0%|          | 28/15000 [11:31<89:53:17, 21.61s/it]
                                                     

  0%|          | 28/15000 [11:31<89:53:17, 21.61s/it]
  0%|          | 29/15000 [11:47<83:44:35, 20.14s/it]
                                                     

  0%|          | 29/15000 [11:47<83:44:35, 20.14s/it]
  0%|          | 30/15000 [12:05<80:11:35, 19.28s/it]
                                                     

  0%|          | 30/15000 [12:05<80:11:35, 19.28s/it]
  0%|          | 31/15000 [12:21<76:27:26, 18.39s/it]
                                                     

  0%|          | 31/15000 [12:21<76:27:26, 18.39s/it]
  0%|          | 32/15000 [12:37<73:50:55, 17.76s/it]
                                                     

  0%|          | 32/15000 [12:37<73:50:55, 17.76s/it]
  0%|          | 33/15000 [12:55<74:15:31, 17.86s/it]
                                                     

  0%|          | 33/15000 [12:55<74:15:31, 17.86s/it]
  0%|          | 34/15000 [13:29<93:30:58, 22.49s/it]
                                                     

  0%|          | 34/15000 [13:29<93:30:58, 22.49s/it]
  0%|          | 35/15000 [13:53<95:46:06, 23.04s/it]
                                                     

  0%|          | 35/15000 [13:53<95:46:06, 23.04s/it]
  0%|          | 36/15000 [14:10<88:28:36, 21.29s/it]
                                                     

  0%|          | 36/15000 [14:10<88:28:36, 21.29s/it]
  0%|          | 37/15000 [14:28<83:37:17, 20.12s/it]
                                                     

  0%|          | 37/15000 [14:28<83:37:17, 20.12s/it]TCAPPDLL 2025-07-28 05:27:47.601514 - Epoch: 0.0002 Iteration: 1  rank : 0  train.loss : 0  train.ips : 0 imgs/s
{'loss': 10.2099, 'grad_norm': 91.65763854980469, 'learning_rate': 4.999666666666667e-05, 'epoch': 0.0}
TCAPPDLL 2025-07-28 05:28:10.804900 - Epoch: 0.0004 Iteration: 2  rank : 0  train.loss : 10.2099  train.ips : 0 imgs/s
{'loss': 4.6607, 'grad_norm': 31.765893936157227, 'learning_rate': 4.9993333333333335e-05, 'epoch': 0.0}
TCAPPDLL 2025-07-28 05:28:32.821725 - Epoch: 0.0006 Iteration: 3  rank : 0  train.loss : 4.6607  train.ips : 0 imgs/s
{'loss': 3.887, 'grad_norm': 21.053422927856445, 'learning_rate': 4.999e-05, 'epoch': 0.0}
TCAPPDLL 2025-07-28 05:29:09.715688 - Epoch: 0.0008 Iteration: 4  rank : 0  train.loss : 3.887  train.ips : 0 imgs/s
{'loss': 2.7776, 'grad_norm': 20.837997436523438, 'learning_rate': 4.9986666666666674e-05, 'epoch': 0.0}
TCAPPDLL 2025-07-28 05:29:29.322006 - Epoch: 0.001 Iteration: 5  rank : 0  train.loss : 2.7776  train.ips : 0 imgs/s
{'loss': 2.6226, 'grad_norm': 21.29078483581543, 'learning_rate': 4.998333333333334e-05, 'epoch': 0.0}
TCAPPDLL 2025-07-28 05:29:53.724168 - Epoch: 0.0012 Iteration: 6  rank : 0  train.loss : 2.6226  train.ips : 0 imgs/s
{'loss': 1.8587, 'grad_norm': 19.400785446166992, 'learning_rate': 4.9980000000000006e-05, 'epoch': 0.0}
TCAPPDLL 2025-07-28 05:30:26.719585 - Epoch: 0.0014 Iteration: 7  rank : 0  train.loss : 1.8587  train.ips : 0 imgs/s
{'loss': 1.993, 'grad_norm': 23.159868240356445, 'learning_rate': 4.997666666666667e-05, 'epoch': 0.0}
TCAPPDLL 2025-07-28 05:30:44.213021 - Epoch: 0.0016 Iteration: 8  rank : 0  train.loss : 1.993  train.ips : 0 imgs/s
{'loss': 1.7713, 'grad_norm': 29.814058303833008, 'learning_rate': 4.997333333333333e-05, 'epoch': 0.0}
TCAPPDLL 2025-07-28 05:31:02.229036 - Epoch: 0.0018 Iteration: 9  rank : 0  train.loss : 1.7713  train.ips : 0 imgs/s
{'loss': 1.7585, 'grad_norm': 24.764596939086914, 'learning_rate': 4.997e-05, 'epoch': 0.0}
TCAPPDLL 2025-07-28 05:31:31.041216 - Epoch: 0.002 Iteration: 10  rank : 0  train.loss : 1.7585  train.ips : 0 imgs/s
{'loss': 1.3183, 'grad_norm': 24.588911056518555, 'learning_rate': 4.996666666666667e-05, 'epoch': 0.0}
TCAPPDLL 2025-07-28 05:31:59.821788 - Epoch: 0.0022 Iteration: 11  rank : 0  train.loss : 1.3183  train.ips : 0 imgs/s
{'loss': 1.1629, 'grad_norm': 20.180755615234375, 'learning_rate': 4.996333333333334e-05, 'epoch': 0.0}
TCAPPDLL 2025-07-28 05:32:18.118898 - Epoch: 0.0024 Iteration: 12  rank : 0  train.loss : 1.1629  train.ips : 0 imgs/s
{'loss': 1.2737, 'grad_norm': 26.38594627380371, 'learning_rate': 4.996e-05, 'epoch': 0.0}
TCAPPDLL 2025-07-28 05:32:34.414443 - Epoch: 0.0026 Iteration: 13  rank : 0  train.loss : 1.2737  train.ips : 0 imgs/s
{'loss': 1.0721, 'grad_norm': 28.672903060913086, 'learning_rate': 4.995666666666667e-05, 'epoch': 0.0}
TCAPPDLL 2025-07-28 05:32:53.708487 - Epoch: 0.0028 Iteration: 14  rank : 0  train.loss : 1.0721  train.ips : 0 imgs/s
{'loss': 1.1386, 'grad_norm': 23.296459197998047, 'learning_rate': 4.9953333333333335e-05, 'epoch': 0.0}
TCAPPDLL 2025-07-28 05:33:32.707107 - Epoch: 0.003 Iteration: 15  rank : 0  train.loss : 1.1386  train.ips : 0 imgs/s
{'loss': 1.3235, 'grad_norm': 36.36482620239258, 'learning_rate': 4.995e-05, 'epoch': 0.0}
TCAPPDLL 2025-07-28 05:33:51.705698 - Epoch: 0.0032 Iteration: 16  rank : 0  train.loss : 1.3235  train.ips : 0 imgs/s
{'loss': 1.3992, 'grad_norm': 17.102710723876953, 'learning_rate': 4.994666666666667e-05, 'epoch': 0.0}
TCAPPDLL 2025-07-28 05:34:08.914453 - Epoch: 0.0034 Iteration: 17  rank : 0  train.loss : 1.3992  train.ips : 0 imgs/s
{'loss': 0.9774, 'grad_norm': 17.6813907623291, 'learning_rate': 4.9943333333333333e-05, 'epoch': 0.0}
TCAPPDLL 2025-07-28 05:34:25.720583 - Epoch: 0.0036 Iteration: 18  rank : 0  train.loss : 0.9774  train.ips : 0 imgs/s
{'loss': 1.4664, 'grad_norm': 40.41663360595703, 'learning_rate': 4.9940000000000006e-05, 'epoch': 0.0}
TCAPPDLL 2025-07-28 05:34:44.918249 - Epoch: 0.0038 Iteration: 19  rank : 0  train.loss : 1.4664  train.ips : 0 imgs/s
{'loss': 1.0975, 'grad_norm': 19.706707000732422, 'learning_rate': 4.993666666666667e-05, 'epoch': 0.0}
TCAPPDLL 2025-07-28 05:35:13.913676 - Epoch: 0.004 Iteration: 20  rank : 0  train.loss : 1.0975  train.ips : 0 imgs/s
{'loss': 0.9492, 'grad_norm': 32.37077331542969, 'learning_rate': 4.993333333333334e-05, 'epoch': 0.0}
TCAPPDLL 2025-07-28 05:35:38.551297 - Epoch: 0.0042 Iteration: 21  rank : 0  train.loss : 0.9492  train.ips : 0 imgs/s
{'loss': 1.0901, 'grad_norm': 23.854433059692383, 'learning_rate': 4.9930000000000005e-05, 'epoch': 0.0}
TCAPPDLL 2025-07-28 05:35:55.522092 - Epoch: 0.0044 Iteration: 22  rank : 0  train.loss : 1.0901  train.ips : 0 imgs/s
{'loss': 0.7716, 'grad_norm': 17.588764190673828, 'learning_rate': 4.992666666666667e-05, 'epoch': 0.0}
TCAPPDLL 2025-07-28 05:36:13.111607 - Epoch: 0.0046 Iteration: 23  rank : 0  train.loss : 0.7716  train.ips : 0 imgs/s
{'loss': 1.529, 'grad_norm': 21.473012924194336, 'learning_rate': 4.992333333333333e-05, 'epoch': 0.0}
TCAPPDLL 2025-07-28 05:36:28.821375 - Epoch: 0.0048 Iteration: 24  rank : 0  train.loss : 1.529  train.ips : 0 imgs/s
{'loss': 1.1507, 'grad_norm': 19.24361801147461, 'learning_rate': 4.992e-05, 'epoch': 0.0}
TCAPPDLL 2025-07-28 05:36:45.410361 - Epoch: 0.005 Iteration: 25  rank : 0  train.loss : 1.1507  train.ips : 0 imgs/s
{'loss': 0.6262, 'grad_norm': 14.250598907470703, 'learning_rate': 4.991666666666667e-05, 'epoch': 0.01}
TCAPPDLL 2025-07-28 05:37:09.227984 - Epoch: 0.0052 Iteration: 26  rank : 0  train.loss : 0.6262  train.ips : 0 imgs/s
{'loss': 0.9669, 'grad_norm': 21.777238845825195, 'learning_rate': 4.9913333333333335e-05, 'epoch': 0.01}
TCAPPDLL 2025-07-28 05:37:36.023490 - Epoch: 0.0054 Iteration: 27  rank : 0  train.loss : 0.9669  train.ips : 0 imgs/s
{'loss': 0.4119, 'grad_norm': 14.430069923400879, 'learning_rate': 4.991e-05, 'epoch': 0.01}
TCAPPDLL 2025-07-28 05:37:56.823454 - Epoch: 0.0056 Iteration: 28  rank : 0  train.loss : 0.4119  train.ips : 0 imgs/s
{'loss': 1.3648, 'grad_norm': 19.26969337463379, 'learning_rate': 4.990666666666667e-05, 'epoch': 0.01}
TCAPPDLL 2025-07-28 05:38:13.516488 - Epoch: 0.0058 Iteration: 29  rank : 0  train.loss : 1.3648  train.ips : 0 imgs/s
{'loss': 0.9759, 'grad_norm': 15.52195930480957, 'learning_rate': 4.9903333333333334e-05, 'epoch': 0.01}
TCAPPDLL 2025-07-28 05:38:30.812638 - Epoch: 0.006 Iteration: 30  rank : 0  train.loss : 0.9759  train.ips : 0 imgs/s
{'loss': 0.4523, 'grad_norm': 9.665031433105469, 'learning_rate': 4.99e-05, 'epoch': 0.01}
TCAPPDLL 2025-07-28 05:38:47.107264 - Epoch: 0.0062 Iteration: 31  rank : 0  train.loss : 0.4523  train.ips : 0 imgs/s
{'loss': 0.3702, 'grad_norm': 10.772602081298828, 'learning_rate': 4.9896666666666666e-05, 'epoch': 0.01}
TCAPPDLL 2025-07-28 05:39:03.407677 - Epoch: 0.0064 Iteration: 32  rank : 0  train.loss : 0.3702  train.ips : 0 imgs/s
{'loss': 0.6937, 'grad_norm': 16.370168685913086, 'learning_rate': 4.989333333333334e-05, 'epoch': 0.01}
TCAPPDLL 2025-07-28 05:39:21.501944 - Epoch: 0.0066 Iteration: 33  rank : 0  train.loss : 0.6937  train.ips : 0 imgs/s
{'loss': 0.781, 'grad_norm': 20.352134704589844, 'learning_rate': 4.9890000000000005e-05, 'epoch': 0.01}
TCAPPDLL 2025-07-28 05:39:54.808283 - Epoch: 0.0068 Iteration: 34  rank : 0  train.loss : 0.781  train.ips : 0 imgs/s
{'loss': 0.3492, 'grad_norm': 10.422221183776855, 'learning_rate': 4.988666666666667e-05, 'epoch': 0.01}
TCAPPDLL 2025-07-28 05:40:19.114171 - Epoch: 0.007 Iteration: 35  rank : 0  train.loss : 0.3492  train.ips : 0 imgs/s
{'loss': 0.3173, 'grad_norm': 7.507387638092041, 'learning_rate': 4.988333333333334e-05, 'epoch': 0.01}
TCAPPDLL 2025-07-28 05:40:36.310177 - Epoch: 0.0072 Iteration: 36  rank : 0  train.loss : 0.3173  train.ips : 0 imgs/s
{'loss': 0.5226, 'grad_norm': 15.810290336608887, 'learning_rate': 4.9880000000000004e-05, 'epoch': 0.01}
TCAPPDLL 2025-07-28 05:40:53.706749 - Epoch: 0.0074 Iteration: 37  rank : 0  train.loss : 0.5226  train.ips : 0 imgs/s
{'loss': 0.2589, 'grad_norm': 6.8914031982421875, 'learning_rate': 4.987666666666667e-05, 'epoch': 0.01}

  0%|          | 38/15000 [14:45<79:59:24, 19.25s/it]
                                                     

  0%|          | 38/15000 [14:45<79:59:24, 19.25s/it]
  0%|          | 39/15000 [15:01<75:40:44, 18.21s/it]
                                                     

  0%|          | 39/15000 [15:01<75:40:44, 18.21s/it]
  0%|          | 40/15000 [15:17<73:10:13, 17.61s/it]
                                                     

  0%|          | 40/15000 [15:17<73:10:13, 17.61s/it]
  0%|          | 41/15000 [15:36<74:47:00, 18.00s/it]
                                                     

  0%|          | 41/15000 [15:36<74:47:00, 18.00s/it]
  0%|          | 42/15000 [16:04<87:51:09, 21.14s/it]
                                                     

  0%|          | 42/15000 [16:04<87:51:09, 21.14s/it]
  0%|          | 43/15000 [16:28<91:47:14, 22.09s/it]
                                                     

  0%|          | 43/15000 [16:28<91:47:14, 22.09s/it]
  0%|          | 44/15000 [16:45<85:19:13, 20.54s/it]
                                                     

  0%|          | 44/15000 [16:45<85:19:13, 20.54s/it]
  0%|          | 45/15000 [17:03<82:08:38, 19.77s/it]
                                                     

  0%|          | 45/15000 [17:03<82:08:38, 19.77s/it]
  0%|          | 46/15000 [17:20<77:56:14, 18.76s/it]
                                                     

  0%|          | 46/15000 [17:20<77:56:14, 18.76s/it]
  0%|          | 47/15000 [17:37<75:29:27, 18.17s/it]
                                                     

  0%|          | 47/15000 [17:37<75:29:27, 18.17s/it]
  0%|          | 48/15000 [17:56<76:31:18, 18.42s/it]
                                                     

  0%|          | 48/15000 [17:56<76:31:18, 18.42s/it]
  0%|          | 49/15000 [18:30<96:25:21, 23.22s/it]
                                                     

  0%|          | 49/15000 [18:30<96:25:21, 23.22s/it]
  0%|          | 50/15000 [18:52<94:23:30, 22.73s/it]
                                                     

  0%|          | 50/15000 [18:52<94:23:30, 22.73s/it]
  0%|          | 51/15000 [19:08<86:21:34, 20.80s/it]
                                                     

  0%|          | 51/15000 [19:08<86:21:34, 20.80s/it]
  0%|          | 52/15000 [19:26<83:34:56, 20.13s/it]
                                                     

  0%|          | 52/15000 [19:26<83:34:56, 20.13s/it]
  0%|          | 53/15000 [19:43<78:51:40, 18.99s/it]
                                                     

  0%|          | 53/15000 [19:43<78:51:40, 18.99s/it]
  0%|          | 54/15000 [20:00<76:21:17, 18.39s/it]
                                                     

  0%|          | 54/15000 [20:00<76:21:17, 18.39s/it]
  0%|          | 55/15000 [20:23<82:13:11, 19.81s/it]
                                                     

  0%|          | 55/15000 [20:23<82:13:11, 19.81s/it]
  0%|          | 56/15000 [20:51<92:02:53, 22.17s/it]
                                                     

  0%|          | 56/15000 [20:51<92:02:53, 22.17s/it]
  0%|          | 57/15000 [21:11<90:12:08, 21.73s/it]
                                                     

  0%|          | 57/15000 [21:11<90:12:08, 21.73s/it]
  0%|          | 58/15000 [21:29<84:40:48, 20.40s/it]
                                                     

  0%|          | 58/15000 [21:29<84:40:48, 20.40s/it]
  0%|          | 59/15000 [21:45<80:10:45, 19.32s/it]
                                                     

  0%|          | 59/15000 [21:45<80:10:45, 19.32s/it]
  0%|          | 60/15000 [22:02<76:25:29, 18.42s/it]
                                                     

  0%|          | 60/15000 [22:02<76:25:29, 18.42s/it]
  0%|          | 61/15000 [22:18<74:03:03, 17.84s/it]
                                                     

  0%|          | 61/15000 [22:18<74:03:03, 17.84s/it]
  0%|          | 62/15000 [22:38<77:05:08, 18.58s/it]
                                                     

  0%|          | 62/15000 [22:38<77:05:08, 18.58s/it]
  0%|          | 63/15000 [23:27<113:49:42, 27.43s/it]
                                                      

  0%|          | 63/15000 [23:27<113:49:42, 27.43s/it]
  0%|          | 64/15000 [23:46<103:48:26, 25.02s/it]
                                                      

  0%|          | 64/15000 [23:46<103:48:26, 25.02s/it]
  0%|          | 65/15000 [24:05<95:56:50, 23.13s/it] 
                                                     

  0%|          | 65/15000 [24:05<95:56:50, 23.13s/it]
  0%|          | 66/15000 [24:21<87:26:07, 21.08s/it]
                                                     

  0%|          | 66/15000 [24:21<87:26:07, 21.08s/it]
  0%|          | 67/15000 [24:38<81:52:16, 19.74s/it]
                                                     

  0%|          | 67/15000 [24:38<81:52:16, 19.74s/it]
  0%|          | 68/15000 [24:56<79:49:49, 19.25s/it]
                                                     

  0%|          | 68/15000 [24:56<79:49:49, 19.25s/it]
  0%|          | 69/15000 [25:23<89:50:43, 21.66s/it]
                                                     

  0%|          | 69/15000 [25:23<89:50:43, 21.66s/it]
  0%|          | 70/15000 [25:49<95:36:07, 23.05s/it]
                                                     

  0%|          | 70/15000 [25:49<95:36:07, 23.05s/it]
  0%|          | 71/15000 [26:07<89:10:58, 21.51s/it]
                                                     

  0%|          | 71/15000 [26:07<89:10:58, 21.51s/it]
  0%|          | 72/15000 [26:24<83:33:22, 20.15s/it]
                                                     

  0%|          | 72/15000 [26:24<83:33:22, 20.15s/it]
  0%|          | 73/15000 [26:41<79:46:39, 19.24s/it]
                                                     

  0%|          | 73/15000 [26:41<79:46:39, 19.24s/it]
  0%|          | 74/15000 [26:58<76:36:04, 18.48s/it]
                                                     

  0%|          | 74/15000 [26:58<76:36:04, 18.48s/it]TCAPPDLL 2025-07-28 05:41:10.917304 - Epoch: 0.0076 Iteration: 38  rank : 0  train.loss : 0.2589  train.ips : 0 imgs/s
{'loss': 0.2606, 'grad_norm': 8.499557495117188, 'learning_rate': 4.9873333333333336e-05, 'epoch': 0.01}
TCAPPDLL 2025-07-28 05:41:26.710185 - Epoch: 0.0078 Iteration: 39  rank : 0  train.loss : 0.2606  train.ips : 0 imgs/s
{'loss': 0.9852, 'grad_norm': 21.695642471313477, 'learning_rate': 4.987e-05, 'epoch': 0.01}
TCAPPDLL 2025-07-28 05:41:42.912148 - Epoch: 0.008 Iteration: 40  rank : 0  train.loss : 0.9852  train.ips : 0 imgs/s
{'loss': 0.6796, 'grad_norm': 12.146566390991211, 'learning_rate': 4.986666666666667e-05, 'epoch': 0.01}
TCAPPDLL 2025-07-28 05:42:01.818125 - Epoch: 0.0082 Iteration: 41  rank : 0  train.loss : 0.6796  train.ips : 0 imgs/s
{'loss': 1.1183, 'grad_norm': 22.729997634887695, 'learning_rate': 4.9863333333333334e-05, 'epoch': 0.01}
TCAPPDLL 2025-07-28 05:42:30.304062 - Epoch: 0.0084 Iteration: 42  rank : 0  train.loss : 1.1183  train.ips : 0 imgs/s
{'loss': 0.4948, 'grad_norm': 9.28193187713623, 'learning_rate': 4.986e-05, 'epoch': 0.01}
TCAPPDLL 2025-07-28 05:42:54.609411 - Epoch: 0.0086 Iteration: 43  rank : 0  train.loss : 0.4948  train.ips : 0 imgs/s
{'loss': 0.2, 'grad_norm': 10.050882339477539, 'learning_rate': 4.9856666666666666e-05, 'epoch': 0.01}
TCAPPDLL 2025-07-28 05:43:11.517986 - Epoch: 0.0088 Iteration: 44  rank : 0  train.loss : 0.2  train.ips : 0 imgs/s
{'loss': 0.507, 'grad_norm': 16.529653549194336, 'learning_rate': 4.985333333333333e-05, 'epoch': 0.01}
TCAPPDLL 2025-07-28 05:43:29.510759 - Epoch: 0.009 Iteration: 45  rank : 0  train.loss : 0.507  train.ips : 0 imgs/s
{'loss': 1.4793, 'grad_norm': 18.734703063964844, 'learning_rate': 4.9850000000000006e-05, 'epoch': 0.01}
TCAPPDLL 2025-07-28 05:43:45.913421 - Epoch: 0.0092 Iteration: 46  rank : 0  train.loss : 1.4793  train.ips : 0 imgs/s
{'loss': 0.4847, 'grad_norm': 15.496325492858887, 'learning_rate': 4.984666666666667e-05, 'epoch': 0.01}
TCAPPDLL 2025-07-28 05:44:02.716830 - Epoch: 0.0094 Iteration: 47  rank : 0  train.loss : 0.4847  train.ips : 0 imgs/s
{'loss': 0.6478, 'grad_norm': 28.808874130249023, 'learning_rate': 4.984333333333334e-05, 'epoch': 0.01}
TCAPPDLL 2025-07-28 05:44:21.722941 - Epoch: 0.0096 Iteration: 48  rank : 0  train.loss : 0.6478  train.ips : 0 imgs/s
{'loss': 0.7675, 'grad_norm': 18.73883628845215, 'learning_rate': 4.9840000000000004e-05, 'epoch': 0.01}
TCAPPDLL 2025-07-28 05:44:56.124216 - Epoch: 0.0098 Iteration: 49  rank : 0  train.loss : 0.7675  train.ips : 0 imgs/s
{'loss': 0.4662, 'grad_norm': 12.753329277038574, 'learning_rate': 4.983666666666667e-05, 'epoch': 0.01}
TCAPPDLL 2025-07-28 05:45:17.716558 - Epoch: 0.01 Iteration: 50  rank : 0  train.loss : 0.4662  train.ips : 0 imgs/s
{'loss': 0.5064, 'grad_norm': 14.260255813598633, 'learning_rate': 4.9833333333333336e-05, 'epoch': 0.01}
TCAPPDLL 2025-07-28 05:45:34.003741 - Epoch: 0.0102 Iteration: 51  rank : 0  train.loss : 0.5064  train.ips : 0 imgs/s
{'loss': 0.2386, 'grad_norm': 10.181328773498535, 'learning_rate': 4.983e-05, 'epoch': 0.01}
TCAPPDLL 2025-07-28 05:45:52.575703 - Epoch: 0.0104 Iteration: 52  rank : 0  train.loss : 0.2386  train.ips : 0 imgs/s
{'loss': 0.5652, 'grad_norm': 12.996261596679688, 'learning_rate': 4.982666666666667e-05, 'epoch': 0.01}
TCAPPDLL 2025-07-28 05:46:08.919633 - Epoch: 0.0106 Iteration: 53  rank : 0  train.loss : 0.5652  train.ips : 0 imgs/s
{'loss': 0.3812, 'grad_norm': 12.446476936340332, 'learning_rate': 4.9823333333333335e-05, 'epoch': 0.01}
TCAPPDLL 2025-07-28 05:46:25.905174 - Epoch: 0.0108 Iteration: 54  rank : 0  train.loss : 0.3812  train.ips : 0 imgs/s
{'loss': 0.2988, 'grad_norm': 16.016324996948242, 'learning_rate': 4.982e-05, 'epoch': 0.01}
TCAPPDLL 2025-07-28 05:46:49.010063 - Epoch: 0.011 Iteration: 55  rank : 0  train.loss : 0.2988  train.ips : 0 imgs/s
{'loss': 0.2123, 'grad_norm': 14.637471199035645, 'learning_rate': 4.981666666666667e-05, 'epoch': 0.01}
TCAPPDLL 2025-07-28 05:47:16.712037 - Epoch: 0.0112 Iteration: 56  rank : 0  train.loss : 0.2123  train.ips : 0 imgs/s
{'loss': 0.7096, 'grad_norm': 22.32748794555664, 'learning_rate': 4.981333333333333e-05, 'epoch': 0.01}
TCAPPDLL 2025-07-28 05:47:37.409063 - Epoch: 0.0114 Iteration: 57  rank : 0  train.loss : 0.7096  train.ips : 0 imgs/s
{'loss': 0.6277, 'grad_norm': 10.829984664916992, 'learning_rate': 4.981e-05, 'epoch': 0.01}
TCAPPDLL 2025-07-28 05:47:54.710174 - Epoch: 0.0116 Iteration: 58  rank : 0  train.loss : 0.6277  train.ips : 0 imgs/s
{'loss': 0.7656, 'grad_norm': 19.505910873413086, 'learning_rate': 4.9806666666666665e-05, 'epoch': 0.01}
TCAPPDLL 2025-07-28 05:48:11.501846 - Epoch: 0.0118 Iteration: 59  rank : 0  train.loss : 0.7656  train.ips : 0 imgs/s
{'loss': 0.3762, 'grad_norm': 9.621169090270996, 'learning_rate': 4.980333333333334e-05, 'epoch': 0.01}
TCAPPDLL 2025-07-28 05:48:27.809660 - Epoch: 0.012 Iteration: 60  rank : 0  train.loss : 0.3762  train.ips : 0 imgs/s
{'loss': 0.5688, 'grad_norm': 17.63515853881836, 'learning_rate': 4.9800000000000004e-05, 'epoch': 0.01}
TCAPPDLL 2025-07-28 05:48:44.322254 - Epoch: 0.0122 Iteration: 61  rank : 0  train.loss : 0.5688  train.ips : 0 imgs/s
{'loss': 0.3505, 'grad_norm': 11.470325469970703, 'learning_rate': 4.979666666666667e-05, 'epoch': 0.01}
TCAPPDLL 2025-07-28 05:49:04.609103 - Epoch: 0.0124 Iteration: 62  rank : 0  train.loss : 0.3505  train.ips : 0 imgs/s
{'loss': 0.3296, 'grad_norm': 10.07986831665039, 'learning_rate': 4.9793333333333337e-05, 'epoch': 0.01}
TCAPPDLL 2025-07-28 05:49:52.708856 - Epoch: 0.0126 Iteration: 63  rank : 0  train.loss : 0.3296  train.ips : 0 imgs/s
{'loss': 0.5107, 'grad_norm': 11.929287910461426, 'learning_rate': 4.979e-05, 'epoch': 0.01}
TCAPPDLL 2025-07-28 05:50:12.097788 - Epoch: 0.0128 Iteration: 64  rank : 0  train.loss : 0.5107  train.ips : 0 imgs/s
{'loss': 0.2283, 'grad_norm': 13.057906150817871, 'learning_rate': 4.978666666666667e-05, 'epoch': 0.01}
TCAPPDLL 2025-07-28 05:50:30.808351 - Epoch: 0.013 Iteration: 65  rank : 0  train.loss : 0.2283  train.ips : 0 imgs/s
{'loss': 0.5713, 'grad_norm': 30.257343292236328, 'learning_rate': 4.9783333333333335e-05, 'epoch': 0.01}
TCAPPDLL 2025-07-28 05:50:47.101618 - Epoch: 0.0132 Iteration: 66  rank : 0  train.loss : 0.5713  train.ips : 0 imgs/s
{'loss': 0.4549, 'grad_norm': 15.694841384887695, 'learning_rate': 4.978e-05, 'epoch': 0.01}
TCAPPDLL 2025-07-28 05:51:03.712024 - Epoch: 0.0134 Iteration: 67  rank : 0  train.loss : 0.4549  train.ips : 0 imgs/s
{'loss': 0.3451, 'grad_norm': 6.7605671882629395, 'learning_rate': 4.9776666666666674e-05, 'epoch': 0.01}
TCAPPDLL 2025-07-28 05:51:21.813736 - Epoch: 0.0136 Iteration: 68  rank : 0  train.loss : 0.3451  train.ips : 0 imgs/s
{'loss': 0.1655, 'grad_norm': 5.944636821746826, 'learning_rate': 4.977333333333334e-05, 'epoch': 0.01}
TCAPPDLL 2025-07-28 05:51:49.113638 - Epoch: 0.0138 Iteration: 69  rank : 0  train.loss : 0.1655  train.ips : 0 imgs/s
{'loss': 0.3938, 'grad_norm': 18.970802307128906, 'learning_rate': 4.977e-05, 'epoch': 0.01}
TCAPPDLL 2025-07-28 05:52:15.407906 - Epoch: 0.014 Iteration: 70  rank : 0  train.loss : 0.3938  train.ips : 0 imgs/s
{'loss': 0.1594, 'grad_norm': 3.508087635040283, 'learning_rate': 4.9766666666666666e-05, 'epoch': 0.01}
TCAPPDLL 2025-07-28 05:52:33.305474 - Epoch: 0.0142 Iteration: 71  rank : 0  train.loss : 0.1594  train.ips : 0 imgs/s
{'loss': 0.2611, 'grad_norm': 17.551897048950195, 'learning_rate': 4.976333333333333e-05, 'epoch': 0.01}
TCAPPDLL 2025-07-28 05:52:50.293017 - Epoch: 0.0144 Iteration: 72  rank : 0  train.loss : 0.2611  train.ips : 0 imgs/s
{'loss': 0.2485, 'grad_norm': 7.094099044799805, 'learning_rate': 4.976e-05, 'epoch': 0.01}
TCAPPDLL 2025-07-28 05:53:07.409948 - Epoch: 0.0146 Iteration: 73  rank : 0  train.loss : 0.2485  train.ips : 0 imgs/s
{'loss': 0.1264, 'grad_norm': 12.112462043762207, 'learning_rate': 4.975666666666667e-05, 'epoch': 0.01}
TCAPPDLL 2025-07-28 05:53:24.100836 - Epoch: 0.0148 Iteration: 74  rank : 0  train.loss : 0.1264  train.ips : 0 imgs/s
{'loss': 0.5321, 'grad_norm': 19.168214797973633, 'learning_rate': 4.975333333333334e-05, 'epoch': 0.01}

  0%|          | 75/15000 [27:14<73:54:33, 17.83s/it]
                                                     

  0%|          | 75/15000 [27:14<73:54:33, 17.83s/it]
  1%|          | 76/15000 [27:31<73:06:19, 17.63s/it]
                                                     

  1%|          | 76/15000 [27:31<73:06:19, 17.63s/it]
  1%|          | 77/15000 [27:50<73:48:44, 17.81s/it]
                                                     

  1%|          | 77/15000 [27:50<73:48:44, 17.81s/it]
  1%|          | 78/15000 [28:16<84:22:06, 20.35s/it]
                                                     

  1%|          | 78/15000 [28:16<84:22:06, 20.35s/it]
  1%|          | 79/15000 [28:45<95:29:26, 23.04s/it]
                                                     

  1%|          | 79/15000 [28:45<95:29:26, 23.04s/it]
  1%|          | 80/15000 [29:02<88:13:34, 21.29s/it]
                                                     

  1%|          | 80/15000 [29:02<88:13:34, 21.29s/it]
  1%|          | 81/15000 [29:19<82:38:08, 19.94s/it]
                                                     

  1%|          | 81/15000 [29:19<82:38:08, 19.94s/it]
  1%|          | 82/15000 [29:37<79:28:07, 19.18s/it]
                                                     

  1%|          | 82/15000 [29:37<79:28:07, 19.18s/it]
  1%|          | 83/15000 [29:53<76:16:28, 18.41s/it]
                                                     

  1%|          | 83/15000 [29:53<76:16:28, 18.41s/it]
  1%|          | 84/15000 [30:09<73:24:05, 17.72s/it]
                                                     

  1%|          | 84/15000 [30:09<73:24:05, 17.72s/it]
  1%|          | 85/15000 [30:26<72:29:46, 17.50s/it]
                                                     

  1%|          | 85/15000 [30:26<72:29:46, 17.50s/it]
  1%|          | 86/15000 [30:54<85:10:41, 20.56s/it]
                                                     

  1%|          | 86/15000 [30:54<85:10:41, 20.56s/it]
  1%|          | 87/15000 [31:23<95:53:59, 23.15s/it]
                                                     

  1%|          | 87/15000 [31:23<95:53:59, 23.15s/it]
  1%|          | 88/15000 [31:40<88:00:04, 21.24s/it]
                                                     

  1%|          | 88/15000 [31:40<88:00:04, 21.24s/it]
  1%|          | 89/15000 [31:56<81:44:04, 19.73s/it]
                                                     

  1%|          | 89/15000 [31:56<81:44:04, 19.73s/it]
  1%|          | 90/15000 [32:14<78:57:46, 19.07s/it]
                                                     

  1%|          | 90/15000 [32:14<78:57:46, 19.07s/it]
  1%|          | 91/15000 [32:30<75:45:18, 18.29s/it]
                                                     

  1%|          | 91/15000 [32:30<75:45:18, 18.29s/it]
  1%|          | 92/15000 [32:47<73:17:03, 17.70s/it]
                                                     

  1%|          | 92/15000 [32:47<73:17:03, 17.70s/it]
  1%|          | 93/15000 [33:03<71:48:22, 17.34s/it]
                                                     

  1%|          | 93/15000 [33:03<71:48:22, 17.34s/it]
  1%|          | 94/15000 [33:25<77:48:42, 18.79s/it]
                                                     

  1%|          | 94/15000 [33:25<77:48:42, 18.79s/it]
  1%|          | 95/15000 [33:48<83:02:25, 20.06s/it]
                                                     

  1%|          | 95/15000 [33:48<83:02:25, 20.06s/it]
  1%|          | 96/15000 [34:14<89:48:44, 21.69s/it]
                                                     

  1%|          | 96/15000 [34:14<89:48:44, 21.69s/it]
  1%|          | 97/15000 [34:31<83:42:07, 20.22s/it]
                                                     

  1%|          | 97/15000 [34:31<83:42:07, 20.22s/it]
  1%|          | 98/15000 [34:48<79:57:05, 19.31s/it]
                                                     

  1%|          | 98/15000 [34:48<79:57:05, 19.31s/it]
  1%|          | 99/15000 [35:05<77:12:41, 18.65s/it]
                                                     

  1%|          | 99/15000 [35:05<77:12:41, 18.65s/it]
  1%|          | 100/15000 [35:21<74:08:29, 17.91s/it]
                                                      

  1%|          | 100/15000 [35:21<74:08:29, 17.91s/it]
  1%|          | 101/15000 [35:37<72:17:16, 17.47s/it]
                                                      

  1%|          | 101/15000 [35:37<72:17:16, 17.47s/it]
  1%|          | 102/15000 [35:56<73:39:44, 17.80s/it]
                                                      

  1%|          | 102/15000 [35:56<73:39:44, 17.80s/it]
  1%|          | 103/15000 [36:24<86:41:42, 20.95s/it]
                                                      

  1%|          | 103/15000 [36:24<86:41:42, 20.95s/it]
  1%|          | 104/15000 [36:53<96:10:39, 23.24s/it]
                                                      

  1%|          | 104/15000 [36:53<96:10:39, 23.24s/it]
  1%|          | 105/15000 [37:10<88:10:33, 21.31s/it]
                                                      

  1%|          | 105/15000 [37:10<88:10:33, 21.31s/it]
  1%|          | 106/15000 [37:26<81:57:27, 19.81s/it]
                                                      

  1%|          | 106/15000 [37:26<81:57:27, 19.81s/it]
  1%|          | 107/15000 [37:44<79:12:00, 19.14s/it]
                                                      

  1%|          | 107/15000 [37:44<79:12:00, 19.14s/it]
  1%|          | 108/15000 [38:00<76:02:04, 18.38s/it]
                                                      

  1%|          | 108/15000 [38:00<76:02:04, 18.38s/it]
  1%|          | 109/15000 [38:16<73:13:20, 17.70s/it]
                                                      

  1%|          | 109/15000 [38:16<73:13:20, 17.70s/it]
  1%|          | 110/15000 [38:35<74:49:51, 18.09s/it]
                                                      

  1%|          | 110/15000 [38:35<74:49:51, 18.09s/it]
  1%|          | 111/15000 [39:02<85:58:51, 20.79s/it]
                                                      

  1%|          | 111/15000 [39:02<85:58:51, 20.79s/it]TCAPPDLL 2025-07-28 05:53:40.415716 - Epoch: 0.015 Iteration: 75  rank : 0  train.loss : 0.5321  train.ips : 0 imgs/s
{'loss': 0.448, 'grad_norm': 15.29550552368164, 'learning_rate': 4.975e-05, 'epoch': 0.01}
TCAPPDLL 2025-07-28 05:53:57.600889 - Epoch: 0.0152 Iteration: 76  rank : 0  train.loss : 0.448  train.ips : 0 imgs/s
{'loss': 0.126, 'grad_norm': 8.478731155395508, 'learning_rate': 4.974666666666667e-05, 'epoch': 0.02}
TCAPPDLL 2025-07-28 05:54:15.807939 - Epoch: 0.0154 Iteration: 77  rank : 0  train.loss : 0.126  train.ips : 0 imgs/s
{'loss': 0.2166, 'grad_norm': 13.695939064025879, 'learning_rate': 4.9743333333333335e-05, 'epoch': 0.02}
TCAPPDLL 2025-07-28 05:54:42.107374 - Epoch: 0.0156 Iteration: 78  rank : 0  train.loss : 0.2166  train.ips : 0 imgs/s
{'loss': 0.2359, 'grad_norm': 7.622330188751221, 'learning_rate': 4.974e-05, 'epoch': 0.02}
TCAPPDLL 2025-07-28 05:55:11.411155 - Epoch: 0.0158 Iteration: 79  rank : 0  train.loss : 0.2359  train.ips : 0 imgs/s
{'loss': 1.3604, 'grad_norm': 29.326684951782227, 'learning_rate': 4.973666666666667e-05, 'epoch': 0.02}
TCAPPDLL 2025-07-28 05:55:28.612676 - Epoch: 0.016 Iteration: 80  rank : 0  train.loss : 1.3604  train.ips : 0 imgs/s
{'loss': 0.3631, 'grad_norm': 19.337060928344727, 'learning_rate': 4.973333333333334e-05, 'epoch': 0.02}
TCAPPDLL 2025-07-28 05:55:45.408463 - Epoch: 0.0162 Iteration: 81  rank : 0  train.loss : 0.3631  train.ips : 0 imgs/s
{'loss': 0.7739, 'grad_norm': 19.856508255004883, 'learning_rate': 4.973000000000001e-05, 'epoch': 0.02}
TCAPPDLL 2025-07-28 05:56:02.805634 - Epoch: 0.0164 Iteration: 82  rank : 0  train.loss : 0.7739  train.ips : 0 imgs/s
{'loss': 0.5768, 'grad_norm': 12.167557716369629, 'learning_rate': 4.972666666666667e-05, 'epoch': 0.02}
TCAPPDLL 2025-07-28 05:56:19.417739 - Epoch: 0.0166 Iteration: 83  rank : 0  train.loss : 0.5768  train.ips : 0 imgs/s
{'loss': 0.3096, 'grad_norm': 19.848936080932617, 'learning_rate': 4.972333333333334e-05, 'epoch': 0.02}
TCAPPDLL 2025-07-28 05:56:35.518260 - Epoch: 0.0168 Iteration: 84  rank : 0  train.loss : 0.3096  train.ips : 0 imgs/s
{'loss': 0.234, 'grad_norm': 13.163535118103027, 'learning_rate': 4.972e-05, 'epoch': 0.02}
TCAPPDLL 2025-07-28 05:56:52.509372 - Epoch: 0.017 Iteration: 85  rank : 0  train.loss : 0.234  train.ips : 0 imgs/s
{'loss': 0.2841, 'grad_norm': 11.581436157226562, 'learning_rate': 4.9716666666666664e-05, 'epoch': 0.02}
TCAPPDLL 2025-07-28 05:57:20.215774 - Epoch: 0.0172 Iteration: 86  rank : 0  train.loss : 0.2841  train.ips : 0 imgs/s
{'loss': 0.2049, 'grad_norm': 5.83426570892334, 'learning_rate': 4.971333333333334e-05, 'epoch': 0.02}
TCAPPDLL 2025-07-28 05:57:49.408302 - Epoch: 0.0174 Iteration: 87  rank : 0  train.loss : 0.2049  train.ips : 0 imgs/s
{'loss': 0.3937, 'grad_norm': 14.26598072052002, 'learning_rate': 4.9710000000000003e-05, 'epoch': 0.02}
TCAPPDLL 2025-07-28 05:58:06.207605 - Epoch: 0.0176 Iteration: 88  rank : 0  train.loss : 0.3937  train.ips : 0 imgs/s
{'loss': 0.5388, 'grad_norm': 21.62668228149414, 'learning_rate': 4.970666666666667e-05, 'epoch': 0.02}
TCAPPDLL 2025-07-28 05:58:22.414078 - Epoch: 0.0178 Iteration: 89  rank : 0  train.loss : 0.5388  train.ips : 0 imgs/s
{'loss': 1.2133, 'grad_norm': 25.94646644592285, 'learning_rate': 4.9703333333333336e-05, 'epoch': 0.02}
TCAPPDLL 2025-07-28 05:58:39.921028 - Epoch: 0.018 Iteration: 90  rank : 0  train.loss : 1.2133  train.ips : 0 imgs/s
{'loss': 0.4394, 'grad_norm': 20.797269821166992, 'learning_rate': 4.97e-05, 'epoch': 0.02}
TCAPPDLL 2025-07-28 05:58:56.408929 - Epoch: 0.0182 Iteration: 91  rank : 0  train.loss : 0.4394  train.ips : 0 imgs/s
{'loss': 0.3345, 'grad_norm': 11.0431547164917, 'learning_rate': 4.969666666666667e-05, 'epoch': 0.02}
TCAPPDLL 2025-07-28 05:59:12.716321 - Epoch: 0.0184 Iteration: 92  rank : 0  train.loss : 0.3345  train.ips : 0 imgs/s
{'loss': 0.1711, 'grad_norm': 3.660027027130127, 'learning_rate': 4.9693333333333334e-05, 'epoch': 0.02}
TCAPPDLL 2025-07-28 05:59:29.227166 - Epoch: 0.0186 Iteration: 93  rank : 0  train.loss : 0.1711  train.ips : 0 imgs/s
{'loss': 0.3834, 'grad_norm': 16.189876556396484, 'learning_rate': 4.969e-05, 'epoch': 0.02}
TCAPPDLL 2025-07-28 05:59:51.406971 - Epoch: 0.0188 Iteration: 94  rank : 0  train.loss : 0.3834  train.ips : 0 imgs/s
{'loss': 0.0757, 'grad_norm': 4.9348859786987305, 'learning_rate': 4.968666666666667e-05, 'epoch': 0.02}
TCAPPDLL 2025-07-28 06:00:14.413271 - Epoch: 0.019 Iteration: 95  rank : 0  train.loss : 0.0757  train.ips : 0 imgs/s
{'loss': 0.6246, 'grad_norm': 18.661035537719727, 'learning_rate': 4.968333333333334e-05, 'epoch': 0.02}
TCAPPDLL 2025-07-28 06:00:39.926994 - Epoch: 0.0192 Iteration: 96  rank : 0  train.loss : 0.6246  train.ips : 0 imgs/s
{'loss': 0.246, 'grad_norm': 12.051515579223633, 'learning_rate': 4.9680000000000005e-05, 'epoch': 0.02}
TCAPPDLL 2025-07-28 06:00:56.705528 - Epoch: 0.0194 Iteration: 97  rank : 0  train.loss : 0.246  train.ips : 0 imgs/s
{'loss': 0.4275, 'grad_norm': 9.423688888549805, 'learning_rate': 4.967666666666667e-05, 'epoch': 0.02}
TCAPPDLL 2025-07-28 06:01:13.909226 - Epoch: 0.0196 Iteration: 98  rank : 0  train.loss : 0.4275  train.ips : 0 imgs/s
{'loss': 0.6138, 'grad_norm': 14.307257652282715, 'learning_rate': 4.967333333333334e-05, 'epoch': 0.02}
TCAPPDLL 2025-07-28 06:01:31.021537 - Epoch: 0.0198 Iteration: 99  rank : 0  train.loss : 0.6138  train.ips : 0 imgs/s
{'loss': 0.2519, 'grad_norm': 13.657574653625488, 'learning_rate': 4.967e-05, 'epoch': 0.02}
TCAPPDLL 2025-07-28 06:01:47.207061 - Epoch: 0.02 Iteration: 100  rank : 0  train.loss : 0.2519  train.ips : 0 imgs/s
{'loss': 0.4019, 'grad_norm': 23.0358829498291, 'learning_rate': 4.966666666666667e-05, 'epoch': 0.02}
