--------------+------------------------------------------------
 Host IP      | 10.244.37.161
 PyTorch      | 2.4.0a0+git4451b0e
 Torch-SDAA   | 2.1.0
--------------+------------------------------------------------
 SDAA Driver  | 2.1.0 (N/A)
 SDAA Runtime | 2.1.0 (/opt/tecoai/lib64/libsdaart.so)
 SDPTI        | 1.4.0b0 (/opt/tecoai/lib64/libsdpti.so)
 TecoDNN      | 2.1.0 (/opt/tecoai/lib64/libtecodnn.so)
 TecoBLAS     | 2.1.0 (/opt/tecoai/lib64/libtecoblas.so)
 CustomDNN    | 1.20.0a0 (/opt/tecoai/lib64/libtecodnn_ext.so)
 TecoRAND     | 2.0.1 (/opt/tecoai/lib64/libtecorand.so)
 TCCL         | 1.23.0 (/opt/tecoai/lib64/libtccl.so)
--------------+------------------------------------------------
/root/miniconda3/envs/torch_env_py310/lib/python3.10/site-packages/torchvision/datasets/imagenet.py:81: FutureWarning: You are using `torch.load` with `weights_only=False` (the current default value), which uses the default pickle module implicitly. It is possible to construct malicious pickle data which will execute arbitrary code during unpickling (See https://github.com/pytorch/pytorch/blob/main/SECURITY.md#untrusted-models for more details). In a future release, the default value for `weights_only` will be flipped to `True`. This limits the functions that could be executed during unpickling. Arbitrary objects will no longer be allowed to be loaded via this mode unless they are explicitly allowlisted by the user via `torch.serialization.add_safe_globals`. We recommend you start setting `weights_only=True` for any use case where you don't have full control of the loaded file. Please open an issue on GitHub for any issues related to this experimental feature.
  return torch.load(file)
TCAPPDLL 2025-07-05 05:16:00.913222 -  device : Using device: sdaa INFO
TCAPPDLL 2025-07-05 05:16:05.743942 - Epoch: 0  epoch_start : Starting Epoch 1 INFO
TCAPPDLL 2025-07-05 05:16:07.079575 - Epoch: 0 Iteration: 0  rank : 0  train.loss : 6.90960693359375  train.ips : 222.31231914664548 imgs/s
TCAPPDLL 2025-07-05 05:16:07.320951 - Epoch: 0 Iteration: 1  rank : 0  train.loss : 6.88751220703125  train.ips : 265.76057580452743 imgs/s
TCAPPDLL 2025-07-05 05:16:08.538337 - Epoch: 0 Iteration: 2  rank : 0  train.loss : 7.00286865234375  train.ips : 267.29517478436986 imgs/s
TCAPPDLL 2025-07-05 05:16:08.779397 - Epoch: 0 Iteration: 3  rank : 0  train.loss : 6.9395751953125  train.ips : 266.2704112858349 imgs/s
TCAPPDLL 2025-07-05 05:16:09.019804 - Epoch: 0 Iteration: 4  rank : 0  train.loss : 6.93865966796875  train.ips : 266.8686700382057 imgs/s
TCAPPDLL 2025-07-05 05:16:09.502464 - Epoch: 0 Iteration: 5  rank : 0  train.loss : 6.9324951171875  train.ips : 264.37179710667334 imgs/s
TCAPPDLL 2025-07-05 05:16:09.996321 - Epoch: 0 Iteration: 6  rank : 0  train.loss : 6.99615478515625  train.ips : 262.25848197406486 imgs/s
TCAPPDLL 2025-07-05 05:16:10.728452 - Epoch: 0 Iteration: 7  rank : 0  train.loss : 6.992919921875  train.ips : 262.52650932804437 imgs/s
TCAPPDLL 2025-07-05 05:16:11.214332 - Epoch: 0 Iteration: 8  rank : 0  train.loss : 6.8762359619140625  train.ips : 264.2299717693195 imgs/s
TCAPPDLL 2025-07-05 05:16:11.933199 - Epoch: 0 Iteration: 9  rank : 0  train.loss : 7.003662109375  train.ips : 267.92987233091156 imgs/s
TCAPPDLL 2025-07-05 05:16:12.411979 - Epoch: 0 Iteration: 10  rank : 0  train.loss : 6.89617919921875  train.ips : 268.0443792506733 imgs/s
TCAPPDLL 2025-07-05 05:16:13.371333 - Epoch: 0 Iteration: 11  rank : 0  train.loss : 7.05413818359375  train.ips : 267.89136863031183 imgs/s
TCAPPDLL 2025-07-05 05:16:13.611329 - Epoch: 0 Iteration: 12  rank : 0  train.loss : 7.04473876953125  train.ips : 267.4395112600675 imgs/s
TCAPPDLL 2025-07-05 05:16:13.851557 - Epoch: 0 Iteration: 13  rank : 0  train.loss : 6.93609619140625  train.ips : 267.2448800593357 imgs/s
TCAPPDLL 2025-07-05 05:16:14.332516 - Epoch: 0 Iteration: 14  rank : 0  train.loss : 7.15093994140625  train.ips : 265.52792521885357 imgs/s
TCAPPDLL 2025-07-05 05:16:14.574212 - Epoch: 0 Iteration: 15  rank : 0  train.loss : 7.1092529296875  train.ips : 265.64301660940197 imgs/s
TCAPPDLL 2025-07-05 05:16:14.815389 - Epoch: 0 Iteration: 16  rank : 0  train.loss : 7.046630859375  train.ips : 266.2347594781536 imgs/s
TCAPPDLL 2025-07-05 05:16:15.295846 - Epoch: 0 Iteration: 17  rank : 0  train.loss : 7.0772705078125  train.ips : 267.465092643888 imgs/s
TCAPPDLL 2025-07-05 05:16:15.535957 - Epoch: 0 Iteration: 18  rank : 0  train.loss : 6.96295166015625  train.ips : 267.4949437776777 imgs/s
TCAPPDLL 2025-07-05 05:16:16.014715 - Epoch: 0 Iteration: 19  rank : 0  train.loss : 7.0482177734375  train.ips : 267.6104130964237 imgs/s
TCAPPDLL 2025-07-05 05:16:16.257880 - Epoch: 0 Iteration: 20  rank : 0  train.loss : 6.97406005859375  train.ips : 263.90863124819964 imgs/s
TCAPPDLL 2025-07-05 05:16:16.738534 - Epoch: 0 Iteration: 21  rank : 0  train.loss : 6.8951416015625  train.ips : 267.32339069471 imgs/s
TCAPPDLL 2025-07-05 05:16:17.218480 - Epoch: 0 Iteration: 22  rank : 0  train.loss : 6.912841796875  train.ips : 267.66618338894017 imgs/s
TCAPPDLL 2025-07-05 05:16:17.700722 - Epoch: 0 Iteration: 23  rank : 0  train.loss : 7.06707763671875  train.ips : 267.08852855051975 imgs/s
TCAPPDLL 2025-07-05 05:16:18.180584 - Epoch: 0 Iteration: 24  rank : 0  train.loss : 6.99853515625  train.ips : 267.6797959360725 imgs/s
TCAPPDLL 2025-07-05 05:16:18.659438 - Epoch: 0 Iteration: 25  rank : 0  train.loss : 6.96514892578125  train.ips : 268.07328898657914 imgs/s
TCAPPDLL 2025-07-05 05:16:19.377505 - Epoch: 0 Iteration: 26  rank : 0  train.loss : 6.8267822265625  train.ips : 268.14344778536173 imgs/s
TCAPPDLL 2025-07-05 05:16:20.334258 - Epoch: 0 Iteration: 27  rank : 0  train.loss : 6.95501708984375  train.ips : 268.27744058749397 imgs/s
TCAPPDLL 2025-07-05 05:16:20.573364 - Epoch: 0 Iteration: 28  rank : 0  train.loss : 6.896484375  train.ips : 268.28468000983446 imgs/s
TCAPPDLL 2025-07-05 05:16:21.051690 - Epoch: 0 Iteration: 29  rank : 0  train.loss : 6.92498779296875  train.ips : 268.07328898657914 imgs/s
TCAPPDLL 2025-07-05 05:16:21.530749 - Epoch: 0 Iteration: 30  rank : 0  train.loss : 6.9263916015625  train.ips : 267.80370705505715 imgs/s
TCAPPDLL 2025-07-05 05:16:22.014614 - Epoch: 0 Iteration: 31  rank : 0  train.loss : 6.95977783203125  train.ips : 266.5107156118512 imgs/s
TCAPPDLL 2025-07-05 05:16:22.256282 - Epoch: 0 Iteration: 32  rank : 0  train.loss : 6.91229248046875  train.ips : 265.6356561838225 imgs/s
TCAPPDLL 2025-07-05 05:16:22.978473 - Epoch: 0 Iteration: 33  rank : 0  train.loss : 6.823272705078125  train.ips : 267.2693597832656 imgs/s
TCAPPDLL 2025-07-05 05:16:23.698635 - Epoch: 0 Iteration: 34  rank : 0  train.loss : 6.884521484375  train.ips : 267.89938932196674 imgs/s
TCAPPDLL 2025-07-05 05:16:24.176424 - Epoch: 0 Iteration: 35  rank : 0  train.loss : 6.86895751953125  train.ips : 268.40566297141015 imgs/s
TCAPPDLL 2025-07-05 05:16:24.415601 - Epoch: 0 Iteration: 36  rank : 0  train.loss : 6.85992431640625  train.ips : 268.22570349986313 imgs/s
TCAPPDLL 2025-07-05 05:16:25.134695 - Epoch: 0 Iteration: 37  rank : 0  train.loss : 6.89837646484375  train.ips : 268.11452291606946 imgs/s
TCAPPDLL 2025-07-05 05:16:25.374022 - Epoch: 0 Iteration: 38  rank : 0  train.loss : 6.86077880859375  train.ips : 268.0896203896973 imgs/s
TCAPPDLL 2025-07-05 05:16:25.613405 - Epoch: 0 Iteration: 39  rank : 0  train.loss : 6.85540771484375  train.ips : 268.0240390999815 imgs/s
TCAPPDLL 2025-07-05 05:16:26.330738 - Epoch: 0 Iteration: 40  rank : 0  train.loss : 6.8865966796875  train.ips : 268.2758318800314 imgs/s
TCAPPDLL 2025-07-05 05:16:26.570677 - Epoch: 0 Iteration: 41  rank : 0  train.loss : 6.88079833984375  train.ips : 267.5493326103944 imgs/s
TCAPPDLL 2025-07-05 05:16:26.810111 - Epoch: 0 Iteration: 42  rank : 0  train.loss : 6.8665771484375  train.ips : 267.9333489041536 imgs/s
TCAPPDLL 2025-07-05 05:16:27.052310 - Epoch: 0 Iteration: 43  rank : 0  train.loss : 6.86346435546875  train.ips : 265.0586093172976 imgs/s
TCAPPDLL 2025-07-05 05:16:27.291722 - Epoch: 0 Iteration: 44  rank : 0  train.loss : 6.80059814453125  train.ips : 267.94404661850166 imgs/s
TCAPPDLL 2025-07-05 05:16:27.771046 - Epoch: 0 Iteration: 45  rank : 0  train.loss : 6.9246826171875  train.ips : 268.117468682143 imgs/s
TCAPPDLL 2025-07-05 05:16:28.011606 - Epoch: 0 Iteration: 46  rank : 0  train.loss : 6.90576171875  train.ips : 266.92572410446513 imgs/s
TCAPPDLL 2025-07-05 05:16:28.491337 - Epoch: 0 Iteration: 47  rank : 0  train.loss : 6.87957763671875  train.ips : 267.27414981903627 imgs/s
TCAPPDLL 2025-07-05 05:16:29.448989 - Epoch: 0 Iteration: 48  rank : 0  train.loss : 6.85711669921875  train.ips : 268.17639759991846 imgs/s
TCAPPDLL 2025-07-05 05:16:29.688459 - Epoch: 0 Iteration: 49  rank : 0  train.loss : 6.84027099609375  train.ips : 267.87105169408056 imgs/s
TCAPPDLL 2025-07-05 05:16:30.168376 - Epoch: 0 Iteration: 50  rank : 0  train.loss : 6.8492431640625  train.ips : 267.23024758339886 imgs/s
TCAPPDLL 2025-07-05 05:16:31.124804 - Epoch: 0 Iteration: 51  rank : 0  train.loss : 6.8614501953125  train.ips : 268.22865170953196 imgs/s
TCAPPDLL 2025-07-05 05:16:31.605748 - Epoch: 0 Iteration: 52  rank : 0  train.loss : 6.8958740234375  train.ips : 267.19992355348865 imgs/s
TCAPPDLL 2025-07-05 05:16:31.845644 - Epoch: 0 Iteration: 53  rank : 0  train.loss : 6.8197021484375  train.ips : 267.39662013079186 imgs/s
TCAPPDLL 2025-07-05 05:16:32.564315 - Epoch: 0 Iteration: 54  rank : 0  train.loss : 6.799835205078125  train.ips : 267.62508723584983 imgs/s
TCAPPDLL 2025-07-05 05:16:33.044351 - Epoch: 0 Iteration: 55  rank : 0  train.loss : 6.8963623046875  train.ips : 267.6021429269256 imgs/s
TCAPPDLL 2025-07-05 05:16:33.284351 - Epoch: 0 Iteration: 56  rank : 0  train.loss : 6.85235595703125  train.ips : 267.29091629641874 imgs/s
TCAPPDLL 2025-07-05 05:16:33.524117 - Epoch: 0 Iteration: 57  rank : 0  train.loss : 6.79931640625  train.ips : 267.5511992863586 imgs/s
TCAPPDLL 2025-07-05 05:16:34.245724 - Epoch: 0 Iteration: 58  rank : 0  train.loss : 6.8560791015625  train.ips : 265.20263586875984 imgs/s
TCAPPDLL 2025-07-05 05:16:34.725194 - Epoch: 0 Iteration: 59  rank : 0  train.loss : 6.8536376953125  train.ips : 267.4493701721752 imgs/s
TCAPPDLL 2025-07-05 05:16:34.966751 - Epoch: 0 Iteration: 60  rank : 0  train.loss : 6.84722900390625  train.ips : 265.6435423696945 imgs/s
TCAPPDLL 2025-07-05 05:16:35.447015 - Epoch: 0 Iteration: 61  rank : 0  train.loss : 6.83563232421875  train.ips : 267.39901740852457 imgs/s
TCAPPDLL 2025-07-05 05:16:35.688151 - Epoch: 0 Iteration: 62  rank : 0  train.loss : 6.80755615234375  train.ips : 266.06270876324936 imgs/s
TCAPPDLL 2025-07-05 05:16:36.169621 - Epoch: 0 Iteration: 63  rank : 0  train.loss : 6.8267822265625  train.ips : 266.097786941717 imgs/s
TCAPPDLL 2025-07-05 05:16:36.651593 - Epoch: 0 Iteration: 64  rank : 0  train.loss : 6.8614501953125  train.ips : 266.5379721760785 imgs/s
TCAPPDLL 2025-07-05 05:16:36.892903 - Epoch: 0 Iteration: 65  rank : 0  train.loss : 6.84234619140625  train.ips : 265.88245268927756 imgs/s
TCAPPDLL 2025-07-05 05:16:37.377784 - Epoch: 0 Iteration: 66  rank : 0  train.loss : 6.78167724609375  train.ips : 262.96164636917916 imgs/s
TCAPPDLL 2025-07-05 05:16:38.583720 - Epoch: 0 Iteration: 67  rank : 0  train.loss : 6.8643798828125  train.ips : 265.9757126097847 imgs/s
TCAPPDLL 2025-07-05 05:16:39.307074 - Epoch: 0 Iteration: 68  rank : 0  train.loss : 6.8502197265625  train.ips : 266.3887909193665 imgs/s
TCAPPDLL 2025-07-05 05:16:39.548590 - Epoch: 0 Iteration: 69  rank : 0  train.loss : 6.79498291015625  train.ips : 265.9072102449906 imgs/s
TCAPPDLL 2025-07-05 05:16:40.031766 - Epoch: 0 Iteration: 70  rank : 0  train.loss : 6.834228515625  train.ips : 265.1866542981928 imgs/s
TCAPPDLL 2025-07-05 05:16:40.513396 - Epoch: 0 Iteration: 71  rank : 0  train.loss : 6.7435302734375  train.ips : 266.47050251445836 imgs/s
TCAPPDLL 2025-07-05 05:16:41.236466 - Epoch: 0 Iteration: 72  rank : 0  train.loss : 6.8482666015625  train.ips : 265.33239365619085 imgs/s
TCAPPDLL 2025-07-05 05:16:41.479180 - Epoch: 0 Iteration: 73  rank : 0  train.loss : 6.83306884765625  train.ips : 264.4527968790022 imgs/s
TCAPPDLL 2025-07-05 05:16:41.721049 - Epoch: 0 Iteration: 74  rank : 0  train.loss : 6.8287353515625  train.ips : 265.352065004646 imgs/s
TCAPPDLL 2025-07-05 05:16:42.204328 - Epoch: 0 Iteration: 75  rank : 0  train.loss : 6.82177734375  train.ips : 265.69718085411745 imgs/s
TCAPPDLL 2025-07-05 05:16:42.445209 - Epoch: 0 Iteration: 76  rank : 0  train.loss : 6.81072998046875  train.ips : 266.3724017484582 imgs/s
TCAPPDLL 2025-07-05 05:16:42.687300 - Epoch: 0 Iteration: 77  rank : 0  train.loss : 6.78314208984375  train.ips : 265.0607031277771 imgs/s
TCAPPDLL 2025-07-05 05:16:43.171174 - Epoch: 0 Iteration: 78  rank : 0  train.loss : 6.81353759765625  train.ips : 265.43182941830247 imgs/s
TCAPPDLL 2025-07-05 05:16:43.896576 - Epoch: 0 Iteration: 79  rank : 0  train.loss : 6.76025390625  train.ips : 266.1890863007083 imgs/s
TCAPPDLL 2025-07-05 05:16:44.381663 - Epoch: 0 Iteration: 80  rank : 0  train.loss : 6.7933349609375  train.ips : 265.64906297841935 imgs/s
TCAPPDLL 2025-07-05 05:16:44.622091 - Epoch: 0 Iteration: 81  rank : 0  train.loss : 6.774658203125  train.ips : 266.86946597366654 imgs/s
TCAPPDLL 2025-07-05 05:16:45.104829 - Epoch: 0 Iteration: 82  rank : 0  train.loss : 6.78662109375  train.ips : 263.2233700496469 imgs/s
TCAPPDLL 2025-07-05 05:16:45.586056 - Epoch: 0 Iteration: 83  rank : 0  train.loss : 6.7674560546875  train.ips : 266.68467113400527 imgs/s
TCAPPDLL 2025-07-05 05:16:46.073370 - Epoch: 0 Iteration: 84  rank : 0  train.loss : 6.75732421875  train.ips : 262.598161468712 imgs/s
TCAPPDLL 2025-07-05 05:16:46.556276 - Epoch: 0 Iteration: 85  rank : 0  train.loss : 6.70184326171875  train.ips : 265.97255018528426 imgs/s
TCAPPDLL 2025-07-05 05:16:47.286855 - Epoch: 0 Iteration: 86  rank : 0  train.loss : 6.7857666015625  train.ips : 264.31322691306383 imgs/s
TCAPPDLL 2025-07-05 05:16:48.009997 - Epoch: 0 Iteration: 87  rank : 0  train.loss : 6.7852783203125  train.ips : 266.49484057096225 imgs/s
TCAPPDLL 2025-07-05 05:16:48.730818 - Epoch: 0 Iteration: 88  rank : 0  train.loss : 6.73663330078125  train.ips : 267.19513617786237 imgs/s
TCAPPDLL 2025-07-05 05:16:49.455190 - Epoch: 0 Iteration: 89  rank : 0  train.loss : 6.7857666015625  train.ips : 265.1080844322903 imgs/s
TCAPPDLL 2025-07-05 05:16:49.699479 - Epoch: 0 Iteration: 90  rank : 0  train.loss : 6.72967529296875  train.ips : 262.6755074721507 imgs/s
TCAPPDLL 2025-07-05 05:16:50.184689 - Epoch: 0 Iteration: 91  rank : 0  train.loss : 6.836181640625  train.ips : 266.1307635873337 imgs/s
TCAPPDLL 2025-07-05 05:16:50.667519 - Epoch: 0 Iteration: 92  rank : 0  train.loss : 6.80322265625  train.ips : 265.84163912703747 imgs/s
TCAPPDLL 2025-07-05 05:16:51.149661 - Epoch: 0 Iteration: 93  rank : 0  train.loss : 6.7548828125  train.ips : 266.92758208878047 imgs/s
TCAPPDLL 2025-07-05 05:16:51.631673 - Epoch: 0 Iteration: 94  rank : 0  train.loss : 6.7523193359375  train.ips : 265.38590654785855 imgs/s
TCAPPDLL 2025-07-05 05:16:52.114444 - Epoch: 0 Iteration: 95  rank : 0  train.loss : 6.84759521484375  train.ips : 265.8345309491931 imgs/s
TCAPPDLL 2025-07-05 05:16:52.596623 - Epoch: 0 Iteration: 96  rank : 0  train.loss : 6.792724609375  train.ips : 266.1787921997307 imgs/s
TCAPPDLL 2025-07-05 05:16:52.837890 - Epoch: 0 Iteration: 97  rank : 0  train.loss : 6.744140625  train.ips : 265.994688736157 imgs/s
TCAPPDLL 2025-07-05 05:16:53.078805 - Epoch: 0 Iteration: 98  rank : 0  train.loss : 6.71337890625  train.ips : 266.3647365381524 imgs/s
TCAPPDLL 2025-07-05 05:16:54.042658 - Epoch: 0 Iteration: 99  rank : 0  train.loss : 6.7130126953125  train.ips : 265.97544907153735 imgs/s
TCAPPDLL 2025-07-05 05:16:54.042812 - Epoch: 0 Iteration: 100  stop_training : Epoch 1 reached 100 iterations, stopping training 
TCAPPDLL 2025-07-05 05:16:54.640960 -  training_completed : Training completed! INFO
