07/02 12:18:15 - mmengine - INFO - 
------------------------------------------------------------
System environment:
    sys.platform: linux
    Python: 3.8.20 (default, Oct  3 2024, 15:24:27) [GCC 11.2.0]
    CUDA available: True
    MUSA available: False
    numpy_random_seed: 1918119184
    GPU 0: NVIDIA GeForce RTX 4090
    CUDA_HOME: /usr/local/cuda
    NVCC: Cuda compilation tools, release 12.9, V12.9.86
    GCC: gcc (Ubuntu 11.4.0-1ubuntu1~22.04) 11.4.0
    PyTorch: 2.4.1+cu121
    PyTorch compiling details: PyTorch built with:
  - GCC 9.3
  - C++ Version: 201703
  - Intel(R) oneAPI Math Kernel Library Version 2023.1-Product Build 20230303 for Intel(R) 64 architecture applications
  - Intel(R) MKL-DNN v3.4.2 (Git Hash 1137e04ec0b5251ca2b4400a4fd3c667ce843d67)
  - OpenMP 201511 (a.k.a. OpenMP 4.5)
  - LAPACK is enabled (usually provided by MKL)
  - NNPACK is enabled
  - CPU capability usage: AVX512
  - CUDA Runtime 12.1
  - NVCC architecture flags: -gencode;arch=compute_50,code=sm_50;-gencode;arch=compute_60,code=sm_60;-gencode;arch=compute_70,code=sm_70;-gencode;arch=compute_75,code=sm_75;-gencode;arch=compute_80,code=sm_80;-gencode;arch=compute_86,code=sm_86;-gencode;arch=compute_90,code=sm_90
  - CuDNN 90.1  (built against CUDA 12.4)
  - Magma 2.6.1
  - Build settings: BLAS_INFO=mkl, BUILD_TYPE=Release, CUDA_VERSION=12.1, CUDNN_VERSION=9.1.0, CXX_COMPILER=/opt/rh/devtoolset-9/root/usr/bin/c++, CXX_FLAGS= -D_GLIBCXX_USE_CXX11_ABI=0 -fabi-version=11 -fvisibility-inlines-hidden -DUSE_PTHREADPOOL -DNDEBUG -DUSE_KINETO -DLIBKINETO_NOROCTRACER -DUSE_FBGEMM -DUSE_PYTORCH_QNNPACK -DUSE_XNNPACK -DSYMBOLICATE_MOBILE_DEBUG_HANDLE -O2 -fPIC -Wall -Wextra -Werror=return-type -Werror=non-virtual-dtor -Werror=bool-operation -Wnarrowing -Wno-missing-field-initializers -Wno-type-limits -Wno-array-bounds -Wno-unknown-pragmas -Wno-unused-parameter -Wno-unused-function -Wno-unused-result -Wno-strict-overflow -Wno-strict-aliasing -Wno-stringop-overflow -Wsuggest-override -Wno-psabi -Wno-error=pedantic -Wno-error=old-style-cast -Wno-missing-braces -fdiagnostics-color=always -faligned-new -Wno-unused-but-set-variable -Wno-maybe-uninitialized -fno-math-errno -fno-trapping-math -Werror=format -Wno-stringop-overflow, LAPACK_INFO=mkl, PERF_WITH_AVX=1, PERF_WITH_AVX2=1, PERF_WITH_AVX512=1, TORCH_VERSION=2.4.1, USE_CUDA=ON, USE_CUDNN=ON, USE_CUSPARSELT=1, USE_EXCEPTION_PTR=1, USE_GFLAGS=OFF, USE_GLOG=OFF, USE_GLOO=ON, USE_MKL=ON, USE_MKLDNN=ON, USE_MPI=OFF, USE_NCCL=1, USE_NNPACK=ON, USE_OPENMP=ON, USE_ROCM=OFF, USE_ROCM_KERNEL_ASSERT=OFF, 

    TorchVision: 0.11.2
    OpenCV: 4.11.0
    MMEngine: 0.10.4

Runtime environment:
    cudnn_benchmark: False
    mp_cfg: {'mp_start_method': 'fork', 'opencv_num_threads': 0}
    dist_cfg: {'backend': 'nccl'}
    seed: 1918119184
    deterministic: False
    Distributed launcher: none
    Distributed training: False
    GPU number: 1
------------------------------------------------------------

07/02 12:18:15 - mmengine - INFO - Config:
auto_scale_lr = dict(base_batch_size=1024)
bgr_mean = [
    103.53,
    116.28,
    123.675,
]
bgr_std = [
    57.375,
    57.12,
    58.395,
]
data_preprocessor = dict(
    mean=[
        123.675,
        116.28,
        103.53,
    ],
    num_classes=1000,
    std=[
        58.395,
        57.12,
        57.375,
    ],
    to_rgb=True)
dataset_type = 'ImageNet'
default_hooks = dict(
    checkpoint=dict(interval=1, type='CheckpointHook'),
    logger=dict(interval=100, type='LoggerHook'),
    param_scheduler=dict(type='ParamSchedulerHook'),
    sampler_seed=dict(type='DistSamplerSeedHook'),
    timer=dict(type='IterTimerHook'),
    visualization=dict(enable=False, type='VisualizationHook'))
default_scope = 'mmpretrain'
env_cfg = dict(
    cudnn_benchmark=False,
    dist_cfg=dict(backend='nccl'),
    mp_cfg=dict(mp_start_method='fork', opencv_num_threads=0))
launcher = 'none'
load_from = None
log_level = 'INFO'
model = dict(
    backbone=dict(
        depth=12,
        embed_dims=128,
        layer_scale_init_value=1.0,
        mlp_ratio=4,
        num_heads=4,
        out_type='cls_token',
        patch_size=16,
        qkv_bias=True,
        tokens_norm=False,
        type='XCiT'),
    head=dict(
        in_channels=128,
        loss=dict(loss_weight=1.0, type='CrossEntropyLoss'),
        num_classes=1000,
        type='LinearClsHead'),
    train_cfg=dict(augments=[
        dict(alpha=0.8, type='Mixup'),
        dict(alpha=1.0, type='CutMix'),
    ]),
    type='ImageClassifier')
optim_wrapper = dict(
    optimizer=dict(
        betas=(
            0.9,
            0.999,
        ),
        eps=1e-08,
        lr=0.001,
        type='AdamW',
        weight_decay=0.05),
    paramwise_cfg=dict(
        bias_decay_mult=0.0,
        custom_keys=dict({
            '.absolute_pos_embed': dict(decay_mult=0.0),
            '.relative_position_bias_table': dict(decay_mult=0.0)
        }),
        flat_decay_mult=0.0,
        norm_decay_mult=0.0))
param_scheduler = [
    dict(
        by_epoch=True,
        convert_to_iter_based=True,
        end=20,
        start_factor=0.001,
        type='LinearLR'),
    dict(begin=20, by_epoch=True, eta_min=1e-05, type='CosineAnnealingLR'),
]
randomness = dict(deterministic=False, seed=None)
resume = False
test_cfg = dict()
test_dataloader = dict(
    batch_size=32,
    collate_fn=dict(type='default_collate'),
    dataset=dict(
        data_root='/home/01/imagenet',
        pipeline=[
            dict(type='LoadImageFromFile'),
            dict(
                backend='pillow',
                edge='short',
                interpolation='bicubic',
                scale=256,
                type='ResizeEdge'),
            dict(crop_size=224, type='CenterCrop'),
            dict(type='PackInputs'),
        ],
        split='val',
        type='ImageNet'),
    num_workers=2,
    persistent_workers=True,
    pin_memory=True,
    sampler=dict(shuffle=False, type='DefaultSampler'))
test_evaluator = dict(
    topk=(
        1,
        5,
    ), type='Accuracy')
test_pipeline = [
    dict(type='LoadImageFromFile'),
    dict(
        backend='pillow',
        edge='short',
        interpolation='bicubic',
        scale=256,
        type='ResizeEdge'),
    dict(crop_size=224, type='CenterCrop'),
    dict(type='PackInputs'),
]
train_cfg = dict(by_epoch=True, max_epochs=300, val_interval=1)
train_dataloader = dict(
    batch_size=128,
    collate_fn=dict(type='default_collate'),
    dataset=dict(
        data_root='/home/01/imagenet',
        pipeline=[
            dict(type='LoadImageFromFile'),
            dict(
                backend='pillow',
                interpolation='bicubic',
                scale=224,
                type='RandomResizedCrop'),
            dict(direction='horizontal', prob=0.5, type='RandomFlip'),
            dict(
                hparams=dict(
                    interpolation='bicubic', pad_val=[
                        104,
                        116,
                        124,
                    ]),
                magnitude_level=9,
                magnitude_std=0.5,
                num_policies=2,
                policies='timm_increasing',
                total_level=10,
                type='RandAugment'),
            dict(
                erase_prob=0.25,
                fill_color=[
                    103.53,
                    116.28,
                    123.675,
                ],
                fill_std=[
                    57.375,
                    57.12,
                    58.395,
                ],
                max_area_ratio=0.3333333333333333,
                min_area_ratio=0.02,
                mode='rand',
                type='RandomErasing'),
            dict(type='PackInputs'),
        ],
        split='train',
        type='ImageNet'),
    num_workers=2,
    persistent_workers=True,
    pin_memory=True,
    sampler=dict(shuffle=True, type='DefaultSampler'))
train_pipeline = [
    dict(type='LoadImageFromFile'),
    dict(
        backend='pillow',
        interpolation='bicubic',
        scale=224,
        type='RandomResizedCrop'),
    dict(direction='horizontal', prob=0.5, type='RandomFlip'),
    dict(
        hparams=dict(interpolation='bicubic', pad_val=[
            104,
            116,
            124,
        ]),
        magnitude_level=9,
        magnitude_std=0.5,
        num_policies=2,
        policies='timm_increasing',
        total_level=10,
        type='RandAugment'),
    dict(
        erase_prob=0.25,
        fill_color=[
            103.53,
            116.28,
            123.675,
        ],
        fill_std=[
            57.375,
            57.12,
            58.395,
        ],
        max_area_ratio=0.3333333333333333,
        min_area_ratio=0.02,
        mode='rand',
        type='RandomErasing'),
    dict(type='PackInputs'),
]
val_cfg = dict()
val_dataloader = dict(
    batch_size=32,
    collate_fn=dict(type='default_collate'),
    dataset=dict(
        data_root='/home/01/imagenet',
        pipeline=[
            dict(type='LoadImageFromFile'),
            dict(
                backend='pillow',
                edge='short',
                interpolation='bicubic',
                scale=256,
                type='ResizeEdge'),
            dict(crop_size=224, type='CenterCrop'),
            dict(type='PackInputs'),
        ],
        split='val',
        type='ImageNet'),
    num_workers=2,
    persistent_workers=True,
    pin_memory=True,
    sampler=dict(shuffle=False, type='DefaultSampler'))
val_evaluator = dict(
    topk=(
        1,
        5,
    ), type='Accuracy')
vis_backends = [
    dict(type='LocalVisBackend'),
]
visualizer = dict(
    type='UniversalVisualizer', vis_backends=[
        dict(type='LocalVisBackend'),
    ])
work_dir = './work_dirs/xcit-nano-12-p16_8xb128_in1k'

07/02 12:18:17 - mmengine - INFO - Because batch augmentations are enabled, the data preprocessor automatically enables the `to_onehot` option to generate one-hot format labels.
07/02 12:18:17 - mmengine - INFO - Distributed training is not used, all SyncBatchNorm (SyncBN) layers in the model will be automatically reverted to BatchNormXd layers if they are used.
07/02 12:18:17 - mmengine - INFO - Hooks will be executed in the following order:
before_run:
(VERY_HIGH   ) RuntimeInfoHook                    
(BELOW_NORMAL) LoggerHook                         
 -------------------- 
before_train:
(VERY_HIGH   ) RuntimeInfoHook                    
(NORMAL      ) IterTimerHook                      
(VERY_LOW    ) CheckpointHook                     
 -------------------- 
before_train_epoch:
(VERY_HIGH   ) RuntimeInfoHook                    
(NORMAL      ) IterTimerHook                      
(NORMAL      ) DistSamplerSeedHook                
 -------------------- 
before_train_iter:
(VERY_HIGH   ) RuntimeInfoHook                    
(NORMAL      ) IterTimerHook                      
 -------------------- 
after_train_iter:
(VERY_HIGH   ) RuntimeInfoHook                    
(NORMAL      ) IterTimerHook                      
(BELOW_NORMAL) LoggerHook                         
(LOW         ) ParamSchedulerHook                 
(VERY_LOW    ) CheckpointHook                     
 -------------------- 
after_train_epoch:
(NORMAL      ) IterTimerHook                      
(LOW         ) ParamSchedulerHook                 
(VERY_LOW    ) CheckpointHook                     
 -------------------- 
before_val:
(VERY_HIGH   ) RuntimeInfoHook                    
 -------------------- 
before_val_epoch:
(NORMAL      ) IterTimerHook                      
 -------------------- 
before_val_iter:
(NORMAL      ) IterTimerHook                      
 -------------------- 
after_val_iter:
(NORMAL      ) IterTimerHook                      
(NORMAL      ) VisualizationHook                  
(BELOW_NORMAL) LoggerHook                         
 -------------------- 
after_val_epoch:
(VERY_HIGH   ) RuntimeInfoHook                    
(NORMAL      ) IterTimerHook                      
(BELOW_NORMAL) LoggerHook                         
(LOW         ) ParamSchedulerHook                 
(VERY_LOW    ) CheckpointHook                     
 -------------------- 
after_val:
(VERY_HIGH   ) RuntimeInfoHook                    
 -------------------- 
after_train:
(VERY_HIGH   ) RuntimeInfoHook                    
(VERY_LOW    ) CheckpointHook                     
 -------------------- 
before_test:
(VERY_HIGH   ) RuntimeInfoHook                    
 -------------------- 
before_test_epoch:
(NORMAL      ) IterTimerHook                      
 -------------------- 
before_test_iter:
(NORMAL      ) IterTimerHook                      
 -------------------- 
after_test_iter:
(NORMAL      ) IterTimerHook                      
(NORMAL      ) VisualizationHook                  
(BELOW_NORMAL) LoggerHook                         
 -------------------- 
after_test_epoch:
(VERY_HIGH   ) RuntimeInfoHook                    
(NORMAL      ) IterTimerHook                      
(BELOW_NORMAL) LoggerHook                         
 -------------------- 
after_test:
(VERY_HIGH   ) RuntimeInfoHook                    
 -------------------- 
after_run:
(BELOW_NORMAL) LoggerHook                         
 -------------------- 
07/02 12:21:44 - mmengine - INFO - paramwise_options -- backbone.patch_embed.proj.0.bn.weight:weight_decay=0.0
07/02 12:21:44 - mmengine - INFO - paramwise_options -- backbone.patch_embed.proj.0.bn.bias:weight_decay=0.0
07/02 12:21:44 - mmengine - INFO - paramwise_options -- backbone.patch_embed.proj.1.bn.weight:weight_decay=0.0
07/02 12:21:44 - mmengine - INFO - paramwise_options -- backbone.patch_embed.proj.1.bn.bias:weight_decay=0.0
07/02 12:21:44 - mmengine - INFO - paramwise_options -- backbone.patch_embed.proj.2.bn.weight:weight_decay=0.0
07/02 12:21:44 - mmengine - INFO - paramwise_options -- backbone.patch_embed.proj.2.bn.bias:weight_decay=0.0
07/02 12:21:44 - mmengine - INFO - paramwise_options -- backbone.patch_embed.proj.3.bn.weight:weight_decay=0.0
07/02 12:21:44 - mmengine - INFO - paramwise_options -- backbone.patch_embed.proj.3.bn.bias:weight_decay=0.0
07/02 12:21:44 - mmengine - INFO - paramwise_options -- backbone.pos_embed.token_projection.conv.bias:weight_decay=0.0
07/02 12:21:44 - mmengine - INFO - paramwise_options -- backbone.xca_layers.0.gamma1:weight_decay=0.0
07/02 12:21:44 - mmengine - INFO - paramwise_options -- backbone.xca_layers.0.gamma3:weight_decay=0.0
07/02 12:21:44 - mmengine - INFO - paramwise_options -- backbone.xca_layers.0.gamma2:weight_decay=0.0
07/02 12:21:44 - mmengine - INFO - paramwise_options -- backbone.xca_layers.0.norm1.weight:weight_decay=0.0
07/02 12:21:44 - mmengine - INFO - paramwise_options -- backbone.xca_layers.0.norm1.bias:weight_decay=0.0
07/02 12:21:44 - mmengine - INFO - paramwise_options -- backbone.xca_layers.0.attn.qkv.bias:weight_decay=0.0
07/02 12:21:44 - mmengine - INFO - paramwise_options -- backbone.xca_layers.0.attn.proj.bias:weight_decay=0.0
07/02 12:21:44 - mmengine - INFO - paramwise_options -- backbone.xca_layers.0.norm3.weight:weight_decay=0.0
07/02 12:21:44 - mmengine - INFO - paramwise_options -- backbone.xca_layers.0.norm3.bias:weight_decay=0.0
07/02 12:21:44 - mmengine - INFO - paramwise_options -- backbone.xca_layers.0.local_mp.conv1.conv.bias:weight_decay=0.0
07/02 12:21:44 - mmengine - INFO - paramwise_options -- backbone.xca_layers.0.local_mp.conv1.bn.weight:weight_decay=0.0
07/02 12:21:44 - mmengine - INFO - paramwise_options -- backbone.xca_layers.0.local_mp.conv1.bn.bias:weight_decay=0.0
07/02 12:21:44 - mmengine - INFO - paramwise_options -- backbone.xca_layers.0.local_mp.conv2.conv.bias:weight_decay=0.0
07/02 12:21:44 - mmengine - INFO - paramwise_options -- backbone.xca_layers.0.norm2.weight:weight_decay=0.0
07/02 12:21:44 - mmengine - INFO - paramwise_options -- backbone.xca_layers.0.norm2.bias:weight_decay=0.0
07/02 12:21:44 - mmengine - INFO - paramwise_options -- backbone.xca_layers.0.ffn.layers.0.0.bias:weight_decay=0.0
07/02 12:21:44 - mmengine - INFO - paramwise_options -- backbone.xca_layers.0.ffn.layers.1.bias:weight_decay=0.0
07/02 12:21:44 - mmengine - INFO - paramwise_options -- backbone.xca_layers.1.gamma1:weight_decay=0.0
07/02 12:21:44 - mmengine - INFO - paramwise_options -- backbone.xca_layers.1.gamma3:weight_decay=0.0
07/02 12:21:44 - mmengine - INFO - paramwise_options -- backbone.xca_layers.1.gamma2:weight_decay=0.0
07/02 12:21:44 - mmengine - INFO - paramwise_options -- backbone.xca_layers.1.norm1.weight:weight_decay=0.0
07/02 12:21:44 - mmengine - INFO - paramwise_options -- backbone.xca_layers.1.norm1.bias:weight_decay=0.0
07/02 12:21:44 - mmengine - INFO - paramwise_options -- backbone.xca_layers.1.attn.qkv.bias:weight_decay=0.0
07/02 12:21:44 - mmengine - INFO - paramwise_options -- backbone.xca_layers.1.attn.proj.bias:weight_decay=0.0
07/02 12:21:44 - mmengine - INFO - paramwise_options -- backbone.xca_layers.1.norm3.weight:weight_decay=0.0
07/02 12:21:44 - mmengine - INFO - paramwise_options -- backbone.xca_layers.1.norm3.bias:weight_decay=0.0
07/02 12:21:44 - mmengine - INFO - paramwise_options -- backbone.xca_layers.1.local_mp.conv1.conv.bias:weight_decay=0.0
07/02 12:21:44 - mmengine - INFO - paramwise_options -- backbone.xca_layers.1.local_mp.conv1.bn.weight:weight_decay=0.0
07/02 12:21:44 - mmengine - INFO - paramwise_options -- backbone.xca_layers.1.local_mp.conv1.bn.bias:weight_decay=0.0
07/02 12:21:44 - mmengine - INFO - paramwise_options -- backbone.xca_layers.1.local_mp.conv2.conv.bias:weight_decay=0.0
07/02 12:21:44 - mmengine - INFO - paramwise_options -- backbone.xca_layers.1.norm2.weight:weight_decay=0.0
07/02 12:21:44 - mmengine - INFO - paramwise_options -- backbone.xca_layers.1.norm2.bias:weight_decay=0.0
07/02 12:21:44 - mmengine - INFO - paramwise_options -- backbone.xca_layers.1.ffn.layers.0.0.bias:weight_decay=0.0
07/02 12:21:44 - mmengine - INFO - paramwise_options -- backbone.xca_layers.1.ffn.layers.1.bias:weight_decay=0.0
07/02 12:21:44 - mmengine - INFO - paramwise_options -- backbone.xca_layers.2.gamma1:weight_decay=0.0
07/02 12:21:44 - mmengine - INFO - paramwise_options -- backbone.xca_layers.2.gamma3:weight_decay=0.0
07/02 12:21:44 - mmengine - INFO - paramwise_options -- backbone.xca_layers.2.gamma2:weight_decay=0.0
07/02 12:21:44 - mmengine - INFO - paramwise_options -- backbone.xca_layers.2.norm1.weight:weight_decay=0.0
07/02 12:21:44 - mmengine - INFO - paramwise_options -- backbone.xca_layers.2.norm1.bias:weight_decay=0.0
07/02 12:21:44 - mmengine - INFO - paramwise_options -- backbone.xca_layers.2.attn.qkv.bias:weight_decay=0.0
07/02 12:21:44 - mmengine - INFO - paramwise_options -- backbone.xca_layers.2.attn.proj.bias:weight_decay=0.0
07/02 12:21:44 - mmengine - INFO - paramwise_options -- backbone.xca_layers.2.norm3.weight:weight_decay=0.0
07/02 12:21:44 - mmengine - INFO - paramwise_options -- backbone.xca_layers.2.norm3.bias:weight_decay=0.0
07/02 12:21:44 - mmengine - INFO - paramwise_options -- backbone.xca_layers.2.local_mp.conv1.conv.bias:weight_decay=0.0
07/02 12:21:44 - mmengine - INFO - paramwise_options -- backbone.xca_layers.2.local_mp.conv1.bn.weight:weight_decay=0.0
07/02 12:21:44 - mmengine - INFO - paramwise_options -- backbone.xca_layers.2.local_mp.conv1.bn.bias:weight_decay=0.0
07/02 12:21:44 - mmengine - INFO - paramwise_options -- backbone.xca_layers.2.local_mp.conv2.conv.bias:weight_decay=0.0
07/02 12:21:44 - mmengine - INFO - paramwise_options -- backbone.xca_layers.2.norm2.weight:weight_decay=0.0
07/02 12:21:44 - mmengine - INFO - paramwise_options -- backbone.xca_layers.2.norm2.bias:weight_decay=0.0
07/02 12:21:44 - mmengine - INFO - paramwise_options -- backbone.xca_layers.2.ffn.layers.0.0.bias:weight_decay=0.0
07/02 12:21:44 - mmengine - INFO - paramwise_options -- backbone.xca_layers.2.ffn.layers.1.bias:weight_decay=0.0
07/02 12:21:44 - mmengine - INFO - paramwise_options -- backbone.xca_layers.3.gamma1:weight_decay=0.0
07/02 12:21:44 - mmengine - INFO - paramwise_options -- backbone.xca_layers.3.gamma3:weight_decay=0.0
07/02 12:21:44 - mmengine - INFO - paramwise_options -- backbone.xca_layers.3.gamma2:weight_decay=0.0
07/02 12:21:44 - mmengine - INFO - paramwise_options -- backbone.xca_layers.3.norm1.weight:weight_decay=0.0
07/02 12:21:44 - mmengine - INFO - paramwise_options -- backbone.xca_layers.3.norm1.bias:weight_decay=0.0
07/02 12:21:44 - mmengine - INFO - paramwise_options -- backbone.xca_layers.3.attn.qkv.bias:weight_decay=0.0
07/02 12:21:44 - mmengine - INFO - paramwise_options -- backbone.xca_layers.3.attn.proj.bias:weight_decay=0.0
07/02 12:21:44 - mmengine - INFO - paramwise_options -- backbone.xca_layers.3.norm3.weight:weight_decay=0.0
07/02 12:21:44 - mmengine - INFO - paramwise_options -- backbone.xca_layers.3.norm3.bias:weight_decay=0.0
07/02 12:21:44 - mmengine - INFO - paramwise_options -- backbone.xca_layers.3.local_mp.conv1.conv.bias:weight_decay=0.0
07/02 12:21:44 - mmengine - INFO - paramwise_options -- backbone.xca_layers.3.local_mp.conv1.bn.weight:weight_decay=0.0
07/02 12:21:44 - mmengine - INFO - paramwise_options -- backbone.xca_layers.3.local_mp.conv1.bn.bias:weight_decay=0.0
07/02 12:21:44 - mmengine - INFO - paramwise_options -- backbone.xca_layers.3.local_mp.conv2.conv.bias:weight_decay=0.0
07/02 12:21:44 - mmengine - INFO - paramwise_options -- backbone.xca_layers.3.norm2.weight:weight_decay=0.0
07/02 12:21:44 - mmengine - INFO - paramwise_options -- backbone.xca_layers.3.norm2.bias:weight_decay=0.0
07/02 12:21:44 - mmengine - INFO - paramwise_options -- backbone.xca_layers.3.ffn.layers.0.0.bias:weight_decay=0.0
07/02 12:21:44 - mmengine - INFO - paramwise_options -- backbone.xca_layers.3.ffn.layers.1.bias:weight_decay=0.0
07/02 12:21:44 - mmengine - INFO - paramwise_options -- backbone.xca_layers.4.gamma1:weight_decay=0.0
07/02 12:21:44 - mmengine - INFO - paramwise_options -- backbone.xca_layers.4.gamma3:weight_decay=0.0
07/02 12:21:44 - mmengine - INFO - paramwise_options -- backbone.xca_layers.4.gamma2:weight_decay=0.0
07/02 12:21:44 - mmengine - INFO - paramwise_options -- backbone.xca_layers.4.norm1.weight:weight_decay=0.0
07/02 12:21:44 - mmengine - INFO - paramwise_options -- backbone.xca_layers.4.norm1.bias:weight_decay=0.0
07/02 12:21:44 - mmengine - INFO - paramwise_options -- backbone.xca_layers.4.attn.qkv.bias:weight_decay=0.0
07/02 12:21:44 - mmengine - INFO - paramwise_options -- backbone.xca_layers.4.attn.proj.bias:weight_decay=0.0
07/02 12:21:44 - mmengine - INFO - paramwise_options -- backbone.xca_layers.4.norm3.weight:weight_decay=0.0
07/02 12:21:44 - mmengine - INFO - paramwise_options -- backbone.xca_layers.4.norm3.bias:weight_decay=0.0
07/02 12:21:44 - mmengine - INFO - paramwise_options -- backbone.xca_layers.4.local_mp.conv1.conv.bias:weight_decay=0.0
07/02 12:21:44 - mmengine - INFO - paramwise_options -- backbone.xca_layers.4.local_mp.conv1.bn.weight:weight_decay=0.0
07/02 12:21:44 - mmengine - INFO - paramwise_options -- backbone.xca_layers.4.local_mp.conv1.bn.bias:weight_decay=0.0
07/02 12:21:44 - mmengine - INFO - paramwise_options -- backbone.xca_layers.4.local_mp.conv2.conv.bias:weight_decay=0.0
07/02 12:21:44 - mmengine - INFO - paramwise_options -- backbone.xca_layers.4.norm2.weight:weight_decay=0.0
07/02 12:21:44 - mmengine - INFO - paramwise_options -- backbone.xca_layers.4.norm2.bias:weight_decay=0.0
07/02 12:21:44 - mmengine - INFO - paramwise_options -- backbone.xca_layers.4.ffn.layers.0.0.bias:weight_decay=0.0
07/02 12:21:44 - mmengine - INFO - paramwise_options -- backbone.xca_layers.4.ffn.layers.1.bias:weight_decay=0.0
07/02 12:21:44 - mmengine - INFO - paramwise_options -- backbone.xca_layers.5.gamma1:weight_decay=0.0
07/02 12:21:44 - mmengine - INFO - paramwise_options -- backbone.xca_layers.5.gamma3:weight_decay=0.0
07/02 12:21:44 - mmengine - INFO - paramwise_options -- backbone.xca_layers.5.gamma2:weight_decay=0.0
07/02 12:21:44 - mmengine - INFO - paramwise_options -- backbone.xca_layers.5.norm1.weight:weight_decay=0.0
07/02 12:21:44 - mmengine - INFO - paramwise_options -- backbone.xca_layers.5.norm1.bias:weight_decay=0.0
07/02 12:21:44 - mmengine - INFO - paramwise_options -- backbone.xca_layers.5.attn.qkv.bias:weight_decay=0.0
07/02 12:21:44 - mmengine - INFO - paramwise_options -- backbone.xca_layers.5.attn.proj.bias:weight_decay=0.0
07/02 12:21:44 - mmengine - INFO - paramwise_options -- backbone.xca_layers.5.norm3.weight:weight_decay=0.0
07/02 12:21:44 - mmengine - INFO - paramwise_options -- backbone.xca_layers.5.norm3.bias:weight_decay=0.0
07/02 12:21:44 - mmengine - INFO - paramwise_options -- backbone.xca_layers.5.local_mp.conv1.conv.bias:weight_decay=0.0
07/02 12:21:44 - mmengine - INFO - paramwise_options -- backbone.xca_layers.5.local_mp.conv1.bn.weight:weight_decay=0.0
07/02 12:21:44 - mmengine - INFO - paramwise_options -- backbone.xca_layers.5.local_mp.conv1.bn.bias:weight_decay=0.0
07/02 12:21:44 - mmengine - INFO - paramwise_options -- backbone.xca_layers.5.local_mp.conv2.conv.bias:weight_decay=0.0
07/02 12:21:44 - mmengine - INFO - paramwise_options -- backbone.xca_layers.5.norm2.weight:weight_decay=0.0
07/02 12:21:44 - mmengine - INFO - paramwise_options -- backbone.xca_layers.5.norm2.bias:weight_decay=0.0
07/02 12:21:44 - mmengine - INFO - paramwise_options -- backbone.xca_layers.5.ffn.layers.0.0.bias:weight_decay=0.0
07/02 12:21:44 - mmengine - INFO - paramwise_options -- backbone.xca_layers.5.ffn.layers.1.bias:weight_decay=0.0
07/02 12:21:44 - mmengine - INFO - paramwise_options -- backbone.xca_layers.6.gamma1:weight_decay=0.0
07/02 12:21:44 - mmengine - INFO - paramwise_options -- backbone.xca_layers.6.gamma3:weight_decay=0.0
07/02 12:21:44 - mmengine - INFO - paramwise_options -- backbone.xca_layers.6.gamma2:weight_decay=0.0
07/02 12:21:44 - mmengine - INFO - paramwise_options -- backbone.xca_layers.6.norm1.weight:weight_decay=0.0
07/02 12:21:44 - mmengine - INFO - paramwise_options -- backbone.xca_layers.6.norm1.bias:weight_decay=0.0
07/02 12:21:44 - mmengine - INFO - paramwise_options -- backbone.xca_layers.6.attn.qkv.bias:weight_decay=0.0
07/02 12:21:44 - mmengine - INFO - paramwise_options -- backbone.xca_layers.6.attn.proj.bias:weight_decay=0.0
07/02 12:21:44 - mmengine - INFO - paramwise_options -- backbone.xca_layers.6.norm3.weight:weight_decay=0.0
07/02 12:21:44 - mmengine - INFO - paramwise_options -- backbone.xca_layers.6.norm3.bias:weight_decay=0.0
07/02 12:21:44 - mmengine - INFO - paramwise_options -- backbone.xca_layers.6.local_mp.conv1.conv.bias:weight_decay=0.0
07/02 12:21:44 - mmengine - INFO - paramwise_options -- backbone.xca_layers.6.local_mp.conv1.bn.weight:weight_decay=0.0
07/02 12:21:44 - mmengine - INFO - paramwise_options -- backbone.xca_layers.6.local_mp.conv1.bn.bias:weight_decay=0.0
07/02 12:21:44 - mmengine - INFO - paramwise_options -- backbone.xca_layers.6.local_mp.conv2.conv.bias:weight_decay=0.0
07/02 12:21:44 - mmengine - INFO - paramwise_options -- backbone.xca_layers.6.norm2.weight:weight_decay=0.0
07/02 12:21:44 - mmengine - INFO - paramwise_options -- backbone.xca_layers.6.norm2.bias:weight_decay=0.0
07/02 12:21:44 - mmengine - INFO - paramwise_options -- backbone.xca_layers.6.ffn.layers.0.0.bias:weight_decay=0.0
07/02 12:21:44 - mmengine - INFO - paramwise_options -- backbone.xca_layers.6.ffn.layers.1.bias:weight_decay=0.0
07/02 12:21:44 - mmengine - INFO - paramwise_options -- backbone.xca_layers.7.gamma1:weight_decay=0.0
07/02 12:21:44 - mmengine - INFO - paramwise_options -- backbone.xca_layers.7.gamma3:weight_decay=0.0
07/02 12:21:44 - mmengine - INFO - paramwise_options -- backbone.xca_layers.7.gamma2:weight_decay=0.0
07/02 12:21:44 - mmengine - INFO - paramwise_options -- backbone.xca_layers.7.norm1.weight:weight_decay=0.0
07/02 12:21:44 - mmengine - INFO - paramwise_options -- backbone.xca_layers.7.norm1.bias:weight_decay=0.0
07/02 12:21:44 - mmengine - INFO - paramwise_options -- backbone.xca_layers.7.attn.qkv.bias:weight_decay=0.0
07/02 12:21:44 - mmengine - INFO - paramwise_options -- backbone.xca_layers.7.attn.proj.bias:weight_decay=0.0
07/02 12:21:44 - mmengine - INFO - paramwise_options -- backbone.xca_layers.7.norm3.weight:weight_decay=0.0
07/02 12:21:44 - mmengine - INFO - paramwise_options -- backbone.xca_layers.7.norm3.bias:weight_decay=0.0
07/02 12:21:44 - mmengine - INFO - paramwise_options -- backbone.xca_layers.7.local_mp.conv1.conv.bias:weight_decay=0.0
07/02 12:21:44 - mmengine - INFO - paramwise_options -- backbone.xca_layers.7.local_mp.conv1.bn.weight:weight_decay=0.0
07/02 12:21:44 - mmengine - INFO - paramwise_options -- backbone.xca_layers.7.local_mp.conv1.bn.bias:weight_decay=0.0
07/02 12:21:44 - mmengine - INFO - paramwise_options -- backbone.xca_layers.7.local_mp.conv2.conv.bias:weight_decay=0.0
07/02 12:21:44 - mmengine - INFO - paramwise_options -- backbone.xca_layers.7.norm2.weight:weight_decay=0.0
07/02 12:21:44 - mmengine - INFO - paramwise_options -- backbone.xca_layers.7.norm2.bias:weight_decay=0.0
07/02 12:21:44 - mmengine - INFO - paramwise_options -- backbone.xca_layers.7.ffn.layers.0.0.bias:weight_decay=0.0
07/02 12:21:44 - mmengine - INFO - paramwise_options -- backbone.xca_layers.7.ffn.layers.1.bias:weight_decay=0.0
07/02 12:21:44 - mmengine - INFO - paramwise_options -- backbone.xca_layers.8.gamma1:weight_decay=0.0
07/02 12:21:44 - mmengine - INFO - paramwise_options -- backbone.xca_layers.8.gamma3:weight_decay=0.0
07/02 12:21:44 - mmengine - INFO - paramwise_options -- backbone.xca_layers.8.gamma2:weight_decay=0.0
07/02 12:21:44 - mmengine - INFO - paramwise_options -- backbone.xca_layers.8.norm1.weight:weight_decay=0.0
07/02 12:21:44 - mmengine - INFO - paramwise_options -- backbone.xca_layers.8.norm1.bias:weight_decay=0.0
07/02 12:21:44 - mmengine - INFO - paramwise_options -- backbone.xca_layers.8.attn.qkv.bias:weight_decay=0.0
07/02 12:21:44 - mmengine - INFO - paramwise_options -- backbone.xca_layers.8.attn.proj.bias:weight_decay=0.0
07/02 12:21:44 - mmengine - INFO - paramwise_options -- backbone.xca_layers.8.norm3.weight:weight_decay=0.0
07/02 12:21:44 - mmengine - INFO - paramwise_options -- backbone.xca_layers.8.norm3.bias:weight_decay=0.0
07/02 12:21:44 - mmengine - INFO - paramwise_options -- backbone.xca_layers.8.local_mp.conv1.conv.bias:weight_decay=0.0
07/02 12:21:44 - mmengine - INFO - paramwise_options -- backbone.xca_layers.8.local_mp.conv1.bn.weight:weight_decay=0.0
07/02 12:21:44 - mmengine - INFO - paramwise_options -- backbone.xca_layers.8.local_mp.conv1.bn.bias:weight_decay=0.0
07/02 12:21:44 - mmengine - INFO - paramwise_options -- backbone.xca_layers.8.local_mp.conv2.conv.bias:weight_decay=0.0
07/02 12:21:44 - mmengine - INFO - paramwise_options -- backbone.xca_layers.8.norm2.weight:weight_decay=0.0
07/02 12:21:44 - mmengine - INFO - paramwise_options -- backbone.xca_layers.8.norm2.bias:weight_decay=0.0
07/02 12:21:44 - mmengine - INFO - paramwise_options -- backbone.xca_layers.8.ffn.layers.0.0.bias:weight_decay=0.0
07/02 12:21:44 - mmengine - INFO - paramwise_options -- backbone.xca_layers.8.ffn.layers.1.bias:weight_decay=0.0
07/02 12:21:44 - mmengine - INFO - paramwise_options -- backbone.xca_layers.9.gamma1:weight_decay=0.0
07/02 12:21:44 - mmengine - INFO - paramwise_options -- backbone.xca_layers.9.gamma3:weight_decay=0.0
07/02 12:21:44 - mmengine - INFO - paramwise_options -- backbone.xca_layers.9.gamma2:weight_decay=0.0
07/02 12:21:44 - mmengine - INFO - paramwise_options -- backbone.xca_layers.9.norm1.weight:weight_decay=0.0
07/02 12:21:44 - mmengine - INFO - paramwise_options -- backbone.xca_layers.9.norm1.bias:weight_decay=0.0
07/02 12:21:44 - mmengine - INFO - paramwise_options -- backbone.xca_layers.9.attn.qkv.bias:weight_decay=0.0
07/02 12:21:44 - mmengine - INFO - paramwise_options -- backbone.xca_layers.9.attn.proj.bias:weight_decay=0.0
07/02 12:21:44 - mmengine - INFO - paramwise_options -- backbone.xca_layers.9.norm3.weight:weight_decay=0.0
07/02 12:21:44 - mmengine - INFO - paramwise_options -- backbone.xca_layers.9.norm3.bias:weight_decay=0.0
07/02 12:21:44 - mmengine - INFO - paramwise_options -- backbone.xca_layers.9.local_mp.conv1.conv.bias:weight_decay=0.0
07/02 12:21:44 - mmengine - INFO - paramwise_options -- backbone.xca_layers.9.local_mp.conv1.bn.weight:weight_decay=0.0
07/02 12:21:44 - mmengine - INFO - paramwise_options -- backbone.xca_layers.9.local_mp.conv1.bn.bias:weight_decay=0.0
07/02 12:21:44 - mmengine - INFO - paramwise_options -- backbone.xca_layers.9.local_mp.conv2.conv.bias:weight_decay=0.0
07/02 12:21:44 - mmengine - INFO - paramwise_options -- backbone.xca_layers.9.norm2.weight:weight_decay=0.0
07/02 12:21:44 - mmengine - INFO - paramwise_options -- backbone.xca_layers.9.norm2.bias:weight_decay=0.0
07/02 12:21:44 - mmengine - INFO - paramwise_options -- backbone.xca_layers.9.ffn.layers.0.0.bias:weight_decay=0.0
07/02 12:21:44 - mmengine - INFO - paramwise_options -- backbone.xca_layers.9.ffn.layers.1.bias:weight_decay=0.0
07/02 12:21:44 - mmengine - INFO - paramwise_options -- backbone.xca_layers.10.gamma1:weight_decay=0.0
07/02 12:21:44 - mmengine - INFO - paramwise_options -- backbone.xca_layers.10.gamma3:weight_decay=0.0
07/02 12:21:44 - mmengine - INFO - paramwise_options -- backbone.xca_layers.10.gamma2:weight_decay=0.0
07/02 12:21:44 - mmengine - INFO - paramwise_options -- backbone.xca_layers.10.norm1.weight:weight_decay=0.0
07/02 12:21:44 - mmengine - INFO - paramwise_options -- backbone.xca_layers.10.norm1.bias:weight_decay=0.0
07/02 12:21:44 - mmengine - INFO - paramwise_options -- backbone.xca_layers.10.attn.qkv.bias:weight_decay=0.0
07/02 12:21:44 - mmengine - INFO - paramwise_options -- backbone.xca_layers.10.attn.proj.bias:weight_decay=0.0
07/02 12:21:44 - mmengine - INFO - paramwise_options -- backbone.xca_layers.10.norm3.weight:weight_decay=0.0
07/02 12:21:44 - mmengine - INFO - paramwise_options -- backbone.xca_layers.10.norm3.bias:weight_decay=0.0
07/02 12:21:44 - mmengine - INFO - paramwise_options -- backbone.xca_layers.10.local_mp.conv1.conv.bias:weight_decay=0.0
07/02 12:21:44 - mmengine - INFO - paramwise_options -- backbone.xca_layers.10.local_mp.conv1.bn.weight:weight_decay=0.0
07/02 12:21:44 - mmengine - INFO - paramwise_options -- backbone.xca_layers.10.local_mp.conv1.bn.bias:weight_decay=0.0
07/02 12:21:44 - mmengine - INFO - paramwise_options -- backbone.xca_layers.10.local_mp.conv2.conv.bias:weight_decay=0.0
07/02 12:21:44 - mmengine - INFO - paramwise_options -- backbone.xca_layers.10.norm2.weight:weight_decay=0.0
07/02 12:21:44 - mmengine - INFO - paramwise_options -- backbone.xca_layers.10.norm2.bias:weight_decay=0.0
07/02 12:21:44 - mmengine - INFO - paramwise_options -- backbone.xca_layers.10.ffn.layers.0.0.bias:weight_decay=0.0
07/02 12:21:44 - mmengine - INFO - paramwise_options -- backbone.xca_layers.10.ffn.layers.1.bias:weight_decay=0.0
07/02 12:21:44 - mmengine - INFO - paramwise_options -- backbone.xca_layers.11.gamma1:weight_decay=0.0
07/02 12:21:44 - mmengine - INFO - paramwise_options -- backbone.xca_layers.11.gamma3:weight_decay=0.0
07/02 12:21:44 - mmengine - INFO - paramwise_options -- backbone.xca_layers.11.gamma2:weight_decay=0.0
07/02 12:21:44 - mmengine - INFO - paramwise_options -- backbone.xca_layers.11.norm1.weight:weight_decay=0.0
07/02 12:21:44 - mmengine - INFO - paramwise_options -- backbone.xca_layers.11.norm1.bias:weight_decay=0.0
07/02 12:21:44 - mmengine - INFO - paramwise_options -- backbone.xca_layers.11.attn.qkv.bias:weight_decay=0.0
07/02 12:21:44 - mmengine - INFO - paramwise_options -- backbone.xca_layers.11.attn.proj.bias:weight_decay=0.0
07/02 12:21:44 - mmengine - INFO - paramwise_options -- backbone.xca_layers.11.norm3.weight:weight_decay=0.0
07/02 12:21:44 - mmengine - INFO - paramwise_options -- backbone.xca_layers.11.norm3.bias:weight_decay=0.0
07/02 12:21:44 - mmengine - INFO - paramwise_options -- backbone.xca_layers.11.local_mp.conv1.conv.bias:weight_decay=0.0
07/02 12:21:44 - mmengine - INFO - paramwise_options -- backbone.xca_layers.11.local_mp.conv1.bn.weight:weight_decay=0.0
07/02 12:21:44 - mmengine - INFO - paramwise_options -- backbone.xca_layers.11.local_mp.conv1.bn.bias:weight_decay=0.0
07/02 12:21:44 - mmengine - INFO - paramwise_options -- backbone.xca_layers.11.local_mp.conv2.conv.bias:weight_decay=0.0
07/02 12:21:44 - mmengine - INFO - paramwise_options -- backbone.xca_layers.11.norm2.weight:weight_decay=0.0
07/02 12:21:44 - mmengine - INFO - paramwise_options -- backbone.xca_layers.11.norm2.bias:weight_decay=0.0
07/02 12:21:44 - mmengine - INFO - paramwise_options -- backbone.xca_layers.11.ffn.layers.0.0.bias:weight_decay=0.0
07/02 12:21:44 - mmengine - INFO - paramwise_options -- backbone.xca_layers.11.ffn.layers.1.bias:weight_decay=0.0
07/02 12:21:44 - mmengine - INFO - paramwise_options -- backbone.ca_layers.0.gamma1:weight_decay=0.0
07/02 12:21:44 - mmengine - INFO - paramwise_options -- backbone.ca_layers.0.gamma2:weight_decay=0.0
07/02 12:21:44 - mmengine - INFO - paramwise_options -- backbone.ca_layers.0.norm1.weight:weight_decay=0.0
07/02 12:21:44 - mmengine - INFO - paramwise_options -- backbone.ca_layers.0.norm1.bias:weight_decay=0.0
07/02 12:21:44 - mmengine - INFO - paramwise_options -- backbone.ca_layers.0.attn.q.bias:weight_decay=0.0
07/02 12:21:44 - mmengine - INFO - paramwise_options -- backbone.ca_layers.0.attn.k.bias:weight_decay=0.0
07/02 12:21:44 - mmengine - INFO - paramwise_options -- backbone.ca_layers.0.attn.v.bias:weight_decay=0.0
07/02 12:21:44 - mmengine - INFO - paramwise_options -- backbone.ca_layers.0.attn.proj.bias:weight_decay=0.0
07/02 12:21:44 - mmengine - INFO - paramwise_options -- backbone.ca_layers.0.norm2.weight:weight_decay=0.0
07/02 12:21:44 - mmengine - INFO - paramwise_options -- backbone.ca_layers.0.norm2.bias:weight_decay=0.0
07/02 12:21:44 - mmengine - INFO - paramwise_options -- backbone.ca_layers.0.ffn.layers.0.0.bias:weight_decay=0.0
07/02 12:21:44 - mmengine - INFO - paramwise_options -- backbone.ca_layers.0.ffn.layers.1.bias:weight_decay=0.0
07/02 12:21:44 - mmengine - INFO - paramwise_options -- backbone.ca_layers.1.gamma1:weight_decay=0.0
07/02 12:21:44 - mmengine - INFO - paramwise_options -- backbone.ca_layers.1.gamma2:weight_decay=0.0
07/02 12:21:44 - mmengine - INFO - paramwise_options -- backbone.ca_layers.1.norm1.weight:weight_decay=0.0
07/02 12:21:44 - mmengine - INFO - paramwise_options -- backbone.ca_layers.1.norm1.bias:weight_decay=0.0
07/02 12:21:44 - mmengine - INFO - paramwise_options -- backbone.ca_layers.1.attn.q.bias:weight_decay=0.0
07/02 12:21:44 - mmengine - INFO - paramwise_options -- backbone.ca_layers.1.attn.k.bias:weight_decay=0.0
07/02 12:21:44 - mmengine - INFO - paramwise_options -- backbone.ca_layers.1.attn.v.bias:weight_decay=0.0
07/02 12:21:44 - mmengine - INFO - paramwise_options -- backbone.ca_layers.1.attn.proj.bias:weight_decay=0.0
07/02 12:21:44 - mmengine - INFO - paramwise_options -- backbone.ca_layers.1.norm2.weight:weight_decay=0.0
07/02 12:21:44 - mmengine - INFO - paramwise_options -- backbone.ca_layers.1.norm2.bias:weight_decay=0.0
07/02 12:21:44 - mmengine - INFO - paramwise_options -- backbone.ca_layers.1.ffn.layers.0.0.bias:weight_decay=0.0
07/02 12:21:44 - mmengine - INFO - paramwise_options -- backbone.ca_layers.1.ffn.layers.1.bias:weight_decay=0.0
07/02 12:21:44 - mmengine - INFO - paramwise_options -- backbone.norm.weight:weight_decay=0.0
07/02 12:21:44 - mmengine - INFO - paramwise_options -- backbone.norm.bias:weight_decay=0.0
07/02 12:21:44 - mmengine - INFO - paramwise_options -- head.fc.bias:weight_decay=0.0
07/02 12:21:48 - mmengine - WARNING - "FileClient" will be deprecated in future. Please use io functions in https://mmengine.readthedocs.io/en/latest/api/fileio.html#file-io
07/02 12:21:48 - mmengine - WARNING - "HardDiskBackend" is the alias of "LocalBackend" and the former will be deprecated in future.
07/02 12:21:48 - mmengine - INFO - Checkpoints will be saved to /home/01/lsq/mmpretrain/work_dirs/xcit-nano-12-p16_8xb128_in1k.
/root/miniconda3/envs/qq/lib/python3.8/site-packages/mmengine-0.10.4-py3.8.egg/mmengine/optim/optimizer/zero_optimizer.py:11: DeprecationWarning: `TorchScript` support for functional optimizers is deprecated and will be removed in a future PyTorch release. Consider using the `torch.compile` optimizer instead.
  from torch.distributed.optim import \
/root/miniconda3/envs/qq/lib/python3.8/site-packages/torchvision/io/image.py:11: UserWarning: Failed to load image Python extension: libtorch_cuda_cu.so: cannot open shared object file: No such file or directory
  warn(f"Failed to load image Python extension: {e}")
/root/miniconda3/envs/qq/lib/python3.8/site-packages/mmcv/cnn/bricks/conv_module.py:208: UserWarning: Unnecessary conv bias before batch/instance norm
  warnings.warn(
TCAPPDLL 2025-07-02 12:21:56.101032 - Epoch: 0 Iteration: 0  rank : 0  train.loss : 6.919778347015381  train.ips : 16.74480015999028 imgs/s train.total_time : 7.644164085388184 
TCAPPDLL 2025-07-02 12:21:56.251907 - Epoch: 0 Iteration: 1  rank : 0  train.loss : 6.929564476013184  train.ips : 849.287126488785 imgs/s train.total_time : 0.15071463584899902 
TCAPPDLL 2025-07-02 12:22:01.484779 - Epoch: 0 Iteration: 2  rank : 0  train.loss : 6.918678283691406  train.ips : 24.461207453121833 imgs/s train.total_time : 5.2327752113342285 
TCAPPDLL 2025-07-02 12:22:01.599728 - Epoch: 0 Iteration: 3  rank : 0  train.loss : 6.900293350219727  train.ips : 1114.5129362332862 imgs/s train.total_time : 0.11484837532043457 
TCAPPDLL 2025-07-02 12:22:07.802191 - Epoch: 0 Iteration: 4  rank : 0  train.loss : 6.9152679443359375  train.ips : 20.637328295640653 imgs/s train.total_time : 6.202353239059448 
TCAPPDLL 2025-07-02 12:22:07.919923 - Epoch: 0 Iteration: 5  rank : 0  train.loss : 6.920672416687012  train.ips : 1088.1952330858462 imgs/s train.total_time : 0.11762595176696777 
TCAPPDLL 2025-07-02 12:22:14.493246 - Epoch: 0 Iteration: 6  rank : 0  train.loss : 6.912667274475098  train.ips : 19.472970694257178 imgs/s train.total_time : 6.573213815689087 
TCAPPDLL 2025-07-02 12:22:14.813436 - Epoch: 0 Iteration: 7  rank : 0  train.loss : 6.92177152633667  train.ips : 399.8966960739622 imgs/s train.total_time : 0.3200826644897461 
TCAPPDLL 2025-07-02 12:22:20.943534 - Epoch: 0 Iteration: 8  rank : 0  train.loss : 6.8964996337890625  train.ips : 20.880943199240388 imgs/s train.total_time : 6.129991292953491 
TCAPPDLL 2025-07-02 12:22:21.067191 - Epoch: 0 Iteration: 9  rank : 0  train.loss : 6.927967071533203  train.ips : 1035.9943344306837 imgs/s train.total_time : 0.12355279922485352 
TCAPPDLL 2025-07-02 12:22:27.053514 - Epoch: 0 Iteration: 10  rank : 0  train.loss : 6.913954257965088  train.ips : 21.3824097309932 imgs/s train.total_time : 5.986228942871094 
TCAPPDLL 2025-07-02 12:22:27.222333 - Epoch: 0 Iteration: 11  rank : 0  train.loss : 6.91871976852417  train.ips : 758.6769449480739 imgs/s train.total_time : 0.1687147617340088 
TCAPPDLL 2025-07-02 12:22:33.305726 - Epoch: 0 Iteration: 12  rank : 0  train.loss : 6.929754734039307  train.ips : 21.041228109264644 imgs/s train.total_time : 6.083295106887817 
TCAPPDLL 2025-07-02 12:22:33.544804 - Epoch: 0 Iteration: 13  rank : 0  train.loss : 6.922544002532959  train.ips : 535.6058110742426 imgs/s train.total_time : 0.2389817237854004 
TCAPPDLL 2025-07-02 12:22:39.431460 - Epoch: 0 Iteration: 14  rank : 0  train.loss : 6.91242790222168  train.ips : 21.744464358936515 imgs/s train.total_time : 5.8865556716918945 
TCAPPDLL 2025-07-02 12:22:39.938644 - Epoch: 0 Iteration: 15  rank : 0  train.loss : 6.9208455085754395  train.ips : 252.42169731169727 imgs/s train.total_time : 0.5070879459381104 
TCAPPDLL 2025-07-02 12:22:45.421681 - Epoch: 0 Iteration: 16  rank : 0  train.loss : 6.920012950897217  train.ips : 23.34513272181339 imgs/s train.total_time : 5.482941627502441 
TCAPPDLL 2025-07-02 12:22:45.674548 - Epoch: 0 Iteration: 17  rank : 0  train.loss : 6.918093204498291  train.ips : 506.3940900824762 imgs/s train.total_time : 0.25276756286621094 
TCAPPDLL 2025-07-02 12:22:51.697774 - Epoch: 0 Iteration: 18  rank : 0  train.loss : 6.90316104888916  train.ips : 21.251490119322757 imgs/s train.total_time : 6.023107051849365 
TCAPPDLL 2025-07-02 12:22:51.881650 - Epoch: 0 Iteration: 19  rank : 0  train.loss : 6.91018009185791  train.ips : 696.6776085625006 imgs/s train.total_time : 0.1837291717529297 
TCAPPDLL 2025-07-02 12:22:57.383150 - Epoch: 0 Iteration: 20  rank : 0  train.loss : 6.91058874130249  train.ips : 23.266982306947693 imgs/s train.total_time : 5.5013580322265625 
TCAPPDLL 2025-07-02 12:22:57.768818 - Epoch: 0 Iteration: 21  rank : 0  train.loss : 6.910750865936279  train.ips : 332.0135632631732 imgs/s train.total_time : 0.3855264186859131 
TCAPPDLL 2025-07-02 12:23:03.330226 - Epoch: 0 Iteration: 22  rank : 0  train.loss : 6.924949645996094  train.ips : 23.016513882294998 imgs/s train.total_time : 5.561224460601807 
TCAPPDLL 2025-07-02 12:23:03.746205 - Epoch: 0 Iteration: 23  rank : 0  train.loss : 6.919190406799316  train.ips : 307.81852802137473 imgs/s train.total_time : 0.4158294200897217 
TCAPPDLL 2025-07-02 12:23:09.542136 - Epoch: 0 Iteration: 24  rank : 0  train.loss : 6.922937393188477  train.ips : 22.085069022151057 imgs/s train.total_time : 5.795770883560181 
TCAPPDLL 2025-07-02 12:23:09.676692 - Epoch: 0 Iteration: 25  rank : 0  train.loss : 6.905864715576172  train.ips : 952.1030433834209 imgs/s train.total_time : 0.13443922996520996 
TCAPPDLL 2025-07-02 12:23:15.462978 - Epoch: 0 Iteration: 26  rank : 0  train.loss : 6.896775245666504  train.ips : 22.121635039337974 imgs/s train.total_time : 5.786190748214722 
TCAPPDLL 2025-07-02 12:23:16.025686 - Epoch: 0 Iteration: 27  rank : 0  train.loss : 6.908980846405029  train.ips : 227.51196822711577 imgs/s train.total_time : 0.5626077651977539 
TCAPPDLL 2025-07-02 12:23:21.317634 - Epoch: 0 Iteration: 28  rank : 0  train.loss : 6.9224982261657715  train.ips : 24.18817064536851 imgs/s train.total_time : 5.291842937469482 
TCAPPDLL 2025-07-02 12:23:21.845432 - Epoch: 0 Iteration: 29  rank : 0  train.loss : 6.924943447113037  train.ips : 242.56186679293157 imgs/s train.total_time : 0.5277004241943359 
TCAPPDLL 2025-07-02 12:23:27.258756 - Epoch: 0 Iteration: 30  rank : 0  train.loss : 6.916705131530762  train.ips : 23.645782229793433 imgs/s train.total_time : 5.413227558135986 
TCAPPDLL 2025-07-02 12:23:27.744642 - Epoch: 0 Iteration: 31  rank : 0  train.loss : 6.893804550170898  train.ips : 263.4918224276131 imgs/s train.total_time : 0.48578357696533203 
TCAPPDLL 2025-07-02 12:23:32.913415 - Epoch: 0 Iteration: 32  rank : 0  train.loss : 6.916390419006348  train.ips : 24.76470351897873 imgs/s train.total_time : 5.168646574020386 
TCAPPDLL 2025-07-02 12:23:33.450291 - Epoch: 0 Iteration: 33  rank : 0  train.loss : 6.904053688049316  train.ips : 238.47458258024022 imgs/s train.total_time : 0.5367448329925537 
TCAPPDLL 2025-07-02 12:23:39.430578 - Epoch: 0 Iteration: 34  rank : 0  train.loss : 6.904961585998535  train.ips : 21.40403876904441 imgs/s train.total_time : 5.980179786682129 
TCAPPDLL 2025-07-02 12:23:40.239097 - Epoch: 0 Iteration: 35  rank : 0  train.loss : 6.9215826988220215  train.ips : 158.33892086577063 imgs/s train.total_time : 0.8083925247192383 
TCAPPDLL 2025-07-02 12:23:45.611085 - Epoch: 0 Iteration: 36  rank : 0  train.loss : 6.92320442199707  train.ips : 23.827892314282828 imgs/s train.total_time : 5.371855735778809 
TCAPPDLL 2025-07-02 12:23:46.339797 - Epoch: 0 Iteration: 37  rank : 0  train.loss : 6.904717445373535  train.ips : 175.68196601683616 imgs/s train.total_time : 0.7285892963409424 
TCAPPDLL 2025-07-02 12:23:51.149515 - Epoch: 0 Iteration: 38  rank : 0  train.loss : 6.9046406745910645  train.ips : 26.613349441999013 imgs/s train.total_time : 4.809616327285767 
TCAPPDLL 2025-07-02 12:23:52.257412 - Epoch: 0 Iteration: 39  rank : 0  train.loss : 6.914939880371094  train.ips : 115.54429649640123 imgs/s train.total_time : 1.1078002452850342 
TCAPPDLL 2025-07-02 12:23:56.958885 - Epoch: 0 Iteration: 40  rank : 0  train.loss : 6.889958381652832  train.ips : 27.226091240188516 imgs/s train.total_time : 4.7013726234436035 
TCAPPDLL 2025-07-02 12:23:58.349066 - Epoch: 0 Iteration: 41  rank : 0  train.loss : 6.908658981323242  train.ips : 92.08108033476177 imgs/s train.total_time : 1.3900792598724365 
TCAPPDLL 2025-07-02 12:24:03.235518 - Epoch: 0 Iteration: 42  rank : 0  train.loss : 6.907576560974121  train.ips : 26.195390434929497 imgs/s train.total_time : 4.886355876922607 
TCAPPDLL 2025-07-02 12:24:04.145275 - Epoch: 0 Iteration: 43  rank : 0  train.loss : 6.904901027679443  train.ips : 140.7118987280727 imgs/s train.total_time : 0.9096601009368896 
TCAPPDLL 2025-07-02 12:24:08.954927 - Epoch: 0 Iteration: 44  rank : 0  train.loss : 6.906636714935303  train.ips : 26.613704326693806 imgs/s train.total_time : 4.809552192687988 
TCAPPDLL 2025-07-02 12:24:09.733796 - Epoch: 0 Iteration: 45  rank : 0  train.loss : 6.912856101989746  train.ips : 164.36412130845704 imgs/s train.total_time : 0.7787587642669678 
TCAPPDLL 2025-07-02 12:24:14.839177 - Epoch: 0 Iteration: 46  rank : 0  train.loss : 6.912248611450195  train.ips : 25.07306502065616 imgs/s train.total_time : 5.105079889297485 
TCAPPDLL 2025-07-02 12:24:15.609490 - Epoch: 0 Iteration: 47  rank : 0  train.loss : 6.919066429138184  train.ips : 166.19121414073186 imgs/s train.total_time : 0.7701971530914307 
TCAPPDLL 2025-07-02 12:24:20.858126 - Epoch: 0 Iteration: 48  rank : 0  train.loss : 6.926924705505371  train.ips : 24.387943117821088 imgs/s train.total_time : 5.248495101928711 
TCAPPDLL 2025-07-02 12:24:21.774175 - Epoch: 0 Iteration: 49  rank : 0  train.loss : 6.922533988952637  train.ips : 139.75012084654273 imgs/s train.total_time : 0.9159204959869385 
TCAPPDLL 2025-07-02 12:24:27.193260 - Epoch: 0 Iteration: 50  rank : 0  train.loss : 6.9158806800842285  train.ips : 23.620717226129035 imgs/s train.total_time : 5.41897177696228 
TCAPPDLL 2025-07-02 12:24:27.937459 - Epoch: 0 Iteration: 51  rank : 0  train.loss : 6.913396835327148  train.ips : 172.02063975023134 imgs/s train.total_time : 0.7440967559814453 
TCAPPDLL 2025-07-02 12:24:33.121756 - Epoch: 0 Iteration: 52  rank : 0  train.loss : 6.91611385345459  train.ips : 24.690416587009047 imgs/s train.total_time : 5.184197664260864 
TCAPPDLL 2025-07-02 12:24:34.074968 - Epoch: 0 Iteration: 53  rank : 0  train.loss : 6.917817115783691  train.ips : 134.29669445634033 imgs/s train.total_time : 0.9531135559082031 
TCAPPDLL 2025-07-02 12:24:38.782205 - Epoch: 0 Iteration: 54  rank : 0  train.loss : 6.913204193115234  train.ips : 27.192741185939237 imgs/s train.total_time : 4.707138538360596 
TCAPPDLL 2025-07-02 12:24:39.653243 - Epoch: 0 Iteration: 55  rank : 0  train.loss : 6.906681060791016  train.ips : 146.96877572400894 imgs/s train.total_time : 0.8709332942962646 
TCAPPDLL 2025-07-02 12:24:44.710112 - Epoch: 0 Iteration: 56  rank : 0  train.loss : 6.918406963348389  train.ips : 25.312613427303273 imgs/s train.total_time : 5.056767463684082 
TCAPPDLL 2025-07-02 12:24:45.325298 - Epoch: 0 Iteration: 57  rank : 0  train.loss : 6.917053699493408  train.ips : 208.1012770490113 imgs/s train.total_time : 0.6150851249694824 
TCAPPDLL 2025-07-02 12:24:50.579480 - Epoch: 0 Iteration: 58  rank : 0  train.loss : 6.917806625366211  train.ips : 24.36200718602437 imgs/s train.total_time : 5.254082679748535 
TCAPPDLL 2025-07-02 12:24:51.114903 - Epoch: 0 Iteration: 59  rank : 0  train.loss : 6.922533988952637  train.ips : 239.10706199038353 imgs/s train.total_time : 0.5353250503540039 
TCAPPDLL 2025-07-02 12:24:56.676226 - Epoch: 0 Iteration: 60  rank : 0  train.loss : 6.902761459350586  train.ips : 23.01656025986071 imgs/s train.total_time : 5.561213254928589 
TCAPPDLL 2025-07-02 12:24:56.980162 - Epoch: 0 Iteration: 61  rank : 0  train.loss : 6.90728759765625  train.ips : 421.27743826840805 imgs/s train.total_time : 0.30383777618408203 
TCAPPDLL 2025-07-02 12:25:02.749130 - Epoch: 0 Iteration: 62  rank : 0  train.loss : 6.906108856201172  train.ips : 22.188061052255446 imgs/s train.total_time : 5.7688682079315186 
TCAPPDLL 2025-07-02 12:25:03.243159 - Epoch: 0 Iteration: 63  rank : 0  train.loss : 6.930912971496582  train.ips : 259.1541106801028 imgs/s train.total_time : 0.4939146041870117 
TCAPPDLL 2025-07-02 12:25:08.325998 - Epoch: 0 Iteration: 64  rank : 0  train.loss : 6.908921718597412  train.ips : 25.183275222752016 imgs/s train.total_time : 5.082738399505615 
TCAPPDLL 2025-07-02 12:25:08.816063 - Epoch: 0 Iteration: 65  rank : 0  train.loss : 6.908416748046875  train.ips : 261.2399922728332 imgs/s train.total_time : 0.4899709224700928 
TCAPPDLL 2025-07-02 12:25:14.331916 - Epoch: 0 Iteration: 66  rank : 0  train.loss : 6.924188613891602  train.ips : 23.206258188170374 imgs/s train.total_time : 5.515753507614136 
TCAPPDLL 2025-07-02 12:25:14.669357 - Epoch: 0 Iteration: 67  rank : 0  train.loss : 6.915914058685303  train.ips : 379.44035134588825 imgs/s train.total_time : 0.337338924407959 
TCAPPDLL 2025-07-02 12:25:20.438086 - Epoch: 0 Iteration: 68  rank : 0  train.loss : 6.914093017578125  train.ips : 22.18898634276348 imgs/s train.total_time : 5.768627643585205 
TCAPPDLL 2025-07-02 12:25:20.650202 - Epoch: 0 Iteration: 69  rank : 0  train.loss : 6.920880317687988  train.ips : 603.7182150833152 imgs/s train.total_time : 0.2120194435119629 
TCAPPDLL 2025-07-02 12:25:26.389418 - Epoch: 0 Iteration: 70  rank : 0  train.loss : 6.919193267822266  train.ips : 22.30310511023021 imgs/s train.total_time : 5.7391111850738525 
TCAPPDLL 2025-07-02 12:25:26.509950 - Epoch: 0 Iteration: 71  rank : 0  train.loss : 6.917542457580566  train.ips : 1062.8350111159284 imgs/s train.total_time : 0.12043261528015137 
TCAPPDLL 2025-07-02 12:25:32.797986 - Epoch: 0 Iteration: 72  rank : 0  train.loss : 6.9110026359558105  train.ips : 20.356627394839183 imgs/s train.total_time : 6.287878513336182 
TCAPPDLL 2025-07-02 12:25:32.937897 - Epoch: 0 Iteration: 73  rank : 0  train.loss : 6.901487350463867  train.ips : 916.4653690812316 imgs/s train.total_time : 0.13966703414916992 
TCAPPDLL 2025-07-02 12:25:38.330801 - Epoch: 0 Iteration: 74  rank : 0  train.loss : 6.91941499710083  train.ips : 23.735340985997116 imgs/s train.total_time : 5.3928022384643555 
TCAPPDLL 2025-07-02 12:25:38.467802 - Epoch: 0 Iteration: 75  rank : 0  train.loss : 6.910978317260742  train.ips : 935.0138230709614 imgs/s train.total_time : 0.13689637184143066 
TCAPPDLL 2025-07-02 12:25:44.093137 - Epoch: 0 Iteration: 76  rank : 0  train.loss : 6.918078899383545  train.ips : 22.754618094177776 imgs/s train.total_time : 5.625231742858887 
TCAPPDLL 2025-07-02 12:25:44.245482 - Epoch: 0 Iteration: 77  rank : 0  train.loss : 6.917223930358887  train.ips : 840.8394002136276 imgs/s train.total_time : 0.15222883224487305 
TCAPPDLL 2025-07-02 12:25:51.067488 - Epoch: 0 Iteration: 78  rank : 0  train.loss : 6.9051995277404785  train.ips : 18.76317165457747 imgs/s train.total_time : 6.821874380111694 
TCAPPDLL 2025-07-02 12:25:51.188054 - Epoch: 0 Iteration: 79  rank : 0  train.loss : 6.9115190505981445  train.ips : 1062.7382323423276 imgs/s train.total_time : 0.12044358253479004 
TCAPPDLL 2025-07-02 12:25:57.489912 - Epoch: 0 Iteration: 80  rank : 0  train.loss : 6.923912048339844  train.ips : 20.31187749651191 imgs/s train.total_time : 6.301731586456299 
TCAPPDLL 2025-07-02 12:25:57.634382 - Epoch: 0 Iteration: 81  rank : 0  train.loss : 6.921195030212402  train.ips : 886.8739378080852 imgs/s train.total_time : 0.14432716369628906 
TCAPPDLL 2025-07-02 12:26:04.077457 - Epoch: 0 Iteration: 82  rank : 0  train.loss : 6.913581848144531  train.ips : 19.866659038798293 imgs/s train.total_time : 6.442955493927002 
TCAPPDLL 2025-07-02 12:26:04.198760 - Epoch: 0 Iteration: 83  rank : 0  train.loss : 6.906515121459961  train.ips : 1056.4685629950313 imgs/s train.total_time : 0.12115836143493652 
TCAPPDLL 2025-07-02 12:26:09.755907 - Epoch: 0 Iteration: 84  rank : 0  train.loss : 6.901215076446533  train.ips : 23.033864232104005 imgs/s train.total_time : 5.557035446166992 
TCAPPDLL 2025-07-02 12:26:09.874473 - Epoch: 0 Iteration: 85  rank : 0  train.loss : 6.906791687011719  train.ips : 1080.4731718606922 imgs/s train.total_time : 0.11846661567687988 
TCAPPDLL 2025-07-02 12:26:15.387266 - Epoch: 0 Iteration: 86  rank : 0  train.loss : 6.926662445068359  train.ips : 23.21915105509707 imgs/s train.total_time : 5.512690782546997 
TCAPPDLL 2025-07-02 12:26:15.516489 - Epoch: 0 Iteration: 87  rank : 0  train.loss : 6.903033256530762  train.ips : 991.2829436180741 imgs/s train.total_time : 0.12912559509277344 
TCAPPDLL 2025-07-02 12:26:21.637718 - Epoch: 0 Iteration: 88  rank : 0  train.loss : 6.917508125305176  train.ips : 20.91127510652611 imgs/s train.total_time : 6.1210997104644775 
TCAPPDLL 2025-07-02 12:26:21.765938 - Epoch: 0 Iteration: 89  rank : 0  train.loss : 6.914796352386475  train.ips : 999.3985636473974 imgs/s train.total_time : 0.12807703018188477 
TCAPPDLL 2025-07-02 12:26:27.440550 - Epoch: 0 Iteration: 90  rank : 0  train.loss : 6.926191329956055  train.ips : 22.55715588809801 imgs/s train.total_time : 5.674474239349365 
TCAPPDLL 2025-07-02 12:26:27.564413 - Epoch: 0 Iteration: 91  rank : 0  train.loss : 6.923283576965332  train.ips : 1035.984338788514 imgs/s train.total_time : 0.12355399131774902 
TCAPPDLL 2025-07-02 12:26:33.193473 - Epoch: 0 Iteration: 92  rank : 0  train.loss : 6.903800964355469  train.ips : 22.739609946909514 imgs/s train.total_time : 5.628944396972656 
TCAPPDLL 2025-07-02 12:26:33.314949 - Epoch: 0 Iteration: 93  rank : 0  train.loss : 6.905977249145508  train.ips : 1054.6318940792835 imgs/s train.total_time : 0.1213693618774414 
TCAPPDLL 2025-07-02 12:26:39.280993 - Epoch: 0 Iteration: 94  rank : 0  train.loss : 6.93137788772583  train.ips : 21.45515952409726 imgs/s train.total_time : 5.965930938720703 
TCAPPDLL 2025-07-02 12:26:39.408013 - Epoch: 0 Iteration: 95  rank : 0  train.loss : 6.913794040679932  train.ips : 1008.7728193430314 imgs/s train.total_time : 0.12688684463500977 
TCAPPDLL 2025-07-02 12:26:45.097389 - Epoch: 0 Iteration: 96  rank : 0  train.loss : 6.91070556640625  train.ips : 22.498544555713064 imgs/s train.total_time : 5.689256906509399 
TCAPPDLL 2025-07-02 12:26:45.230140 - Epoch: 0 Iteration: 97  rank : 0  train.loss : 6.929771423339844  train.ips : 964.9773023028421 imgs/s train.total_time : 0.1326456069946289 
TCAPPDLL 2025-07-02 12:26:51.255939 - Epoch: 0 Iteration: 98  rank : 0  train.loss : 6.915275573730469  train.ips : 21.242348324224626 imgs/s train.total_time : 6.025699138641357 
TCAPPDLL 2025-07-02 12:26:51.366063 - Epoch: 0 Iteration: 99  rank : 0  train.loss : 6.91329288482666  train.ips : 1163.3298562281282 imgs/s train.total_time : 0.11002898216247559 
07/02 12:26:51 - mmengine - INFO - Epoch(train)   [1][  100/10010]  base_lr: 1.4940e-06 lr: 1.4940e-06  eta: 105 days, 6:34:05  time: 2.9599  data_time: 2.8330  memory: 4918  loss: 6.9173
TCAPPDLL 2025-07-02 12:26:57.547319 - Epoch: 0 Iteration: 100  rank : 0  train.loss : 6.906429290771484  train.ips : 20.708131176397824 imgs/s train.total_time : 6.181146860122681 
