2025-07-28 07:13:45,554 - INFO - __main__ - Training/evaluation parameters TrainingArguments(
_n_gpu=0,
accelerator_config={'split_batches': False, 'dispatch_batches': None, 'even_batches': True, 'use_seedable_sampler': True, 'non_blocking': False, 'gradient_accumulation_kwargs': None},
adafactor=False,
adam_beta1=0.9,
adam_beta2=0.999,
adam_epsilon=1e-08,
auto_find_batch_size=False,
batch_eval_metrics=False,
bf16=False,
bf16_full_eval=False,
data_seed=None,
dataloader_drop_last=False,
dataloader_num_workers=0,
dataloader_persistent_workers=False,
dataloader_pin_memory=True,
dataloader_prefetch_factor=None,
ddp_backend=None,
ddp_broadcast_buffers=None,
ddp_bucket_cap_mb=None,
ddp_find_unused_parameters=None,
ddp_timeout=1800,
debug=[],
deepspeed=None,
disable_tqdm=False,
dispatch_batches=None,
do_eval=True,
do_predict=False,
do_train=True,
eval_accumulation_steps=None,
eval_delay=0,
eval_do_concat_batches=True,
eval_steps=None,
eval_strategy=no,
evaluation_strategy=None,
fp16=False,
fp16_backend=auto,
fp16_full_eval=False,
fp16_opt_level=O1,
fsdp=[],
fsdp_config={'min_num_params': 0, 'xla': False, 'xla_fsdp_v2': False, 'xla_fsdp_grad_ckpt': False},
fsdp_min_num_params=0,
fsdp_transformer_layer_cls_to_wrap=None,
full_determinism=False,
gradient_accumulation_steps=1,
gradient_checkpointing=False,
gradient_checkpointing_kwargs=None,
greater_is_better=None,
group_by_length=False,
half_precision_backend=auto,
hub_always_push=False,
hub_model_id=None,
hub_private_repo=False,
hub_strategy=every_save,
hub_token=<HUB_TOKEN>,
ignore_data_skip=False,
include_inputs_for_metrics=False,
include_num_input_tokens_seen=False,
include_tokens_per_second=False,
jit_mode_eval=False,
label_names=None,
label_smoothing_factor=0.0,
learning_rate=5e-05,
length_column_name=length,
load_best_model_at_end=False,
local_rank=0,
log_level=passive,
log_level_replica=warning,
log_on_each_node=True,
logging_dir=t5_out/logs,
logging_first_step=False,
logging_nan_inf_filter=True,
logging_steps=1.0,
logging_strategy=steps,
lr_scheduler_kwargs={},
lr_scheduler_type=linear,
max_grad_norm=1.0,
max_steps=-1,
metric_for_best_model=None,
mp_parameters=,
neftune_noise_alpha=None,
no_cuda=False,
num_train_epochs=3.0,
optim=adamw_torch,
optim_args=None,
optim_target_modules=None,
output_dir=t5_out,
overwrite_output_dir=True,
past_index=-1,
per_device_eval_batch_size=8,
per_device_train_batch_size=2,
prediction_loss_only=False,
push_to_hub=False,
push_to_hub_model_id=None,
push_to_hub_organization=None,
push_to_hub_token=<PUSH_TO_HUB_TOKEN>,
ray_scope=last,
remove_unused_columns=True,
report_to=[],
restore_callback_states_from_checkpoint=False,
resume_from_checkpoint=None,
run_name=t5_out,
save_on_each_node=False,
save_only_model=False,
save_safetensors=True,
save_steps=500,
save_strategy=steps,
save_total_limit=None,
seed=42,
skip_memory_metrics=True,
split_batches=None,
tf32=None,
torch_compile=False,
torch_compile_backend=None,
torch_compile_mode=None,
torchdynamo=None,
tpu_metrics_debug=False,
tpu_num_cores=None,
use_cpu=False,
use_ipex=False,
use_legacy_prediction_loop=False,
use_mps_device=False,
warmup_ratio=0.0,
warmup_steps=0,
weight_decay=0.0,
)
当前使用的模型路径： /home/01/zjh/transformers1/examples/pytorch/language-modeling/chinese-xlnet-base

Tokenizing line by line:   0%|          | 0/10000 [00:00<?, ? examples/s]
Tokenizing line by line:  10%|█         | 1000/10000 [00:01<00:15, 587.71 examples/s]
Tokenizing line by line:  20%|██        | 2000/10000 [00:02<00:10, 744.66 examples/s]
Tokenizing line by line:  30%|███       | 3000/10000 [00:03<00:07, 915.06 examples/s]
Tokenizing line by line:  40%|████      | 4000/10000 [00:03<00:04, 1217.01 examples/s]
Tokenizing line by line:  50%|█████     | 5000/10000 [00:04<00:04, 1223.73 examples/s]
Tokenizing line by line:  60%|██████    | 6000/10000 [00:05<00:02, 1556.06 examples/s]
Tokenizing line by line:  70%|███████   | 7000/10000 [00:06<00:02, 1197.13 examples/s]
Tokenizing line by line:  80%|████████  | 8000/10000 [00:07<00:02, 921.51 examples/s] 
Tokenizing line by line:  90%|█████████ | 9000/10000 [00:08<00:00, 1196.38 examples/s]
Tokenizing line by line: 100%|██████████| 10000/10000 [00:08<00:00, 1270.09 examples/s]
Tokenizing line by line: 100%|██████████| 10000/10000 [00:08<00:00, 1119.96 examples/s]

Tokenizing line by line:   0%|          | 0/10000 [00:00<?, ? examples/s]
Tokenizing line by line:  10%|█         | 1000/10000 [00:01<00:14, 608.14 examples/s]
Tokenizing line by line:  20%|██        | 2000/10000 [00:02<00:10, 761.80 examples/s]
Tokenizing line by line:  30%|███       | 3000/10000 [00:03<00:07, 942.00 examples/s]
Tokenizing line by line:  40%|████      | 4000/10000 [00:03<00:04, 1314.17 examples/s]
Tokenizing line by line:  50%|█████     | 5000/10000 [00:04<00:03, 1292.73 examples/s]
Tokenizing line by line:  60%|██████    | 6000/10000 [00:04<00:02, 1626.47 examples/s]
Tokenizing line by line:  70%|███████   | 7000/10000 [00:06<00:02, 1225.83 examples/s]
Tokenizing line by line:  80%|████████  | 8000/10000 [00:07<00:02, 936.10 examples/s] 
Tokenizing line by line:  90%|█████████ | 9000/10000 [00:08<00:00, 1214.47 examples/s]
Tokenizing line by line: 100%|██████████| 10000/10000 [00:08<00:00, 1287.56 examples/s]
Tokenizing line by line: 100%|██████████| 10000/10000 [00:08<00:00, 1150.90 examples/s]

  0%|          | 0/15000 [00:00<?, ?it/s]
  0%|          | 1/15000 [00:01<5:14:07,  1.26s/it]
                                                   

  0%|          | 1/15000 [00:01<5:14:07,  1.26s/it]
  0%|          | 2/15000 [00:01<3:13:15,  1.29it/s]
                                                   

  0%|          | 2/15000 [00:01<3:13:15,  1.29it/s]
  0%|          | 3/15000 [00:02<2:49:32,  1.47it/s]
                                                   

  0%|          | 3/15000 [00:02<2:49:32,  1.47it/s]
  0%|          | 4/15000 [00:02<2:22:29,  1.75it/s]
                                                   

  0%|          | 4/15000 [00:02<2:22:29,  1.75it/s]
  0%|          | 5/15000 [00:03<2:09:06,  1.94it/s]
                                                   

  0%|          | 5/15000 [00:03<2:09:06,  1.94it/s]
  0%|          | 6/15000 [00:04<3:17:33,  1.26it/s]
                                                   

  0%|          | 6/15000 [00:04<3:17:33,  1.26it/s]
  0%|          | 7/15000 [00:04<2:46:55,  1.50it/s]
                                                   

  0%|          | 7/15000 [00:04<2:46:55,  1.50it/s]
  0%|          | 8/15000 [00:05<2:29:24,  1.67it/s]
                                                   

  0%|          | 8/15000 [00:05<2:29:24,  1.67it/s]
  0%|          | 9/15000 [00:05<2:19:26,  1.79it/s]
                                                   

  0%|          | 9/15000 [00:05<2:19:26,  1.79it/s]
  0%|          | 10/15000 [00:06<2:09:22,  1.93it/s]
                                                    

  0%|          | 10/15000 [00:06<2:09:22,  1.93it/s]
  0%|          | 11/15000 [00:07<2:55:59,  1.42it/s]
                                                    

  0%|          | 11/15000 [00:07<2:55:59,  1.42it/s]
  0%|          | 12/15000 [00:07<2:52:48,  1.45it/s]
                                                    

  0%|          | 12/15000 [00:07<2:52:48,  1.45it/s]
  0%|          | 13/15000 [00:08<2:34:21,  1.62it/s]
                                                    

  0%|          | 13/15000 [00:08<2:34:21,  1.62it/s]
  0%|          | 14/15000 [00:08<2:19:06,  1.80it/s]
                                                    

  0%|          | 14/15000 [00:08<2:19:06,  1.80it/s]
  0%|          | 15/15000 [00:10<3:21:10,  1.24it/s]
                                                    

  0%|          | 15/15000 [00:10<3:21:10,  1.24it/s]
  0%|          | 16/15000 [00:10<2:50:06,  1.47it/s]
                                                    

  0%|          | 16/15000 [00:10<2:50:06,  1.47it/s]
  0%|          | 17/15000 [00:11<2:30:46,  1.66it/s]
                                                    

  0%|          | 17/15000 [00:11<2:30:46,  1.66it/s]
  0%|          | 18/15000 [00:11<2:19:27,  1.79it/s]
                                                    

  0%|          | 18/15000 [00:11<2:19:27,  1.79it/s]
  0%|          | 19/15000 [00:11<2:06:16,  1.98it/s]
                                                    

  0%|          | 19/15000 [00:11<2:06:16,  1.98it/s]
  0%|          | 20/15000 [00:13<3:06:54,  1.34it/s]
                                                    

  0%|          | 20/15000 [00:13<3:06:54,  1.34it/s]
  0%|          | 21/15000 [00:13<2:41:51,  1.54it/s]
                                                    

  0%|          | 21/15000 [00:13<2:41:51,  1.54it/s]
  0%|          | 22/15000 [00:14<2:29:50,  1.67it/s]
                                                    

  0%|          | 22/15000 [00:14<2:29:50,  1.67it/s]
  0%|          | 23/15000 [00:14<2:18:13,  1.81it/s]
                                                    

  0%|          | 23/15000 [00:14<2:18:13,  1.81it/s]
  0%|          | 24/15000 [00:14<2:05:29,  1.99it/s]
                                                    

  0%|          | 24/15000 [00:14<2:05:29,  1.99it/s]
  0%|          | 25/15000 [00:16<3:10:43,  1.31it/s]
                                                    

  0%|          | 25/15000 [00:16<3:10:43,  1.31it/s]
  0%|          | 26/15000 [00:16<2:44:38,  1.52it/s]
                                                    

  0%|          | 26/15000 [00:16<2:44:38,  1.52it/s]
  0%|          | 27/15000 [00:17<2:24:18,  1.73it/s]
                                                    

  0%|          | 27/15000 [00:17<2:24:18,  1.73it/s]
  0%|          | 28/15000 [00:17<2:09:47,  1.92it/s]
                                                    

  0%|          | 28/15000 [00:17<2:09:47,  1.92it/s]
  0%|          | 29/15000 [00:17<1:58:39,  2.10it/s]
                                                    

  0%|          | 29/15000 [00:17<1:58:39,  2.10it/s]
  0%|          | 30/15000 [00:19<3:23:51,  1.22it/s]
                                                    

  0%|          | 30/15000 [00:19<3:23:51,  1.22it/s]
  0%|          | 31/15000 [00:20<3:05:53,  1.34it/s]
                                                    

  0%|          | 31/15000 [00:20<3:05:53,  1.34it/s]
  0%|          | 32/15000 [00:20<2:47:37,  1.49it/s]
                                                    

  0%|          | 32/15000 [00:20<2:47:37,  1.49it/s]
  0%|          | 33/15000 [00:20<2:29:54,  1.66it/s]
                                                    

  0%|          | 33/15000 [00:20<2:29:54,  1.66it/s]
  0%|          | 34/15000 [00:22<3:33:13,  1.17it/s]
                                                    

  0%|          | 34/15000 [00:22<3:33:13,  1.17it/s]
  0%|          | 35/15000 [00:22<3:00:07,  1.38it/s]
                                                    

  0%|          | 35/15000 [00:22<3:00:07,  1.38it/s]
  0%|          | 36/15000 [00:23<2:42:27,  1.54it/s]
                                                    

  0%|          | 36/15000 [00:23<2:42:27,  1.54it/s]
  0%|          | 37/15000 [00:23<2:23:49,  1.73it/s]
                                                    

  0%|          | 37/15000 [00:23<2:23:49,  1.73it/s]TCAPPDLL 2025-07-28 07:14:20.115435 - Epoch: 0.0002 Iteration: 1  rank : 0  train.loss : 0  train.ips : 0 imgs/s
{'loss': 1.7943, 'grad_norm': 79.16241455078125, 'learning_rate': 4.999666666666667e-05, 'epoch': 0.0}
TCAPPDLL 2025-07-28 07:14:20.550364 - Epoch: 0.0004 Iteration: 2  rank : 0  train.loss : 1.7943  train.ips : 0 imgs/s
{'loss': 1.1432, 'grad_norm': 35.92578125, 'learning_rate': 4.9993333333333335e-05, 'epoch': 0.0}
TCAPPDLL 2025-07-28 07:14:21.115696 - Epoch: 0.0006 Iteration: 3  rank : 0  train.loss : 1.1432  train.ips : 0 imgs/s
{'loss': 0.7271, 'grad_norm': 19.63616180419922, 'learning_rate': 4.999e-05, 'epoch': 0.0}
TCAPPDLL 2025-07-28 07:14:21.520107 - Epoch: 0.0008 Iteration: 4  rank : 0  train.loss : 0.7271  train.ips : 0 imgs/s
{'loss': 0.3148, 'grad_norm': 11.46375560760498, 'learning_rate': 4.9986666666666674e-05, 'epoch': 0.0}
TCAPPDLL 2025-07-28 07:14:21.941795 - Epoch: 0.001 Iteration: 5  rank : 0  train.loss : 0.3148  train.ips : 0 imgs/s
{'loss': 0.6725, 'grad_norm': 18.13591766357422, 'learning_rate': 4.998333333333334e-05, 'epoch': 0.0}
TCAPPDLL 2025-07-28 07:14:23.263934 - Epoch: 0.0012 Iteration: 6  rank : 0  train.loss : 0.6725  train.ips : 0 imgs/s
{'loss': 0.461, 'grad_norm': 29.999919891357422, 'learning_rate': 4.9980000000000006e-05, 'epoch': 0.0}
TCAPPDLL 2025-07-28 07:14:23.679794 - Epoch: 0.0014 Iteration: 7  rank : 0  train.loss : 0.461  train.ips : 0 imgs/s
{'loss': 0.8559, 'grad_norm': 25.609760284423828, 'learning_rate': 4.997666666666667e-05, 'epoch': 0.0}
TCAPPDLL 2025-07-28 07:14:24.127883 - Epoch: 0.0016 Iteration: 8  rank : 0  train.loss : 0.8559  train.ips : 0 imgs/s
{'loss': 0.5248, 'grad_norm': 18.474071502685547, 'learning_rate': 4.997333333333333e-05, 'epoch': 0.0}
TCAPPDLL 2025-07-28 07:14:24.598294 - Epoch: 0.0018 Iteration: 9  rank : 0  train.loss : 0.5248  train.ips : 0 imgs/s
{'loss': 0.378, 'grad_norm': 8.88259506225586, 'learning_rate': 4.997e-05, 'epoch': 0.0}
TCAPPDLL 2025-07-28 07:14:25.025886 - Epoch: 0.002 Iteration: 10  rank : 0  train.loss : 0.378  train.ips : 0 imgs/s
{'loss': 0.608, 'grad_norm': 15.351062774658203, 'learning_rate': 4.996666666666667e-05, 'epoch': 0.0}
TCAPPDLL 2025-07-28 07:14:26.153420 - Epoch: 0.0022 Iteration: 11  rank : 0  train.loss : 0.608  train.ips : 0 imgs/s
{'loss': 0.1369, 'grad_norm': 8.912299156188965, 'learning_rate': 4.996333333333334e-05, 'epoch': 0.0}
TCAPPDLL 2025-07-28 07:14:26.816339 - Epoch: 0.0024 Iteration: 12  rank : 0  train.loss : 0.1369  train.ips : 0 imgs/s
{'loss': 0.2544, 'grad_norm': 10.424652099609375, 'learning_rate': 4.996e-05, 'epoch': 0.0}
TCAPPDLL 2025-07-28 07:14:27.264347 - Epoch: 0.0026 Iteration: 13  rank : 0  train.loss : 0.2544  train.ips : 0 imgs/s
{'loss': 0.2798, 'grad_norm': 6.340478420257568, 'learning_rate': 4.995666666666667e-05, 'epoch': 0.0}
TCAPPDLL 2025-07-28 07:14:27.680386 - Epoch: 0.0028 Iteration: 14  rank : 0  train.loss : 0.2798  train.ips : 0 imgs/s
{'loss': 0.2559, 'grad_norm': 14.482397079467773, 'learning_rate': 4.9953333333333335e-05, 'epoch': 0.0}
TCAPPDLL 2025-07-28 07:14:29.061676 - Epoch: 0.003 Iteration: 15  rank : 0  train.loss : 0.2559  train.ips : 0 imgs/s
{'loss': 0.438, 'grad_norm': 12.726202964782715, 'learning_rate': 4.995e-05, 'epoch': 0.0}
TCAPPDLL 2025-07-28 07:14:29.454473 - Epoch: 0.0032 Iteration: 16  rank : 0  train.loss : 0.438  train.ips : 0 imgs/s
{'loss': 0.206, 'grad_norm': 7.510997295379639, 'learning_rate': 4.994666666666667e-05, 'epoch': 0.0}
TCAPPDLL 2025-07-28 07:14:29.878268 - Epoch: 0.0034 Iteration: 17  rank : 0  train.loss : 0.206  train.ips : 0 imgs/s
{'loss': 0.1462, 'grad_norm': 5.475607872009277, 'learning_rate': 4.9943333333333333e-05, 'epoch': 0.0}
TCAPPDLL 2025-07-28 07:14:30.331303 - Epoch: 0.0036 Iteration: 18  rank : 0  train.loss : 0.1462  train.ips : 0 imgs/s
{'loss': 0.4247, 'grad_norm': 21.6383113861084, 'learning_rate': 4.9940000000000006e-05, 'epoch': 0.0}
TCAPPDLL 2025-07-28 07:14:30.714150 - Epoch: 0.0038 Iteration: 19  rank : 0  train.loss : 0.4247  train.ips : 0 imgs/s
{'loss': 0.192, 'grad_norm': 11.51257038116455, 'learning_rate': 4.993666666666667e-05, 'epoch': 0.0}
TCAPPDLL 2025-07-28 07:14:32.028748 - Epoch: 0.004 Iteration: 20  rank : 0  train.loss : 0.192  train.ips : 0 imgs/s
{'loss': 0.1998, 'grad_norm': 10.09936809539795, 'learning_rate': 4.993333333333334e-05, 'epoch': 0.0}
TCAPPDLL 2025-07-28 07:14:32.443530 - Epoch: 0.0042 Iteration: 21  rank : 0  train.loss : 0.1998  train.ips : 0 imgs/s
{'loss': 0.2511, 'grad_norm': 12.45042610168457, 'learning_rate': 4.9930000000000005e-05, 'epoch': 0.0}
TCAPPDLL 2025-07-28 07:14:32.931377 - Epoch: 0.0044 Iteration: 22  rank : 0  train.loss : 0.2511  train.ips : 0 imgs/s
{'loss': 0.1199, 'grad_norm': 4.531859397888184, 'learning_rate': 4.992666666666667e-05, 'epoch': 0.0}
TCAPPDLL 2025-07-28 07:14:33.376756 - Epoch: 0.0046 Iteration: 23  rank : 0  train.loss : 0.1199  train.ips : 0 imgs/s
{'loss': 0.3404, 'grad_norm': 14.25553035736084, 'learning_rate': 4.992333333333333e-05, 'epoch': 0.0}
TCAPPDLL 2025-07-28 07:14:33.760605 - Epoch: 0.0048 Iteration: 24  rank : 0  train.loss : 0.3404  train.ips : 0 imgs/s
{'loss': 0.2461, 'grad_norm': 10.101375579833984, 'learning_rate': 4.992e-05, 'epoch': 0.0}
TCAPPDLL 2025-07-28 07:14:35.134393 - Epoch: 0.005 Iteration: 25  rank : 0  train.loss : 0.2461  train.ips : 0 imgs/s
{'loss': 0.1198, 'grad_norm': 8.315486907958984, 'learning_rate': 4.991666666666667e-05, 'epoch': 0.01}
TCAPPDLL 2025-07-28 07:14:35.550576 - Epoch: 0.0052 Iteration: 26  rank : 0  train.loss : 0.1198  train.ips : 0 imgs/s
{'loss': 0.0386, 'grad_norm': 3.674635410308838, 'learning_rate': 4.9913333333333335e-05, 'epoch': 0.01}
TCAPPDLL 2025-07-28 07:14:35.938856 - Epoch: 0.0054 Iteration: 27  rank : 0  train.loss : 0.0386  train.ips : 0 imgs/s
{'loss': 0.2391, 'grad_norm': 6.333812236785889, 'learning_rate': 4.991e-05, 'epoch': 0.01}
TCAPPDLL 2025-07-28 07:14:36.323377 - Epoch: 0.0056 Iteration: 28  rank : 0  train.loss : 0.2391  train.ips : 0 imgs/s
{'loss': 0.0588, 'grad_norm': 3.1117262840270996, 'learning_rate': 4.990666666666667e-05, 'epoch': 0.01}
TCAPPDLL 2025-07-28 07:14:36.694989 - Epoch: 0.0058 Iteration: 29  rank : 0  train.loss : 0.0588  train.ips : 0 imgs/s
{'loss': 0.1192, 'grad_norm': 6.988766670227051, 'learning_rate': 4.9903333333333334e-05, 'epoch': 0.01}
TCAPPDLL 2025-07-28 07:14:38.308609 - Epoch: 0.006 Iteration: 30  rank : 0  train.loss : 0.1192  train.ips : 0 imgs/s
{'loss': 0.068, 'grad_norm': 3.0307090282440186, 'learning_rate': 4.99e-05, 'epoch': 0.01}
TCAPPDLL 2025-07-28 07:14:38.886025 - Epoch: 0.0062 Iteration: 31  rank : 0  train.loss : 0.068  train.ips : 0 imgs/s
{'loss': 0.1569, 'grad_norm': 5.442863941192627, 'learning_rate': 4.9896666666666666e-05, 'epoch': 0.01}
TCAPPDLL 2025-07-28 07:14:39.387287 - Epoch: 0.0064 Iteration: 32  rank : 0  train.loss : 0.1569  train.ips : 0 imgs/s
{'loss': 0.2652, 'grad_norm': 8.178849220275879, 'learning_rate': 4.989333333333334e-05, 'epoch': 0.01}
TCAPPDLL 2025-07-28 07:14:39.822434 - Epoch: 0.0066 Iteration: 33  rank : 0  train.loss : 0.2652  train.ips : 0 imgs/s
{'loss': 0.0375, 'grad_norm': 2.499793291091919, 'learning_rate': 4.9890000000000005e-05, 'epoch': 0.01}
TCAPPDLL 2025-07-28 07:14:41.269766 - Epoch: 0.0068 Iteration: 34  rank : 0  train.loss : 0.0375  train.ips : 0 imgs/s
{'loss': 0.031, 'grad_norm': 2.779503345489502, 'learning_rate': 4.988666666666667e-05, 'epoch': 0.01}
TCAPPDLL 2025-07-28 07:14:41.682614 - Epoch: 0.007 Iteration: 35  rank : 0  train.loss : 0.031  train.ips : 0 imgs/s
{'loss': 0.0463, 'grad_norm': 2.979088306427002, 'learning_rate': 4.988333333333334e-05, 'epoch': 0.01}
TCAPPDLL 2025-07-28 07:14:42.168669 - Epoch: 0.0072 Iteration: 36  rank : 0  train.loss : 0.0463  train.ips : 0 imgs/s
{'loss': 0.1524, 'grad_norm': 5.777254104614258, 'learning_rate': 4.9880000000000004e-05, 'epoch': 0.01}
TCAPPDLL 2025-07-28 07:14:42.571307 - Epoch: 0.0074 Iteration: 37  rank : 0  train.loss : 0.1524  train.ips : 0 imgs/s
{'loss': 0.1275, 'grad_norm': 5.299522399902344, 'learning_rate': 4.987666666666667e-05, 'epoch': 0.01}

  0%|          | 38/15000 [00:24<2:12:38,  1.88it/s]
                                                    

  0%|          | 38/15000 [00:24<2:12:38,  1.88it/s]
  0%|          | 39/15000 [00:25<2:56:44,  1.41it/s]
                                                    

  0%|          | 39/15000 [00:25<2:56:44,  1.41it/s]
  0%|          | 40/15000 [00:25<2:38:10,  1.58it/s]
                                                    

  0%|          | 40/15000 [00:25<2:38:10,  1.58it/s]
  0%|          | 41/15000 [00:26<2:22:13,  1.75it/s]
                                                    

  0%|          | 41/15000 [00:26<2:22:13,  1.75it/s]
  0%|          | 42/15000 [00:26<2:07:55,  1.95it/s]
                                                    

  0%|          | 42/15000 [00:26<2:07:55,  1.95it/s]
  0%|          | 43/15000 [00:26<2:00:00,  2.08it/s]
                                                    

  0%|          | 43/15000 [00:26<2:00:00,  2.08it/s]
  0%|          | 44/15000 [00:28<3:11:19,  1.30it/s]
                                                    

  0%|          | 44/15000 [00:28<3:11:19,  1.30it/s]
  0%|          | 45/15000 [00:28<2:44:33,  1.51it/s]
                                                    

  0%|          | 45/15000 [00:28<2:44:33,  1.51it/s]
  0%|          | 46/15000 [00:29<2:26:18,  1.70it/s]
                                                    

  0%|          | 46/15000 [00:29<2:26:18,  1.70it/s]
  0%|          | 47/15000 [00:29<2:17:15,  1.82it/s]
                                                    

  0%|          | 47/15000 [00:29<2:17:15,  1.82it/s]
  0%|          | 48/15000 [00:30<2:04:45,  2.00it/s]
                                                    

  0%|          | 48/15000 [00:30<2:04:45,  2.00it/s]
  0%|          | 49/15000 [00:31<3:11:14,  1.30it/s]
                                                    

  0%|          | 49/15000 [00:31<3:11:14,  1.30it/s]
  0%|          | 50/15000 [00:31<2:45:13,  1.51it/s]
                                                    

  0%|          | 50/15000 [00:31<2:45:13,  1.51it/s]
  0%|          | 51/15000 [00:32<2:22:53,  1.74it/s]
                                                    

  0%|          | 51/15000 [00:32<2:22:53,  1.74it/s]
  0%|          | 52/15000 [00:32<2:10:07,  1.91it/s]
                                                    

  0%|          | 52/15000 [00:32<2:10:07,  1.91it/s]
  0%|          | 53/15000 [00:33<2:02:09,  2.04it/s]
                                                    

  0%|          | 53/15000 [00:33<2:02:09,  2.04it/s]
  0%|          | 54/15000 [00:34<3:03:43,  1.36it/s]
                                                    

  0%|          | 54/15000 [00:34<3:03:43,  1.36it/s]
  0%|          | 55/15000 [00:34<2:40:00,  1.56it/s]
                                                    

  0%|          | 55/15000 [00:34<2:40:00,  1.56it/s]
  0%|          | 56/15000 [00:35<2:21:31,  1.76it/s]
                                                    

  0%|          | 56/15000 [00:35<2:21:31,  1.76it/s]
  0%|          | 57/15000 [00:35<2:21:10,  1.76it/s]
                                                    

  0%|          | 57/15000 [00:35<2:21:10,  1.76it/s]
  0%|          | 58/15000 [00:36<2:06:59,  1.96it/s]
                                                    

  0%|          | 58/15000 [00:36<2:06:59,  1.96it/s]
  0%|          | 59/15000 [00:37<3:08:50,  1.32it/s]
                                                    

  0%|          | 59/15000 [00:37<3:08:50,  1.32it/s]
  0%|          | 60/15000 [00:37<2:41:45,  1.54it/s]
                                                    

  0%|          | 60/15000 [00:37<2:41:45,  1.54it/s]
  0%|          | 61/15000 [00:38<2:21:18,  1.76it/s]
                                                    

  0%|          | 61/15000 [00:38<2:21:18,  1.76it/s]
  0%|          | 62/15000 [00:38<2:10:37,  1.91it/s]
                                                    

  0%|          | 62/15000 [00:38<2:10:37,  1.91it/s]
  0%|          | 63/15000 [00:39<2:00:31,  2.07it/s]
                                                    

  0%|          | 63/15000 [00:39<2:00:31,  2.07it/s]
  0%|          | 64/15000 [00:40<3:04:25,  1.35it/s]
                                                    

  0%|          | 64/15000 [00:40<3:04:25,  1.35it/s]
  0%|          | 65/15000 [00:40<2:40:04,  1.55it/s]
                                                    

  0%|          | 65/15000 [00:40<2:40:04,  1.55it/s]
  0%|          | 66/15000 [00:41<2:19:46,  1.78it/s]
                                                    

  0%|          | 66/15000 [00:41<2:19:46,  1.78it/s]
  0%|          | 67/15000 [00:41<2:05:50,  1.98it/s]
                                                    

  0%|          | 67/15000 [00:41<2:05:50,  1.98it/s]
  0%|          | 68/15000 [00:41<1:56:57,  2.13it/s]
                                                    

  0%|          | 68/15000 [00:41<1:56:57,  2.13it/s]
  0%|          | 69/15000 [00:43<3:16:17,  1.27it/s]
                                                    

  0%|          | 69/15000 [00:43<3:16:17,  1.27it/s]
  0%|          | 70/15000 [00:44<3:00:09,  1.38it/s]
                                                    

  0%|          | 70/15000 [00:44<3:00:09,  1.38it/s]
  0%|          | 71/15000 [00:44<2:49:12,  1.47it/s]
                                                    

  0%|          | 71/15000 [00:44<2:49:12,  1.47it/s]
  0%|          | 72/15000 [00:45<2:30:03,  1.66it/s]
                                                    

  0%|          | 72/15000 [00:45<2:30:03,  1.66it/s]
  0%|          | 73/15000 [00:46<3:26:33,  1.20it/s]
                                                    

  0%|          | 73/15000 [00:46<3:26:33,  1.20it/s]
  0%|          | 74/15000 [00:46<2:54:42,  1.42it/s]
                                                    

  0%|          | 74/15000 [00:46<2:54:42,  1.42it/s]TCAPPDLL 2025-07-28 07:14:42.998625 - Epoch: 0.0076 Iteration: 38  rank : 0  train.loss : 0.1275  train.ips : 0 imgs/s
{'loss': 0.1107, 'grad_norm': 6.046884059906006, 'learning_rate': 4.9873333333333336e-05, 'epoch': 0.01}
TCAPPDLL 2025-07-28 07:14:44.120112 - Epoch: 0.0078 Iteration: 39  rank : 0  train.loss : 0.1107  train.ips : 0 imgs/s
{'loss': 0.1827, 'grad_norm': 8.177778244018555, 'learning_rate': 4.987e-05, 'epoch': 0.01}
TCAPPDLL 2025-07-28 07:14:44.580946 - Epoch: 0.008 Iteration: 40  rank : 0  train.loss : 0.1827  train.ips : 0 imgs/s
{'loss': 0.0456, 'grad_norm': 2.3020002841949463, 'learning_rate': 4.986666666666667e-05, 'epoch': 0.01}
TCAPPDLL 2025-07-28 07:14:45.002357 - Epoch: 0.0082 Iteration: 41  rank : 0  train.loss : 0.0456  train.ips : 0 imgs/s
{'loss': 0.5952, 'grad_norm': 14.89649772644043, 'learning_rate': 4.9863333333333334e-05, 'epoch': 0.01}
TCAPPDLL 2025-07-28 07:14:45.381638 - Epoch: 0.0084 Iteration: 42  rank : 0  train.loss : 0.5952  train.ips : 0 imgs/s
{'loss': 0.0766, 'grad_norm': 4.2158894538879395, 'learning_rate': 4.986e-05, 'epoch': 0.01}
TCAPPDLL 2025-07-28 07:14:45.789097 - Epoch: 0.0086 Iteration: 43  rank : 0  train.loss : 0.0766  train.ips : 0 imgs/s
{'loss': 0.0257, 'grad_norm': 1.3271589279174805, 'learning_rate': 4.9856666666666666e-05, 'epoch': 0.01}
TCAPPDLL 2025-07-28 07:14:47.224138 - Epoch: 0.0088 Iteration: 44  rank : 0  train.loss : 0.0257  train.ips : 0 imgs/s
{'loss': 0.0451, 'grad_norm': 2.19512677192688, 'learning_rate': 4.985333333333333e-05, 'epoch': 0.01}
TCAPPDLL 2025-07-28 07:14:47.634037 - Epoch: 0.009 Iteration: 45  rank : 0  train.loss : 0.0451  train.ips : 0 imgs/s
{'loss': 0.176, 'grad_norm': 8.57369327545166, 'learning_rate': 4.9850000000000006e-05, 'epoch': 0.01}
TCAPPDLL 2025-07-28 07:14:48.050419 - Epoch: 0.0092 Iteration: 46  rank : 0  train.loss : 0.176  train.ips : 0 imgs/s
{'loss': 0.1716, 'grad_norm': 6.986184120178223, 'learning_rate': 4.984666666666667e-05, 'epoch': 0.01}
TCAPPDLL 2025-07-28 07:14:48.516583 - Epoch: 0.0094 Iteration: 47  rank : 0  train.loss : 0.1716  train.ips : 0 imgs/s
{'loss': 0.0604, 'grad_norm': 2.463214159011841, 'learning_rate': 4.984333333333334e-05, 'epoch': 0.01}
TCAPPDLL 2025-07-28 07:14:48.900296 - Epoch: 0.0096 Iteration: 48  rank : 0  train.loss : 0.0604  train.ips : 0 imgs/s
{'loss': 0.1397, 'grad_norm': 4.732290744781494, 'learning_rate': 4.9840000000000004e-05, 'epoch': 0.01}
TCAPPDLL 2025-07-28 07:14:50.290058 - Epoch: 0.0098 Iteration: 49  rank : 0  train.loss : 0.1397  train.ips : 0 imgs/s
{'loss': 0.0579, 'grad_norm': 3.753591537475586, 'learning_rate': 4.983666666666667e-05, 'epoch': 0.01}
TCAPPDLL 2025-07-28 07:14:50.709866 - Epoch: 0.01 Iteration: 50  rank : 0  train.loss : 0.0579  train.ips : 0 imgs/s
{'loss': 0.0407, 'grad_norm': 2.2319552898406982, 'learning_rate': 4.9833333333333336e-05, 'epoch': 0.01}
TCAPPDLL 2025-07-28 07:14:51.074422 - Epoch: 0.0102 Iteration: 51  rank : 0  train.loss : 0.0407  train.ips : 0 imgs/s
{'loss': 0.0509, 'grad_norm': 2.103933095932007, 'learning_rate': 4.983e-05, 'epoch': 0.01}
TCAPPDLL 2025-07-28 07:14:51.477188 - Epoch: 0.0104 Iteration: 52  rank : 0  train.loss : 0.0509  train.ips : 0 imgs/s
{'loss': 0.1823, 'grad_norm': 11.270024299621582, 'learning_rate': 4.982666666666667e-05, 'epoch': 0.01}
TCAPPDLL 2025-07-28 07:14:51.892736 - Epoch: 0.0106 Iteration: 53  rank : 0  train.loss : 0.1823  train.ips : 0 imgs/s
{'loss': 0.0316, 'grad_norm': 1.9637608528137207, 'learning_rate': 4.9823333333333335e-05, 'epoch': 0.01}
TCAPPDLL 2025-07-28 07:14:53.207270 - Epoch: 0.0108 Iteration: 54  rank : 0  train.loss : 0.0316  train.ips : 0 imgs/s
{'loss': 0.1687, 'grad_norm': 28.51645278930664, 'learning_rate': 4.982e-05, 'epoch': 0.01}
TCAPPDLL 2025-07-28 07:14:53.627614 - Epoch: 0.011 Iteration: 55  rank : 0  train.loss : 0.1687  train.ips : 0 imgs/s
{'loss': 0.0498, 'grad_norm': 8.632901191711426, 'learning_rate': 4.981666666666667e-05, 'epoch': 0.01}
TCAPPDLL 2025-07-28 07:14:54.022893 - Epoch: 0.0112 Iteration: 56  rank : 0  train.loss : 0.0498  train.ips : 0 imgs/s
{'loss': 0.0322, 'grad_norm': 2.89313006401062, 'learning_rate': 4.981333333333333e-05, 'epoch': 0.01}
TCAPPDLL 2025-07-28 07:14:54.586385 - Epoch: 0.0114 Iteration: 57  rank : 0  train.loss : 0.0322  train.ips : 0 imgs/s
{'loss': 0.1022, 'grad_norm': 22.177967071533203, 'learning_rate': 4.981e-05, 'epoch': 0.01}
TCAPPDLL 2025-07-28 07:14:54.963784 - Epoch: 0.0116 Iteration: 58  rank : 0  train.loss : 0.1022  train.ips : 0 imgs/s
{'loss': 0.084, 'grad_norm': 7.408230304718018, 'learning_rate': 4.9806666666666665e-05, 'epoch': 0.01}
TCAPPDLL 2025-07-28 07:14:56.301523 - Epoch: 0.0118 Iteration: 59  rank : 0  train.loss : 0.084  train.ips : 0 imgs/s
{'loss': 0.0985, 'grad_norm': 3.4558026790618896, 'learning_rate': 4.980333333333334e-05, 'epoch': 0.01}
TCAPPDLL 2025-07-28 07:14:56.697697 - Epoch: 0.012 Iteration: 60  rank : 0  train.loss : 0.0985  train.ips : 0 imgs/s
{'loss': 0.1483, 'grad_norm': 7.623281478881836, 'learning_rate': 4.9800000000000004e-05, 'epoch': 0.01}
TCAPPDLL 2025-07-28 07:14:57.073592 - Epoch: 0.0122 Iteration: 61  rank : 0  train.loss : 0.1483  train.ips : 0 imgs/s
{'loss': 0.0389, 'grad_norm': 1.3325295448303223, 'learning_rate': 4.979666666666667e-05, 'epoch': 0.01}
TCAPPDLL 2025-07-28 07:14:57.498238 - Epoch: 0.0124 Iteration: 62  rank : 0  train.loss : 0.0389  train.ips : 0 imgs/s
{'loss': 0.1627, 'grad_norm': 8.591103553771973, 'learning_rate': 4.9793333333333337e-05, 'epoch': 0.01}
TCAPPDLL 2025-07-28 07:14:57.887688 - Epoch: 0.0126 Iteration: 63  rank : 0  train.loss : 0.1627  train.ips : 0 imgs/s
{'loss': 0.0769, 'grad_norm': 4.461058616638184, 'learning_rate': 4.979e-05, 'epoch': 0.01}
TCAPPDLL 2025-07-28 07:14:59.227447 - Epoch: 0.0128 Iteration: 64  rank : 0  train.loss : 0.0769  train.ips : 0 imgs/s
{'loss': 0.1233, 'grad_norm': 5.565114498138428, 'learning_rate': 4.978666666666667e-05, 'epoch': 0.01}
TCAPPDLL 2025-07-28 07:14:59.642665 - Epoch: 0.013 Iteration: 65  rank : 0  train.loss : 0.1233  train.ips : 0 imgs/s
{'loss': 0.0737, 'grad_norm': 6.219674587249756, 'learning_rate': 4.9783333333333335e-05, 'epoch': 0.01}
TCAPPDLL 2025-07-28 07:15:00.014061 - Epoch: 0.0132 Iteration: 66  rank : 0  train.loss : 0.0737  train.ips : 0 imgs/s
{'loss': 0.0662, 'grad_norm': 36.11690902709961, 'learning_rate': 4.978e-05, 'epoch': 0.01}
TCAPPDLL 2025-07-28 07:15:00.389109 - Epoch: 0.0134 Iteration: 67  rank : 0  train.loss : 0.0662  train.ips : 0 imgs/s
{'loss': 0.2833, 'grad_norm': 7.321253776550293, 'learning_rate': 4.9776666666666674e-05, 'epoch': 0.01}
TCAPPDLL 2025-07-28 07:15:00.775938 - Epoch: 0.0136 Iteration: 68  rank : 0  train.loss : 0.2833  train.ips : 0 imgs/s
{'loss': 0.0144, 'grad_norm': 1.158335566520691, 'learning_rate': 4.977333333333334e-05, 'epoch': 0.01}
TCAPPDLL 2025-07-28 07:15:02.308557 - Epoch: 0.0138 Iteration: 69  rank : 0  train.loss : 0.0144  train.ips : 0 imgs/s
{'loss': 0.0957, 'grad_norm': 4.318532943725586, 'learning_rate': 4.977e-05, 'epoch': 0.01}
TCAPPDLL 2025-07-28 07:15:02.881409 - Epoch: 0.014 Iteration: 70  rank : 0  train.loss : 0.0957  train.ips : 0 imgs/s
{'loss': 0.0195, 'grad_norm': 0.985406756401062, 'learning_rate': 4.9766666666666666e-05, 'epoch': 0.01}
TCAPPDLL 2025-07-28 07:15:03.458836 - Epoch: 0.0142 Iteration: 71  rank : 0  train.loss : 0.0195  train.ips : 0 imgs/s
{'loss': 0.1221, 'grad_norm': 5.931589603424072, 'learning_rate': 4.976333333333333e-05, 'epoch': 0.01}
TCAPPDLL 2025-07-28 07:15:03.882592 - Epoch: 0.0144 Iteration: 72  rank : 0  train.loss : 0.1221  train.ips : 0 imgs/s
{'loss': 0.1035, 'grad_norm': 6.0328826904296875, 'learning_rate': 4.976e-05, 'epoch': 0.01}
TCAPPDLL 2025-07-28 07:15:05.242594 - Epoch: 0.0146 Iteration: 73  rank : 0  train.loss : 0.1035  train.ips : 0 imgs/s
{'loss': 0.0049, 'grad_norm': 0.535988450050354, 'learning_rate': 4.975666666666667e-05, 'epoch': 0.01}
TCAPPDLL 2025-07-28 07:15:05.646587 - Epoch: 0.0148 Iteration: 74  rank : 0  train.loss : 0.0049  train.ips : 0 imgs/s
{'loss': 0.0417, 'grad_norm': 5.158252239227295, 'learning_rate': 4.975333333333334e-05, 'epoch': 0.01}

  0%|          | 75/15000 [00:47<2:30:48,  1.65it/s]
                                                    

  0%|          | 75/15000 [00:47<2:30:48,  1.65it/s]
  1%|          | 76/15000 [00:47<2:18:37,  1.79it/s]
                                                    

  1%|          | 76/15000 [00:47<2:18:37,  1.79it/s]
  1%|          | 77/15000 [00:48<2:19:31,  1.78it/s]
                                                    

  1%|          | 77/15000 [00:48<2:19:31,  1.78it/s]
  1%|          | 78/15000 [00:49<3:09:04,  1.32it/s]
                                                    

  1%|          | 78/15000 [00:49<3:09:04,  1.32it/s]
  1%|          | 79/15000 [00:49<2:39:46,  1.56it/s]
                                                    

  1%|          | 79/15000 [00:49<2:39:46,  1.56it/s]
  1%|          | 80/15000 [00:50<2:18:36,  1.79it/s]
                                                    

  1%|          | 80/15000 [00:50<2:18:36,  1.79it/s]
  1%|          | 81/15000 [00:50<2:19:20,  1.78it/s]
                                                    

  1%|          | 81/15000 [00:50<2:19:20,  1.78it/s]
  1%|          | 82/15000 [00:51<2:09:55,  1.91it/s]
                                                    

  1%|          | 82/15000 [00:51<2:09:55,  1.91it/s]
  1%|          | 83/15000 [00:52<3:11:39,  1.30it/s]
                                                    

  1%|          | 83/15000 [00:52<3:11:39,  1.30it/s]
  1%|          | 84/15000 [00:52<2:43:21,  1.52it/s]
                                                    

  1%|          | 84/15000 [00:52<2:43:21,  1.52it/s]
  1%|          | 85/15000 [00:53<2:22:57,  1.74it/s]
                                                    

  1%|          | 85/15000 [00:53<2:22:57,  1.74it/s]
  1%|          | 86/15000 [00:53<2:08:56,  1.93it/s]
                                                    

  1%|          | 86/15000 [00:53<2:08:56,  1.93it/s]
  1%|          | 87/15000 [00:54<1:59:18,  2.08it/s]
                                                    

  1%|          | 87/15000 [00:54<1:59:18,  2.08it/s]
  1%|          | 88/15000 [00:55<3:11:47,  1.30it/s]
                                                    

  1%|          | 88/15000 [00:55<3:11:47,  1.30it/s]
  1%|          | 89/15000 [00:55<2:41:26,  1.54it/s]
                                                    

  1%|          | 89/15000 [00:55<2:41:26,  1.54it/s]
  1%|          | 90/15000 [00:56<2:27:59,  1.68it/s]
                                                    

  1%|          | 90/15000 [00:56<2:27:59,  1.68it/s]
  1%|          | 91/15000 [00:56<2:10:52,  1.90it/s]
                                                    

  1%|          | 91/15000 [00:56<2:10:52,  1.90it/s]
  1%|          | 92/15000 [00:57<1:59:33,  2.08it/s]
                                                    

  1%|          | 92/15000 [00:57<1:59:33,  2.08it/s]
  1%|          | 93/15000 [00:58<3:05:17,  1.34it/s]
                                                    

  1%|          | 93/15000 [00:58<3:05:17,  1.34it/s]
  1%|          | 94/15000 [00:58<2:43:12,  1.52it/s]
                                                    

  1%|          | 94/15000 [00:58<2:43:12,  1.52it/s]
  1%|          | 95/15000 [00:59<2:24:19,  1.72it/s]
                                                    

  1%|          | 95/15000 [00:59<2:24:19,  1.72it/s]
  1%|          | 96/15000 [00:59<2:14:24,  1.85it/s]
                                                    

  1%|          | 96/15000 [00:59<2:14:24,  1.85it/s]
  1%|          | 97/15000 [01:00<2:01:44,  2.04it/s]
                                                    

  1%|          | 97/15000 [01:00<2:01:44,  2.04it/s]
  1%|          | 98/15000 [01:01<3:34:37,  1.16it/s]
                                                    

  1%|          | 98/15000 [01:01<3:34:37,  1.16it/s]
  1%|          | 99/15000 [01:02<3:09:34,  1.31it/s]
                                                    

  1%|          | 99/15000 [01:02<3:09:34,  1.31it/s]
  1%|          | 100/15000 [01:02<2:43:19,  1.52it/s]
                                                     

  1%|          | 100/15000 [01:02<2:43:19,  1.52it/s]
  1%|          | 101/15000 [01:03<2:22:44,  1.74it/s]
                                                     

  1%|          | 101/15000 [01:03<2:22:44,  1.74it/s]
  1%|          | 102/15000 [01:04<3:22:51,  1.22it/s]
                                                     

  1%|          | 102/15000 [01:04<3:22:51,  1.22it/s]
  1%|          | 103/15000 [01:05<2:59:32,  1.38it/s]
                                                     

  1%|          | 103/15000 [01:05<2:59:32,  1.38it/s]
  1%|          | 104/15000 [01:05<2:38:42,  1.56it/s]
                                                     

  1%|          | 104/15000 [01:05<2:38:42,  1.56it/s]
  1%|          | 105/15000 [01:05<2:19:31,  1.78it/s]
                                                     

  1%|          | 105/15000 [01:05<2:19:31,  1.78it/s]
  1%|          | 106/15000 [01:06<2:10:39,  1.90it/s]
                                                     

  1%|          | 106/15000 [01:06<2:10:39,  1.90it/s]
  1%|          | 107/15000 [01:07<3:05:14,  1.34it/s]
                                                     

  1%|          | 107/15000 [01:07<3:05:14,  1.34it/s]
  1%|          | 108/15000 [01:08<2:42:16,  1.53it/s]
                                                     

  1%|          | 108/15000 [01:08<2:42:16,  1.53it/s]
  1%|          | 109/15000 [01:08<2:20:29,  1.77it/s]
                                                     

  1%|          | 109/15000 [01:08<2:20:29,  1.77it/s]
  1%|          | 110/15000 [01:08<2:21:27,  1.75it/s]
                                                     

  1%|          | 110/15000 [01:08<2:21:27,  1.75it/s]
  1%|          | 111/15000 [01:09<2:06:22,  1.96it/s]
                                                     

  1%|          | 111/15000 [01:09<2:06:22,  1.96it/s]TCAPPDLL 2025-07-28 07:15:06.028766 - Epoch: 0.015 Iteration: 75  rank : 0  train.loss : 0.0417  train.ips : 0 imgs/s
{'loss': 0.0098, 'grad_norm': 1.1521565914154053, 'learning_rate': 4.975e-05, 'epoch': 0.01}
TCAPPDLL 2025-07-28 07:15:06.471896 - Epoch: 0.0152 Iteration: 76  rank : 0  train.loss : 0.0098  train.ips : 0 imgs/s
{'loss': 0.0154, 'grad_norm': 1.45334792137146, 'learning_rate': 4.974666666666667e-05, 'epoch': 0.02}
TCAPPDLL 2025-07-28 07:15:07.041344 - Epoch: 0.0154 Iteration: 77  rank : 0  train.loss : 0.0154  train.ips : 0 imgs/s
{'loss': 0.0658, 'grad_norm': 7.112009048461914, 'learning_rate': 4.9743333333333335e-05, 'epoch': 0.02}
TCAPPDLL 2025-07-28 07:15:08.266315 - Epoch: 0.0156 Iteration: 78  rank : 0  train.loss : 0.0658  train.ips : 0 imgs/s
{'loss': 0.0117, 'grad_norm': 0.675624668598175, 'learning_rate': 4.974e-05, 'epoch': 0.02}
TCAPPDLL 2025-07-28 07:15:08.634264 - Epoch: 0.0158 Iteration: 79  rank : 0  train.loss : 0.0117  train.ips : 0 imgs/s
{'loss': 0.0782, 'grad_norm': 3.5707523822784424, 'learning_rate': 4.973666666666667e-05, 'epoch': 0.02}
TCAPPDLL 2025-07-28 07:15:08.993260 - Epoch: 0.016 Iteration: 80  rank : 0  train.loss : 0.0782  train.ips : 0 imgs/s
{'loss': 0.0816, 'grad_norm': 4.078856945037842, 'learning_rate': 4.973333333333334e-05, 'epoch': 0.02}
TCAPPDLL 2025-07-28 07:15:09.560186 - Epoch: 0.0162 Iteration: 81  rank : 0  train.loss : 0.0816  train.ips : 0 imgs/s
{'loss': 0.0823, 'grad_norm': 3.281097888946533, 'learning_rate': 4.973000000000001e-05, 'epoch': 0.02}
TCAPPDLL 2025-07-28 07:15:09.994871 - Epoch: 0.0164 Iteration: 82  rank : 0  train.loss : 0.0823  train.ips : 0 imgs/s
{'loss': 0.0622, 'grad_norm': 3.249480724334717, 'learning_rate': 4.972666666666667e-05, 'epoch': 0.02}
TCAPPDLL 2025-07-28 07:15:11.345129 - Epoch: 0.0166 Iteration: 83  rank : 0  train.loss : 0.0622  train.ips : 0 imgs/s
{'loss': 0.0192, 'grad_norm': 1.7144402265548706, 'learning_rate': 4.972333333333334e-05, 'epoch': 0.02}
TCAPPDLL 2025-07-28 07:15:11.736912 - Epoch: 0.0168 Iteration: 84  rank : 0  train.loss : 0.0192  train.ips : 0 imgs/s
{'loss': 0.0659, 'grad_norm': 4.968984127044678, 'learning_rate': 4.972e-05, 'epoch': 0.02}
TCAPPDLL 2025-07-28 07:15:12.120682 - Epoch: 0.017 Iteration: 85  rank : 0  train.loss : 0.0659  train.ips : 0 imgs/s
{'loss': 0.1717, 'grad_norm': 2.508258581161499, 'learning_rate': 4.9716666666666664e-05, 'epoch': 0.02}
TCAPPDLL 2025-07-28 07:15:12.507834 - Epoch: 0.0172 Iteration: 86  rank : 0  train.loss : 0.1717  train.ips : 0 imgs/s
{'loss': 0.005, 'grad_norm': 0.33596235513687134, 'learning_rate': 4.971333333333334e-05, 'epoch': 0.02}
TCAPPDLL 2025-07-28 07:15:12.897551 - Epoch: 0.0174 Iteration: 87  rank : 0  train.loss : 0.005  train.ips : 0 imgs/s
{'loss': 0.0324, 'grad_norm': 2.3162269592285156, 'learning_rate': 4.9710000000000003e-05, 'epoch': 0.02}
TCAPPDLL 2025-07-28 07:15:14.349642 - Epoch: 0.0176 Iteration: 88  rank : 0  train.loss : 0.0324  train.ips : 0 imgs/s
{'loss': 0.0174, 'grad_norm': 1.0849672555923462, 'learning_rate': 4.970666666666667e-05, 'epoch': 0.02}
TCAPPDLL 2025-07-28 07:15:14.714716 - Epoch: 0.0178 Iteration: 89  rank : 0  train.loss : 0.0174  train.ips : 0 imgs/s
{'loss': 0.0188, 'grad_norm': 1.1802101135253906, 'learning_rate': 4.9703333333333336e-05, 'epoch': 0.02}
TCAPPDLL 2025-07-28 07:15:15.183953 - Epoch: 0.018 Iteration: 90  rank : 0  train.loss : 0.0188  train.ips : 0 imgs/s
{'loss': 0.0241, 'grad_norm': 1.5253221988677979, 'learning_rate': 4.97e-05, 'epoch': 0.02}
TCAPPDLL 2025-07-28 07:15:15.550085 - Epoch: 0.0182 Iteration: 91  rank : 0  train.loss : 0.0241  train.ips : 0 imgs/s
{'loss': 0.0216, 'grad_norm': 1.3485772609710693, 'learning_rate': 4.969666666666667e-05, 'epoch': 0.02}
TCAPPDLL 2025-07-28 07:15:15.924959 - Epoch: 0.0184 Iteration: 92  rank : 0  train.loss : 0.0216  train.ips : 0 imgs/s
{'loss': 0.0019, 'grad_norm': 0.11588409543037415, 'learning_rate': 4.9693333333333334e-05, 'epoch': 0.02}
TCAPPDLL 2025-07-28 07:15:17.287922 - Epoch: 0.0186 Iteration: 93  rank : 0  train.loss : 0.0019  train.ips : 0 imgs/s
{'loss': 0.1559, 'grad_norm': 9.170567512512207, 'learning_rate': 4.969e-05, 'epoch': 0.02}
TCAPPDLL 2025-07-28 07:15:17.737850 - Epoch: 0.0188 Iteration: 94  rank : 0  train.loss : 0.1559  train.ips : 0 imgs/s
{'loss': 0.0127, 'grad_norm': 0.7238144278526306, 'learning_rate': 4.968666666666667e-05, 'epoch': 0.02}
TCAPPDLL 2025-07-28 07:15:18.141505 - Epoch: 0.019 Iteration: 95  rank : 0  train.loss : 0.0127  train.ips : 0 imgs/s
{'loss': 0.1466, 'grad_norm': 5.928821086883545, 'learning_rate': 4.968333333333334e-05, 'epoch': 0.02}
TCAPPDLL 2025-07-28 07:15:18.589540 - Epoch: 0.0192 Iteration: 96  rank : 0  train.loss : 0.1466  train.ips : 0 imgs/s
{'loss': 0.0362, 'grad_norm': 3.073505163192749, 'learning_rate': 4.9680000000000005e-05, 'epoch': 0.02}
TCAPPDLL 2025-07-28 07:15:18.960780 - Epoch: 0.0194 Iteration: 97  rank : 0  train.loss : 0.0362  train.ips : 0 imgs/s
{'loss': 0.0164, 'grad_norm': 3.4208521842956543, 'learning_rate': 4.967666666666667e-05, 'epoch': 0.02}
TCAPPDLL 2025-07-28 07:15:20.697590 - Epoch: 0.0196 Iteration: 98  rank : 0  train.loss : 0.0164  train.ips : 0 imgs/s
{'loss': 0.0965, 'grad_norm': 9.573309898376465, 'learning_rate': 4.967333333333334e-05, 'epoch': 0.02}
TCAPPDLL 2025-07-28 07:15:21.225806 - Epoch: 0.0198 Iteration: 99  rank : 0  train.loss : 0.0965  train.ips : 0 imgs/s
{'loss': 0.1643, 'grad_norm': 4.444289684295654, 'learning_rate': 4.967e-05, 'epoch': 0.02}
TCAPPDLL 2025-07-28 07:15:21.636891 - Epoch: 0.02 Iteration: 100  rank : 0  train.loss : 0.1643  train.ips : 0 imgs/s
{'loss': 0.2214, 'grad_norm': 6.341752529144287, 'learning_rate': 4.966666666666667e-05, 'epoch': 0.02}
