--------------+----------------------------------------------
 Host IP      | 10.244.49.142
 PyTorch      | 2.4.0a0+git4451b0e
 Torch-SDAA   | 20250711.14.48.dev0+gitef35a85
--------------+----------------------------------------------
 SDAA Driver  | 2.1.0 (N/A)
 SDAA Runtime | 2.1.0 (/opt/tecoai/lib64/libsdaart.so)
 SDPTI        | 1.4.0b0 (/opt/tecoai/lib64/libsdpti.so)
 TecoDNN      | 2.2.0b0 (/opt/tecoai/lib64/libtecodnn.so)
 TecoBLAS     | 2.2.0b0 (/opt/tecoai/lib64/libtecoblas.so)
 CustomDNN    | 2.2.0b0 (/opt/tecoai/lib64/libtecocustom.so)
 TecoRAND     | 2.0.1 (/opt/tecoai/lib64/libtecorand.so)
 TCCL         | 1.23.0 (/opt/tecoai/lib64/libtccl.so)
--------------+----------------------------------------------
2025-07-28 07:19:16,819 - INFO - __main__ - Training/evaluation parameters TrainingArguments(
_n_gpu=0,
accelerator_config={'split_batches': False, 'dispatch_batches': None, 'even_batches': True, 'use_seedable_sampler': True, 'non_blocking': False, 'gradient_accumulation_kwargs': None},
adafactor=False,
adam_beta1=0.9,
adam_beta2=0.999,
adam_epsilon=1e-08,
auto_find_batch_size=False,
batch_eval_metrics=False,
bf16=False,
bf16_full_eval=False,
data_seed=None,
dataloader_drop_last=False,
dataloader_num_workers=0,
dataloader_persistent_workers=False,
dataloader_pin_memory=True,
dataloader_prefetch_factor=None,
ddp_backend=None,
ddp_broadcast_buffers=None,
ddp_bucket_cap_mb=None,
ddp_find_unused_parameters=None,
ddp_timeout=1800,
debug=[],
deepspeed=None,
disable_tqdm=False,
dispatch_batches=None,
do_eval=True,
do_predict=False,
do_train=True,
eval_accumulation_steps=None,
eval_delay=0,
eval_do_concat_batches=True,
eval_steps=None,
eval_strategy=no,
evaluation_strategy=None,
fp16=False,
fp16_backend=auto,
fp16_full_eval=False,
fp16_opt_level=O1,
fsdp=[],
fsdp_config={'min_num_params': 0, 'xla': False, 'xla_fsdp_v2': False, 'xla_fsdp_grad_ckpt': False},
fsdp_min_num_params=0,
fsdp_transformer_layer_cls_to_wrap=None,
full_determinism=False,
gradient_accumulation_steps=1,
gradient_checkpointing=False,
gradient_checkpointing_kwargs=None,
greater_is_better=None,
group_by_length=False,
half_precision_backend=auto,
hub_always_push=False,
hub_model_id=None,
hub_private_repo=False,
hub_strategy=every_save,
hub_token=<HUB_TOKEN>,
ignore_data_skip=False,
include_inputs_for_metrics=False,
include_num_input_tokens_seen=False,
include_tokens_per_second=False,
jit_mode_eval=False,
label_names=None,
label_smoothing_factor=0.0,
learning_rate=5e-05,
length_column_name=length,
load_best_model_at_end=False,
local_rank=0,
log_level=passive,
log_level_replica=warning,
log_on_each_node=True,
logging_dir=xlnet_out/runs/Jul28_07-19-16_nb-potmhwirax-0,
logging_first_step=False,
logging_nan_inf_filter=True,
logging_steps=1.0,
logging_strategy=steps,
lr_scheduler_kwargs={},
lr_scheduler_type=linear,
max_grad_norm=1.0,
max_steps=-1,
metric_for_best_model=None,
mp_parameters=,
neftune_noise_alpha=None,
no_cuda=False,
num_train_epochs=3.0,
optim=adamw_torch,
optim_args=None,
optim_target_modules=None,
output_dir=xlnet_out,
overwrite_output_dir=True,
past_index=-1,
per_device_eval_batch_size=2,
per_device_train_batch_size=2,
prediction_loss_only=False,
push_to_hub=False,
push_to_hub_model_id=None,
push_to_hub_organization=None,
push_to_hub_token=<PUSH_TO_HUB_TOKEN>,
ray_scope=last,
remove_unused_columns=True,
report_to=[],
restore_callback_states_from_checkpoint=False,
resume_from_checkpoint=None,
run_name=xlnet_out,
save_on_each_node=False,
save_only_model=False,
save_safetensors=True,
save_steps=500,
save_strategy=steps,
save_total_limit=None,
seed=42,
skip_memory_metrics=True,
split_batches=None,
tf32=None,
torch_compile=False,
torch_compile_backend=None,
torch_compile_mode=None,
torchdynamo=None,
tpu_metrics_debug=False,
tpu_num_cores=None,
use_cpu=False,
use_ipex=False,
use_legacy_prediction_loop=False,
use_mps_device=False,
warmup_ratio=0.0,
warmup_steps=0,
weight_decay=0.0,
)

Generating train split: 0 examples [00:00, ? examples/s]
Generating train split: 10000 examples [00:00, 45833.58 examples/s]
Generating train split: 10000 examples [00:00, 45363.05 examples/s]

Generating validation split: 0 examples [00:00, ? examples/s]
Generating validation split: 10000 examples [00:00, 80661.40 examples/s]
Generating validation split: 10000 examples [00:00, 79314.40 examples/s]
当前使用的模型路径： /data/teco-data/models/chinese-xlnet-base

Tokenizing line by line:   0%|          | 0/10000 [00:00<?, ? examples/s]
Tokenizing line by line:  10%|█         | 1000/10000 [00:01<00:11, 775.53 examples/s]
Tokenizing line by line:  20%|██        | 2000/10000 [00:02<00:07, 1001.12 examples/s]
Tokenizing line by line:  30%|███       | 3000/10000 [00:02<00:05, 1247.47 examples/s]
Tokenizing line by line:  40%|████      | 4000/10000 [00:02<00:03, 1737.51 examples/s]
Tokenizing line by line:  50%|█████     | 5000/10000 [00:03<00:02, 1719.11 examples/s]
Tokenizing line by line:  60%|██████    | 6000/10000 [00:03<00:01, 2166.68 examples/s]
Tokenizing line by line:  70%|███████   | 7000/10000 [00:04<00:01, 1651.04 examples/s]
Tokenizing line by line:  80%|████████  | 8000/10000 [00:05<00:01, 1274.37 examples/s]
Tokenizing line by line:  90%|█████████ | 9000/10000 [00:05<00:00, 1649.54 examples/s]
Tokenizing line by line: 100%|██████████| 10000/10000 [00:06<00:00, 1747.15 examples/s]
Tokenizing line by line: 100%|██████████| 10000/10000 [00:06<00:00, 1541.79 examples/s]

Tokenizing line by line:   0%|          | 0/10000 [00:00<?, ? examples/s]
Tokenizing line by line:  10%|█         | 1000/10000 [00:01<00:11, 795.11 examples/s]
Tokenizing line by line:  20%|██        | 2000/10000 [00:02<00:09, 873.22 examples/s]
Tokenizing line by line:  30%|███       | 3000/10000 [00:02<00:06, 1126.16 examples/s]
Tokenizing line by line:  40%|████      | 4000/10000 [00:03<00:03, 1593.97 examples/s]
Tokenizing line by line:  50%|█████     | 5000/10000 [00:03<00:03, 1621.37 examples/s]
Tokenizing line by line:  60%|██████    | 6000/10000 [00:03<00:01, 2063.50 examples/s]
Tokenizing line by line:  70%|███████   | 7000/10000 [00:04<00:01, 1602.77 examples/s]
Tokenizing line by line:  80%|████████  | 8000/10000 [00:06<00:01, 1239.55 examples/s]
Tokenizing line by line:  90%|█████████ | 9000/10000 [00:06<00:00, 1606.43 examples/s]
Tokenizing line by line: 100%|██████████| 10000/10000 [00:06<00:00, 1711.69 examples/s]
Tokenizing line by line: 100%|██████████| 10000/10000 [00:06<00:00, 1472.92 examples/s]

  0%|          | 0/15000 [00:00<?, ?it/s]
  0%|          | 1/15000 [00:39<165:30:05, 39.72s/it]
                                                     

  0%|          | 1/15000 [00:39<165:30:05, 39.72s/it]
  0%|          | 2/15000 [00:50<94:55:49, 22.79s/it] 
                                                    

  0%|          | 2/15000 [00:50<94:55:49, 22.79s/it]
  0%|          | 3/15000 [01:00<70:22:14, 16.89s/it]
                                                    

  0%|          | 3/15000 [01:00<70:22:14, 16.89s/it]
  0%|          | 4/15000 [01:15<66:37:17, 15.99s/it]
                                                    

  0%|          | 4/15000 [01:15<66:37:17, 15.99s/it]
  0%|          | 5/15000 [01:25<57:37:25, 13.83s/it]
                                                    

  0%|          | 5/15000 [01:25<57:37:25, 13.83s/it]
  0%|          | 6/15000 [01:33<50:31:02, 12.13s/it]
                                                    

  0%|          | 6/15000 [01:33<50:31:02, 12.13s/it]
  0%|          | 7/15000 [01:42<46:14:10, 11.10s/it]
                                                    

  0%|          | 7/15000 [01:42<46:14:10, 11.10s/it]
  0%|          | 8/15000 [01:52<44:13:06, 10.62s/it]
                                                    

  0%|          | 8/15000 [01:52<44:13:06, 10.62s/it]
  0%|          | 9/15000 [02:01<41:44:08, 10.02s/it]
                                                    

  0%|          | 9/15000 [02:01<41:44:08, 10.02s/it]
  0%|          | 10/15000 [02:10<41:12:06,  9.90s/it]
                                                     

  0%|          | 10/15000 [02:10<41:12:06,  9.90s/it]
  0%|          | 11/15000 [02:25<46:47:56, 11.24s/it]
                                                     

  0%|          | 11/15000 [02:25<46:47:56, 11.24s/it]
  0%|          | 12/15000 [02:35<45:05:30, 10.83s/it]
                                                     

  0%|          | 12/15000 [02:35<45:05:30, 10.83s/it]
  0%|          | 13/15000 [02:43<42:16:40, 10.16s/it]
                                                     

  0%|          | 13/15000 [02:43<42:16:40, 10.16s/it]
  0%|          | 14/15000 [02:52<40:27:01,  9.72s/it]
                                                     

  0%|          | 14/15000 [02:52<40:27:01,  9.72s/it]
  0%|          | 15/15000 [03:01<39:40:39,  9.53s/it]
                                                     

  0%|          | 15/15000 [03:01<39:40:39,  9.53s/it]
  0%|          | 16/15000 [03:10<38:30:38,  9.25s/it]
                                                     

  0%|          | 16/15000 [03:10<38:30:38,  9.25s/it]
  0%|          | 17/15000 [03:21<41:03:56,  9.87s/it]
                                                     

  0%|          | 17/15000 [03:21<41:03:56,  9.87s/it]
  0%|          | 18/15000 [03:35<46:36:27, 11.20s/it]
                                                     

  0%|          | 18/15000 [03:35<46:36:27, 11.20s/it]
  0%|          | 19/15000 [03:44<43:51:12, 10.54s/it]
                                                     

  0%|          | 19/15000 [03:44<43:51:12, 10.54s/it]
  0%|          | 20/15000 [03:53<42:10:40, 10.14s/it]
                                                     

  0%|          | 20/15000 [03:53<42:10:40, 10.14s/it]
  0%|          | 21/15000 [04:02<40:15:18,  9.67s/it]
                                                     

  0%|          | 21/15000 [04:02<40:15:18,  9.67s/it]
  0%|          | 22/15000 [04:10<38:47:18,  9.32s/it]
                                                     

  0%|          | 22/15000 [04:10<38:47:18,  9.32s/it]
  0%|          | 23/15000 [04:19<37:23:40,  8.99s/it]
                                                     

  0%|          | 23/15000 [04:19<37:23:40,  8.99s/it]
  0%|          | 24/15000 [04:28<37:46:00,  9.08s/it]
                                                     

  0%|          | 24/15000 [04:28<37:46:00,  9.08s/it]
  0%|          | 25/15000 [04:37<37:47:52,  9.09s/it]
                                                     

  0%|          | 25/15000 [04:37<37:47:52,  9.09s/it]
  0%|          | 26/15000 [04:50<42:17:49, 10.17s/it]
                                                     

  0%|          | 26/15000 [04:50<42:17:49, 10.17s/it]
  0%|          | 27/15000 [04:59<40:42:43,  9.79s/it]
                                                     

  0%|          | 27/15000 [04:59<40:42:43,  9.79s/it]
  0%|          | 28/15000 [05:07<39:13:51,  9.43s/it]
                                                     

  0%|          | 28/15000 [05:07<39:13:51,  9.43s/it]
  0%|          | 29/15000 [05:16<38:11:10,  9.18s/it]
                                                     

  0%|          | 29/15000 [05:16<38:11:10,  9.18s/it]
  0%|          | 30/15000 [05:24<36:57:17,  8.89s/it]
                                                     

  0%|          | 30/15000 [05:24<36:57:17,  8.89s/it]
  0%|          | 31/15000 [05:33<36:28:37,  8.77s/it]
                                                     

  0%|          | 31/15000 [05:33<36:28:37,  8.77s/it]
  0%|          | 32/15000 [05:41<36:15:28,  8.72s/it]
                                                     

  0%|          | 32/15000 [05:41<36:15:28,  8.72s/it]
  0%|          | 33/15000 [05:50<36:14:04,  8.72s/it]
                                                     

  0%|          | 33/15000 [05:50<36:14:04,  8.72s/it]
  0%|          | 34/15000 [05:58<36:04:59,  8.68s/it]
                                                     

  0%|          | 34/15000 [05:58<36:04:59,  8.68s/it]
  0%|          | 35/15000 [06:14<44:49:25, 10.78s/it]
                                                     

  0%|          | 35/15000 [06:14<44:49:25, 10.78s/it]
  0%|          | 36/15000 [06:26<46:28:21, 11.18s/it]
                                                     

  0%|          | 36/15000 [06:26<46:28:21, 11.18s/it]
  0%|          | 37/15000 [06:35<43:37:24, 10.50s/it]
                                                     

  0%|          | 37/15000 [06:35<43:37:24, 10.50s/it]TCAPPDLL 2025-07-28 07:20:20.432017 - Epoch: 0.0002 Iteration: 1  rank : 0  train.loss : 0  train.ips : 0 imgs/s
{'loss': 1.7943, 'grad_norm': 79.16195678710938, 'learning_rate': 4.999666666666667e-05, 'epoch': 0.0}
TCAPPDLL 2025-07-28 07:20:31.363561 - Epoch: 0.0004 Iteration: 2  rank : 0  train.loss : 1.7943  train.ips : 0 imgs/s
{'loss': 1.1432, 'grad_norm': 35.92576217651367, 'learning_rate': 4.9993333333333335e-05, 'epoch': 0.0}
TCAPPDLL 2025-07-28 07:20:41.241987 - Epoch: 0.0006 Iteration: 3  rank : 0  train.loss : 1.1432  train.ips : 0 imgs/s
{'loss': 0.7271, 'grad_norm': 19.636154174804688, 'learning_rate': 4.999e-05, 'epoch': 0.0}
TCAPPDLL 2025-07-28 07:20:55.857685 - Epoch: 0.0008 Iteration: 4  rank : 0  train.loss : 0.7271  train.ips : 0 imgs/s
{'loss': 0.3148, 'grad_norm': 11.463753700256348, 'learning_rate': 4.9986666666666674e-05, 'epoch': 0.0}
TCAPPDLL 2025-07-28 07:21:05.863603 - Epoch: 0.001 Iteration: 5  rank : 0  train.loss : 0.3148  train.ips : 0 imgs/s
{'loss': 0.6725, 'grad_norm': 18.13596534729004, 'learning_rate': 4.998333333333334e-05, 'epoch': 0.0}
TCAPPDLL 2025-07-28 07:21:14.682208 - Epoch: 0.0012 Iteration: 6  rank : 0  train.loss : 0.6725  train.ips : 0 imgs/s
{'loss': 0.461, 'grad_norm': 30.000701904296875, 'learning_rate': 4.9980000000000006e-05, 'epoch': 0.0}
TCAPPDLL 2025-07-28 07:21:23.669540 - Epoch: 0.0014 Iteration: 7  rank : 0  train.loss : 0.461  train.ips : 0 imgs/s
{'loss': 0.8559, 'grad_norm': 25.59952735900879, 'learning_rate': 4.997666666666667e-05, 'epoch': 0.0}
TCAPPDLL 2025-07-28 07:21:33.251484 - Epoch: 0.0016 Iteration: 8  rank : 0  train.loss : 0.8559  train.ips : 0 imgs/s
{'loss': 0.5248, 'grad_norm': 18.519081115722656, 'learning_rate': 4.997333333333333e-05, 'epoch': 0.0}
TCAPPDLL 2025-07-28 07:21:41.964781 - Epoch: 0.0018 Iteration: 9  rank : 0  train.loss : 0.5248  train.ips : 0 imgs/s
{'loss': 0.3782, 'grad_norm': 8.892852783203125, 'learning_rate': 4.997e-05, 'epoch': 0.0}
TCAPPDLL 2025-07-28 07:21:51.574408 - Epoch: 0.002 Iteration: 10  rank : 0  train.loss : 0.3782  train.ips : 0 imgs/s
{'loss': 0.6082, 'grad_norm': 15.421724319458008, 'learning_rate': 4.996666666666667e-05, 'epoch': 0.0}
TCAPPDLL 2025-07-28 07:22:05.864050 - Epoch: 0.0022 Iteration: 11  rank : 0  train.loss : 0.6082  train.ips : 0 imgs/s
{'loss': 0.137, 'grad_norm': 8.90554141998291, 'learning_rate': 4.996333333333334e-05, 'epoch': 0.0}
TCAPPDLL 2025-07-28 07:22:15.758508 - Epoch: 0.0024 Iteration: 12  rank : 0  train.loss : 0.137  train.ips : 0 imgs/s
{'loss': 0.255, 'grad_norm': 9.51375961303711, 'learning_rate': 4.996e-05, 'epoch': 0.0}
TCAPPDLL 2025-07-28 07:22:24.360259 - Epoch: 0.0026 Iteration: 13  rank : 0  train.loss : 0.255  train.ips : 0 imgs/s
{'loss': 0.278, 'grad_norm': 6.236153602600098, 'learning_rate': 4.995666666666667e-05, 'epoch': 0.0}
TCAPPDLL 2025-07-28 07:22:33.064655 - Epoch: 0.0028 Iteration: 14  rank : 0  train.loss : 0.278  train.ips : 0 imgs/s
{'loss': 0.2235, 'grad_norm': 32.32764434814453, 'learning_rate': 4.9953333333333335e-05, 'epoch': 0.0}
TCAPPDLL 2025-07-28 07:22:42.168118 - Epoch: 0.003 Iteration: 15  rank : 0  train.loss : 0.2235  train.ips : 0 imgs/s
{'loss': 0.4401, 'grad_norm': 12.760890007019043, 'learning_rate': 4.995e-05, 'epoch': 0.0}
TCAPPDLL 2025-07-28 07:22:50.770995 - Epoch: 0.0032 Iteration: 16  rank : 0  train.loss : 0.4401  train.ips : 0 imgs/s
{'loss': 0.205, 'grad_norm': 7.533452987670898, 'learning_rate': 4.994666666666667e-05, 'epoch': 0.0}
TCAPPDLL 2025-07-28 07:23:02.067113 - Epoch: 0.0034 Iteration: 17  rank : 0  train.loss : 0.205  train.ips : 0 imgs/s
{'loss': 0.1437, 'grad_norm': 5.4349260330200195, 'learning_rate': 4.9943333333333333e-05, 'epoch': 0.0}
TCAPPDLL 2025-07-28 07:23:16.367902 - Epoch: 0.0036 Iteration: 18  rank : 0  train.loss : 0.1437  train.ips : 0 imgs/s
{'loss': 0.4232, 'grad_norm': 21.5451602935791, 'learning_rate': 4.9940000000000006e-05, 'epoch': 0.0}
TCAPPDLL 2025-07-28 07:23:25.366004 - Epoch: 0.0038 Iteration: 19  rank : 0  train.loss : 0.4232  train.ips : 0 imgs/s
{'loss': 0.1964, 'grad_norm': 12.120471954345703, 'learning_rate': 4.993666666666667e-05, 'epoch': 0.0}
TCAPPDLL 2025-07-28 07:23:34.564995 - Epoch: 0.004 Iteration: 20  rank : 0  train.loss : 0.1964  train.ips : 0 imgs/s
{'loss': 0.2341, 'grad_norm': 9.820899963378906, 'learning_rate': 4.993333333333334e-05, 'epoch': 0.0}
TCAPPDLL 2025-07-28 07:23:43.164391 - Epoch: 0.0042 Iteration: 21  rank : 0  train.loss : 0.2341  train.ips : 0 imgs/s
{'loss': 0.2721, 'grad_norm': 11.433361053466797, 'learning_rate': 4.9930000000000005e-05, 'epoch': 0.0}
TCAPPDLL 2025-07-28 07:23:51.666651 - Epoch: 0.0044 Iteration: 22  rank : 0  train.loss : 0.2721  train.ips : 0 imgs/s
{'loss': 0.128, 'grad_norm': 5.041489601135254, 'learning_rate': 4.992666666666667e-05, 'epoch': 0.0}
TCAPPDLL 2025-07-28 07:23:59.875206 - Epoch: 0.0046 Iteration: 23  rank : 0  train.loss : 0.128  train.ips : 0 imgs/s
{'loss': 0.3379, 'grad_norm': 12.061397552490234, 'learning_rate': 4.992333333333333e-05, 'epoch': 0.0}
TCAPPDLL 2025-07-28 07:24:09.163809 - Epoch: 0.0048 Iteration: 24  rank : 0  train.loss : 0.3379  train.ips : 0 imgs/s
{'loss': 0.2542, 'grad_norm': 7.62376070022583, 'learning_rate': 4.992e-05, 'epoch': 0.0}
TCAPPDLL 2025-07-28 07:24:18.269388 - Epoch: 0.005 Iteration: 25  rank : 0  train.loss : 0.2542  train.ips : 0 imgs/s
{'loss': 0.1037, 'grad_norm': 5.404974937438965, 'learning_rate': 4.991666666666667e-05, 'epoch': 0.01}
TCAPPDLL 2025-07-28 07:24:30.963349 - Epoch: 0.0052 Iteration: 26  rank : 0  train.loss : 0.1037  train.ips : 0 imgs/s
{'loss': 0.0378, 'grad_norm': 3.330061197280884, 'learning_rate': 4.9913333333333335e-05, 'epoch': 0.01}
TCAPPDLL 2025-07-28 07:24:39.864245 - Epoch: 0.0054 Iteration: 27  rank : 0  train.loss : 0.0378  train.ips : 0 imgs/s
{'loss': 0.2469, 'grad_norm': 6.752881050109863, 'learning_rate': 4.991e-05, 'epoch': 0.01}
TCAPPDLL 2025-07-28 07:24:48.467828 - Epoch: 0.0056 Iteration: 28  rank : 0  train.loss : 0.2469  train.ips : 0 imgs/s
{'loss': 0.0587, 'grad_norm': 3.1784961223602295, 'learning_rate': 4.990666666666667e-05, 'epoch': 0.01}
TCAPPDLL 2025-07-28 07:24:57.065594 - Epoch: 0.0058 Iteration: 29  rank : 0  train.loss : 0.0587  train.ips : 0 imgs/s
{'loss': 0.1073, 'grad_norm': 7.2070136070251465, 'learning_rate': 4.9903333333333334e-05, 'epoch': 0.01}
TCAPPDLL 2025-07-28 07:25:05.263166 - Epoch: 0.006 Iteration: 30  rank : 0  train.loss : 0.1073  train.ips : 0 imgs/s
{'loss': 0.0742, 'grad_norm': 3.2136480808258057, 'learning_rate': 4.99e-05, 'epoch': 0.01}
TCAPPDLL 2025-07-28 07:25:13.769113 - Epoch: 0.0062 Iteration: 31  rank : 0  train.loss : 0.0742  train.ips : 0 imgs/s
{'loss': 0.158, 'grad_norm': 5.2872843742370605, 'learning_rate': 4.9896666666666666e-05, 'epoch': 0.01}
TCAPPDLL 2025-07-28 07:25:22.367634 - Epoch: 0.0064 Iteration: 32  rank : 0  train.loss : 0.158  train.ips : 0 imgs/s
{'loss': 0.2841, 'grad_norm': 7.417181491851807, 'learning_rate': 4.989333333333334e-05, 'epoch': 0.01}
TCAPPDLL 2025-07-28 07:25:31.071733 - Epoch: 0.0066 Iteration: 33  rank : 0  train.loss : 0.2841  train.ips : 0 imgs/s
{'loss': 0.0776, 'grad_norm': 5.343055248260498, 'learning_rate': 4.9890000000000005e-05, 'epoch': 0.01}
TCAPPDLL 2025-07-28 07:25:39.667774 - Epoch: 0.0068 Iteration: 34  rank : 0  train.loss : 0.0776  train.ips : 0 imgs/s
{'loss': 0.0407, 'grad_norm': 2.148343086242676, 'learning_rate': 4.988666666666667e-05, 'epoch': 0.01}
TCAPPDLL 2025-07-28 07:25:55.358119 - Epoch: 0.007 Iteration: 35  rank : 0  train.loss : 0.0407  train.ips : 0 imgs/s
{'loss': 0.0674, 'grad_norm': 2.8464722633361816, 'learning_rate': 4.988333333333334e-05, 'epoch': 0.01}
TCAPPDLL 2025-07-28 07:26:07.465657 - Epoch: 0.0072 Iteration: 36  rank : 0  train.loss : 0.0674  train.ips : 0 imgs/s
{'loss': 0.1508, 'grad_norm': 6.146723747253418, 'learning_rate': 4.9880000000000004e-05, 'epoch': 0.01}
TCAPPDLL 2025-07-28 07:26:16.363508 - Epoch: 0.0074 Iteration: 37  rank : 0  train.loss : 0.1508  train.ips : 0 imgs/s
{'loss': 0.1071, 'grad_norm': 4.188847541809082, 'learning_rate': 4.987666666666667e-05, 'epoch': 0.01}

  0%|          | 38/15000 [06:44<41:15:38,  9.93s/it]
                                                     

  0%|          | 38/15000 [06:44<41:15:38,  9.93s/it]
  0%|          | 39/15000 [06:52<39:43:39,  9.56s/it]
                                                     

  0%|          | 39/15000 [06:52<39:43:39,  9.56s/it]
  0%|          | 40/15000 [07:01<38:17:09,  9.21s/it]
                                                     

  0%|          | 40/15000 [07:01<38:17:09,  9.21s/it]
  0%|          | 41/15000 [07:10<37:46:23,  9.09s/it]
                                                     

  0%|          | 41/15000 [07:10<37:46:23,  9.09s/it]
  0%|          | 42/15000 [07:18<36:46:42,  8.85s/it]
                                                     

  0%|          | 42/15000 [07:18<36:46:42,  8.85s/it]
  0%|          | 43/15000 [07:27<36:28:16,  8.78s/it]
                                                     

  0%|          | 43/15000 [07:27<36:28:16,  8.78s/it]
  0%|          | 44/15000 [07:35<36:28:34,  8.78s/it]
                                                     

  0%|          | 44/15000 [07:35<36:28:34,  8.78s/it]
  0%|          | 45/15000 [07:43<35:29:47,  8.54s/it]
                                                     

  0%|          | 45/15000 [07:43<35:29:47,  8.54s/it]
  0%|          | 46/15000 [07:54<38:41:37,  9.32s/it]
                                                     

  0%|          | 46/15000 [07:54<38:41:37,  9.32s/it]
  0%|          | 47/15000 [08:11<47:16:13, 11.38s/it]
                                                     

  0%|          | 47/15000 [08:11<47:16:13, 11.38s/it]
  0%|          | 48/15000 [08:21<46:03:25, 11.09s/it]
                                                     

  0%|          | 48/15000 [08:21<46:03:25, 11.09s/it]
  0%|          | 49/15000 [08:30<43:26:16, 10.46s/it]
                                                     

  0%|          | 49/15000 [08:30<43:26:16, 10.46s/it]
  0%|          | 50/15000 [08:38<40:29:44,  9.75s/it]
                                                     

  0%|          | 50/15000 [08:38<40:29:44,  9.75s/it]
  0%|          | 51/15000 [08:47<38:55:48,  9.38s/it]
                                                     

  0%|          | 51/15000 [08:47<38:55:48,  9.38s/it]
  0%|          | 52/15000 [08:55<38:12:51,  9.20s/it]
                                                     

  0%|          | 52/15000 [08:55<38:12:51,  9.20s/it]
  0%|          | 53/15000 [09:04<37:34:47,  9.05s/it]
                                                     

  0%|          | 53/15000 [09:04<37:34:47,  9.05s/it]
  0%|          | 54/15000 [09:13<37:15:28,  8.97s/it]
                                                     

  0%|          | 54/15000 [09:13<37:15:28,  8.97s/it]
  0%|          | 55/15000 [09:22<37:11:18,  8.96s/it]
                                                     

  0%|          | 55/15000 [09:22<37:11:18,  8.96s/it]
  0%|          | 56/15000 [09:30<36:42:52,  8.84s/it]
                                                     

  0%|          | 56/15000 [09:30<36:42:52,  8.84s/it]
  0%|          | 57/15000 [09:39<36:17:47,  8.74s/it]
                                                     

  0%|          | 57/15000 [09:39<36:17:47,  8.74s/it]
  0%|          | 58/15000 [09:53<42:42:04, 10.29s/it]
                                                     

  0%|          | 58/15000 [09:53<42:42:04, 10.29s/it]
  0%|          | 59/15000 [10:06<46:05:40, 11.11s/it]
                                                     

  0%|          | 59/15000 [10:06<46:05:40, 11.11s/it]
  0%|          | 60/15000 [10:16<44:34:56, 10.74s/it]
                                                     

  0%|          | 60/15000 [10:16<44:34:56, 10.74s/it]
  0%|          | 61/15000 [10:24<42:01:45, 10.13s/it]
                                                     

  0%|          | 61/15000 [10:24<42:01:45, 10.13s/it]
  0%|          | 62/15000 [10:33<40:14:33,  9.70s/it]
                                                     

  0%|          | 62/15000 [10:33<40:14:33,  9.70s/it]
  0%|          | 63/15000 [10:42<39:00:08,  9.40s/it]
                                                     

  0%|          | 63/15000 [10:42<39:00:08,  9.40s/it]
  0%|          | 64/15000 [10:50<37:53:09,  9.13s/it]
                                                     

  0%|          | 64/15000 [10:50<37:53:09,  9.13s/it]
  0%|          | 65/15000 [10:59<36:58:46,  8.91s/it]
                                                     

  0%|          | 65/15000 [10:59<36:58:46,  8.91s/it]
  0%|          | 66/15000 [11:08<36:49:33,  8.88s/it]
                                                     

  0%|          | 66/15000 [11:08<36:49:33,  8.88s/it]
  0%|          | 67/15000 [11:16<36:13:38,  8.73s/it]
                                                     

  0%|          | 67/15000 [11:16<36:13:38,  8.73s/it]
  0%|          | 68/15000 [11:25<36:34:15,  8.82s/it]
                                                     

  0%|          | 68/15000 [11:25<36:34:15,  8.82s/it]
  0%|          | 69/15000 [11:34<36:24:37,  8.78s/it]
                                                     

  0%|          | 69/15000 [11:34<36:24:37,  8.78s/it]
  0%|          | 70/15000 [11:42<36:11:06,  8.73s/it]
                                                     

  0%|          | 70/15000 [11:42<36:11:06,  8.73s/it]
  0%|          | 71/15000 [11:50<35:17:16,  8.51s/it]
                                                     

  0%|          | 71/15000 [11:50<35:17:16,  8.51s/it]
  0%|          | 72/15000 [12:03<40:29:33,  9.77s/it]
                                                     

  0%|          | 72/15000 [12:03<40:29:33,  9.77s/it]
  0%|          | 73/15000 [12:17<45:30:59, 10.98s/it]
                                                     

  0%|          | 73/15000 [12:17<45:30:59, 10.98s/it]
  0%|          | 74/15000 [12:27<44:17:26, 10.68s/it]
                                                     

  0%|          | 74/15000 [12:27<44:17:26, 10.68s/it]TCAPPDLL 2025-07-28 07:26:24.966319 - Epoch: 0.0076 Iteration: 38  rank : 0  train.loss : 0.1071  train.ips : 0 imgs/s
{'loss': 0.1157, 'grad_norm': 4.2225422859191895, 'learning_rate': 4.9873333333333336e-05, 'epoch': 0.01}
TCAPPDLL 2025-07-28 07:26:33.666582 - Epoch: 0.0078 Iteration: 39  rank : 0  train.loss : 0.1157  train.ips : 0 imgs/s
{'loss': 0.2262, 'grad_norm': 6.826282024383545, 'learning_rate': 4.987e-05, 'epoch': 0.01}
TCAPPDLL 2025-07-28 07:26:42.071647 - Epoch: 0.008 Iteration: 40  rank : 0  train.loss : 0.2262  train.ips : 0 imgs/s
{'loss': 0.0492, 'grad_norm': 4.3065643310546875, 'learning_rate': 4.986666666666667e-05, 'epoch': 0.01}
TCAPPDLL 2025-07-28 07:26:50.875784 - Epoch: 0.0082 Iteration: 41  rank : 0  train.loss : 0.0492  train.ips : 0 imgs/s
{'loss': 0.6328, 'grad_norm': 15.818422317504883, 'learning_rate': 4.9863333333333334e-05, 'epoch': 0.01}
TCAPPDLL 2025-07-28 07:26:59.170088 - Epoch: 0.0084 Iteration: 42  rank : 0  train.loss : 0.6328  train.ips : 0 imgs/s
{'loss': 0.0808, 'grad_norm': 4.785752296447754, 'learning_rate': 4.986e-05, 'epoch': 0.01}
TCAPPDLL 2025-07-28 07:27:07.777186 - Epoch: 0.0086 Iteration: 43  rank : 0  train.loss : 0.0808  train.ips : 0 imgs/s
{'loss': 0.0524, 'grad_norm': 4.297893047332764, 'learning_rate': 4.9856666666666666e-05, 'epoch': 0.01}
TCAPPDLL 2025-07-28 07:27:16.561244 - Epoch: 0.0088 Iteration: 44  rank : 0  train.loss : 0.0524  train.ips : 0 imgs/s
{'loss': 0.0494, 'grad_norm': 3.2584943771362305, 'learning_rate': 4.985333333333333e-05, 'epoch': 0.01}
TCAPPDLL 2025-07-28 07:27:24.557247 - Epoch: 0.009 Iteration: 45  rank : 0  train.loss : 0.0494  train.ips : 0 imgs/s
{'loss': 0.1063, 'grad_norm': 5.03381872177124, 'learning_rate': 4.9850000000000006e-05, 'epoch': 0.01}
TCAPPDLL 2025-07-28 07:27:35.669604 - Epoch: 0.0092 Iteration: 46  rank : 0  train.loss : 0.1063  train.ips : 0 imgs/s
{'loss': 0.1673, 'grad_norm': 5.940464973449707, 'learning_rate': 4.984666666666667e-05, 'epoch': 0.01}
TCAPPDLL 2025-07-28 07:27:51.869602 - Epoch: 0.0094 Iteration: 47  rank : 0  train.loss : 0.1673  train.ips : 0 imgs/s
{'loss': 0.0793, 'grad_norm': 3.9310848712921143, 'learning_rate': 4.984333333333334e-05, 'epoch': 0.01}
TCAPPDLL 2025-07-28 07:28:02.278905 - Epoch: 0.0096 Iteration: 48  rank : 0  train.loss : 0.0793  train.ips : 0 imgs/s
{'loss': 0.1436, 'grad_norm': 5.092843532562256, 'learning_rate': 4.9840000000000004e-05, 'epoch': 0.01}
TCAPPDLL 2025-07-28 07:28:11.268418 - Epoch: 0.0098 Iteration: 49  rank : 0  train.loss : 0.1436  train.ips : 0 imgs/s
{'loss': 0.075, 'grad_norm': 4.270225524902344, 'learning_rate': 4.983666666666667e-05, 'epoch': 0.01}
TCAPPDLL 2025-07-28 07:28:19.368455 - Epoch: 0.01 Iteration: 50  rank : 0  train.loss : 0.075  train.ips : 0 imgs/s
{'loss': 0.0503, 'grad_norm': 2.6107726097106934, 'learning_rate': 4.9833333333333336e-05, 'epoch': 0.01}
TCAPPDLL 2025-07-28 07:28:27.865238 - Epoch: 0.0102 Iteration: 51  rank : 0  train.loss : 0.0503  train.ips : 0 imgs/s
{'loss': 0.0525, 'grad_norm': 2.129024028778076, 'learning_rate': 4.983e-05, 'epoch': 0.01}
TCAPPDLL 2025-07-28 07:28:36.667987 - Epoch: 0.0104 Iteration: 52  rank : 0  train.loss : 0.0525  train.ips : 0 imgs/s
{'loss': 0.1658, 'grad_norm': 11.471339225769043, 'learning_rate': 4.982666666666667e-05, 'epoch': 0.01}
TCAPPDLL 2025-07-28 07:28:45.364116 - Epoch: 0.0106 Iteration: 53  rank : 0  train.loss : 0.1658  train.ips : 0 imgs/s
{'loss': 0.0533, 'grad_norm': 4.0629191398620605, 'learning_rate': 4.9823333333333335e-05, 'epoch': 0.01}
TCAPPDLL 2025-07-28 07:28:54.158671 - Epoch: 0.0108 Iteration: 54  rank : 0  train.loss : 0.0533  train.ips : 0 imgs/s
{'loss': 0.1066, 'grad_norm': 6.555506229400635, 'learning_rate': 4.982e-05, 'epoch': 0.01}
TCAPPDLL 2025-07-28 07:29:03.079090 - Epoch: 0.011 Iteration: 55  rank : 0  train.loss : 0.1066  train.ips : 0 imgs/s
{'loss': 0.0386, 'grad_norm': 7.0498948097229, 'learning_rate': 4.981666666666667e-05, 'epoch': 0.01}
TCAPPDLL 2025-07-28 07:29:11.658746 - Epoch: 0.0112 Iteration: 56  rank : 0  train.loss : 0.0386  train.ips : 0 imgs/s
{'loss': 0.038, 'grad_norm': 2.927718162536621, 'learning_rate': 4.981333333333333e-05, 'epoch': 0.01}
TCAPPDLL 2025-07-28 07:29:20.169455 - Epoch: 0.0114 Iteration: 57  rank : 0  train.loss : 0.038  train.ips : 0 imgs/s
{'loss': 0.0968, 'grad_norm': 8.316851615905762, 'learning_rate': 4.981e-05, 'epoch': 0.01}
TCAPPDLL 2025-07-28 07:29:34.059518 - Epoch: 0.0116 Iteration: 58  rank : 0  train.loss : 0.0968  train.ips : 0 imgs/s
{'loss': 0.0541, 'grad_norm': 3.1215083599090576, 'learning_rate': 4.9806666666666665e-05, 'epoch': 0.01}
TCAPPDLL 2025-07-28 07:29:47.075226 - Epoch: 0.0118 Iteration: 59  rank : 0  train.loss : 0.0541  train.ips : 0 imgs/s
{'loss': 0.0818, 'grad_norm': 2.905609369277954, 'learning_rate': 4.980333333333334e-05, 'epoch': 0.01}
TCAPPDLL 2025-07-28 07:29:56.969637 - Epoch: 0.012 Iteration: 60  rank : 0  train.loss : 0.0818  train.ips : 0 imgs/s
{'loss': 0.1113, 'grad_norm': 5.81132698059082, 'learning_rate': 4.9800000000000004e-05, 'epoch': 0.01}
TCAPPDLL 2025-07-28 07:30:05.663940 - Epoch: 0.0122 Iteration: 61  rank : 0  train.loss : 0.1113  train.ips : 0 imgs/s
{'loss': 0.0394, 'grad_norm': 1.381620168685913, 'learning_rate': 4.979666666666667e-05, 'epoch': 0.01}
TCAPPDLL 2025-07-28 07:30:14.359092 - Epoch: 0.0124 Iteration: 62  rank : 0  train.loss : 0.0394  train.ips : 0 imgs/s
{'loss': 0.0395, 'grad_norm': 2.4932100772857666, 'learning_rate': 4.9793333333333337e-05, 'epoch': 0.01}
TCAPPDLL 2025-07-28 07:30:23.063374 - Epoch: 0.0126 Iteration: 63  rank : 0  train.loss : 0.0395  train.ips : 0 imgs/s
{'loss': 0.053, 'grad_norm': 3.627232551574707, 'learning_rate': 4.979e-05, 'epoch': 0.01}
TCAPPDLL 2025-07-28 07:30:31.568541 - Epoch: 0.0128 Iteration: 64  rank : 0  train.loss : 0.053  train.ips : 0 imgs/s
{'loss': 0.1217, 'grad_norm': 5.536397457122803, 'learning_rate': 4.978666666666667e-05, 'epoch': 0.01}
TCAPPDLL 2025-07-28 07:30:39.973840 - Epoch: 0.013 Iteration: 65  rank : 0  train.loss : 0.1217  train.ips : 0 imgs/s
{'loss': 0.0665, 'grad_norm': 6.053544044494629, 'learning_rate': 4.9783333333333335e-05, 'epoch': 0.01}
TCAPPDLL 2025-07-28 07:30:48.766062 - Epoch: 0.0132 Iteration: 66  rank : 0  train.loss : 0.0665  train.ips : 0 imgs/s
{'loss': 0.043, 'grad_norm': 23.73845100402832, 'learning_rate': 4.978e-05, 'epoch': 0.01}
TCAPPDLL 2025-07-28 07:30:57.164345 - Epoch: 0.0134 Iteration: 67  rank : 0  train.loss : 0.043  train.ips : 0 imgs/s
{'loss': 0.2443, 'grad_norm': 5.409013271331787, 'learning_rate': 4.9776666666666674e-05, 'epoch': 0.01}
TCAPPDLL 2025-07-28 07:31:06.176015 - Epoch: 0.0136 Iteration: 68  rank : 0  train.loss : 0.2443  train.ips : 0 imgs/s
{'loss': 0.0141, 'grad_norm': 0.8966420888900757, 'learning_rate': 4.977333333333334e-05, 'epoch': 0.01}
TCAPPDLL 2025-07-28 07:31:14.865960 - Epoch: 0.0138 Iteration: 69  rank : 0  train.loss : 0.0141  train.ips : 0 imgs/s
{'loss': 0.0576, 'grad_norm': 3.153754472732544, 'learning_rate': 4.977e-05, 'epoch': 0.01}
TCAPPDLL 2025-07-28 07:31:23.465786 - Epoch: 0.014 Iteration: 70  rank : 0  train.loss : 0.0576  train.ips : 0 imgs/s
{'loss': 0.0187, 'grad_norm': 0.969872236251831, 'learning_rate': 4.9766666666666666e-05, 'epoch': 0.01}
TCAPPDLL 2025-07-28 07:31:31.471677 - Epoch: 0.0142 Iteration: 71  rank : 0  train.loss : 0.0187  train.ips : 0 imgs/s
{'loss': 0.0772, 'grad_norm': 3.458366632461548, 'learning_rate': 4.976333333333333e-05, 'epoch': 0.01}
TCAPPDLL 2025-07-28 07:31:44.166667 - Epoch: 0.0144 Iteration: 72  rank : 0  train.loss : 0.0772  train.ips : 0 imgs/s
{'loss': 0.0598, 'grad_norm': 5.3573503494262695, 'learning_rate': 4.976e-05, 'epoch': 0.01}
TCAPPDLL 2025-07-28 07:31:57.972755 - Epoch: 0.0146 Iteration: 73  rank : 0  train.loss : 0.0598  train.ips : 0 imgs/s
{'loss': 0.0037, 'grad_norm': 0.3366875648498535, 'learning_rate': 4.975666666666667e-05, 'epoch': 0.01}
TCAPPDLL 2025-07-28 07:32:07.967010 - Epoch: 0.0148 Iteration: 74  rank : 0  train.loss : 0.0037  train.ips : 0 imgs/s
{'loss': 0.0511, 'grad_norm': 3.737656354904175, 'learning_rate': 4.975333333333334e-05, 'epoch': 0.01}

  0%|          | 75/15000 [12:37<43:25:41, 10.48s/it]
                                                     

  0%|          | 75/15000 [12:37<43:25:41, 10.48s/it]
  1%|          | 76/15000 [12:45<40:51:45,  9.86s/it]
                                                     

  1%|          | 76/15000 [12:45<40:51:45,  9.86s/it]
  1%|          | 77/15000 [12:54<39:09:32,  9.45s/it]
                                                     

  1%|          | 77/15000 [12:54<39:09:32,  9.45s/it]
  1%|          | 78/15000 [13:03<38:29:54,  9.29s/it]
                                                     

  1%|          | 78/15000 [13:03<38:29:54,  9.29s/it]
  1%|          | 79/15000 [13:12<38:23:20,  9.26s/it]
                                                     

  1%|          | 79/15000 [13:12<38:23:20,  9.26s/it]
  1%|          | 80/15000 [13:21<37:48:00,  9.12s/it]
                                                     

  1%|          | 80/15000 [13:21<37:48:00,  9.12s/it]
  1%|          | 81/15000 [13:29<37:23:37,  9.02s/it]
                                                     

  1%|          | 81/15000 [13:29<37:23:37,  9.02s/it]
  1%|          | 82/15000 [13:38<36:51:00,  8.89s/it]
                                                     

  1%|          | 82/15000 [13:38<36:51:00,  8.89s/it]
  1%|          | 83/15000 [13:47<36:30:01,  8.81s/it]
                                                     

  1%|          | 83/15000 [13:47<36:30:01,  8.81s/it]
  1%|          | 84/15000 [13:55<36:29:16,  8.81s/it]
                                                     

  1%|          | 84/15000 [13:55<36:29:16,  8.81s/it]
  1%|          | 85/15000 [14:04<36:35:09,  8.83s/it]
                                                     

  1%|          | 85/15000 [14:04<36:35:09,  8.83s/it]
  1%|          | 86/15000 [14:13<36:09:04,  8.73s/it]
                                                     

  1%|          | 86/15000 [14:13<36:09:04,  8.73s/it]
  1%|          | 87/15000 [14:26<41:52:02, 10.11s/it]
                                                     

  1%|          | 87/15000 [14:26<41:52:02, 10.11s/it]
  1%|          | 88/15000 [14:37<43:28:05, 10.49s/it]
                                                     

  1%|          | 88/15000 [14:37<43:28:05, 10.49s/it]
  1%|          | 89/15000 [14:47<42:43:56, 10.32s/it]
                                                     

  1%|          | 89/15000 [14:47<42:43:56, 10.32s/it]
  1%|          | 90/15000 [14:57<41:20:29,  9.98s/it]
                                                     

  1%|          | 90/15000 [14:57<41:20:29,  9.98s/it]
  1%|          | 91/15000 [15:06<40:14:28,  9.72s/it]
                                                     

  1%|          | 91/15000 [15:06<40:14:28,  9.72s/it]
  1%|          | 92/15000 [15:14<38:58:19,  9.41s/it]
                                                     

  1%|          | 92/15000 [15:14<38:58:19,  9.41s/it]
  1%|          | 93/15000 [15:23<38:20:51,  9.26s/it]
                                                     

  1%|          | 93/15000 [15:23<38:20:51,  9.26s/it]
  1%|          | 94/15000 [15:32<38:08:03,  9.21s/it]
                                                     

  1%|          | 94/15000 [15:32<38:08:03,  9.21s/it]
  1%|          | 95/15000 [15:41<37:45:46,  9.12s/it]
                                                     

  1%|          | 95/15000 [15:41<37:45:46,  9.12s/it]
  1%|          | 96/15000 [15:50<37:27:32,  9.05s/it]
                                                     

  1%|          | 96/15000 [15:50<37:27:32,  9.05s/it]
  1%|          | 97/15000 [15:59<37:09:30,  8.98s/it]
                                                     

  1%|          | 97/15000 [15:59<37:09:30,  8.98s/it]
  1%|          | 98/15000 [16:08<36:41:19,  8.86s/it]
                                                     

  1%|          | 98/15000 [16:08<36:41:19,  8.86s/it]
  1%|          | 99/15000 [16:16<36:44:32,  8.88s/it]
                                                     

  1%|          | 99/15000 [16:16<36:44:32,  8.88s/it]
  1%|          | 100/15000 [16:25<36:21:55,  8.79s/it]
                                                      

  1%|          | 100/15000 [16:25<36:21:55,  8.79s/it]
  1%|          | 101/15000 [16:39<42:37:16, 10.30s/it]
                                                      

  1%|          | 101/15000 [16:39<42:37:16, 10.30s/it]
  1%|          | 102/15000 [16:53<47:05:09, 11.38s/it]
                                                      

  1%|          | 102/15000 [16:53<47:05:09, 11.38s/it]
  1%|          | 103/15000 [17:03<45:28:41, 10.99s/it]
                                                      

  1%|          | 103/15000 [17:03<45:28:41, 10.99s/it]
  1%|          | 104/15000 [17:12<43:01:02, 10.40s/it]
                                                      

  1%|          | 104/15000 [17:12<43:01:02, 10.40s/it]
  1%|          | 105/15000 [17:20<40:46:42,  9.86s/it]
                                                      

  1%|          | 105/15000 [17:20<40:46:42,  9.86s/it]
  1%|          | 106/15000 [17:29<39:35:44,  9.57s/it]
                                                      

  1%|          | 106/15000 [17:29<39:35:44,  9.57s/it]
  1%|          | 107/15000 [17:38<38:15:52,  9.25s/it]
                                                      

  1%|          | 107/15000 [17:38<38:15:52,  9.25s/it]
  1%|          | 108/15000 [17:47<37:34:53,  9.08s/it]
                                                      

  1%|          | 108/15000 [17:47<37:34:53,  9.08s/it]
  1%|          | 109/15000 [17:55<36:36:34,  8.85s/it]
                                                      

  1%|          | 109/15000 [17:55<36:36:34,  8.85s/it]
  1%|          | 110/15000 [18:03<36:17:34,  8.77s/it]
                                                      

  1%|          | 110/15000 [18:03<36:17:34,  8.77s/it]
  1%|          | 111/15000 [18:12<35:27:53,  8.58s/it]
                                                      

  1%|          | 111/15000 [18:12<35:27:53,  8.58s/it]TCAPPDLL 2025-07-28 07:32:17.958250 - Epoch: 0.015 Iteration: 75  rank : 0  train.loss : 0.0511  train.ips : 0 imgs/s
{'loss': 0.0088, 'grad_norm': 1.339735746383667, 'learning_rate': 4.975e-05, 'epoch': 0.01}
TCAPPDLL 2025-07-28 07:32:26.372876 - Epoch: 0.0152 Iteration: 76  rank : 0  train.loss : 0.0088  train.ips : 0 imgs/s
{'loss': 0.0072, 'grad_norm': 0.5924676060676575, 'learning_rate': 4.974666666666667e-05, 'epoch': 0.02}
TCAPPDLL 2025-07-28 07:32:34.862273 - Epoch: 0.0154 Iteration: 77  rank : 0  train.loss : 0.0072  train.ips : 0 imgs/s
{'loss': 0.0648, 'grad_norm': 7.916529178619385, 'learning_rate': 4.9743333333333335e-05, 'epoch': 0.02}
TCAPPDLL 2025-07-28 07:32:43.779779 - Epoch: 0.0156 Iteration: 78  rank : 0  train.loss : 0.0648  train.ips : 0 imgs/s
{'loss': 0.014, 'grad_norm': 0.8078905940055847, 'learning_rate': 4.974e-05, 'epoch': 0.02}
TCAPPDLL 2025-07-28 07:32:52.981460 - Epoch: 0.0158 Iteration: 79  rank : 0  train.loss : 0.014  train.ips : 0 imgs/s
{'loss': 0.071, 'grad_norm': 3.5546045303344727, 'learning_rate': 4.973666666666667e-05, 'epoch': 0.02}
TCAPPDLL 2025-07-28 07:33:01.772434 - Epoch: 0.016 Iteration: 80  rank : 0  train.loss : 0.071  train.ips : 0 imgs/s
{'loss': 0.0888, 'grad_norm': 4.43923282623291, 'learning_rate': 4.973333333333334e-05, 'epoch': 0.02}
TCAPPDLL 2025-07-28 07:33:10.568211 - Epoch: 0.0162 Iteration: 81  rank : 0  train.loss : 0.0888  train.ips : 0 imgs/s
{'loss': 0.1145, 'grad_norm': 8.76539421081543, 'learning_rate': 4.973000000000001e-05, 'epoch': 0.02}
TCAPPDLL 2025-07-28 07:33:19.156257 - Epoch: 0.0164 Iteration: 82  rank : 0  train.loss : 0.1145  train.ips : 0 imgs/s
{'loss': 0.2287, 'grad_norm': 16.482751846313477, 'learning_rate': 4.972666666666667e-05, 'epoch': 0.02}
TCAPPDLL 2025-07-28 07:33:27.769603 - Epoch: 0.0166 Iteration: 83  rank : 0  train.loss : 0.2287  train.ips : 0 imgs/s
{'loss': 0.0266, 'grad_norm': 2.9183318614959717, 'learning_rate': 4.972333333333334e-05, 'epoch': 0.02}
TCAPPDLL 2025-07-28 07:33:36.570218 - Epoch: 0.0168 Iteration: 84  rank : 0  train.loss : 0.0266  train.ips : 0 imgs/s
{'loss': 0.0577, 'grad_norm': 3.0118019580841064, 'learning_rate': 4.972e-05, 'epoch': 0.02}
TCAPPDLL 2025-07-28 07:33:45.457774 - Epoch: 0.017 Iteration: 85  rank : 0  train.loss : 0.0577  train.ips : 0 imgs/s
{'loss': 0.187, 'grad_norm': 2.9551563262939453, 'learning_rate': 4.9716666666666664e-05, 'epoch': 0.02}
TCAPPDLL 2025-07-28 07:33:53.940559 - Epoch: 0.0172 Iteration: 86  rank : 0  train.loss : 0.187  train.ips : 0 imgs/s
{'loss': 0.0036, 'grad_norm': 0.2831443250179291, 'learning_rate': 4.971333333333334e-05, 'epoch': 0.02}
TCAPPDLL 2025-07-28 07:34:07.268429 - Epoch: 0.0174 Iteration: 87  rank : 0  train.loss : 0.0036  train.ips : 0 imgs/s
{'loss': 0.0298, 'grad_norm': 2.384772300720215, 'learning_rate': 4.9710000000000003e-05, 'epoch': 0.02}
TCAPPDLL 2025-07-28 07:34:18.665649 - Epoch: 0.0176 Iteration: 88  rank : 0  train.loss : 0.0298  train.ips : 0 imgs/s
{'loss': 0.0154, 'grad_norm': 1.0034071207046509, 'learning_rate': 4.970666666666667e-05, 'epoch': 0.02}
TCAPPDLL 2025-07-28 07:34:28.569615 - Epoch: 0.0178 Iteration: 89  rank : 0  train.loss : 0.0154  train.ips : 0 imgs/s
{'loss': 0.0248, 'grad_norm': 1.6440179347991943, 'learning_rate': 4.9703333333333336e-05, 'epoch': 0.02}
TCAPPDLL 2025-07-28 07:34:37.769542 - Epoch: 0.018 Iteration: 90  rank : 0  train.loss : 0.0248  train.ips : 0 imgs/s
{'loss': 0.0283, 'grad_norm': 1.7588809728622437, 'learning_rate': 4.97e-05, 'epoch': 0.02}
TCAPPDLL 2025-07-28 07:34:46.867967 - Epoch: 0.0182 Iteration: 91  rank : 0  train.loss : 0.0283  train.ips : 0 imgs/s
{'loss': 0.0224, 'grad_norm': 1.4272693395614624, 'learning_rate': 4.969666666666667e-05, 'epoch': 0.02}
TCAPPDLL 2025-07-28 07:34:55.565460 - Epoch: 0.0184 Iteration: 92  rank : 0  train.loss : 0.0224  train.ips : 0 imgs/s
{'loss': 0.0024, 'grad_norm': 0.16991285979747772, 'learning_rate': 4.9693333333333334e-05, 'epoch': 0.02}
TCAPPDLL 2025-07-28 07:35:04.476029 - Epoch: 0.0186 Iteration: 93  rank : 0  train.loss : 0.0024  train.ips : 0 imgs/s
{'loss': 0.1475, 'grad_norm': 8.125080108642578, 'learning_rate': 4.969e-05, 'epoch': 0.02}
TCAPPDLL 2025-07-28 07:35:13.567071 - Epoch: 0.0188 Iteration: 94  rank : 0  train.loss : 0.1475  train.ips : 0 imgs/s
{'loss': 0.012, 'grad_norm': 0.6992045640945435, 'learning_rate': 4.968666666666667e-05, 'epoch': 0.02}
TCAPPDLL 2025-07-28 07:35:22.480246 - Epoch: 0.019 Iteration: 95  rank : 0  train.loss : 0.012  train.ips : 0 imgs/s
{'loss': 0.1247, 'grad_norm': 5.092210292816162, 'learning_rate': 4.968333333333334e-05, 'epoch': 0.02}
TCAPPDLL 2025-07-28 07:35:31.358420 - Epoch: 0.0192 Iteration: 96  rank : 0  train.loss : 0.1247  train.ips : 0 imgs/s
{'loss': 0.0274, 'grad_norm': 2.642622232437134, 'learning_rate': 4.9680000000000005e-05, 'epoch': 0.02}
TCAPPDLL 2025-07-28 07:35:40.166715 - Epoch: 0.0194 Iteration: 97  rank : 0  train.loss : 0.0274  train.ips : 0 imgs/s
{'loss': 0.0144, 'grad_norm': 2.929840564727783, 'learning_rate': 4.967666666666667e-05, 'epoch': 0.02}
TCAPPDLL 2025-07-28 07:35:48.766446 - Epoch: 0.0196 Iteration: 98  rank : 0  train.loss : 0.0144  train.ips : 0 imgs/s
{'loss': 0.0351, 'grad_norm': 2.683246612548828, 'learning_rate': 4.967333333333334e-05, 'epoch': 0.02}
TCAPPDLL 2025-07-28 07:35:57.674967 - Epoch: 0.0198 Iteration: 99  rank : 0  train.loss : 0.0351  train.ips : 0 imgs/s
{'loss': 0.1818, 'grad_norm': 4.770805358886719, 'learning_rate': 4.967e-05, 'epoch': 0.02}
TCAPPDLL 2025-07-28 07:36:06.250082 - Epoch: 0.02 Iteration: 100  rank : 0  train.loss : 0.1818  train.ips : 0 imgs/s
{'loss': 0.1814, 'grad_norm': 4.630758285522461, 'learning_rate': 4.966666666666667e-05, 'epoch': 0.02}
