--------------+------------------------------------------------
 Host IP      | 10.244.49.183
 PyTorch      | 2.4.0a0+git4451b0e
 Torch-SDAA   | 20250616.14.30.dev0+git35328dc
--------------+------------------------------------------------
 SDAA Driver  | 2.1.0 (N/A)
 SDAA Runtime | 2.1.0 (/opt/tecoai/lib64/libsdaart.so)
 SDPTI        | 1.4.0b0 (/opt/tecoai/lib64/libsdpti.so)
 TecoDNN      | 2.2.0b0 (/opt/tecoai/lib64/libtecodnn.so)
 TecoBLAS     | 2.2.0b0 (/opt/tecoai/lib64/libtecoblas.so)
 CustomDNN    | 1.20.0a0 (/opt/tecoai/lib64/libtecodnn_ext.so)
 TecoRAND     | 2.0.1 (/opt/tecoai/lib64/libtecorand.so)
 TCCL         | 1.23.0 (/opt/tecoai/lib64/libtccl.so)
--------------+------------------------------------------------
/data/bigc-data/zjh/train5/lib/python3.10/site-packages/torch/distributed/launch.py:208: FutureWarning: The module torch.distributed.launch is deprecated
and will be removed in future. Use torchrun.
Note that --use-env is set by default in torchrun.
If your script expects `--local-rank` argument to be set, please
change it to read from `os.environ['LOCAL_RANK']` instead. See 
https://pytorch.org/docs/stable/distributed.html#launch-utility for 
further instructions

  main()
--------------+------------------------------------------------
 Host IP      | 10.244.49.183
 PyTorch      | 2.4.0a0+git4451b0e
 Torch-SDAA   | 20250616.14.30.dev0+git35328dc
--------------+------------------------------------------------
 SDAA Driver  | 2.1.0 (N/A)
 SDAA Runtime | 2.1.0 (/opt/tecoai/lib64/libsdaart.so)
 SDPTI        | 1.4.0b0 (/opt/tecoai/lib64/libsdpti.so)
 TecoDNN      | 2.2.0b0 (/opt/tecoai/lib64/libtecodnn.so)
 TecoBLAS     | 2.2.0b0 (/opt/tecoai/lib64/libtecoblas.so)
 CustomDNN    | 1.20.0a0 (/opt/tecoai/lib64/libtecodnn_ext.so)
 TecoRAND     | 2.0.1 (/opt/tecoai/lib64/libtecorand.so)
 TCCL         | 1.23.0 (/opt/tecoai/lib64/libtccl.so)
--------------+------------------------------------------------
/data/bigc-data/zjh/train5/lib/python3.10/site-packages/mmengine/optim/optimizer/zero_optimizer.py:11: DeprecationWarning: `TorchScript` support for functional optimizers is deprecated and will be removed in a future PyTorch release. Consider using the `torch.compile` optimizer instead.
  from torch.distributed.optim import \
/data/bigc-data/zjh/train5/lib/python3.10/site-packages/mmengine/utils/dl_utils/setup_env.py:46: UserWarning: Setting OMP_NUM_THREADS environment variable for each process to be 1 in default, to avoid your system being overloaded, please further tune the variable for optimal performance in your application as needed.
  warnings.warn(
/data/bigc-data/zjh/train5/lib/python3.10/site-packages/mmengine/utils/dl_utils/setup_env.py:56: UserWarning: Setting MKL_NUM_THREADS environment variable for each process to be 1 in default, to avoid your system being overloaded, please further tune the variable for optimal performance in your application as needed.
  warnings.warn(
07/09 14:41:50 - mmengine - INFO - 
------------------------------------------------------------
System environment:
    sys.platform: linux
    Python: 3.10.16 (main, Dec 11 2024, 16:24:50) [GCC 11.2.0]
    CUDA available: False
    MUSA available: False
    numpy_random_seed: 603756184
    GCC: gcc (Ubuntu 11.4.0-1ubuntu1~22.04) 11.4.0
    PyTorch: 2.4.0a0+git4451b0e
    PyTorch compiling details: PyTorch built with:
  - GCC 11.5
  - C++ Version: 201703
  - Intel(R) oneAPI Math Kernel Library Version 2025.0-Product Build 20241009 for Intel(R) 64 architecture applications
  - Intel(R) MKL-DNN v3.4.2 (Git Hash 1137e04ec0b5251ca2b4400a4fd3c667ce843d67)
  - OpenMP 201511 (a.k.a. OpenMP 4.5)
  - LAPACK is enabled (usually provided by MKL)
  - NNPACK is enabled
  - CPU capability usage: AVX512
  - Build settings: BLAS_INFO=mkl, BUILD_TYPE=Release, CXX_COMPILER=/usr/bin/g++, CXX_FLAGS= -D_GLIBCXX_USE_CXX11_ABI=1 -fvisibility-inlines-hidden -DUSE_PTHREADPOOL -DNDEBUG -DUSE_KINETO -DLIBKINETO_NOCUPTI -DLIBKINETO_NOROCTRACER -DUSE_FBGEMM -DUSE_PYTORCH_QNNPACK -DUSE_XNNPACK -DSYMBOLICATE_MOBILE_DEBUG_HANDLE -O2 -fPIC -Wall -Wextra -Werror=return-type -Werror=non-virtual-dtor -Werror=range-loop-construct -Werror=bool-operation -Wnarrowing -Wno-missing-field-initializers -Wno-type-limits -Wno-array-bounds -Wno-unknown-pragmas -Wno-unused-parameter -Wno-unused-function -Wno-unused-result -Wno-strict-overflow -Wno-strict-aliasing -Wno-stringop-overflow -Wsuggest-override -Wno-psabi -Wno-error=pedantic -Wno-error=old-style-cast -Wno-missing-braces -fdiagnostics-color=always -faligned-new -Wno-unused-but-set-variable -Wno-maybe-uninitialized -fno-math-errno -fno-trapping-math -Werror=format -Wno-stringop-overflow, FORCE_FALLBACK_CUDA_MPI=1, LAPACK_INFO=mkl, PERF_WITH_AVX=1, PERF_WITH_AVX2=1, PERF_WITH_AVX512=1, TORCH_VERSION=2.4.0, USE_CUDA=OFF, USE_CUDNN=OFF, USE_CUSPARSELT=OFF, USE_EXCEPTION_PTR=1, USE_GFLAGS=OFF, USE_GLOG=OFF, USE_GLOO=ON, USE_MKL=ON, USE_MKLDNN=1, USE_MPI=ON, USE_NCCL=OFF, USE_NNPACK=ON, USE_OPENMP=ON, USE_ROCM=OFF, USE_ROCM_KERNEL_ASSERT=OFF, 

    TorchVision: 0.15.1a0+42759b1
    OpenCV: 4.11.0
    MMEngine: 0.10.4

Runtime environment:
    cudnn_benchmark: False
    mp_cfg: {'mp_start_method': 'fork', 'opencv_num_threads': 0}
    dist_cfg: {'backend': 'tccl'}
    seed: 603756184
    deterministic: False
    Distributed launcher: pytorch
    Distributed training: True
    GPU number: 1
------------------------------------------------------------

07/09 14:41:50 - mmengine - INFO - Config:
auto_scale_lr = dict(base_batch_size=2048)
data_preprocessor = dict(
    mean=[
        123.675,
        116.28,
        103.53,
    ],
    std=[
        58.395,
        57.12,
        57.375,
    ],
    to_rgb=True,
    type='SelfSupDataPreprocessor')
data_root = '/data/teco-data/imagenet/'
dataset_type = 'ImageNet'
default_hooks = dict(
    checkpoint=dict(interval=1, max_keep_ckpts=3, type='CheckpointHook'),
    logger=dict(interval=100, type='LoggerHook'),
    param_scheduler=dict(type='ParamSchedulerHook'),
    sampler_seed=dict(type='DistSamplerSeedHook'),
    timer=dict(type='IterTimerHook'),
    visualization=dict(enable=False, type='VisualizationHook'))
default_scope = 'mmpretrain'
env_cfg = dict(
    cudnn_benchmark=False,
    dist_cfg=dict(backend='nccl'),
    mp_cfg=dict(mp_start_method='fork', opencv_num_threads=0))
launcher = 'pytorch'
load_from = None
log_level = 'INFO'
model = dict(
    backbone=dict(arch='b', patch_size=16, type='MaskFeatViT'),
    head=dict(
        loss=dict(criterion='L2', type='PixelReconstructionLoss'),
        type='MIMHead'),
    neck=dict(
        in_channels=768,
        init_cfg=dict(bias=0, layer='Linear', std=0.02, type='TruncNormal'),
        norm_cfg=None,
        out_channels=108,
        type='LinearNeck'),
    target_generator=dict(
        gaussian_window=16, nbins=9, pool=8, type='HOGGenerator'),
    type='MaskFeat')
optim_wrapper = dict(
    clip_grad=dict(max_norm=0.02),
    loss_scale='dynamic',
    optimizer=dict(
        betas=(
            0.9,
            0.999,
        ), lr=0.0016, type='AdamW', weight_decay=0.05),
    paramwise_cfg=dict(
        bias_decay_mult=0.0,
        custom_keys=dict(mask_token=dict(decay_mult=0.0)),
        flat_decay_mult=0.0,
        norm_decay_mult=0.0),
    type='AmpOptimWrapper')
param_scheduler = [
    dict(
        begin=0,
        by_epoch=True,
        convert_to_iter_based=True,
        end=30,
        start_factor=1e-06,
        type='LinearLR'),
    dict(
        T_max=270,
        begin=30,
        by_epoch=True,
        convert_to_iter_based=True,
        end=300,
        eta_min=1e-06,
        type='CosineAnnealingLR'),
]
randomness = dict(deterministic=False, seed=None)
resume = False
train_cfg = dict(max_epochs=300, type='EpochBasedTrainLoop')
train_dataloader = dict(
    batch_size=32,
    collate_fn=dict(type='default_collate'),
    dataset=dict(
        ann_file='train_list.txt',
        data_prefix=dict(img_path=''),
        data_root='/data/teco-data/imagenet',
        pipeline=[
            dict(type='LoadImageFromFile'),
            dict(
                crop_ratio_range=(
                    0.5,
                    1.0,
                ),
                interpolation='bicubic',
                scale=224,
                type='RandomResizedCrop'),
            dict(direction='horizontal', prob=0.5, type='RandomFlip'),
            dict(
                input_size=14,
                min_num_patches=15,
                num_masking_patches=78,
                type='BEiTMaskGenerator'),
            dict(type='PackInputs'),
        ],
        type='ImageNet'),
    num_workers=8,
    persistent_workers=True,
    pin_memory=True,
    sampler=dict(shuffle=True, type='DefaultSampler'))
train_pipeline = [
    dict(type='LoadImageFromFile'),
    dict(
        crop_ratio_range=(
            0.5,
            1.0,
        ),
        interpolation='bicubic',
        scale=224,
        type='RandomResizedCrop'),
    dict(direction='horizontal', prob=0.5, type='RandomFlip'),
    dict(
        input_size=14,
        min_num_patches=15,
        num_masking_patches=78,
        type='BEiTMaskGenerator'),
    dict(type='PackInputs'),
]
vis_backends = [
    dict(type='LocalVisBackend'),
]
visualizer = dict(
    type='UniversalVisualizer', vis_backends=[
        dict(type='LocalVisBackend'),
    ])
work_dir = './work_dirs/maskfeat_vit-base-p16_8xb256-amp-coslr-300e_in1k'

07/09 14:41:54 - mmengine - INFO - Hooks will be executed in the following order:
before_run:
(VERY_HIGH   ) RuntimeInfoHook                    
(BELOW_NORMAL) LoggerHook                         
 -------------------- 
before_train:
(VERY_HIGH   ) RuntimeInfoHook                    
(NORMAL      ) IterTimerHook                      
(VERY_LOW    ) CheckpointHook                     
 -------------------- 
before_train_epoch:
(VERY_HIGH   ) RuntimeInfoHook                    
(NORMAL      ) IterTimerHook                      
(NORMAL      ) DistSamplerSeedHook                
 -------------------- 
before_train_iter:
(VERY_HIGH   ) RuntimeInfoHook                    
(NORMAL      ) IterTimerHook                      
 -------------------- 
after_train_iter:
(VERY_HIGH   ) RuntimeInfoHook                    
(NORMAL      ) IterTimerHook                      
(BELOW_NORMAL) LoggerHook                         
(LOW         ) ParamSchedulerHook                 
(VERY_LOW    ) CheckpointHook                     
 -------------------- 
after_train_epoch:
(NORMAL      ) IterTimerHook                      
(LOW         ) ParamSchedulerHook                 
(VERY_LOW    ) CheckpointHook                     
 -------------------- 
before_val:
(VERY_HIGH   ) RuntimeInfoHook                    
 -------------------- 
before_val_epoch:
(NORMAL      ) IterTimerHook                      
 -------------------- 
before_val_iter:
(NORMAL      ) IterTimerHook                      
 -------------------- 
after_val_iter:
(NORMAL      ) IterTimerHook                      
(NORMAL      ) VisualizationHook                  
(BELOW_NORMAL) LoggerHook                         
 -------------------- 
after_val_epoch:
(VERY_HIGH   ) RuntimeInfoHook                    
(NORMAL      ) IterTimerHook                      
(BELOW_NORMAL) LoggerHook                         
(LOW         ) ParamSchedulerHook                 
(VERY_LOW    ) CheckpointHook                     
 -------------------- 
after_val:
(VERY_HIGH   ) RuntimeInfoHook                    
 -------------------- 
after_train:
(VERY_HIGH   ) RuntimeInfoHook                    
(VERY_LOW    ) CheckpointHook                     
 -------------------- 
before_test:
(VERY_HIGH   ) RuntimeInfoHook                    
 -------------------- 
before_test_epoch:
(NORMAL      ) IterTimerHook                      
 -------------------- 
before_test_iter:
(NORMAL      ) IterTimerHook                      
 -------------------- 
after_test_iter:
(NORMAL      ) IterTimerHook                      
(NORMAL      ) VisualizationHook                  
(BELOW_NORMAL) LoggerHook                         
 -------------------- 
after_test_epoch:
(VERY_HIGH   ) RuntimeInfoHook                    
(NORMAL      ) IterTimerHook                      
(BELOW_NORMAL) LoggerHook                         
 -------------------- 
after_test:
(VERY_HIGH   ) RuntimeInfoHook                    
 -------------------- 
after_run:
(BELOW_NORMAL) LoggerHook                         
 -------------------- 
/data/bigc-data/zjh/train5/lib/python3.10/site-packages/albumentations/check_version.py:147: UserWarning: Error fetching version info The read operation timed out
  data = fetch_version_info()
07/09 14:42:08 - mmengine - INFO - paramwise_options -- backbone.mask_token:lr=0.0016
07/09 14:42:08 - mmengine - INFO - paramwise_options -- backbone.mask_token:weight_decay=0.0
07/09 14:42:08 - mmengine - INFO - paramwise_options -- backbone.mask_token:decay_mult=0.0
07/09 14:42:08 - mmengine - INFO - paramwise_options -- backbone.patch_embed.projection.bias:weight_decay=0.0
07/09 14:42:08 - mmengine - INFO - paramwise_options -- backbone.layers.0.ln1.weight:weight_decay=0.0
07/09 14:42:08 - mmengine - INFO - paramwise_options -- backbone.layers.0.ln1.bias:weight_decay=0.0
07/09 14:42:08 - mmengine - INFO - paramwise_options -- backbone.layers.0.attn.qkv.bias:weight_decay=0.0
07/09 14:42:08 - mmengine - INFO - paramwise_options -- backbone.layers.0.attn.proj.bias:weight_decay=0.0
07/09 14:42:08 - mmengine - INFO - paramwise_options -- backbone.layers.0.ln2.weight:weight_decay=0.0
07/09 14:42:08 - mmengine - INFO - paramwise_options -- backbone.layers.0.ln2.bias:weight_decay=0.0
07/09 14:42:08 - mmengine - INFO - paramwise_options -- backbone.layers.0.ffn.layers.0.0.bias:weight_decay=0.0
07/09 14:42:08 - mmengine - INFO - paramwise_options -- backbone.layers.0.ffn.layers.1.bias:weight_decay=0.0
07/09 14:42:08 - mmengine - INFO - paramwise_options -- backbone.layers.1.ln1.weight:weight_decay=0.0
07/09 14:42:08 - mmengine - INFO - paramwise_options -- backbone.layers.1.ln1.bias:weight_decay=0.0
07/09 14:42:08 - mmengine - INFO - paramwise_options -- backbone.layers.1.attn.qkv.bias:weight_decay=0.0
07/09 14:42:08 - mmengine - INFO - paramwise_options -- backbone.layers.1.attn.proj.bias:weight_decay=0.0
07/09 14:42:08 - mmengine - INFO - paramwise_options -- backbone.layers.1.ln2.weight:weight_decay=0.0
07/09 14:42:08 - mmengine - INFO - paramwise_options -- backbone.layers.1.ln2.bias:weight_decay=0.0
07/09 14:42:08 - mmengine - INFO - paramwise_options -- backbone.layers.1.ffn.layers.0.0.bias:weight_decay=0.0
07/09 14:42:08 - mmengine - INFO - paramwise_options -- backbone.layers.1.ffn.layers.1.bias:weight_decay=0.0
07/09 14:42:08 - mmengine - INFO - paramwise_options -- backbone.layers.2.ln1.weight:weight_decay=0.0
07/09 14:42:08 - mmengine - INFO - paramwise_options -- backbone.layers.2.ln1.bias:weight_decay=0.0
07/09 14:42:08 - mmengine - INFO - paramwise_options -- backbone.layers.2.attn.qkv.bias:weight_decay=0.0
07/09 14:42:08 - mmengine - INFO - paramwise_options -- backbone.layers.2.attn.proj.bias:weight_decay=0.0
07/09 14:42:08 - mmengine - INFO - paramwise_options -- backbone.layers.2.ln2.weight:weight_decay=0.0
07/09 14:42:08 - mmengine - INFO - paramwise_options -- backbone.layers.2.ln2.bias:weight_decay=0.0
07/09 14:42:08 - mmengine - INFO - paramwise_options -- backbone.layers.2.ffn.layers.0.0.bias:weight_decay=0.0
07/09 14:42:08 - mmengine - INFO - paramwise_options -- backbone.layers.2.ffn.layers.1.bias:weight_decay=0.0
07/09 14:42:08 - mmengine - INFO - paramwise_options -- backbone.layers.3.ln1.weight:weight_decay=0.0
07/09 14:42:08 - mmengine - INFO - paramwise_options -- backbone.layers.3.ln1.bias:weight_decay=0.0
07/09 14:42:08 - mmengine - INFO - paramwise_options -- backbone.layers.3.attn.qkv.bias:weight_decay=0.0
07/09 14:42:08 - mmengine - INFO - paramwise_options -- backbone.layers.3.attn.proj.bias:weight_decay=0.0
07/09 14:42:08 - mmengine - INFO - paramwise_options -- backbone.layers.3.ln2.weight:weight_decay=0.0
07/09 14:42:08 - mmengine - INFO - paramwise_options -- backbone.layers.3.ln2.bias:weight_decay=0.0
07/09 14:42:08 - mmengine - INFO - paramwise_options -- backbone.layers.3.ffn.layers.0.0.bias:weight_decay=0.0
07/09 14:42:08 - mmengine - INFO - paramwise_options -- backbone.layers.3.ffn.layers.1.bias:weight_decay=0.0
07/09 14:42:08 - mmengine - INFO - paramwise_options -- backbone.layers.4.ln1.weight:weight_decay=0.0
07/09 14:42:08 - mmengine - INFO - paramwise_options -- backbone.layers.4.ln1.bias:weight_decay=0.0
07/09 14:42:08 - mmengine - INFO - paramwise_options -- backbone.layers.4.attn.qkv.bias:weight_decay=0.0
07/09 14:42:08 - mmengine - INFO - paramwise_options -- backbone.layers.4.attn.proj.bias:weight_decay=0.0
07/09 14:42:08 - mmengine - INFO - paramwise_options -- backbone.layers.4.ln2.weight:weight_decay=0.0
07/09 14:42:08 - mmengine - INFO - paramwise_options -- backbone.layers.4.ln2.bias:weight_decay=0.0
07/09 14:42:08 - mmengine - INFO - paramwise_options -- backbone.layers.4.ffn.layers.0.0.bias:weight_decay=0.0
07/09 14:42:08 - mmengine - INFO - paramwise_options -- backbone.layers.4.ffn.layers.1.bias:weight_decay=0.0
07/09 14:42:08 - mmengine - INFO - paramwise_options -- backbone.layers.5.ln1.weight:weight_decay=0.0
07/09 14:42:08 - mmengine - INFO - paramwise_options -- backbone.layers.5.ln1.bias:weight_decay=0.0
07/09 14:42:08 - mmengine - INFO - paramwise_options -- backbone.layers.5.attn.qkv.bias:weight_decay=0.0
07/09 14:42:08 - mmengine - INFO - paramwise_options -- backbone.layers.5.attn.proj.bias:weight_decay=0.0
07/09 14:42:08 - mmengine - INFO - paramwise_options -- backbone.layers.5.ln2.weight:weight_decay=0.0
07/09 14:42:08 - mmengine - INFO - paramwise_options -- backbone.layers.5.ln2.bias:weight_decay=0.0
07/09 14:42:08 - mmengine - INFO - paramwise_options -- backbone.layers.5.ffn.layers.0.0.bias:weight_decay=0.0
07/09 14:42:08 - mmengine - INFO - paramwise_options -- backbone.layers.5.ffn.layers.1.bias:weight_decay=0.0
07/09 14:42:08 - mmengine - INFO - paramwise_options -- backbone.layers.6.ln1.weight:weight_decay=0.0
07/09 14:42:08 - mmengine - INFO - paramwise_options -- backbone.layers.6.ln1.bias:weight_decay=0.0
07/09 14:42:08 - mmengine - INFO - paramwise_options -- backbone.layers.6.attn.qkv.bias:weight_decay=0.0
07/09 14:42:08 - mmengine - INFO - paramwise_options -- backbone.layers.6.attn.proj.bias:weight_decay=0.0
07/09 14:42:08 - mmengine - INFO - paramwise_options -- backbone.layers.6.ln2.weight:weight_decay=0.0
07/09 14:42:08 - mmengine - INFO - paramwise_options -- backbone.layers.6.ln2.bias:weight_decay=0.0
07/09 14:42:08 - mmengine - INFO - paramwise_options -- backbone.layers.6.ffn.layers.0.0.bias:weight_decay=0.0
07/09 14:42:08 - mmengine - INFO - paramwise_options -- backbone.layers.6.ffn.layers.1.bias:weight_decay=0.0
07/09 14:42:08 - mmengine - INFO - paramwise_options -- backbone.layers.7.ln1.weight:weight_decay=0.0
07/09 14:42:08 - mmengine - INFO - paramwise_options -- backbone.layers.7.ln1.bias:weight_decay=0.0
07/09 14:42:08 - mmengine - INFO - paramwise_options -- backbone.layers.7.attn.qkv.bias:weight_decay=0.0
07/09 14:42:08 - mmengine - INFO - paramwise_options -- backbone.layers.7.attn.proj.bias:weight_decay=0.0
07/09 14:42:08 - mmengine - INFO - paramwise_options -- backbone.layers.7.ln2.weight:weight_decay=0.0
07/09 14:42:08 - mmengine - INFO - paramwise_options -- backbone.layers.7.ln2.bias:weight_decay=0.0
07/09 14:42:08 - mmengine - INFO - paramwise_options -- backbone.layers.7.ffn.layers.0.0.bias:weight_decay=0.0
07/09 14:42:08 - mmengine - INFO - paramwise_options -- backbone.layers.7.ffn.layers.1.bias:weight_decay=0.0
07/09 14:42:08 - mmengine - INFO - paramwise_options -- backbone.layers.8.ln1.weight:weight_decay=0.0
07/09 14:42:08 - mmengine - INFO - paramwise_options -- backbone.layers.8.ln1.bias:weight_decay=0.0
07/09 14:42:08 - mmengine - INFO - paramwise_options -- backbone.layers.8.attn.qkv.bias:weight_decay=0.0
07/09 14:42:08 - mmengine - INFO - paramwise_options -- backbone.layers.8.attn.proj.bias:weight_decay=0.0
07/09 14:42:08 - mmengine - INFO - paramwise_options -- backbone.layers.8.ln2.weight:weight_decay=0.0
07/09 14:42:08 - mmengine - INFO - paramwise_options -- backbone.layers.8.ln2.bias:weight_decay=0.0
07/09 14:42:08 - mmengine - INFO - paramwise_options -- backbone.layers.8.ffn.layers.0.0.bias:weight_decay=0.0
07/09 14:42:08 - mmengine - INFO - paramwise_options -- backbone.layers.8.ffn.layers.1.bias:weight_decay=0.0
07/09 14:42:08 - mmengine - INFO - paramwise_options -- backbone.layers.9.ln1.weight:weight_decay=0.0
07/09 14:42:08 - mmengine - INFO - paramwise_options -- backbone.layers.9.ln1.bias:weight_decay=0.0
07/09 14:42:08 - mmengine - INFO - paramwise_options -- backbone.layers.9.attn.qkv.bias:weight_decay=0.0
07/09 14:42:08 - mmengine - INFO - paramwise_options -- backbone.layers.9.attn.proj.bias:weight_decay=0.0
07/09 14:42:08 - mmengine - INFO - paramwise_options -- backbone.layers.9.ln2.weight:weight_decay=0.0
07/09 14:42:08 - mmengine - INFO - paramwise_options -- backbone.layers.9.ln2.bias:weight_decay=0.0
07/09 14:42:08 - mmengine - INFO - paramwise_options -- backbone.layers.9.ffn.layers.0.0.bias:weight_decay=0.0
07/09 14:42:08 - mmengine - INFO - paramwise_options -- backbone.layers.9.ffn.layers.1.bias:weight_decay=0.0
07/09 14:42:08 - mmengine - INFO - paramwise_options -- backbone.layers.10.ln1.weight:weight_decay=0.0
07/09 14:42:08 - mmengine - INFO - paramwise_options -- backbone.layers.10.ln1.bias:weight_decay=0.0
07/09 14:42:08 - mmengine - INFO - paramwise_options -- backbone.layers.10.attn.qkv.bias:weight_decay=0.0
07/09 14:42:08 - mmengine - INFO - paramwise_options -- backbone.layers.10.attn.proj.bias:weight_decay=0.0
07/09 14:42:08 - mmengine - INFO - paramwise_options -- backbone.layers.10.ln2.weight:weight_decay=0.0
07/09 14:42:08 - mmengine - INFO - paramwise_options -- backbone.layers.10.ln2.bias:weight_decay=0.0
07/09 14:42:08 - mmengine - INFO - paramwise_options -- backbone.layers.10.ffn.layers.0.0.bias:weight_decay=0.0
07/09 14:42:08 - mmengine - INFO - paramwise_options -- backbone.layers.10.ffn.layers.1.bias:weight_decay=0.0
07/09 14:42:08 - mmengine - INFO - paramwise_options -- backbone.layers.11.ln1.weight:weight_decay=0.0
07/09 14:42:08 - mmengine - INFO - paramwise_options -- backbone.layers.11.ln1.bias:weight_decay=0.0
07/09 14:42:08 - mmengine - INFO - paramwise_options -- backbone.layers.11.attn.qkv.bias:weight_decay=0.0
07/09 14:42:08 - mmengine - INFO - paramwise_options -- backbone.layers.11.attn.proj.bias:weight_decay=0.0
07/09 14:42:08 - mmengine - INFO - paramwise_options -- backbone.layers.11.ln2.weight:weight_decay=0.0
07/09 14:42:08 - mmengine - INFO - paramwise_options -- backbone.layers.11.ln2.bias:weight_decay=0.0
07/09 14:42:08 - mmengine - INFO - paramwise_options -- backbone.layers.11.ffn.layers.0.0.bias:weight_decay=0.0
07/09 14:42:08 - mmengine - INFO - paramwise_options -- backbone.layers.11.ffn.layers.1.bias:weight_decay=0.0
07/09 14:42:08 - mmengine - INFO - paramwise_options -- backbone.ln1.weight:weight_decay=0.0
07/09 14:42:08 - mmengine - INFO - paramwise_options -- backbone.ln1.bias:weight_decay=0.0
07/09 14:42:08 - mmengine - INFO - paramwise_options -- neck.fc.bias:weight_decay=0.0
07/09 14:42:18 - mmengine - WARNING - "FileClient" will be deprecated in future. Please use io functions in https://mmengine.readthedocs.io/en/latest/api/fileio.html#file-io
07/09 14:42:18 - mmengine - WARNING - "HardDiskBackend" is the alias of "LocalBackend" and the former will be deprecated in future.
07/09 14:42:18 - mmengine - INFO - Checkpoints will be saved to /data/bigc-data/zjh/new/maskfeat/run_scripts/work_dirs/maskfeat_vit-base-p16_8xb256-amp-coslr-300e_in1k.
/data/bigc-data/zjh/new/dinov2/mmpretrain/models/selfsup/maskfeat.py:118: UserWarning: To copy construct from a tensor, it is recommended to use sourceTensor.clone().detach() or sourceTensor.clone().detach().requires_grad_(True), rather than torch.tensor(sourceTensor).
  out.scatter_add_(2, torch.tensor(phase).floor().long() % torch.tensor(self.nbins), norm_rgb.to(out.dtype))
TCAPPDLL 2025-07-09 14:42:34.637371 - Epoch: 0 Iteration: 0  rank : 0  train.loss : 0.4317645728588104  train.ips : 1.9537592014343532 imgs/s train.total_time : 16.378681659698486 
TCAPPDLL 2025-07-09 14:42:49.030201 - Epoch: 0 Iteration: 1  rank : 0  train.loss : 0.4237419068813324  train.ips : 2.223385732430396 imgs/s train.total_time : 14.392464399337769 
TCAPPDLL 2025-07-09 14:43:03.430609 - Epoch: 0 Iteration: 2  rank : 0  train.loss : 0.43143582344055176  train.ips : 2.2221970045926347 imgs/s train.total_time : 14.400163412094116 
TCAPPDLL 2025-07-09 14:43:17.824534 - Epoch: 0 Iteration: 3  rank : 0  train.loss : 0.43406859040260315  train.ips : 2.223196213538911 imgs/s train.total_time : 14.393691301345825 
TCAPPDLL 2025-07-09 14:43:32.239194 - Epoch: 0 Iteration: 4  rank : 0  train.loss : 0.4344678223133087  train.ips : 2.2199953746832417 imgs/s train.total_time : 14.41444444656372 
TCAPPDLL 2025-07-09 14:43:46.637973 - Epoch: 0 Iteration: 5  rank : 0  train.loss : 0.434344083070755  train.ips : 2.222442840177029 imgs/s train.total_time : 14.398570537567139 
TCAPPDLL 2025-07-09 14:44:01.036765 - Epoch: 0 Iteration: 6  rank : 0  train.loss : 0.4266997277736664  train.ips : 2.2224446801933744 imgs/s train.total_time : 14.398558616638184 
TCAPPDLL 2025-07-09 14:44:15.438004 - Epoch: 0 Iteration: 7  rank : 0  train.loss : 0.43156102299690247  train.ips : 2.2220686441767836 imgs/s train.total_time : 14.400995254516602 
TCAPPDLL 2025-07-09 14:44:29.894084 - Epoch: 0 Iteration: 8  rank : 0  train.loss : 0.4460797607898712  train.ips : 2.213641311435297 imgs/s train.total_time : 14.455819845199585 
TCAPPDLL 2025-07-09 14:44:44.293944 - Epoch: 0 Iteration: 9  rank : 0  train.loss : 0.4299694001674652  train.ips : 2.2222775823349816 imgs/s train.total_time : 14.399641275405884 
TCAPPDLL 2025-07-09 14:44:58.679628 - Epoch: 0 Iteration: 10  rank : 0  train.loss : 0.42906454205513  train.ips : 2.224466010149153 imgs/s train.total_time : 14.385474920272827 
TCAPPDLL 2025-07-09 14:45:13.086099 - Epoch: 0 Iteration: 11  rank : 0  train.loss : 0.42622435092926025  train.ips : 2.221255965589048 imgs/s train.total_time : 14.406264066696167 
TCAPPDLL 2025-07-09 14:45:27.483990 - Epoch: 0 Iteration: 12  rank : 0  train.loss : 0.4276851415634155  train.ips : 2.222580739443701 imgs/s train.total_time : 14.397677183151245 
TCAPPDLL 2025-07-09 14:45:41.892278 - Epoch: 0 Iteration: 13  rank : 0  train.loss : 0.419352650642395  train.ips : 2.2209777196685834 imgs/s train.total_time : 14.408068895339966 
TCAPPDLL 2025-07-09 14:45:56.306725 - Epoch: 0 Iteration: 14  rank : 0  train.loss : 0.4335862696170807  train.ips : 2.2200266966781688 imgs/s train.total_time : 14.414241075515747 
TCAPPDLL 2025-07-09 14:46:10.697568 - Epoch: 0 Iteration: 15  rank : 0  train.loss : 0.4232003688812256  train.ips : 2.223669002972414 imgs/s train.total_time : 14.390630960464478 
TCAPPDLL 2025-07-09 14:46:25.138021 - Epoch: 0 Iteration: 16  rank : 0  train.loss : 0.42908161878585815  train.ips : 2.2160381533534927 imgs/s train.total_time : 14.440184593200684 
TCAPPDLL 2025-07-09 14:46:39.597733 - Epoch: 0 Iteration: 17  rank : 0  train.loss : 0.4230377972126007  train.ips : 2.21308406283735 imgs/s train.total_time : 14.459459781646729 
TCAPPDLL 2025-07-09 14:46:53.987061 - Epoch: 0 Iteration: 18  rank : 0  train.loss : 0.43104851245880127  train.ips : 2.2239076840326772 imgs/s train.total_time : 14.389086484909058 
TCAPPDLL 2025-07-09 14:47:08.379981 - Epoch: 0 Iteration: 19  rank : 0  train.loss : 0.429291695356369  train.ips : 2.223348164905785 imgs/s train.total_time : 14.392707586288452 
TCAPPDLL 2025-07-09 14:47:22.769314 - Epoch: 0 Iteration: 20  rank : 0  train.loss : 0.42474958300590515  train.ips : 2.223902267268797 imgs/s train.total_time : 14.389121532440186 
TCAPPDLL 2025-07-09 14:47:37.157536 - Epoch: 0 Iteration: 21  rank : 0  train.loss : 0.4190513491630554  train.ips : 2.2240747691513985 imgs/s train.total_time : 14.388005495071411 
TCAPPDLL 2025-07-09 14:47:51.560543 - Epoch: 0 Iteration: 22  rank : 0  train.loss : 0.41962766647338867  train.ips : 2.2217899004018062 imgs/s train.total_time : 14.402801990509033 
TCAPPDLL 2025-07-09 14:48:06.001175 - Epoch: 0 Iteration: 23  rank : 0  train.loss : 0.4230966866016388  train.ips : 2.2160025167293522 imgs/s train.total_time : 14.440416812896729 
TCAPPDLL 2025-07-09 14:48:20.391157 - Epoch: 0 Iteration: 24  rank : 0  train.loss : 0.4253745973110199  train.ips : 2.2238001275185892 imgs/s train.total_time : 14.389782428741455 
TCAPPDLL 2025-07-09 14:48:34.781249 - Epoch: 0 Iteration: 25  rank : 0  train.loss : 0.42844000458717346  train.ips : 2.223784173635716 imgs/s train.total_time : 14.389885663986206 
TCAPPDLL 2025-07-09 14:48:49.190689 - Epoch: 0 Iteration: 26  rank : 0  train.loss : 0.41609397530555725  train.ips : 2.220802243726632 imgs/s train.total_time : 14.409207344055176 
TCAPPDLL 2025-07-09 14:49:03.584851 - Epoch: 0 Iteration: 27  rank : 0  train.loss : 0.413926899433136  train.ips : 2.2231616351668713 imgs/s train.total_time : 14.393915176391602 
TCAPPDLL 2025-07-09 14:49:18.077168 - Epoch: 0 Iteration: 28  rank : 0  train.loss : 0.4129462242126465  train.ips : 2.2081015468834106 imgs/s train.total_time : 14.492087125778198 
TCAPPDLL 2025-07-09 14:49:32.467854 - Epoch: 0 Iteration: 29  rank : 0  train.loss : 0.4182477593421936  train.ips : 2.2236935392921717 imgs/s train.total_time : 14.390472173690796 
TCAPPDLL 2025-07-09 14:49:46.891375 - Epoch: 0 Iteration: 30  rank : 0  train.loss : 0.4103362262248993  train.ips : 2.2186316507262562 imgs/s train.total_time : 14.423304557800293 
TCAPPDLL 2025-07-09 14:50:01.295404 - Epoch: 0 Iteration: 31  rank : 0  train.loss : 0.42063796520233154  train.ips : 2.221633785891427 imgs/s train.total_time : 14.40381407737732 
TCAPPDLL 2025-07-09 14:50:15.685606 - Epoch: 0 Iteration: 32  rank : 0  train.loss : 0.4222155809402466  train.ips : 2.223770872767468 imgs/s train.total_time : 14.389971733093262 
TCAPPDLL 2025-07-09 14:50:30.087090 - Epoch: 0 Iteration: 33  rank : 0  train.loss : 0.40768879652023315  train.ips : 2.2220248674320042 imgs/s train.total_time : 14.401278972625732 
TCAPPDLL 2025-07-09 14:50:44.478997 - Epoch: 0 Iteration: 34  rank : 0  train.loss : 0.41361236572265625  train.ips : 2.2235079461603773 imgs/s train.total_time : 14.39167332649231 
TCAPPDLL 2025-07-09 14:50:58.871702 - Epoch: 0 Iteration: 35  rank : 0  train.loss : 0.4084652066230774  train.ips : 2.223385474609724 imgs/s train.total_time : 14.392466068267822 
TCAPPDLL 2025-07-09 14:51:13.271020 - Epoch: 0 Iteration: 36  rank : 0  train.loss : 0.42309266328811646  train.ips : 2.2223646790963345 imgs/s train.total_time : 14.39907693862915 
TCAPPDLL 2025-07-09 14:51:27.688341 - Epoch: 0 Iteration: 37  rank : 0  train.loss : 0.4101506471633911  train.ips : 2.219584488470054 imgs/s train.total_time : 14.417112827301025 
TCAPPDLL 2025-07-09 14:51:42.085090 - Epoch: 0 Iteration: 38  rank : 0  train.loss : 0.4046609103679657  train.ips : 2.22275612845701 imgs/s train.total_time : 14.396541118621826 
TCAPPDLL 2025-07-09 14:51:56.486571 - Epoch: 0 Iteration: 39  rank : 0  train.loss : 0.3956083357334137  train.ips : 2.2220264492507273 imgs/s train.total_time : 14.401268720626831 
TCAPPDLL 2025-07-09 14:52:10.880983 - Epoch: 0 Iteration: 40  rank : 0  train.loss : 0.3990464508533478  train.ips : 2.2231171893611954 imgs/s train.total_time : 14.394202947616577 
TCAPPDLL 2025-07-09 14:52:25.278880 - Epoch: 0 Iteration: 41  rank : 0  train.loss : 0.405750572681427  train.ips : 2.222580150566043 imgs/s train.total_time : 14.39768099784851 
TCAPPDLL 2025-07-09 14:52:39.685553 - Epoch: 0 Iteration: 42  rank : 0  train.loss : 0.40673184394836426  train.ips : 2.2212249764973473 imgs/s train.total_time : 14.40646505355835 
TCAPPDLL 2025-07-09 14:52:54.099986 - Epoch: 0 Iteration: 43  rank : 0  train.loss : 0.3915577530860901  train.ips : 2.220043110784607 imgs/s train.total_time : 14.414134502410889 
TCAPPDLL 2025-07-09 14:53:08.589431 - Epoch: 0 Iteration: 44  rank : 0  train.loss : 0.4025903344154358  train.ips : 2.2085448965763304 imgs/s train.total_time : 14.489177942276001 
TCAPPDLL 2025-07-09 14:53:22.989275 - Epoch: 0 Iteration: 45  rank : 0  train.loss : 0.3921144902706146  train.ips : 2.2222843526031872 imgs/s train.total_time : 14.399597406387329 
TCAPPDLL 2025-07-09 14:53:37.411792 - Epoch: 0 Iteration: 46  rank : 0  train.loss : 0.39118707180023193  train.ips : 2.218783932412932 imgs/s train.total_time : 14.422314643859863 
TCAPPDLL 2025-07-09 14:53:51.802854 - Epoch: 0 Iteration: 47  rank : 0  train.loss : 0.3925234079360962  train.ips : 2.223639088552318 imgs/s train.total_time : 14.390824556350708 
TCAPPDLL 2025-07-09 14:54:06.177048 - Epoch: 0 Iteration: 48  rank : 0  train.loss : 0.38445910811424255  train.ips : 2.226244842246436 imgs/s train.total_time : 14.373980522155762 
TCAPPDLL 2025-07-09 14:54:20.591395 - Epoch: 0 Iteration: 49  rank : 0  train.loss : 0.39532265067100525  train.ips : 2.220043037342874 imgs/s train.total_time : 14.414134979248047 
TCAPPDLL 2025-07-09 14:54:35.039591 - Epoch: 0 Iteration: 50  rank : 0  train.loss : 0.37031346559524536  train.ips : 2.2148459368869444 imgs/s train.total_time : 14.447957515716553 
TCAPPDLL 2025-07-09 14:54:49.494533 - Epoch: 0 Iteration: 51  rank : 0  train.loss : 0.38847678899765015  train.ips : 2.2138136126737713 imgs/s train.total_time : 14.454694747924805 
TCAPPDLL 2025-07-09 14:55:03.893868 - Epoch: 0 Iteration: 52  rank : 0  train.loss : 0.3801664113998413  train.ips : 2.222360336975271 imgs/s train.total_time : 14.399105072021484 
TCAPPDLL 2025-07-09 14:55:18.296257 - Epoch: 0 Iteration: 53  rank : 0  train.loss : 0.38531580567359924  train.ips : 2.2218859336761283 imgs/s train.total_time : 14.402179479598999 
TCAPPDLL 2025-07-09 14:55:32.710083 - Epoch: 0 Iteration: 54  rank : 0  train.loss : 0.3878326416015625  train.ips : 2.220123679291867 imgs/s train.total_time : 14.41361141204834 
TCAPPDLL 2025-07-09 14:55:47.110910 - Epoch: 0 Iteration: 55  rank : 0  train.loss : 0.37675949931144714  train.ips : 2.222127616753947 imgs/s train.total_time : 14.400613069534302 
TCAPPDLL 2025-07-09 14:56:01.605609 - Epoch: 0 Iteration: 56  rank : 0  train.loss : 0.3743632137775421  train.ips : 2.2077437486912785 imgs/s train.total_time : 14.494435787200928 
TCAPPDLL 2025-07-09 14:56:16.078766 - Epoch: 0 Iteration: 57  rank : 0  train.loss : 0.373048335313797  train.ips : 2.211029666533951 imgs/s train.total_time : 14.47289490699768 
TCAPPDLL 2025-07-09 14:56:30.494393 - Epoch: 0 Iteration: 58  rank : 0  train.loss : 0.37705662846565247  train.ips : 2.2198535738494374 imgs/s train.total_time : 14.415365219116211 
TCAPPDLL 2025-07-09 14:56:44.886575 - Epoch: 0 Iteration: 59  rank : 0  train.loss : 0.3686397075653076  train.ips : 2.223465991228707 imgs/s train.total_time : 14.391944885253906 
TCAPPDLL 2025-07-09 14:56:59.295122 - Epoch: 0 Iteration: 60  rank : 0  train.loss : 0.36835208535194397  train.ips : 2.2209353089104087 imgs/s train.total_time : 14.408344030380249 
TCAPPDLL 2025-07-09 14:57:13.701742 - Epoch: 0 Iteration: 61  rank : 0  train.loss : 0.3535281717777252  train.ips : 2.2212322549963512 imgs/s train.total_time : 14.406417846679688 
TCAPPDLL 2025-07-09 14:57:28.108704 - Epoch: 0 Iteration: 62  rank : 0  train.loss : 0.3680541217327118  train.ips : 2.2211805345761433 imgs/s train.total_time : 14.406753301620483 
TCAPPDLL 2025-07-09 14:57:42.605603 - Epoch: 0 Iteration: 63  rank : 0  train.loss : 0.36648938059806824  train.ips : 2.2074010961242747 imgs/s train.total_time : 14.49668574333191 
TCAPPDLL 2025-07-09 14:57:56.996449 - Epoch: 0 Iteration: 64  rank : 0  train.loss : 0.368039608001709  train.ips : 2.2236696292681364 imgs/s train.total_time : 14.390626907348633 
TCAPPDLL 2025-07-09 14:58:11.406123 - Epoch: 0 Iteration: 65  rank : 0  train.loss : 0.35452815890312195  train.ips : 2.220772920817863 imgs/s train.total_time : 14.409397602081299 
TCAPPDLL 2025-07-09 14:58:25.819083 - Epoch: 0 Iteration: 66  rank : 0  train.loss : 0.3626098334789276  train.ips : 2.2202612541707523 imgs/s train.total_time : 14.412718296051025 
TCAPPDLL 2025-07-09 14:58:40.307710 - Epoch: 0 Iteration: 67  rank : 0  train.loss : 0.3484707474708557  train.ips : 2.208671953691287 imgs/s train.total_time : 14.488344430923462 
TCAPPDLL 2025-07-09 14:58:54.702734 - Epoch: 0 Iteration: 68  rank : 0  train.loss : 0.35079583525657654  train.ips : 2.223036366621904 imgs/s train.total_time : 14.394726276397705 
TCAPPDLL 2025-07-09 14:59:09.088787 - Epoch: 0 Iteration: 69  rank : 0  train.loss : 0.3465059995651245  train.ips : 2.2244094202400158 imgs/s train.total_time : 14.385840892791748 
TCAPPDLL 2025-07-09 14:59:23.488738 - Epoch: 0 Iteration: 70  rank : 0  train.loss : 0.3402233421802521  train.ips : 2.2222619078506 imgs/s train.total_time : 14.399742841720581 
TCAPPDLL 2025-07-09 14:59:37.876238 - Epoch: 0 Iteration: 71  rank : 0  train.loss : 0.33769750595092773  train.ips : 2.224186296039567 imgs/s train.total_time : 14.38728404045105 
TCAPPDLL 2025-07-09 14:59:52.289200 - Epoch: 0 Iteration: 72  rank : 0  train.loss : 0.337212473154068  train.ips : 2.2202544962237996 imgs/s train.total_time : 14.41276216506958 
TCAPPDLL 2025-07-09 15:00:06.687550 - Epoch: 0 Iteration: 73  rank : 0  train.loss : 0.3422897756099701  train.ips : 2.2225126893348914 imgs/s train.total_time : 14.398118019104004 
TCAPPDLL 2025-07-09 15:00:21.092193 - Epoch: 0 Iteration: 74  rank : 0  train.loss : 0.3401869833469391  train.ips : 2.221543473827509 imgs/s train.total_time : 14.404399633407593 
TCAPPDLL 2025-07-09 15:00:35.482025 - Epoch: 0 Iteration: 75  rank : 0  train.loss : 0.34192895889282227  train.ips : 2.2238289408847813 imgs/s train.total_time : 14.389595985412598 
TCAPPDLL 2025-07-09 15:00:49.871301 - Epoch: 0 Iteration: 76  rank : 0  train.loss : 0.3509213626384735  train.ips : 2.2239117374106643 imgs/s train.total_time : 14.389060258865356 
TCAPPDLL 2025-07-09 15:01:04.300448 - Epoch: 0 Iteration: 77  rank : 0  train.loss : 0.3260849118232727  train.ips : 2.2177677599616215 imgs/s train.total_time : 14.428922891616821 
TCAPPDLL 2025-07-09 15:01:18.704104 - Epoch: 0 Iteration: 78  rank : 0  train.loss : 0.33386003971099854  train.ips : 2.2216915585746264 imgs/s train.total_time : 14.40343952178955 
TCAPPDLL 2025-07-09 15:01:33.103704 - Epoch: 0 Iteration: 79  rank : 0  train.loss : 0.3338044583797455  train.ips : 2.2223182781553428 imgs/s train.total_time : 14.399377584457397 
TCAPPDLL 2025-07-09 15:01:47.504850 - Epoch: 0 Iteration: 80  rank : 0  train.loss : 0.31732237339019775  train.ips : 2.222079091990996 imgs/s train.total_time : 14.400927543640137 
TCAPPDLL 2025-07-09 15:02:02.008132 - Epoch: 0 Iteration: 81  rank : 0  train.loss : 0.3308431804180145  train.ips : 2.2064290532608637 imgs/s train.total_time : 14.503072261810303 
TCAPPDLL 2025-07-09 15:02:16.418661 - Epoch: 0 Iteration: 82  rank : 0  train.loss : 0.31806284189224243  train.ips : 2.220637413473174 imgs/s train.total_time : 14.410276889801025 
TCAPPDLL 2025-07-09 15:02:30.852517 - Epoch: 0 Iteration: 83  rank : 0  train.loss : 0.3167889416217804  train.ips : 2.2170479802114795 imgs/s train.total_time : 14.433607339859009 
TCAPPDLL 2025-07-09 15:02:45.289924 - Epoch: 0 Iteration: 84  rank : 0  train.loss : 0.31620466709136963  train.ips : 2.2165018632257802 imgs/s train.total_time : 14.437163591384888 
TCAPPDLL 2025-07-09 15:02:59.681637 - Epoch: 0 Iteration: 85  rank : 0  train.loss : 0.3177018463611603  train.ips : 2.2235350206398636 imgs/s train.total_time : 14.39149808883667 
TCAPPDLL 2025-07-09 15:03:14.090901 - Epoch: 0 Iteration: 86  rank : 0  train.loss : 0.30372485518455505  train.ips : 2.2208265698350917 imgs/s train.total_time : 14.40904951095581 
TCAPPDLL 2025-07-09 15:03:28.495360 - Epoch: 0 Iteration: 87  rank : 0  train.loss : 0.31379953026771545  train.ips : 2.2215685516039865 imgs/s train.total_time : 14.404237031936646 
TCAPPDLL 2025-07-09 15:03:42.896860 - Epoch: 0 Iteration: 88  rank : 0  train.loss : 0.30473417043685913  train.ips : 2.222022586674089 imgs/s train.total_time : 14.401293754577637 
TCAPPDLL 2025-07-09 15:03:57.298993 - Epoch: 0 Iteration: 89  rank : 0  train.loss : 0.29814571142196655  train.ips : 2.2219250334767757 imgs/s train.total_time : 14.401926040649414 
TCAPPDLL 2025-07-09 15:04:11.690738 - Epoch: 0 Iteration: 90  rank : 0  train.loss : 0.29217755794525146  train.ips : 2.22352813224037 imgs/s train.total_time : 14.391542673110962 
TCAPPDLL 2025-07-09 15:04:26.078493 - Epoch: 0 Iteration: 91  rank : 0  train.loss : 0.29152989387512207  train.ips : 2.2241444260749375 imgs/s train.total_time : 14.38755488395691 
TCAPPDLL 2025-07-09 15:04:40.463928 - Epoch: 0 Iteration: 92  rank : 0  train.loss : 0.2855241596698761  train.ips : 2.224510583642102 imgs/s train.total_time : 14.385186672210693 
TCAPPDLL 2025-07-09 15:04:54.900960 - Epoch: 0 Iteration: 93  rank : 0  train.loss : 0.29653456807136536  train.ips : 2.216559039855321 imgs/s train.total_time : 14.436791181564331 
TCAPPDLL 2025-07-09 15:05:09.293295 - Epoch: 0 Iteration: 94  rank : 0  train.loss : 0.2932623326778412  train.ips : 2.2234447012719505 imgs/s train.total_time : 14.392082691192627 
TCAPPDLL 2025-07-09 15:05:23.700284 - Epoch: 0 Iteration: 95  rank : 0  train.loss : 0.2782500386238098  train.ips : 2.2211779614838045 imgs/s train.total_time : 14.40676999092102 
TCAPPDLL 2025-07-09 15:05:38.110015 - Epoch: 0 Iteration: 96  rank : 0  train.loss : 0.2806347906589508  train.ips : 2.220754217762982 imgs/s train.total_time : 14.409518957138062 
TCAPPDLL 2025-07-09 15:05:52.593692 - Epoch: 0 Iteration: 97  rank : 0  train.loss : 0.27505844831466675  train.ips : 2.209416818328639 imgs/s train.total_time : 14.483459949493408 
TCAPPDLL 2025-07-09 15:06:06.988142 - Epoch: 0 Iteration: 98  rank : 0  train.loss : 0.279476523399353  train.ips : 2.223112844299084 imgs/s train.total_time : 14.394231081008911 
TCAPPDLL 2025-07-09 15:06:21.383988 - Epoch: 0 Iteration: 99  rank : 0  train.loss : 0.2748023569583893  train.ips : 2.2229003988452978 imgs/s train.total_time : 14.395606756210327 
07/09 15:06:21 - mmengine - INFO - Epoch(train)   [1][  100/40037]  base_lr: 1.3348e-07 lr: 1.3348e-07  eta: 2006 days, 3:27:24  time: 14.4083  data_time: 0.0026  memory: 4303  grad_norm: 4.9233  loss: 0.2847
TCAPPDLL 2025-07-09 15:06:35.965938 - Epoch: 0 Iteration: 100  rank : 0  train.loss : 0.26456981897354126  train.ips : 2.194530950555377 imgs/s train.total_time : 14.581703662872314 
