Finished loading SAM model

  0%|          | 0/422 [00:00<?, ?it/s]
  0%|          | 1/422 [00:00<06:38,  1.06it/s]
  0%|          | 2/422 [00:01<03:44,  1.87it/s]
  1%|          | 3/422 [00:01<02:31,  2.76it/s]
  1%|          | 4/422 [00:01<01:50,  3.77it/s]
  1%|          | 5/422 [00:01<01:52,  3.70it/s]
  1%|▏         | 6/422 [00:01<01:31,  4.57it/s]
  2%|▏         | 7/422 [00:01<01:17,  5.39it/s]
  2%|▏         | 8/422 [00:02<01:29,  4.63it/s]
  2%|▏         | 9/422 [00:02<01:19,  5.18it/s]
  2%|▏         | 10/422 [00:02<01:13,  5.62it/s]
  3%|▎         | 11/422 [00:02<01:08,  6.02it/s]
  3%|▎         | 12/422 [00:02<01:01,  6.64it/s]
  3%|▎         | 13/422 [00:02<00:57,  7.09it/s]
  3%|▎         | 14/422 [00:03<00:54,  7.56it/s]
  4%|▎         | 15/422 [00:03<01:06,  6.11it/s]
  4%|▍         | 16/422 [00:04<02:22,  2.85it/s]
  4%|▍         | 17/422 [00:04<01:56,  3.47it/s]
  4%|▍         | 18/422 [00:04<01:48,  3.72it/s]
  5%|▍         | 19/422 [00:04<01:42,  3.95it/s]
  5%|▍         | 20/422 [00:04<01:46,  3.78it/s]
  5%|▍         | 21/422 [00:05<01:34,  4.24it/s]
  5%|▌         | 22/422 [00:05<01:23,  4.76it/s]
  5%|▌         | 23/422 [00:05<01:43,  3.85it/s]
  6%|▌         | 24/422 [00:05<01:37,  4.08it/s]
  6%|▌         | 25/422 [00:05<01:21,  4.85it/s]
  6%|▌         | 26/422 [00:06<01:18,  5.06it/s]
  6%|▋         | 27/422 [00:06<01:11,  5.55it/s]
  7%|▋         | 28/422 [00:06<01:02,  6.25it/s]
  7%|▋         | 29/422 [00:06<01:03,  6.15it/s]
  7%|▋         | 30/422 [00:06<01:06,  5.92it/s]
  7%|▋         | 31/422 [00:07<01:21,  4.81it/s]
  8%|▊         | 32/422 [00:07<01:10,  5.50it/s]
  8%|▊         | 33/422 [00:07<01:14,  5.22it/s]
  8%|▊         | 34/422 [00:07<01:04,  6.03it/s]
  8%|▊         | 35/422 [00:07<00:57,  6.74it/s]
  9%|▊         | 36/422 [00:07<00:53,  7.18it/s]
  9%|▉         | 37/422 [00:07<00:50,  7.62it/s]
  9%|▉         | 38/422 [00:08<01:20,  4.78it/s]
  9%|▉         | 39/422 [00:08<01:12,  5.25it/s]
  9%|▉         | 40/422 [00:08<01:04,  5.94it/s]
 10%|▉         | 41/422 [00:08<01:11,  5.37it/s]
 10%|▉         | 42/422 [00:08<01:05,  5.79it/s]
 10%|█         | 43/422 [00:08<01:01,  6.11it/s]
 10%|█         | 44/422 [00:09<01:00,  6.27it/s]
 11%|█         | 45/422 [00:09<00:56,  6.70it/s]
 11%|█         | 46/422 [00:09<01:28,  4.26it/s]
 11%|█         | 47/422 [00:09<01:18,  4.80it/s]TCAPPDLL 2025-10-23 17:28:53.633184 - Epoch: 0 Iteration: 0  rank : 0  train.loss : 0.18928274512290955  train.ips : 1.0730116953379307 imgs/s
epoch: 0 idx:0 loss: 0.1893
TCAPPDLL 2025-10-23 17:28:53.877657 - Epoch: 0 Iteration: 1  rank : 0  train.loss : 0.1113988161087036  train.ips : 4.229028553452397 imgs/s
epoch: 0 idx:1 loss: 0.6114
TCAPPDLL 2025-10-23 17:28:54.036491 - Epoch: 0 Iteration: 2  rank : 0  train.loss : 0.10038474202156067  train.ips : 6.548279522887654 imgs/s
epoch: 0 idx:2 loss: 0.1004
TCAPPDLL 2025-10-23 17:28:54.152334 - Epoch: 0 Iteration: 3  rank : 0  train.loss : 0.3690168559551239  train.ips : 9.154071455073224 imgs/s
epoch: 0 idx:3 loss: 0.3690
TCAPPDLL 2025-10-23 17:28:54.431782 - Epoch: 0 Iteration: 4  rank : 0  train.loss : 0.3665117025375366  train.ips : 3.6891553378929887 imgs/s
epoch: 0 idx:4 loss: 0.3665
TCAPPDLL 2025-10-23 17:28:54.551264 - Epoch: 0 Iteration: 5  rank : 0  train.loss : 1.1139237880706787  train.ips : 8.96471654398249 imgs/s
epoch: 0 idx:5 loss: 1.1139
TCAPPDLL 2025-10-23 17:28:54.668166 - Epoch: 0 Iteration: 6  rank : 0  train.loss : 0.0747610479593277  train.ips : 9.1606692001922 imgs/s
epoch: 0 idx:6 loss: 0.0748
TCAPPDLL 2025-10-23 17:28:54.948923 - Epoch: 0 Iteration: 7  rank : 0  train.loss : 0.35523733496665955  train.ips : 3.654294312294929 imgs/s
epoch: 0 idx:7 loss: 0.3552
TCAPPDLL 2025-10-23 17:28:55.091527 - Epoch: 0 Iteration: 8  rank : 0  train.loss : 0.13550882041454315  train.ips : 7.348179293791992 imgs/s
epoch: 0 idx:8 loss: 0.1355
TCAPPDLL 2025-10-23 17:28:55.235611 - Epoch: 0 Iteration: 9  rank : 0  train.loss : 0.06854754686355591  train.ips : 7.3412598257058495 imgs/s
epoch: 0 idx:9 loss: 0.0685
TCAPPDLL 2025-10-23 17:28:55.375387 - Epoch: 0 Iteration: 10  rank : 0  train.loss : 0.6751869320869446  train.ips : 7.532751805376709 imgs/s
epoch: 0 idx:10 loss: 0.6752
TCAPPDLL 2025-10-23 17:28:55.490264 - Epoch: 0 Iteration: 11  rank : 0  train.loss : 0.05660766363143921  train.ips : 9.183655416737826 imgs/s
epoch: 0 idx:11 loss: 0.0566
TCAPPDLL 2025-10-23 17:28:55.609300 - Epoch: 0 Iteration: 12  rank : 0  train.loss : 0.06279829144477844  train.ips : 9.505504815864022 imgs/s
epoch: 0 idx:12 loss: 0.0628
TCAPPDLL 2025-10-23 17:28:55.721616 - Epoch: 0 Iteration: 13  rank : 0  train.loss : 0.1466543972492218  train.ips : 9.525905906133248 imgs/s
epoch: 0 idx:13 loss: 0.1467
TCAPPDLL 2025-10-23 17:28:55.957675 - Epoch: 0 Iteration: 14  rank : 0  train.loss : 0.10385210812091827  train.ips : 4.352685154724978 imgs/s
epoch: 0 idx:14 loss: 0.1039
TCAPPDLL 2025-10-23 17:28:56.741489 - Epoch: 0 Iteration: 15  rank : 0  train.loss : 0.1666063517332077  train.ips : 1.2869962353332494 imgs/s
epoch: 0 idx:15 loss: 0.1666
TCAPPDLL 2025-10-23 17:28:56.886447 - Epoch: 0 Iteration: 16  rank : 0  train.loss : 0.4965406656265259  train.ips : 7.13868190745916 imgs/s
epoch: 0 idx:16 loss: 0.4965
TCAPPDLL 2025-10-23 17:28:57.108707 - Epoch: 0 Iteration: 17  rank : 0  train.loss : 0.1868855059146881  train.ips : 4.654695252754716 imgs/s
epoch: 0 idx:17 loss: 0.1869
TCAPPDLL 2025-10-23 17:28:57.326401 - Epoch: 0 Iteration: 18  rank : 0  train.loss : 0.11906344443559647  train.ips : 4.74912531392455 imgs/s
epoch: 0 idx:18 loss: 0.1191
TCAPPDLL 2025-10-23 17:28:57.616112 - Epoch: 0 Iteration: 19  rank : 0  train.loss : 0.3020418584346771  train.ips : 3.5413409344781206 imgs/s
epoch: 0 idx:19 loss: 0.3020
TCAPPDLL 2025-10-23 17:28:57.786145 - Epoch: 0 Iteration: 20  rank : 0  train.loss : 0.13790906965732574  train.ips : 6.118989229083662 imgs/s
epoch: 0 idx:20 loss: 0.1379
TCAPPDLL 2025-10-23 17:28:57.935281 - Epoch: 0 Iteration: 21  rank : 0  train.loss : 0.41458433866500854  train.ips : 7.026129141413634 imgs/s
epoch: 0 idx:21 loss: 0.4146
TCAPPDLL 2025-10-23 17:28:58.310519 - Epoch: 0 Iteration: 22  rank : 0  train.loss : 0.19789238274097443  train.ips : 2.7156000367751316 imgs/s
epoch: 0 idx:22 loss: 0.1979
TCAPPDLL 2025-10-23 17:28:58.522318 - Epoch: 0 Iteration: 23  rank : 0  train.loss : 0.09577909111976624  train.ips : 4.890712051921279 imgs/s
epoch: 0 idx:23 loss: 0.0958
TCAPPDLL 2025-10-23 17:28:58.637889 - Epoch: 0 Iteration: 24  rank : 0  train.loss : 0.5467729568481445  train.ips : 9.269262048725293 imgs/s
epoch: 0 idx:24 loss: 0.5468
TCAPPDLL 2025-10-23 17:28:58.814714 - Epoch: 0 Iteration: 25  rank : 0  train.loss : 0.2296513319015503  train.ips : 5.925288013957464 imgs/s
epoch: 0 idx:25 loss: 0.2297
TCAPPDLL 2025-10-23 17:28:58.955068 - Epoch: 0 Iteration: 26  rank : 0  train.loss : 0.3712307810783386  train.ips : 7.533076501701734 imgs/s
epoch: 0 idx:26 loss: 0.3712
TCAPPDLL 2025-10-23 17:28:59.067250 - Epoch: 0 Iteration: 27  rank : 0  train.loss : 0.6435392498970032  train.ips : 9.524975701036453 imgs/s
epoch: 0 idx:27 loss: 0.6435
TCAPPDLL 2025-10-23 17:28:59.235948 - Epoch: 0 Iteration: 28  rank : 0  train.loss : 0.29243868589401245  train.ips : 6.18486601902807 imgs/s
epoch: 0 idx:28 loss: 0.2924
TCAPPDLL 2025-10-23 17:28:59.420054 - Epoch: 0 Iteration: 29  rank : 0  train.loss : 0.12853695452213287  train.ips : 5.6738208804201085 imgs/s
epoch: 0 idx:29 loss: 0.1285
TCAPPDLL 2025-10-23 17:28:59.719236 - Epoch: 0 Iteration: 30  rank : 0  train.loss : 0.5089098215103149  train.ips : 3.427634670373539 imgs/s
epoch: 0 idx:30 loss: 0.5089
TCAPPDLL 2025-10-23 17:28:59.839471 - Epoch: 0 Iteration: 31  rank : 0  train.loss : 0.06087813898921013  train.ips : 8.887254050251512 imgs/s
epoch: 0 idx:31 loss: 0.0609
TCAPPDLL 2025-10-23 17:29:00.054227 - Epoch: 0 Iteration: 32  rank : 0  train.loss : 0.3430476784706116  train.ips : 4.813348787569286 imgs/s
epoch: 0 idx:32 loss: 0.3430
TCAPPDLL 2025-10-23 17:29:00.160329 - Epoch: 0 Iteration: 33  rank : 0  train.loss : 0.05114411562681198  train.ips : 9.951843591325392 imgs/s
epoch: 0 idx:33 loss: 0.0511
TCAPPDLL 2025-10-23 17:29:00.267485 - Epoch: 0 Iteration: 34  rank : 0  train.loss : 0.06456126272678375  train.ips : 10.025106362636837 imgs/s
epoch: 0 idx:34 loss: 0.0646
TCAPPDLL 2025-10-23 17:29:00.385621 - Epoch: 0 Iteration: 35  rank : 0  train.loss : 0.23224493861198425  train.ips : 8.928762410804 imgs/s
epoch: 0 idx:35 loss: 0.2322
TCAPPDLL 2025-10-23 17:29:00.498347 - Epoch: 0 Iteration: 36  rank : 0  train.loss : 1.7340847253799438  train.ips : 9.345680442784696 imgs/s
epoch: 0 idx:36 loss: 1.7341
TCAPPDLL 2025-10-23 17:29:00.888955 - Epoch: 0 Iteration: 37  rank : 0  train.loss : 0.2808524966239929  train.ips : 2.596243457247414 imgs/s
epoch: 0 idx:37 loss: 0.2809
TCAPPDLL 2025-10-23 17:29:01.036216 - Epoch: 0 Iteration: 38  rank : 0  train.loss : 0.38461270928382874  train.ips : 7.16787575215371 imgs/s
epoch: 0 idx:38 loss: 0.3846
TCAPPDLL 2025-10-23 17:29:01.152358 - Epoch: 0 Iteration: 39  rank : 0  train.loss : 0.03868316859006882  train.ips : 9.334095911232373 imgs/s
epoch: 0 idx:39 loss: 0.0387
TCAPPDLL 2025-10-23 17:29:01.381085 - Epoch: 0 Iteration: 40  rank : 0  train.loss : 0.1344715803861618  train.ips : 4.498472732264818 imgs/s
epoch: 0 idx:40 loss: 0.1345
TCAPPDLL 2025-10-23 17:29:01.522285 - Epoch: 0 Iteration: 41  rank : 0  train.loss : 0.058183297514915466  train.ips : 7.479264110871965 imgs/s
epoch: 0 idx:41 loss: 0.0582
TCAPPDLL 2025-10-23 17:29:01.664218 - Epoch: 0 Iteration: 42  rank : 0  train.loss : 0.1320088505744934  train.ips : 7.424374753291075 imgs/s
epoch: 0 idx:42 loss: 0.1320
TCAPPDLL 2025-10-23 17:29:01.813924 - Epoch: 0 Iteration: 43  rank : 0  train.loss : 0.06335646659135818  train.ips : 7.0013237118014 imgs/s
epoch: 0 idx:43 loss: 0.0634
TCAPPDLL 2025-10-23 17:29:01.939304 - Epoch: 0 Iteration: 44  rank : 0  train.loss : 0.06305822730064392  train.ips : 8.484105086857669 imgs/s
epoch: 0 idx:44 loss: 0.0631
TCAPPDLL 2025-10-23 17:29:02.373032 - Epoch: 0 Iteration: 45  rank : 0  train.loss : 0.26438701152801514  train.ips : 2.3439500127695223 imgs/s
epoch: 0 idx:45 loss: 0.2644
TCAPPDLL 2025-10-23 17:29:02.519982 - Epoch: 0 Iteration: 46  rank : 0  train.loss : 0.17482887208461761  train.ips : 7.108676566795362 imgs/s
epoch: 0 idx:46 loss: 0.1748
TCAPPDLL 2025-10-23 17:29:02.737192 - Epoch: 0 Iteration: 47  rank : 0  train.loss : 0.39304083585739136  train.ips : 4.753134813112443 imgs/s

 11%|█▏        | 48/422 [00:10<01:18,  4.74it/s]
 12%|█▏        | 49/422 [00:10<01:10,  5.30it/s]
 12%|█▏        | 50/422 [00:10<01:06,  5.58it/s]
 12%|█▏        | 51/422 [00:10<00:58,  6.37it/s]
 12%|█▏        | 52/422 [00:10<00:53,  6.96it/s]
 13%|█▎        | 53/422 [00:10<00:49,  7.39it/s]
 13%|█▎        | 54/422 [00:10<00:50,  7.29it/s]
 13%|█▎        | 55/422 [00:10<00:46,  7.88it/s]
 13%|█▎        | 56/422 [00:11<00:54,  6.69it/s]
 14%|█▎        | 57/422 [00:11<00:53,  6.81it/s]
 14%|█▎        | 58/422 [00:11<00:54,  6.67it/s]
 14%|█▍        | 59/422 [00:11<00:49,  7.29it/s]
 14%|█▍        | 60/422 [00:11<00:47,  7.65it/s]
 14%|█▍        | 61/422 [00:11<00:49,  7.34it/s]
 15%|█▍        | 62/422 [00:11<00:51,  7.04it/s]
 15%|█▍        | 63/422 [00:12<00:47,  7.52it/s]
 15%|█▌        | 64/422 [00:12<00:52,  6.88it/s]
 15%|█▌        | 65/422 [00:12<00:58,  6.09it/s]
 16%|█▌        | 66/422 [00:12<00:56,  6.30it/s]
 16%|█▌        | 67/422 [00:12<00:50,  7.00it/s]
 16%|█▌        | 68/422 [00:13<01:16,  4.65it/s]
 16%|█▋        | 69/422 [00:13<01:05,  5.37it/s]
 17%|█▋        | 70/422 [00:13<01:03,  5.53it/s]
 17%|█▋        | 71/422 [00:13<00:58,  5.97it/s]
 17%|█▋        | 72/422 [00:13<00:52,  6.64it/s]
 17%|█▋        | 73/422 [00:13<00:52,  6.64it/s]
 18%|█▊        | 74/422 [00:13<00:48,  7.14it/s]
 18%|█▊        | 75/422 [00:14<01:49,  3.16it/s]
 18%|█▊        | 76/422 [00:14<01:29,  3.85it/s]
 18%|█▊        | 77/422 [00:15<01:34,  3.65it/s]
 18%|█▊        | 78/422 [00:15<01:27,  3.92it/s]
 19%|█▊        | 79/422 [00:15<01:15,  4.51it/s]
 19%|█▉        | 80/422 [00:15<01:14,  4.56it/s]
 19%|█▉        | 81/422 [00:15<01:07,  5.02it/s]
 19%|█▉        | 82/422 [00:15<01:08,  4.93it/s]
 20%|█▉        | 83/422 [00:16<01:17,  4.35it/s]
 20%|█▉        | 84/422 [00:16<01:17,  4.38it/s]
 20%|██        | 85/422 [00:16<01:08,  4.95it/s]
 20%|██        | 86/422 [00:16<01:04,  5.18it/s]
 21%|██        | 87/422 [00:16<01:00,  5.53it/s]
 21%|██        | 88/422 [00:17<00:56,  5.92it/s]
 21%|██        | 89/422 [00:17<00:55,  6.00it/s]
 21%|██▏       | 90/422 [00:17<00:55,  5.95it/s]
 22%|██▏       | 91/422 [00:17<00:49,  6.66it/s]
 22%|██▏       | 92/422 [00:17<00:45,  7.30it/s]
 22%|██▏       | 93/422 [00:17<00:43,  7.63it/s]
 22%|██▏       | 94/422 [00:17<00:48,  6.82it/s]
 23%|██▎       | 95/422 [00:18<01:02,  5.19it/s]epoch: 0 idx:47 loss: 0.3930
TCAPPDLL 2025-10-23 17:29:02.873663 - Epoch: 0 Iteration: 48  rank : 0  train.loss : 0.8883073329925537  train.ips : 7.693020474717035 imgs/s
epoch: 0 idx:48 loss: 0.8883
TCAPPDLL 2025-10-23 17:29:03.030504 - Epoch: 0 Iteration: 49  rank : 0  train.loss : 0.13696201145648956  train.ips : 6.687176347542154 imgs/s
epoch: 0 idx:49 loss: 0.1370
TCAPPDLL 2025-10-23 17:29:03.136187 - Epoch: 0 Iteration: 50  rank : 0  train.loss : 0.23220744729042053  train.ips : 10.043133977764954 imgs/s
epoch: 0 idx:50 loss: 0.2322
TCAPPDLL 2025-10-23 17:29:03.248392 - Epoch: 0 Iteration: 51  rank : 0  train.loss : 0.1232857033610344  train.ips : 9.422289715532173 imgs/s
epoch: 0 idx:51 loss: 0.1233
TCAPPDLL 2025-10-23 17:29:03.364339 - Epoch: 0 Iteration: 52  rank : 0  train.loss : 0.1621074676513672  train.ips : 9.171947334008314 imgs/s
epoch: 0 idx:52 loss: 0.1621
TCAPPDLL 2025-10-23 17:29:03.505960 - Epoch: 0 Iteration: 53  rank : 0  train.loss : 0.09209132194519043  train.ips : 7.3950921586673575 imgs/s
epoch: 0 idx:53 loss: 0.0921
TCAPPDLL 2025-10-23 17:29:03.608740 - Epoch: 0 Iteration: 54  rank : 0  train.loss : 0.06510049849748611  train.ips : 10.310380428904336 imgs/s
epoch: 0 idx:54 loss: 0.0651
TCAPPDLL 2025-10-23 17:29:03.810761 - Epoch: 0 Iteration: 55  rank : 0  train.loss : 0.08919163048267365  train.ips : 5.127479660882268 imgs/s
epoch: 0 idx:55 loss: 0.0892
TCAPPDLL 2025-10-23 17:29:03.951735 - Epoch: 0 Iteration: 56  rank : 0  train.loss : 0.1665593981742859  train.ips : 7.395600694719952 imgs/s
epoch: 0 idx:56 loss: 0.1666
TCAPPDLL 2025-10-23 17:29:04.109017 - Epoch: 0 Iteration: 57  rank : 0  train.loss : 0.46107766032218933  train.ips : 6.680402387823882 imgs/s
epoch: 0 idx:57 loss: 0.4611
TCAPPDLL 2025-10-23 17:29:04.216271 - Epoch: 0 Iteration: 58  rank : 0  train.loss : 0.1515304446220398  train.ips : 9.977197310110398 imgs/s
epoch: 0 idx:58 loss: 0.1515
TCAPPDLL 2025-10-23 17:29:04.332185 - Epoch: 0 Iteration: 59  rank : 0  train.loss : 0.06069100275635719  train.ips : 9.163691341004874 imgs/s
epoch: 0 idx:59 loss: 0.0607
TCAPPDLL 2025-10-23 17:29:04.481282 - Epoch: 0 Iteration: 60  rank : 0  train.loss : 0.08591561019420624  train.ips : 7.035121059384933 imgs/s
epoch: 0 idx:60 loss: 0.0859
TCAPPDLL 2025-10-23 17:29:04.636916 - Epoch: 0 Iteration: 61  rank : 0  train.loss : 0.5738646388053894  train.ips : 7.313954096668329 imgs/s
epoch: 0 idx:61 loss: 0.5739
TCAPPDLL 2025-10-23 17:29:04.748557 - Epoch: 0 Iteration: 62  rank : 0  train.loss : 1.3889521360397339  train.ips : 9.61330454593378 imgs/s
epoch: 0 idx:62 loss: 1.3890
TCAPPDLL 2025-10-23 17:29:04.922683 - Epoch: 0 Iteration: 63  rank : 0  train.loss : 0.11946962773799896  train.ips : 5.961866153439409 imgs/s
epoch: 0 idx:63 loss: 0.1195
TCAPPDLL 2025-10-23 17:29:05.131254 - Epoch: 0 Iteration: 64  rank : 0  train.loss : 0.21849453449249268  train.ips : 4.998848703420757 imgs/s
epoch: 0 idx:64 loss: 0.2185
TCAPPDLL 2025-10-23 17:29:05.276715 - Epoch: 0 Iteration: 65  rank : 0  train.loss : 0.34446120262145996  train.ips : 7.122075134654178 imgs/s
epoch: 0 idx:65 loss: 0.3445
TCAPPDLL 2025-10-23 17:29:05.382458 - Epoch: 0 Iteration: 66  rank : 0  train.loss : 0.23378123342990875  train.ips : 10.067215514965318 imgs/s
epoch: 0 idx:66 loss: 0.2338
TCAPPDLL 2025-10-23 17:29:05.766537 - Epoch: 0 Iteration: 67  rank : 0  train.loss : 0.10524318367242813  train.ips : 2.6492923415482394 imgs/s
epoch: 0 idx:67 loss: 0.1052
TCAPPDLL 2025-10-23 17:29:05.885723 - Epoch: 0 Iteration: 68  rank : 0  train.loss : 0.07962900400161743  train.ips : 9.013805553167712 imgs/s
epoch: 0 idx:68 loss: 0.0796
TCAPPDLL 2025-10-23 17:29:06.053586 - Epoch: 0 Iteration: 69  rank : 0  train.loss : 0.6765575408935547  train.ips : 6.210250761048529 imgs/s
epoch: 0 idx:69 loss: 0.6766
TCAPPDLL 2025-10-23 17:29:06.189620 - Epoch: 0 Iteration: 70  rank : 0  train.loss : 0.16877783834934235  train.ips : 7.687591872344637 imgs/s
epoch: 0 idx:70 loss: 0.1688
TCAPPDLL 2025-10-23 17:29:06.300886 - Epoch: 0 Iteration: 71  rank : 0  train.loss : 0.08163177967071533  train.ips : 9.59189161993798 imgs/s
epoch: 0 idx:71 loss: 0.0816
TCAPPDLL 2025-10-23 17:29:06.451772 - Epoch: 0 Iteration: 72  rank : 0  train.loss : 0.40557554364204407  train.ips : 6.984430212381894 imgs/s
epoch: 0 idx:72 loss: 0.4056
TCAPPDLL 2025-10-23 17:29:06.566938 - Epoch: 0 Iteration: 73  rank : 0  train.loss : 0.14215686917304993  train.ips : 9.263141156594044 imgs/s
epoch: 0 idx:73 loss: 0.1422
TCAPPDLL 2025-10-23 17:29:07.296399 - Epoch: 0 Iteration: 74  rank : 0  train.loss : 0.2188030630350113  train.ips : 1.3871681364710473 imgs/s
epoch: 0 idx:74 loss: 0.2188
TCAPPDLL 2025-10-23 17:29:07.422194 - Epoch: 0 Iteration: 75  rank : 0  train.loss : 0.02961692027747631  train.ips : 8.504059106428878 imgs/s
epoch: 0 idx:75 loss: 0.0296
TCAPPDLL 2025-10-23 17:29:07.730585 - Epoch: 0 Iteration: 76  rank : 0  train.loss : 0.18147216737270355  train.ips : 3.31075332728695 imgs/s
epoch: 0 idx:76 loss: 0.1815
TCAPPDLL 2025-10-23 17:29:07.941982 - Epoch: 0 Iteration: 77  rank : 0  train.loss : 0.22439906001091003  train.ips : 4.901101674713831 imgs/s
epoch: 0 idx:77 loss: 0.2244
TCAPPDLL 2025-10-23 17:29:08.084540 - Epoch: 0 Iteration: 78  rank : 0  train.loss : 0.08503924310207367  train.ips : 7.395300780382186 imgs/s
epoch: 0 idx:78 loss: 0.0850
TCAPPDLL 2025-10-23 17:29:08.298107 - Epoch: 0 Iteration: 79  rank : 0  train.loss : 0.22973565757274628  train.ips : 9.600805731682193 imgs/s
epoch: 0 idx:79 loss: 0.2297
TCAPPDLL 2025-10-23 17:29:08.450409 - Epoch: 0 Iteration: 80  rank : 0  train.loss : 0.8388158679008484  train.ips : 7.333583946315202 imgs/s
epoch: 0 idx:80 loss: 0.8388
TCAPPDLL 2025-10-23 17:29:08.662370 - Epoch: 0 Iteration: 81  rank : 0  train.loss : 0.1324414759874344  train.ips : 4.917432053142872 imgs/s
epoch: 0 idx:81 loss: 0.1324
TCAPPDLL 2025-10-23 17:29:08.954872 - Epoch: 0 Iteration: 82  rank : 0  train.loss : 0.11915632337331772  train.ips : 3.494612654346703 imgs/s
epoch: 0 idx:82 loss: 0.1192
TCAPPDLL 2025-10-23 17:29:09.179892 - Epoch: 0 Iteration: 83  rank : 0  train.loss : 0.0815194770693779  train.ips : 4.594861008407964 imgs/s
epoch: 0 idx:83 loss: 0.0815
TCAPPDLL 2025-10-23 17:29:09.320579 - Epoch: 0 Iteration: 84  rank : 0  train.loss : 0.5715548992156982  train.ips : 7.4736134992828065 imgs/s
epoch: 0 idx:84 loss: 0.5716
TCAPPDLL 2025-10-23 17:29:09.492854 - Epoch: 0 Iteration: 85  rank : 0  train.loss : 0.17829421162605286  train.ips : 6.037132728128495 imgs/s
epoch: 0 idx:85 loss: 0.1783
TCAPPDLL 2025-10-23 17:29:09.644674 - Epoch: 0 Iteration: 86  rank : 0  train.loss : 0.08792713284492493  train.ips : 6.909060360121435 imgs/s
epoch: 0 idx:86 loss: 0.0879
TCAPPDLL 2025-10-23 17:29:09.786439 - Epoch: 0 Iteration: 87  rank : 0  train.loss : 1.699106216430664  train.ips : 7.379336189378678 imgs/s
epoch: 0 idx:87 loss: 1.6991
TCAPPDLL 2025-10-23 17:29:09.947712 - Epoch: 0 Iteration: 88  rank : 0  train.loss : 0.2900175154209137  train.ips : 6.350733748811406 imgs/s
epoch: 0 idx:88 loss: 0.2900
TCAPPDLL 2025-10-23 17:29:10.119251 - Epoch: 0 Iteration: 89  rank : 0  train.loss : 0.24665090441703796  train.ips : 6.088884888639841 imgs/s
epoch: 0 idx:89 loss: 0.2467
TCAPPDLL 2025-10-23 17:29:10.227589 - Epoch: 0 Iteration: 90  rank : 0  train.loss : 1.071169376373291  train.ips : 9.863450264205607 imgs/s
epoch: 0 idx:90 loss: 1.0712
TCAPPDLL 2025-10-23 17:29:10.333561 - Epoch: 0 Iteration: 91  rank : 0  train.loss : 0.08097837120294571  train.ips : 9.979428734579283 imgs/s
epoch: 0 idx:91 loss: 0.0810
TCAPPDLL 2025-10-23 17:29:10.450769 - Epoch: 0 Iteration: 92  rank : 0  train.loss : 0.057983603328466415  train.ips : 9.049511957262817 imgs/s
epoch: 0 idx:92 loss: 0.0580
TCAPPDLL 2025-10-23 17:29:10.633783 - Epoch: 0 Iteration: 93  rank : 0  train.loss : 0.10538467764854431  train.ips : 5.710420694349898 imgs/s
epoch: 0 idx:93 loss: 0.1054
TCAPPDLL 2025-10-23 17:29:10.933480 - Epoch: 0 Iteration: 94  rank : 0  train.loss : 0.4737231731414795  train.ips : 3.4195055854398646 imgs/s
epoch: 0 idx:94 loss: 0.4737

 23%|██▎       | 96/422 [00:18<01:07,  4.86it/s]
 23%|██▎       | 97/422 [00:18<00:59,  5.50it/s]
 23%|██▎       | 98/422 [00:18<00:52,  6.16it/s]
 23%|██▎       | 99/422 [00:18<00:50,  6.35it/s]
 24%|██▎       | 100/422 [00:18<00:46,  6.89it/s]
 24%|██▍       | 101/422 [00:19<00:43,  7.41it/s]
 24%|██▍       | 101/422 [00:19<01:00,  5.29it/s]
TCAPPDLL 2025-10-23 17:29:11.170035 - Epoch: 0 Iteration: 95  rank : 0  train.loss : 0.07971269637346268  train.ips : 4.372355042021187 imgs/s
epoch: 0 idx:95 loss: 0.0797
TCAPPDLL 2025-10-23 17:29:11.295951 - Epoch: 0 Iteration: 96  rank : 0  train.loss : 0.1515301764011383  train.ips : 8.476800633793992 imgs/s
epoch: 0 idx:96 loss: 0.1515
TCAPPDLL 2025-10-23 17:29:11.412627 - Epoch: 0 Iteration: 97  rank : 0  train.loss : 1.148116946220398  train.ips : 9.133042275909373 imgs/s
epoch: 0 idx:97 loss: 1.1481
TCAPPDLL 2025-10-23 17:29:11.558742 - Epoch: 0 Iteration: 98  rank : 0  train.loss : 0.043404750525951385  train.ips : 7.160888063319925 imgs/s
epoch: 0 idx:98 loss: 0.0434
TCAPPDLL 2025-10-23 17:29:11.675517 - Epoch: 0 Iteration: 99  rank : 0  train.loss : 0.3143661618232727  train.ips : 9.12310954985916 imgs/s
epoch: 0 idx:99 loss: 0.3144
TCAPPDLL 2025-10-23 17:29:11.786654 - Epoch: 0 Iteration: 100  rank : 0  train.loss : 0.087760329246521  train.ips : 9.580586214458007 imgs/s
epoch: 0 idx:100 loss: 0.0878
EPOCH: 1, Loss: 0.2923902227342421
Saved best weights to /home/01/ltb/finetune_segment_anything_tutorial/runs/sam_decoder_fintune_1_pointbox_monai.pth, epoch: 1
