--------------+----------------------------------------------
 Host IP      | 10.244.49.148
 PyTorch      | 2.4.0a0+git4451b0e
 Torch-SDAA   | 20250711.14.48.dev0+gitef35a85
--------------+----------------------------------------------
 SDAA Driver  | 2.1.0 (N/A)
 SDAA Runtime | 2.1.0 (/opt/tecoai/lib64/libsdaart.so)
 SDPTI        | 1.4.0b0 (/opt/tecoai/lib64/libsdpti.so)
 TecoDNN      | 2.2.0b0 (/opt/tecoai/lib64/libtecodnn.so)
 TecoBLAS     | 2.2.0b0 (/opt/tecoai/lib64/libtecoblas.so)
 CustomDNN    | 2.2.0b0 (/opt/tecoai/lib64/libtecocustom.so)
 TecoRAND     | 2.0.1 (/opt/tecoai/lib64/libtecorand.so)
 TCCL         | 1.23.0 (/opt/tecoai/lib64/libtccl.so)
--------------+----------------------------------------------
2025-07-27 07:22:08,412 - INFO - __main__ - Training/evaluation parameters TrainingArguments(
_n_gpu=0,
adafactor=False,
adam_beta1=0.9,
adam_beta2=0.999,
adam_epsilon=1e-08,
auto_find_batch_size=False,
bf16=False,
bf16_full_eval=False,
data_seed=None,
dataloader_drop_last=False,
dataloader_num_workers=0,
dataloader_pin_memory=True,
ddp_bucket_cap_mb=None,
ddp_find_unused_parameters=None,
debug=[],
deepspeed=None,
disable_tqdm=False,
do_eval=True,
do_predict=False,
do_train=True,
eval_accumulation_steps=None,
eval_delay=0,
eval_steps=None,
evaluation_strategy=IntervalStrategy.NO,
fp16=False,
fp16_backend=auto,
fp16_full_eval=False,
fp16_opt_level=O1,
fsdp=[],
fsdp_min_num_params=0,
full_determinism=False,
gradient_accumulation_steps=1,
gradient_checkpointing=False,
greater_is_better=None,
group_by_length=False,
half_precision_backend=auto,
hub_model_id=None,
hub_private_repo=False,
hub_strategy=HubStrategy.EVERY_SAVE,
hub_token=<HUB_TOKEN>,
ignore_data_skip=False,
include_inputs_for_metrics=False,
label_names=None,
label_smoothing_factor=0.0,
learning_rate=5e-05,
length_column_name=length,
load_best_model_at_end=False,
local_rank=-1,
log_level=-1,
log_level_replica=-1,
log_on_each_node=True,
logging_dir=bart_out/runs/Jul27_07-22-08_nb-potmhwirax-0,
logging_first_step=False,
logging_nan_inf_filter=True,
logging_steps=1,
logging_strategy=IntervalStrategy.STEPS,
lr_scheduler_type=SchedulerType.LINEAR,
max_grad_norm=1.0,
max_steps=-1,
metric_for_best_model=None,
mp_parameters=,
no_cuda=False,
num_train_epochs=3.0,
optim=OptimizerNames.ADAMW_HF,
output_dir=bart_out,
overwrite_output_dir=True,
past_index=-1,
per_device_eval_batch_size=16,
per_device_train_batch_size=2,
prediction_loss_only=False,
push_to_hub=False,
push_to_hub_model_id=None,
push_to_hub_organization=None,
push_to_hub_token=<PUSH_TO_HUB_TOKEN>,
remove_unused_columns=True,
report_to=[],
resume_from_checkpoint=None,
run_name=bart_out,
save_on_each_node=False,
save_steps=500,
save_strategy=IntervalStrategy.STEPS,
save_total_limit=None,
seed=42,
sharded_ddp=[],
skip_memory_metrics=True,
tf32=None,
tpu_metrics_debug=False,
tpu_num_cores=None,
use_legacy_prediction_loop=False,
warmup_ratio=0.0,
warmup_steps=0,
weight_decay=0.0,
xpu_backend=None,
)

Generating train split: 0 examples [00:00, ? examples/s]
Generating train split: 10000 examples [00:00, 35604.00 examples/s]
Generating train split: 10000 examples [00:00, 35320.25 examples/s]

Generating validation split: 0 examples [00:00, ? examples/s]
Generating validation split: 10000 examples [00:00, 69216.36 examples/s]
Generating validation split: 10000 examples [00:00, 68280.45 examples/s]
/data/bigc-data/zjh/traintran/lib/python3.10/site-packages/transformers/modeling_utils.py:392: FutureWarning: You are using `torch.load` with `weights_only=False` (the current default value), which uses the default pickle module implicitly. It is possible to construct malicious pickle data which will execute arbitrary code during unpickling (See https://github.com/pytorch/pytorch/blob/main/SECURITY.md#untrusted-models for more details). In a future release, the default value for `weights_only` will be flipped to `True`. This limits the functions that could be executed during unpickling. Arbitrary objects will no longer be allowed to be loaded via this mode unless they are explicitly allowlisted by the user via `torch.serialization.add_safe_globals`. We recommend you start setting `weights_only=True` for any use case where you don't have full control of the loaded file. Please open an issue on GitHub for any issues related to this experimental feature.
  return torch.load(checkpoint_file, map_location="cpu")
当前使用的模型路径： /data/teco-data/models/bart-large

Tokenizing line by line:   0%|          | 0/10000 [00:00<?, ? examples/s]
Tokenizing line by line:  10%|█         | 1000/10000 [00:09<01:29, 101.05 examples/s]
Tokenizing line by line:  20%|██        | 2000/10000 [00:16<01:02, 127.83 examples/s]
Tokenizing line by line:  30%|███       | 3000/10000 [00:20<00:43, 161.55 examples/s]
Tokenizing line by line:  40%|████      | 4000/10000 [00:22<00:26, 225.09 examples/s]
Tokenizing line by line:  50%|█████     | 5000/10000 [00:25<00:20, 240.26 examples/s]
Tokenizing line by line:  60%|██████    | 6000/10000 [00:27<00:13, 294.71 examples/s]
Tokenizing line by line:  70%|███████   | 7000/10000 [00:34<00:13, 220.51 examples/s]
Tokenizing line by line:  80%|████████  | 8000/10000 [00:42<00:11, 179.58 examples/s]
Tokenizing line by line:  90%|█████████ | 9000/10000 [00:44<00:04, 224.55 examples/s]
Tokenizing line by line: 100%|██████████| 10000/10000 [00:48<00:00, 239.36 examples/s]
Tokenizing line by line: 100%|██████████| 10000/10000 [00:48<00:00, 207.99 examples/s]

Tokenizing line by line:   0%|          | 0/10000 [00:00<?, ? examples/s]
Tokenizing line by line:  10%|█         | 1000/10000 [00:07<01:09, 128.74 examples/s]
Tokenizing line by line:  20%|██        | 2000/10000 [00:12<00:47, 168.65 examples/s]
Tokenizing line by line:  30%|███       | 3000/10000 [00:15<00:32, 213.89 examples/s]
Tokenizing line by line:  40%|████      | 4000/10000 [00:17<00:20, 288.06 examples/s]
Tokenizing line by line:  50%|█████     | 5000/10000 [00:20<00:16, 294.46 examples/s]
Tokenizing line by line:  60%|██████    | 6000/10000 [00:22<00:11, 356.81 examples/s]
Tokenizing line by line:  70%|███████   | 7000/10000 [00:30<00:13, 223.38 examples/s]
Tokenizing line by line:  80%|████████  | 8000/10000 [00:37<00:10, 189.46 examples/s]
Tokenizing line by line:  90%|█████████ | 9000/10000 [00:38<00:04, 237.08 examples/s]
Tokenizing line by line: 100%|██████████| 10000/10000 [00:42<00:00, 252.58 examples/s]
Tokenizing line by line: 100%|██████████| 10000/10000 [00:42<00:00, 236.29 examples/s]
/data/bigc-data/zjh/traintran/lib/python3.10/site-packages/transformers/optimization.py:306: FutureWarning: This implementation of AdamW is deprecated and will be removed in a future version. Use the PyTorch implementation torch.optim.AdamW instead, or set `no_deprecation_warning=True` to disable this warning
  warnings.warn(
***** Running training *****
  Num examples = 10000
  Num Epochs = 3
  Instantaneous batch size per device = 2
  Total train batch size (w. parallel, distributed & accumulation) = 2
  Gradient Accumulation steps = 1
  Total optimization steps = 15000

  0%|          | 0/15000 [00:00<?, ?it/s]
  0%|          | 1/15000 [01:32<383:24:06, 92.02s/it]
                                                     

  0%|          | 1/15000 [01:32<383:24:06, 92.02s/it]
  0%|          | 2/15000 [02:22<282:33:31, 67.82s/it]
                                                     

  0%|          | 2/15000 [02:22<282:33:31, 67.82s/it]
  0%|          | 3/15000 [02:43<193:05:40, 46.35s/it]
                                                     

  0%|          | 3/15000 [02:43<193:05:40, 46.35s/it]
  0%|          | 4/15000 [03:03<148:46:37, 35.72s/it]
                                                     

  0%|          | 4/15000 [03:03<148:46:37, 35.72s/it]
  0%|          | 5/15000 [03:20<121:23:25, 29.14s/it]
                                                     

  0%|          | 5/15000 [03:20<121:23:25, 29.14s/it]
  0%|          | 6/15000 [03:37<104:01:50, 24.98s/it]
                                                     

  0%|          | 6/15000 [03:37<104:01:50, 24.98s/it]
  0%|          | 7/15000 [04:14<120:16:01, 28.88s/it]
                                                     

  0%|          | 7/15000 [04:14<120:16:01, 28.88s/it]
  0%|          | 8/15000 [04:39<114:51:51, 27.58s/it]
                                                     

  0%|          | 8/15000 [04:39<114:51:51, 27.58s/it]
  0%|          | 9/15000 [05:00<107:04:12, 25.71s/it]
                                                     

  0%|          | 9/15000 [05:00<107:04:12, 25.71s/it]
  0%|          | 10/15000 [05:18<97:16:50, 23.36s/it]
                                                     

  0%|          | 10/15000 [05:18<97:16:50, 23.36s/it]
  0%|          | 11/15000 [05:36<89:32:13, 21.50s/it]
                                                     

  0%|          | 11/15000 [05:36<89:32:13, 21.50s/it]
  0%|          | 12/15000 [05:52<83:04:21, 19.95s/it]
                                                     

  0%|          | 12/15000 [05:52<83:04:21, 19.95s/it]
  0%|          | 13/15000 [06:25<99:31:13, 23.91s/it]
                                                     

  0%|          | 13/15000 [06:25<99:31:13, 23.91s/it]
  0%|          | 14/15000 [06:57<109:11:40, 26.23s/it]
                                                      

  0%|          | 14/15000 [06:57<109:11:40, 26.23s/it]
  0%|          | 15/15000 [07:24<110:38:34, 26.58s/it]
                                                      

  0%|          | 15/15000 [07:24<110:38:34, 26.58s/it]
  0%|          | 16/15000 [07:43<101:09:07, 24.30s/it]
                                                      

  0%|          | 16/15000 [07:43<101:09:07, 24.30s/it]
  0%|          | 17/15000 [08:02<94:14:36, 22.64s/it] 
                                                     

  0%|          | 17/15000 [08:02<94:14:36, 22.64s/it]
  0%|          | 18/15000 [08:19<87:25:41, 21.01s/it]
                                                     

  0%|          | 18/15000 [08:19<87:25:41, 21.01s/it]
  0%|          | 19/15000 [08:36<82:09:34, 19.74s/it]
                                                     

  0%|          | 19/15000 [08:36<82:09:34, 19.74s/it]
  0%|          | 20/15000 [09:07<96:51:18, 23.28s/it]
                                                     

  0%|          | 20/15000 [09:07<96:51:18, 23.28s/it]
  0%|          | 21/15000 [09:30<96:30:07, 23.19s/it]
                                                     

  0%|          | 21/15000 [09:30<96:30:07, 23.19s/it]
  0%|          | 22/15000 [09:53<95:23:08, 22.93s/it]
                                                     

  0%|          | 22/15000 [09:53<95:23:08, 22.93s/it]
  0%|          | 23/15000 [10:14<93:13:35, 22.41s/it]
                                                     

  0%|          | 23/15000 [10:14<93:13:35, 22.41s/it]
  0%|          | 24/15000 [10:33<88:57:01, 21.38s/it]
                                                     

  0%|          | 24/15000 [10:33<88:57:01, 21.38s/it]
  0%|          | 25/15000 [10:54<88:51:20, 21.36s/it]
                                                     

  0%|          | 25/15000 [10:54<88:51:20, 21.36s/it]
  0%|          | 26/15000 [11:12<84:15:14, 20.26s/it]
                                                     

  0%|          | 26/15000 [11:12<84:15:14, 20.26s/it]
  0%|          | 27/15000 [11:29<80:11:55, 19.28s/it]
                                                     

  0%|          | 27/15000 [11:29<80:11:55, 19.28s/it]
  0%|          | 28/15000 [11:56<89:27:37, 21.51s/it]
                                                     

  0%|          | 28/15000 [11:56<89:27:37, 21.51s/it]
  0%|          | 29/15000 [12:17<89:03:55, 21.42s/it]
                                                     

  0%|          | 29/15000 [12:17<89:03:55, 21.42s/it]
  0%|          | 30/15000 [12:38<88:46:46, 21.35s/it]
                                                     

  0%|          | 30/15000 [12:38<88:46:46, 21.35s/it]
  0%|          | 31/15000 [13:00<89:19:12, 21.48s/it]
                                                     

  0%|          | 31/15000 [13:00<89:19:12, 21.48s/it]
  0%|          | 32/15000 [13:19<86:35:39, 20.83s/it]
                                                     

  0%|          | 32/15000 [13:19<86:35:39, 20.83s/it]
  0%|          | 33/15000 [13:35<80:50:46, 19.45s/it]
                                                     

  0%|          | 33/15000 [13:35<80:50:46, 19.45s/it]
  0%|          | 34/15000 [13:52<77:38:56, 18.68s/it]
                                                     

  0%|          | 34/15000 [13:52<77:38:56, 18.68s/it]
  0%|          | 35/15000 [14:10<76:24:43, 18.38s/it]
                                                     

  0%|          | 35/15000 [14:10<76:24:43, 18.38s/it]
  0%|          | 36/15000 [14:27<74:26:49, 17.91s/it]
                                                     

  0%|          | 36/15000 [14:27<74:26:49, 17.91s/it]
  0%|          | 37/15000 [14:49<79:24:52, 19.11s/it]
                                                     

  0%|          | 37/15000 [14:49<79:24:52, 19.11s/it]
  0%|          | 38/15000 [15:13<85:38:12, 20.61s/it]
                                                     

  0%|          | 38/15000 [15:13<85:38:12, 20.61s/it]
  0%|          | 39/15000 [15:36<88:45:13, 21.36s/it]
                                                     

  0%|          | 39/15000 [15:36<88:45:13, 21.36s/it]
  0%|          | 40/15000 [16:00<92:39:22, 22.30s/it]
                                                     

  0%|          | 40/15000 [16:00<92:39:22, 22.30s/it]
  0%|          | 41/15000 [16:21<91:01:58, 21.91s/it]
                                                     

  0%|          | 41/15000 [16:21<91:01:58, 21.91s/it]
  0%|          | 42/15000 [16:40<87:01:41, 20.95s/it]
                                                     

  0%|          | 42/15000 [16:40<87:01:41, 20.95s/it]
  0%|          | 43/15000 [16:59<83:58:02, 20.21s/it]
                                                     

  0%|          | 43/15000 [16:59<83:58:02, 20.21s/it]
  0%|          | 44/15000 [17:15<79:50:31, 19.22s/it]
                                                     
TCAPPDLL 2025-07-27 07:25:33.162719 - Epoch: 0.0002 Iteration: 1  rank : 0  train.loss : 0  train.ips : 0 imgs/s
{'loss': 12.9614, 'learning_rate': 4.999666666666667e-05, 'epoch': 0.0}
TCAPPDLL 2025-07-27 07:26:24.046568 - Epoch: 0.0004 Iteration: 2  rank : 0  train.loss : 12.9614  train.ips : 0 imgs/s
{'loss': 7.7096, 'learning_rate': 4.9993333333333335e-05, 'epoch': 0.0}
TCAPPDLL 2025-07-27 07:26:44.847831 - Epoch: 0.0006 Iteration: 3  rank : 0  train.loss : 7.7096  train.ips : 0 imgs/s
{'loss': 8.1207, 'learning_rate': 4.999e-05, 'epoch': 0.0}
TCAPPDLL 2025-07-27 07:27:04.258890 - Epoch: 0.0008 Iteration: 4  rank : 0  train.loss : 8.1207  train.ips : 0 imgs/s
{'loss': 4.9764, 'learning_rate': 4.9986666666666674e-05, 'epoch': 0.0}
TCAPPDLL 2025-07-27 07:27:21.748489 - Epoch: 0.001 Iteration: 5  rank : 0  train.loss : 4.9764  train.ips : 0 imgs/s
{'loss': 5.7988, 'learning_rate': 4.998333333333334e-05, 'epoch': 0.0}
TCAPPDLL 2025-07-27 07:27:38.638883 - Epoch: 0.0012 Iteration: 6  rank : 0  train.loss : 5.7988  train.ips : 0 imgs/s
{'loss': 5.9118, 'learning_rate': 4.9980000000000006e-05, 'epoch': 0.0}
TCAPPDLL 2025-07-27 07:28:15.546342 - Epoch: 0.0014 Iteration: 7  rank : 0  train.loss : 5.9118  train.ips : 0 imgs/s
{'loss': 5.3063, 'learning_rate': 4.997666666666667e-05, 'epoch': 0.0}
TCAPPDLL 2025-07-27 07:28:40.354717 - Epoch: 0.0016 Iteration: 8  rank : 0  train.loss : 5.3063  train.ips : 0 imgs/s
{'loss': 6.0017, 'learning_rate': 4.997333333333333e-05, 'epoch': 0.0}
TCAPPDLL 2025-07-27 07:29:01.955475 - Epoch: 0.0018 Iteration: 9  rank : 0  train.loss : 6.0017  train.ips : 0 imgs/s
{'loss': 5.3402, 'learning_rate': 4.997e-05, 'epoch': 0.0}
TCAPPDLL 2025-07-27 07:29:20.057609 - Epoch: 0.002 Iteration: 10  rank : 0  train.loss : 5.3402  train.ips : 0 imgs/s
{'loss': 4.9607, 'learning_rate': 4.996666666666667e-05, 'epoch': 0.0}
TCAPPDLL 2025-07-27 07:29:37.348942 - Epoch: 0.0022 Iteration: 11  rank : 0  train.loss : 4.9607  train.ips : 0 imgs/s
{'loss': 5.9133, 'learning_rate': 4.996333333333334e-05, 'epoch': 0.0}
TCAPPDLL 2025-07-27 07:29:53.754242 - Epoch: 0.0024 Iteration: 12  rank : 0  train.loss : 5.9133  train.ips : 0 imgs/s
{'loss': 4.598, 'learning_rate': 4.996e-05, 'epoch': 0.0}
TCAPPDLL 2025-07-27 07:30:26.754236 - Epoch: 0.0026 Iteration: 13  rank : 0  train.loss : 4.598  train.ips : 0 imgs/s
{'loss': 4.9361, 'learning_rate': 4.995666666666667e-05, 'epoch': 0.0}
TCAPPDLL 2025-07-27 07:30:58.359207 - Epoch: 0.0028 Iteration: 14  rank : 0  train.loss : 4.9361  train.ips : 0 imgs/s
{'loss': 4.4512, 'learning_rate': 4.9953333333333335e-05, 'epoch': 0.0}
TCAPPDLL 2025-07-27 07:31:25.750482 - Epoch: 0.003 Iteration: 15  rank : 0  train.loss : 4.4512  train.ips : 0 imgs/s
{'loss': 6.1323, 'learning_rate': 4.995e-05, 'epoch': 0.0}
TCAPPDLL 2025-07-27 07:31:44.761247 - Epoch: 0.0032 Iteration: 16  rank : 0  train.loss : 6.1323  train.ips : 0 imgs/s
{'loss': 5.8588, 'learning_rate': 4.994666666666667e-05, 'epoch': 0.0}
TCAPPDLL 2025-07-27 07:32:03.549300 - Epoch: 0.0034 Iteration: 17  rank : 0  train.loss : 5.8588  train.ips : 0 imgs/s
{'loss': 5.0918, 'learning_rate': 4.9943333333333333e-05, 'epoch': 0.0}
TCAPPDLL 2025-07-27 07:32:20.748558 - Epoch: 0.0036 Iteration: 18  rank : 0  train.loss : 5.0918  train.ips : 0 imgs/s
{'loss': 4.6216, 'learning_rate': 4.9940000000000006e-05, 'epoch': 0.0}
TCAPPDLL 2025-07-27 07:32:37.545659 - Epoch: 0.0038 Iteration: 19  rank : 0  train.loss : 4.6216  train.ips : 0 imgs/s
{'loss': 5.8168, 'learning_rate': 4.993666666666667e-05, 'epoch': 0.0}
TCAPPDLL 2025-07-27 07:33:09.056248 - Epoch: 0.004 Iteration: 20  rank : 0  train.loss : 5.8168  train.ips : 0 imgs/s
{'loss': 4.7492, 'learning_rate': 4.993333333333334e-05, 'epoch': 0.0}
TCAPPDLL 2025-07-27 07:33:32.054869 - Epoch: 0.0042 Iteration: 21  rank : 0  train.loss : 4.7492  train.ips : 0 imgs/s
{'loss': 5.5402, 'learning_rate': 4.9930000000000005e-05, 'epoch': 0.0}
TCAPPDLL 2025-07-27 07:33:54.358910 - Epoch: 0.0044 Iteration: 22  rank : 0  train.loss : 5.5402  train.ips : 0 imgs/s
{'loss': 4.6147, 'learning_rate': 4.992666666666667e-05, 'epoch': 0.0}
TCAPPDLL 2025-07-27 07:34:15.560918 - Epoch: 0.0046 Iteration: 23  rank : 0  train.loss : 4.6147  train.ips : 0 imgs/s
{'loss': 3.8159, 'learning_rate': 4.992333333333333e-05, 'epoch': 0.0}
TCAPPDLL 2025-07-27 07:34:34.548881 - Epoch: 0.0048 Iteration: 24  rank : 0  train.loss : 3.8159  train.ips : 0 imgs/s
{'loss': 7.4738, 'learning_rate': 4.992e-05, 'epoch': 0.0}
TCAPPDLL 2025-07-27 07:34:55.859927 - Epoch: 0.005 Iteration: 25  rank : 0  train.loss : 7.4738  train.ips : 0 imgs/s
{'loss': 6.4815, 'learning_rate': 4.991666666666667e-05, 'epoch': 0.01}
TCAPPDLL 2025-07-27 07:35:13.538313 - Epoch: 0.0052 Iteration: 26  rank : 0  train.loss : 6.4815  train.ips : 0 imgs/s
{'loss': 4.5612, 'learning_rate': 4.9913333333333335e-05, 'epoch': 0.01}
TCAPPDLL 2025-07-27 07:35:30.549159 - Epoch: 0.0054 Iteration: 27  rank : 0  train.loss : 4.5612  train.ips : 0 imgs/s
{'loss': 4.5378, 'learning_rate': 4.991e-05, 'epoch': 0.01}
TCAPPDLL 2025-07-27 07:35:57.258683 - Epoch: 0.0056 Iteration: 28  rank : 0  train.loss : 4.5378  train.ips : 0 imgs/s
{'loss': 5.6781, 'learning_rate': 4.990666666666667e-05, 'epoch': 0.01}
TCAPPDLL 2025-07-27 07:36:18.457621 - Epoch: 0.0058 Iteration: 29  rank : 0  train.loss : 5.6781  train.ips : 0 imgs/s
{'loss': 5.1867, 'learning_rate': 4.9903333333333334e-05, 'epoch': 0.01}
TCAPPDLL 2025-07-27 07:36:39.650318 - Epoch: 0.006 Iteration: 30  rank : 0  train.loss : 5.1867  train.ips : 0 imgs/s
{'loss': 6.6601, 'learning_rate': 4.99e-05, 'epoch': 0.01}
TCAPPDLL 2025-07-27 07:37:01.438136 - Epoch: 0.0062 Iteration: 31  rank : 0  train.loss : 6.6601  train.ips : 0 imgs/s
{'loss': 5.4041, 'learning_rate': 4.9896666666666666e-05, 'epoch': 0.01}
TCAPPDLL 2025-07-27 07:37:20.738865 - Epoch: 0.0064 Iteration: 32  rank : 0  train.loss : 5.4041  train.ips : 0 imgs/s
{'loss': 5.5166, 'learning_rate': 4.989333333333334e-05, 'epoch': 0.01}
TCAPPDLL 2025-07-27 07:37:36.961867 - Epoch: 0.0066 Iteration: 33  rank : 0  train.loss : 5.5166  train.ips : 0 imgs/s
{'loss': 4.8446, 'learning_rate': 4.9890000000000005e-05, 'epoch': 0.01}
TCAPPDLL 2025-07-27 07:37:53.848655 - Epoch: 0.0068 Iteration: 34  rank : 0  train.loss : 4.8446  train.ips : 0 imgs/s
{'loss': 5.893, 'learning_rate': 4.988666666666667e-05, 'epoch': 0.01}
TCAPPDLL 2025-07-27 07:38:11.539039 - Epoch: 0.007 Iteration: 35  rank : 0  train.loss : 5.893  train.ips : 0 imgs/s
{'loss': 5.7909, 'learning_rate': 4.988333333333334e-05, 'epoch': 0.01}
TCAPPDLL 2025-07-27 07:38:28.349057 - Epoch: 0.0072 Iteration: 36  rank : 0  train.loss : 5.7909  train.ips : 0 imgs/s
{'loss': 5.4797, 'learning_rate': 4.9880000000000004e-05, 'epoch': 0.01}
TCAPPDLL 2025-07-27 07:38:50.247338 - Epoch: 0.0074 Iteration: 37  rank : 0  train.loss : 5.4797  train.ips : 0 imgs/s
{'loss': 5.7232, 'learning_rate': 4.987666666666667e-05, 'epoch': 0.01}
TCAPPDLL 2025-07-27 07:39:14.348498 - Epoch: 0.0076 Iteration: 38  rank : 0  train.loss : 5.7232  train.ips : 0 imgs/s
{'loss': 5.034, 'learning_rate': 4.9873333333333336e-05, 'epoch': 0.01}
TCAPPDLL 2025-07-27 07:39:37.458385 - Epoch: 0.0078 Iteration: 39  rank : 0  train.loss : 5.034  train.ips : 0 imgs/s
{'loss': 5.368, 'learning_rate': 4.987e-05, 'epoch': 0.01}
TCAPPDLL 2025-07-27 07:40:01.949871 - Epoch: 0.008 Iteration: 40  rank : 0  train.loss : 5.368  train.ips : 0 imgs/s
{'loss': 4.6239, 'learning_rate': 4.986666666666667e-05, 'epoch': 0.01}
TCAPPDLL 2025-07-27 07:40:22.949487 - Epoch: 0.0082 Iteration: 41  rank : 0  train.loss : 4.6239  train.ips : 0 imgs/s
{'loss': 5.104, 'learning_rate': 4.9863333333333334e-05, 'epoch': 0.01}
TCAPPDLL 2025-07-27 07:40:41.649358 - Epoch: 0.0084 Iteration: 42  rank : 0  train.loss : 5.104  train.ips : 0 imgs/s
{'loss': 5.3818, 'learning_rate': 4.986e-05, 'epoch': 0.01}
TCAPPDLL 2025-07-27 07:41:00.143321 - Epoch: 0.0086 Iteration: 43  rank : 0  train.loss : 5.3818  train.ips : 0 imgs/s
{'loss': 4.4402, 'learning_rate': 4.9856666666666666e-05, 'epoch': 0.01}
TCAPPDLL 2025-07-27 07:41:17.048410 - Epoch: 0.0088 Iteration: 44  rank : 0  train.loss : 4.4402  train.ips : 0 imgs/s

  0%|          | 44/15000 [17:15<79:50:31, 19.22s/it]
  0%|          | 45/15000 [17:33<77:34:25, 18.67s/it]
                                                     

  0%|          | 45/15000 [17:33<77:34:25, 18.67s/it]
  0%|          | 46/15000 [18:01<88:56:18, 21.41s/it]
                                                     

  0%|          | 46/15000 [18:01<88:56:18, 21.41s/it]
  0%|          | 47/15000 [18:21<87:33:13, 21.08s/it]
                                                     

  0%|          | 47/15000 [18:21<87:33:13, 21.08s/it]
  0%|          | 48/15000 [18:42<88:03:46, 21.20s/it]
                                                     

  0%|          | 48/15000 [18:42<88:03:46, 21.20s/it]
  0%|          | 49/15000 [19:04<88:26:01, 21.29s/it]
                                                     

  0%|          | 49/15000 [19:04<88:26:01, 21.29s/it]
  0%|          | 50/15000 [19:27<90:03:11, 21.69s/it]
                                                     

  0%|          | 50/15000 [19:27<90:03:11, 21.69s/it]
  0%|          | 51/15000 [19:45<86:26:04, 20.82s/it]
                                                     

  0%|          | 51/15000 [19:45<86:26:04, 20.82s/it]
  0%|          | 52/15000 [20:02<81:19:17, 19.59s/it]
                                                     

  0%|          | 52/15000 [20:02<81:19:17, 19.59s/it]
  0%|          | 53/15000 [20:20<78:57:52, 19.02s/it]
                                                     

  0%|          | 53/15000 [20:20<78:57:52, 19.02s/it]
  0%|          | 54/15000 [20:36<75:57:07, 18.29s/it]
                                                     

  0%|          | 54/15000 [20:36<75:57:07, 18.29s/it]
  0%|          | 55/15000 [20:53<73:50:08, 17.79s/it]
                                                     

  0%|          | 55/15000 [20:53<73:50:08, 17.79s/it]
  0%|          | 56/15000 [21:16<80:12:24, 19.32s/it]
                                                     

  0%|          | 56/15000 [21:16<80:12:24, 19.32s/it]
  0%|          | 57/15000 [21:39<84:54:41, 20.46s/it]
                                                     

  0%|          | 57/15000 [21:39<84:54:41, 20.46s/it]
  0%|          | 58/15000 [21:59<84:04:42, 20.26s/it]
                                                     

  0%|          | 58/15000 [21:59<84:04:42, 20.26s/it]
  0%|          | 59/15000 [22:21<86:14:13, 20.78s/it]
                                                     

  0%|          | 59/15000 [22:21<86:14:13, 20.78s/it]
  0%|          | 60/15000 [22:41<85:45:44, 20.67s/it]
                                                     

  0%|          | 60/15000 [22:41<85:45:44, 20.67s/it]
  0%|          | 61/15000 [23:02<85:41:06, 20.65s/it]
                                                     

  0%|          | 61/15000 [23:02<85:41:06, 20.65s/it]
  0%|          | 62/15000 [23:19<81:44:53, 19.70s/it]
                                                     

  0%|          | 62/15000 [23:19<81:44:53, 19.70s/it]
  0%|          | 63/15000 [23:38<80:22:25, 19.37s/it]
                                                     

  0%|          | 63/15000 [23:38<80:22:25, 19.37s/it]
  0%|          | 64/15000 [23:55<77:47:39, 18.75s/it]
                                                     

  0%|          | 64/15000 [23:55<77:47:39, 18.75s/it]
  0%|          | 65/15000 [24:12<75:51:29, 18.29s/it]
                                                     

  0%|          | 65/15000 [24:12<75:51:29, 18.29s/it]
  0%|          | 66/15000 [24:29<74:00:06, 17.84s/it]
                                                     

  0%|          | 66/15000 [24:29<74:00:06, 17.84s/it]
  0%|          | 67/15000 [24:56<85:09:07, 20.53s/it]
                                                     

  0%|          | 67/15000 [24:56<85:09:07, 20.53s/it]
  0%|          | 68/15000 [25:15<83:22:34, 20.10s/it]
                                                     

  0%|          | 68/15000 [25:15<83:22:34, 20.10s/it]
  0%|          | 69/15000 [25:37<85:06:06, 20.52s/it]
                                                     

  0%|          | 69/15000 [25:37<85:06:06, 20.52s/it]
  0%|          | 70/15000 [26:00<89:18:48, 21.54s/it]
                                                     

  0%|          | 70/15000 [26:00<89:18:48, 21.54s/it]
  0%|          | 71/15000 [26:24<91:45:05, 22.13s/it]
                                                     

  0%|          | 71/15000 [26:24<91:45:05, 22.13s/it]
  0%|          | 72/15000 [26:43<88:27:55, 21.33s/it]
                                                     

  0%|          | 72/15000 [26:43<88:27:55, 21.33s/it]
  0%|          | 73/15000 [27:00<82:49:22, 19.97s/it]
                                                     

  0%|          | 73/15000 [27:00<82:49:22, 19.97s/it]
  0%|          | 74/15000 [27:19<81:21:36, 19.62s/it]
                                                     

  0%|          | 74/15000 [27:19<81:21:36, 19.62s/it]
  0%|          | 75/15000 [27:36<77:58:16, 18.81s/it]
                                                     

  0%|          | 75/15000 [27:36<77:58:16, 18.81s/it]
  1%|          | 76/15000 [27:53<75:28:29, 18.21s/it]
                                                     

  1%|          | 76/15000 [27:53<75:28:29, 18.21s/it]
  1%|          | 77/15000 [28:16<81:24:58, 19.64s/it]
                                                     

  1%|          | 77/15000 [28:16<81:24:58, 19.64s/it]
  1%|          | 78/15000 [28:40<86:50:27, 20.95s/it]
                                                     

  1%|          | 78/15000 [28:40<86:50:27, 20.95s/it]
  1%|          | 79/15000 [29:03<89:37:48, 21.63s/it]
                                                     

  1%|          | 79/15000 [29:03<89:37:48, 21.63s/it]
  1%|          | 80/15000 [29:25<90:35:18, 21.86s/it]
                                                     

  1%|          | 80/15000 [29:25<90:35:18, 21.86s/it]
  1%|          | 81/15000 [29:47<89:52:48, 21.69s/it]
                                                     

  1%|          | 81/15000 [29:47<89:52:48, 21.69s/it]
  1%|          | 82/15000 [30:04<84:24:12, 20.37s/it]
                                                     

  1%|          | 82/15000 [30:04<84:24:12, 20.37s/it]
  1%|          | 83/15000 [30:21<79:51:43, 19.27s/it]
                                                     

  1%|          | 83/15000 [30:21<79:51:43, 19.27s/it]
  1%|          | 84/15000 [30:37<76:39:35, 18.50s/it]
                                                     

  1%|          | 84/15000 [30:37<76:39:35, 18.50s/it]
  1%|          | 85/15000 [30:54<74:10:04, 17.90s/it]
                                                     

  1%|          | 85/15000 [30:54<74:10:04, 17.90s/it]
  1%|          | 86/15000 [31:10<72:09:39, 17.42s/it]
                                                     

  1%|          | 86/15000 [31:10<72:09:39, 17.42s/it]
  1%|          | 87/15000 [31:36<82:42:14, 19.96s/it]
                                                     

  1%|          | 87/15000 [31:36<82:42:14, 19.96s/it]{'loss': 5.105, 'learning_rate': 4.985333333333333e-05, 'epoch': 0.01}
TCAPPDLL 2025-07-27 07:41:34.450924 - Epoch: 0.009 Iteration: 45  rank : 0  train.loss : 5.105  train.ips : 0 imgs/s
{'loss': 4.4575, 'learning_rate': 4.9850000000000006e-05, 'epoch': 0.01}
TCAPPDLL 2025-07-27 07:42:02.248862 - Epoch: 0.0092 Iteration: 46  rank : 0  train.loss : 4.4575  train.ips : 0 imgs/s
{'loss': 6.4583, 'learning_rate': 4.984666666666667e-05, 'epoch': 0.01}
TCAPPDLL 2025-07-27 07:42:22.553046 - Epoch: 0.0094 Iteration: 47  rank : 0  train.loss : 6.4583  train.ips : 0 imgs/s
{'loss': 4.0448, 'learning_rate': 4.984333333333334e-05, 'epoch': 0.01}
TCAPPDLL 2025-07-27 07:42:44.045324 - Epoch: 0.0096 Iteration: 48  rank : 0  train.loss : 4.0448  train.ips : 0 imgs/s
{'loss': 5.6103, 'learning_rate': 4.9840000000000004e-05, 'epoch': 0.01}
TCAPPDLL 2025-07-27 07:43:05.550755 - Epoch: 0.0098 Iteration: 49  rank : 0  train.loss : 5.6103  train.ips : 0 imgs/s
{'loss': 4.1162, 'learning_rate': 4.983666666666667e-05, 'epoch': 0.01}
TCAPPDLL 2025-07-27 07:43:28.149000 - Epoch: 0.01 Iteration: 50  rank : 0  train.loss : 4.1162  train.ips : 0 imgs/s
{'loss': 4.822, 'learning_rate': 4.9833333333333336e-05, 'epoch': 0.01}
TCAPPDLL 2025-07-27 07:43:46.934074 - Epoch: 0.0102 Iteration: 51  rank : 0  train.loss : 4.822  train.ips : 0 imgs/s
{'loss': 6.4186, 'learning_rate': 4.983e-05, 'epoch': 0.01}
TCAPPDLL 2025-07-27 07:44:03.649102 - Epoch: 0.0104 Iteration: 52  rank : 0  train.loss : 6.4186  train.ips : 0 imgs/s
{'loss': 5.9211, 'learning_rate': 4.982666666666667e-05, 'epoch': 0.01}
TCAPPDLL 2025-07-27 07:44:21.346289 - Epoch: 0.0106 Iteration: 53  rank : 0  train.loss : 5.9211  train.ips : 0 imgs/s
{'loss': 4.5479, 'learning_rate': 4.9823333333333335e-05, 'epoch': 0.01}
TCAPPDLL 2025-07-27 07:44:37.950573 - Epoch: 0.0108 Iteration: 54  rank : 0  train.loss : 4.5479  train.ips : 0 imgs/s
{'loss': 4.2543, 'learning_rate': 4.982e-05, 'epoch': 0.01}
TCAPPDLL 2025-07-27 07:44:54.549817 - Epoch: 0.011 Iteration: 55  rank : 0  train.loss : 4.2543  train.ips : 0 imgs/s
{'loss': 4.2718, 'learning_rate': 4.981666666666667e-05, 'epoch': 0.01}
TCAPPDLL 2025-07-27 07:45:17.455467 - Epoch: 0.0112 Iteration: 56  rank : 0  train.loss : 4.2718  train.ips : 0 imgs/s
{'loss': 5.5063, 'learning_rate': 4.981333333333333e-05, 'epoch': 0.01}
TCAPPDLL 2025-07-27 07:45:40.559573 - Epoch: 0.0114 Iteration: 57  rank : 0  train.loss : 5.5063  train.ips : 0 imgs/s
{'loss': 3.4947, 'learning_rate': 4.981e-05, 'epoch': 0.01}
TCAPPDLL 2025-07-27 07:46:00.351738 - Epoch: 0.0116 Iteration: 58  rank : 0  train.loss : 3.4947  train.ips : 0 imgs/s
{'loss': 4.0963, 'learning_rate': 4.9806666666666665e-05, 'epoch': 0.01}
TCAPPDLL 2025-07-27 07:46:22.347001 - Epoch: 0.0118 Iteration: 59  rank : 0  train.loss : 4.0963  train.ips : 0 imgs/s
{'loss': 5.7434, 'learning_rate': 4.980333333333334e-05, 'epoch': 0.01}
TCAPPDLL 2025-07-27 07:46:42.749005 - Epoch: 0.012 Iteration: 60  rank : 0  train.loss : 5.7434  train.ips : 0 imgs/s
{'loss': 6.4653, 'learning_rate': 4.9800000000000004e-05, 'epoch': 0.01}
TCAPPDLL 2025-07-27 07:47:03.357189 - Epoch: 0.0122 Iteration: 61  rank : 0  train.loss : 6.4653  train.ips : 0 imgs/s
{'loss': 4.7792, 'learning_rate': 4.979666666666667e-05, 'epoch': 0.01}
TCAPPDLL 2025-07-27 07:47:20.847620 - Epoch: 0.0124 Iteration: 62  rank : 0  train.loss : 4.7792  train.ips : 0 imgs/s
{'loss': 4.4701, 'learning_rate': 4.9793333333333337e-05, 'epoch': 0.01}
TCAPPDLL 2025-07-27 07:47:39.448431 - Epoch: 0.0126 Iteration: 63  rank : 0  train.loss : 4.4701  train.ips : 0 imgs/s
{'loss': 4.5135, 'learning_rate': 4.979e-05, 'epoch': 0.01}
TCAPPDLL 2025-07-27 07:47:56.751628 - Epoch: 0.0128 Iteration: 64  rank : 0  train.loss : 4.5135  train.ips : 0 imgs/s
{'loss': 5.671, 'learning_rate': 4.978666666666667e-05, 'epoch': 0.01}
TCAPPDLL 2025-07-27 07:48:13.950767 - Epoch: 0.013 Iteration: 65  rank : 0  train.loss : 5.671  train.ips : 0 imgs/s
{'loss': 4.7223, 'learning_rate': 4.9783333333333335e-05, 'epoch': 0.01}
TCAPPDLL 2025-07-27 07:48:30.748496 - Epoch: 0.0132 Iteration: 66  rank : 0  train.loss : 4.7223  train.ips : 0 imgs/s
{'loss': 6.082, 'learning_rate': 4.978e-05, 'epoch': 0.01}
TCAPPDLL 2025-07-27 07:48:57.551683 - Epoch: 0.0134 Iteration: 67  rank : 0  train.loss : 6.082  train.ips : 0 imgs/s
{'loss': 4.8027, 'learning_rate': 4.9776666666666674e-05, 'epoch': 0.01}
TCAPPDLL 2025-07-27 07:49:16.657335 - Epoch: 0.0136 Iteration: 68  rank : 0  train.loss : 4.8027  train.ips : 0 imgs/s
{'loss': 5.7723, 'learning_rate': 4.977333333333334e-05, 'epoch': 0.01}
TCAPPDLL 2025-07-27 07:49:38.149925 - Epoch: 0.0138 Iteration: 69  rank : 0  train.loss : 5.7723  train.ips : 0 imgs/s
{'loss': 5.2336, 'learning_rate': 4.977e-05, 'epoch': 0.01}
TCAPPDLL 2025-07-27 07:50:02.058430 - Epoch: 0.014 Iteration: 70  rank : 0  train.loss : 5.2336  train.ips : 0 imgs/s
{'loss': 5.567, 'learning_rate': 4.9766666666666666e-05, 'epoch': 0.01}
TCAPPDLL 2025-07-27 07:50:25.558848 - Epoch: 0.0142 Iteration: 71  rank : 0  train.loss : 5.567  train.ips : 0 imgs/s
{'loss': 4.3208, 'learning_rate': 4.976333333333333e-05, 'epoch': 0.01}
TCAPPDLL 2025-07-27 07:50:45.047266 - Epoch: 0.0144 Iteration: 72  rank : 0  train.loss : 4.3208  train.ips : 0 imgs/s
{'loss': 4.4878, 'learning_rate': 4.976e-05, 'epoch': 0.01}
TCAPPDLL 2025-07-27 07:51:01.850065 - Epoch: 0.0146 Iteration: 73  rank : 0  train.loss : 4.4878  train.ips : 0 imgs/s
{'loss': 4.2391, 'learning_rate': 4.975666666666667e-05, 'epoch': 0.01}
TCAPPDLL 2025-07-27 07:51:20.653217 - Epoch: 0.0148 Iteration: 74  rank : 0  train.loss : 4.2391  train.ips : 0 imgs/s
{'loss': 4.1268, 'learning_rate': 4.975333333333334e-05, 'epoch': 0.01}
TCAPPDLL 2025-07-27 07:51:37.556193 - Epoch: 0.015 Iteration: 75  rank : 0  train.loss : 4.1268  train.ips : 0 imgs/s
{'loss': 3.8053, 'learning_rate': 4.975e-05, 'epoch': 0.01}
TCAPPDLL 2025-07-27 07:51:54.360090 - Epoch: 0.0152 Iteration: 76  rank : 0  train.loss : 3.8053  train.ips : 0 imgs/s
{'loss': 6.3926, 'learning_rate': 4.974666666666667e-05, 'epoch': 0.02}
TCAPPDLL 2025-07-27 07:52:17.348033 - Epoch: 0.0154 Iteration: 77  rank : 0  train.loss : 6.3926  train.ips : 0 imgs/s
{'loss': 4.7668, 'learning_rate': 4.9743333333333335e-05, 'epoch': 0.02}
TCAPPDLL 2025-07-27 07:52:41.355678 - Epoch: 0.0156 Iteration: 78  rank : 0  train.loss : 4.7668  train.ips : 0 imgs/s
{'loss': 3.9367, 'learning_rate': 4.974e-05, 'epoch': 0.02}
TCAPPDLL 2025-07-27 07:53:04.554415 - Epoch: 0.0158 Iteration: 79  rank : 0  train.loss : 3.9367  train.ips : 0 imgs/s
{'loss': 5.4977, 'learning_rate': 4.973666666666667e-05, 'epoch': 0.02}
TCAPPDLL 2025-07-27 07:53:26.955042 - Epoch: 0.016 Iteration: 80  rank : 0  train.loss : 5.4977  train.ips : 0 imgs/s
{'loss': 5.8224, 'learning_rate': 4.973333333333334e-05, 'epoch': 0.02}
TCAPPDLL 2025-07-27 07:53:48.248082 - Epoch: 0.0162 Iteration: 81  rank : 0  train.loss : 5.8224  train.ips : 0 imgs/s
{'loss': 4.6031, 'learning_rate': 4.973000000000001e-05, 'epoch': 0.02}
TCAPPDLL 2025-07-27 07:54:05.535694 - Epoch: 0.0164 Iteration: 82  rank : 0  train.loss : 4.6031  train.ips : 0 imgs/s
{'loss': 5.935, 'learning_rate': 4.972666666666667e-05, 'epoch': 0.02}
TCAPPDLL 2025-07-27 07:54:22.255155 - Epoch: 0.0166 Iteration: 83  rank : 0  train.loss : 5.935  train.ips : 0 imgs/s
{'loss': 4.4882, 'learning_rate': 4.972333333333334e-05, 'epoch': 0.02}
TCAPPDLL 2025-07-27 07:54:38.956830 - Epoch: 0.0168 Iteration: 84  rank : 0  train.loss : 4.4882  train.ips : 0 imgs/s
{'loss': 6.0125, 'learning_rate': 4.972e-05, 'epoch': 0.02}
TCAPPDLL 2025-07-27 07:54:55.458123 - Epoch: 0.017 Iteration: 85  rank : 0  train.loss : 6.0125  train.ips : 0 imgs/s
{'loss': 4.8001, 'learning_rate': 4.9716666666666664e-05, 'epoch': 0.02}
TCAPPDLL 2025-07-27 07:55:11.749020 - Epoch: 0.0172 Iteration: 86  rank : 0  train.loss : 4.8001  train.ips : 0 imgs/s
{'loss': 4.937, 'learning_rate': 4.971333333333334e-05, 'epoch': 0.02}
TCAPPDLL 2025-07-27 07:55:37.655115 - Epoch: 0.0174 Iteration: 87  rank : 0  train.loss : 4.937  train.ips : 0 imgs/s
{'loss': 5.6064, 'learning_rate': 4.9710000000000003e-05, 'epoch': 0.02}

  1%|          | 88/15000 [31:59<85:51:04, 20.73s/it]
                                                     

  1%|          | 88/15000 [31:59<85:51:04, 20.73s/it]
  1%|          | 89/15000 [32:21<88:33:07, 21.38s/it]
                                                     

  1%|          | 89/15000 [32:21<88:33:07, 21.38s/it]
  1%|          | 90/15000 [32:44<89:48:05, 21.68s/it]
                                                     

  1%|          | 90/15000 [32:44<89:48:05, 21.68s/it]
  1%|          | 91/15000 [33:14<100:52:52, 24.36s/it]
                                                      

  1%|          | 91/15000 [33:14<100:52:52, 24.36s/it]
  1%|          | 92/15000 [33:32<92:05:50, 22.24s/it] 
                                                     

  1%|          | 92/15000 [33:32<92:05:50, 22.24s/it]
  1%|          | 93/15000 [33:50<87:42:26, 21.18s/it]
                                                     

  1%|          | 93/15000 [33:50<87:42:26, 21.18s/it]
  1%|          | 94/15000 [34:08<83:14:39, 20.10s/it]
                                                     

  1%|          | 94/15000 [34:08<83:14:39, 20.10s/it]
  1%|          | 95/15000 [34:25<79:08:21, 19.11s/it]
                                                     

  1%|          | 95/15000 [34:25<79:08:21, 19.11s/it]
  1%|          | 96/15000 [34:48<84:11:27, 20.34s/it]
                                                     

  1%|          | 96/15000 [34:48<84:11:27, 20.34s/it]
  1%|          | 97/15000 [35:08<83:38:57, 20.21s/it]
                                                     

  1%|          | 97/15000 [35:08<83:38:57, 20.21s/it]
  1%|          | 98/15000 [35:28<83:30:46, 20.17s/it]
                                                     

  1%|          | 98/15000 [35:28<83:30:46, 20.17s/it]
  1%|          | 99/15000 [35:51<86:39:05, 20.93s/it]
                                                     

  1%|          | 99/15000 [35:51<86:39:05, 20.93s/it]
  1%|          | 100/15000 [36:15<91:03:46, 22.00s/it]
                                                      

  1%|          | 100/15000 [36:15<91:03:46, 22.00s/it]
  1%|          | 101/15000 [36:36<89:18:51, 21.58s/it]
                                                      

  1%|          | 101/15000 [36:36<89:18:51, 21.58s/it]
  1%|          | 102/15000 [36:55<86:21:18, 20.87s/it]
                                                      

  1%|          | 102/15000 [36:55<86:21:18, 20.87s/it]
  1%|          | 103/15000 [37:14<83:54:30, 20.28s/it]
                                                      

  1%|          | 103/15000 [37:14<83:54:30, 20.28s/it]
  1%|          | 104/15000 [37:31<79:42:34, 19.26s/it]
                                                      

  1%|          | 104/15000 [37:31<79:42:34, 19.26s/it]
  1%|          | 105/15000 [37:47<76:16:30, 18.44s/it]
                                                      

  1%|          | 105/15000 [37:47<76:16:30, 18.44s/it]
  1%|          | 106/15000 [38:10<81:04:11, 19.60s/it]
                                                      

  1%|          | 106/15000 [38:10<81:04:11, 19.60s/it]
  1%|          | 107/15000 [38:32<84:17:31, 20.38s/it]
                                                      

  1%|          | 107/15000 [38:32<84:17:31, 20.38s/it]
  1%|          | 108/15000 [38:53<85:10:55, 20.59s/it]
                                                      

  1%|          | 108/15000 [38:53<85:10:55, 20.59s/it]
  1%|          | 109/15000 [39:15<87:17:51, 21.10s/it]
                                                      

  1%|          | 109/15000 [39:15<87:17:51, 21.10s/it]
  1%|          | 110/15000 [39:38<88:46:47, 21.46s/it]
                                                      

  1%|          | 110/15000 [39:38<88:46:47, 21.46s/it]
  1%|          | 111/15000 [39:56<84:36:23, 20.46s/it]
                                                      

  1%|          | 111/15000 [39:56<84:36:23, 20.46s/it]
  1%|          | 112/15000 [40:12<79:33:41, 19.24s/it]
                                                      

  1%|          | 112/15000 [40:12<79:33:41, 19.24s/it]
  1%|          | 113/15000 [40:30<77:24:36, 18.72s/it]
                                                      

  1%|          | 113/15000 [40:30<77:24:36, 18.72s/it]
  1%|          | 114/15000 [40:47<75:59:43, 18.38s/it]
                                                      

  1%|          | 114/15000 [40:47<75:59:43, 18.38s/it]
  1%|          | 115/15000 [41:05<75:17:22, 18.21s/it]
                                                      

  1%|          | 115/15000 [41:05<75:17:22, 18.21s/it]
  1%|          | 116/15000 [41:24<76:22:49, 18.47s/it]
                                                      

  1%|          | 116/15000 [41:24<76:22:49, 18.47s/it]
  1%|          | 117/15000 [42:02<100:13:31, 24.24s/it]
                                                       

  1%|          | 117/15000 [42:02<100:13:31, 24.24s/it]
  1%|          | 118/15000 [42:34<110:04:41, 26.63s/it]
                                                       

  1%|          | 118/15000 [42:34<110:04:41, 26.63s/it]
  1%|          | 119/15000 [43:04<113:45:29, 27.52s/it]
                                                       

  1%|          | 119/15000 [43:04<113:45:29, 27.52s/it]
  1%|          | 120/15000 [43:27<108:38:57, 26.29s/it]
                                                       

  1%|          | 120/15000 [43:27<108:38:57, 26.29s/it]
  1%|          | 121/15000 [43:45<98:00:14, 23.71s/it] 
                                                      

  1%|          | 121/15000 [43:45<98:00:14, 23.71s/it]
  1%|          | 122/15000 [44:01<88:31:45, 21.42s/it]
                                                      

  1%|          | 122/15000 [44:01<88:31:45, 21.42s/it]
  1%|          | 123/15000 [44:17<81:49:26, 19.80s/it]
                                                      

  1%|          | 123/15000 [44:17<81:49:26, 19.80s/it]
  1%|          | 124/15000 [44:33<77:21:00, 18.72s/it]
                                                      

  1%|          | 124/15000 [44:33<77:21:00, 18.72s/it]
  1%|          | 125/15000 [44:54<79:54:23, 19.34s/it]
                                                      

  1%|          | 125/15000 [44:54<79:54:23, 19.34s/it]
  1%|          | 126/15000 [45:17<84:19:52, 20.41s/it]
                                                      

  1%|          | 126/15000 [45:17<84:19:52, 20.41s/it]
  1%|          | 127/15000 [45:36<83:10:56, 20.13s/it]
                                                      

  1%|          | 127/15000 [45:36<83:10:56, 20.13s/it]
  1%|          | 128/15000 [45:56<83:00:36, 20.09s/it]
                                                      

  1%|          | 128/15000 [45:56<83:00:36, 20.09s/it]
  1%|          | 129/15000 [46:17<83:46:45, 20.28s/it]
                                                      

  1%|          | 129/15000 [46:17<83:46:45, 20.28s/it]
  1%|          | 130/15000 [46:36<82:41:01, 20.02s/it]
                                                      

  1%|          | 130/15000 [46:36<82:41:01, 20.02s/it]TCAPPDLL 2025-07-27 07:56:00.156826 - Epoch: 0.0176 Iteration: 88  rank : 0  train.loss : 5.6064  train.ips : 0 imgs/s
{'loss': 5.3643, 'learning_rate': 4.970666666666667e-05, 'epoch': 0.02}
TCAPPDLL 2025-07-27 07:56:23.060996 - Epoch: 0.0178 Iteration: 89  rank : 0  train.loss : 5.3643  train.ips : 0 imgs/s
{'loss': 7.4678, 'learning_rate': 4.9703333333333336e-05, 'epoch': 0.02}
TCAPPDLL 2025-07-27 07:56:45.450777 - Epoch: 0.018 Iteration: 90  rank : 0  train.loss : 7.4678  train.ips : 0 imgs/s
{'loss': 5.8402, 'learning_rate': 4.97e-05, 'epoch': 0.02}
TCAPPDLL 2025-07-27 07:57:16.056026 - Epoch: 0.0182 Iteration: 91  rank : 0  train.loss : 5.8402  train.ips : 0 imgs/s
{'loss': 4.6796, 'learning_rate': 4.969666666666667e-05, 'epoch': 0.02}
TCAPPDLL 2025-07-27 07:57:33.350237 - Epoch: 0.0184 Iteration: 92  rank : 0  train.loss : 4.6796  train.ips : 0 imgs/s
{'loss': 6.1843, 'learning_rate': 4.9693333333333334e-05, 'epoch': 0.02}
TCAPPDLL 2025-07-27 07:57:52.061070 - Epoch: 0.0186 Iteration: 93  rank : 0  train.loss : 6.1843  train.ips : 0 imgs/s
{'loss': 5.2485, 'learning_rate': 4.969e-05, 'epoch': 0.02}
TCAPPDLL 2025-07-27 07:58:09.653897 - Epoch: 0.0188 Iteration: 94  rank : 0  train.loss : 5.2485  train.ips : 0 imgs/s
{'loss': 4.106, 'learning_rate': 4.968666666666667e-05, 'epoch': 0.02}
TCAPPDLL 2025-07-27 07:58:26.458017 - Epoch: 0.019 Iteration: 95  rank : 0  train.loss : 4.106  train.ips : 0 imgs/s
{'loss': 6.3615, 'learning_rate': 4.968333333333334e-05, 'epoch': 0.02}
TCAPPDLL 2025-07-27 07:58:49.644155 - Epoch: 0.0192 Iteration: 96  rank : 0  train.loss : 6.3615  train.ips : 0 imgs/s
{'loss': 5.1223, 'learning_rate': 4.9680000000000005e-05, 'epoch': 0.02}
TCAPPDLL 2025-07-27 07:59:09.548714 - Epoch: 0.0194 Iteration: 97  rank : 0  train.loss : 5.1223  train.ips : 0 imgs/s
{'loss': 4.9288, 'learning_rate': 4.967666666666667e-05, 'epoch': 0.02}
TCAPPDLL 2025-07-27 07:59:29.649777 - Epoch: 0.0196 Iteration: 98  rank : 0  train.loss : 4.9288  train.ips : 0 imgs/s
{'loss': 4.1282, 'learning_rate': 4.967333333333334e-05, 'epoch': 0.02}
TCAPPDLL 2025-07-27 07:59:52.356745 - Epoch: 0.0198 Iteration: 99  rank : 0  train.loss : 4.1282  train.ips : 0 imgs/s
{'loss': 4.6929, 'learning_rate': 4.967e-05, 'epoch': 0.02}
TCAPPDLL 2025-07-27 08:00:16.848735 - Epoch: 0.02 Iteration: 100  rank : 0  train.loss : 4.6929  train.ips : 0 imgs/s
{'loss': 4.625, 'learning_rate': 4.966666666666667e-05, 'epoch': 0.02}